2018-12-23__16:59:15 1.16 1.48 1.62 38.00 33.00°C normal
2018-12-23__16:59:24 1.51 1.54 1.64 48.00 33.00°C normal
2018-12-23__16:59:30 1.63 1.57 1.65 59.00 34.00°C note
2018-12-23__16:59:35 1.74 1.59 1.66 21.00 34.00°C normal
2018-12-23__16:59:41 1.68 1.58 1.66 23.00 34.00°C normal
2018-12-23__16:59:46 1.62 1.57 1.65 18.00 34.00°C normal
2018-12-23__16:59:52 1.45 1.53 1.64 25.00 34.00°C normal
2018-12-23__16:59:57 1.41 1.52 1.63 36.00 33.00°C normal
2018-12-23__17:00:03 1.38 1.52 1.63 20.00 33.00°C normal
2018-12-23__17:00:09 1.43 1.52 1.63 18.00 33.00°C normal
2018-12-23__17:00:14 1.55 1.55 1.64 19.00 33.00°C normal
2018-12-23__17:38:05 3.80 3.96 3.46 51.00 38.00°C note
2018-12-23__17:38:11 3.82 3.96 3.46 42.00 38.00°C normal
2018-12-23__17:38:16 3.75 3.95 3.46 43.00 38.00°C normal
2018-12-23__17:38:22 4.17 4.03 3.49 36.00 38.00°C normal
2018-12-23__17:38:28 4.00 4.00 3.48 44.00 38.00°C normal
2018-12-23__17:38:33 3.92 3.98 3.47 44.00 39.00°C normal
2018-12-23__17:38:39 3.86 3.96 3.47 31.00 39.00°C normal
2018-12-23__17:38:44 3.79 3.95 3.47 43.00 39.00°C normal
2018-12-23__17:38:50 3.88 3.97 3.48 42.00 39.00°C normal
2018-12-23__17:38:55 3.89 3.97 3.48 35.00 39.00°C normal
2018-12-23__17:39:01 3.82 3.95 3.48 38.00 39.00°C normal
2018-12-23__17:39:07 3.68 3.92 3.47 37.00 39.00°C normal
2018-12-23__17:39:12 3.54 3.89 3.46 43.00 39.00°C normal
2018-12-23__17:39:18 3.42 3.85 3.46 31.00 38.00°C normal
2018-12-23__17:39:23 3.30 3.82 3.45 38.00 38.00°C normal
2018-12-23__19:19:17 4.02 2.69 2.14 47.00 33.00°C normal
2018-12-23__19:19:23 3.94 2.69 2.14 53.00 33.00°C note
