2018-12-20 20:55:03 0 disk 95426 78680 17%
2018-12-20 20:55:03 1 /dev 1877 1877 0% 
2018-12-20 20:55:03 1 / 92991 76733 14% 
2018-12-20 20:55:03 1 /snap/goldendictionary/1 109 0 100% 
2018-12-20 20:55:03 1 /snap/core/5897 89 0 100% 
2018-12-20 20:55:03 1 /snap/core/6034 90 0 100% 
2018-12-20 20:55:03 1 /snap/core/6130 90 0 100% 
2018-12-20 20:55:03 1 /boot 180 70 59% 
2018-12-20 20:55:08 0 disk 95426 78680 17%
2018-12-20 20:55:08 1 /dev 1877 1877 0% 
2018-12-20 20:55:08 1 / 92991 76733 14% 
2018-12-20 20:55:08 1 /snap/goldendictionary/1 109 0 100% 
2018-12-20 20:55:08 1 /snap/core/5897 89 0 100% 
2018-12-20 20:55:08 1 /snap/core/6034 90 0 100% 
2018-12-20 20:55:08 1 /snap/core/6130 90 0 100% 
2018-12-20 20:55:08 1 /boot 180 70 59% 
2018-12-20 20:55:14 0 disk 95426 78680 17%
2018-12-20 20:55:14 1 /dev 1877 1877 0% 
2018-12-20 20:55:14 1 / 92991 76733 14% 
2018-12-20 20:55:14 1 /snap/goldendictionary/1 109 0 100% 
2018-12-20 20:55:14 1 /snap/core/5897 89 0 100% 
2018-12-20 20:55:14 1 /snap/core/6034 90 0 100% 
2018-12-20 20:55:14 1 /snap/core/6130 90 0 100% 
2018-12-20 20:55:14 1 /boot 180 70 59% 
