2018-12-22__19:10:33 0.52 18.00 31.00°C normal
2018-12-22__19:10:42 0.52 8.00 31.00°C normal
2018-12-22__19:10:48 0.53 6.00 31.00°C normal
2018-12-22__19:10:53 0.52 10.00 31.00°C normal
2018-12-22__19:10:59 0.54 8.00 31.00°C normal
2018-12-22__19:11:04 0.54 12.00 31.00°C normal
2018-12-22__19:19:05 0.76 0.58 0.68 100.00 57.00°C warning
2018-12-22__19:19:11 0.70 0.57 0.68 99.00 57.00°C warning
2018-12-22__19:19:17 0.64 0.56 0.68 99.00 56.00°C warning
2018-12-22__19:19:28 1.09 0.66 0.71 99.00 55.00°C warning
2018-12-22__19:19:40 1.52 0.78 0.75 99.00 57.00°C warning
2018-12-22__19:19:46 1.40 0.77 0.74 99.00 57.00°C warning
2018-12-22__19:19:52 1.29 0.76 0.74 100.00 57.00°C warning
2018-12-22__19:19:58 1.27 0.76 0.74 100.00 57.00°C warning
2018-12-22__19:20:04 1.66 0.87 0.77 99.00 57.00°C warning
2018-12-22__19:20:10 1.53 0.85 0.77 99.00 59.00°C warning
2018-12-22__19:20:16 1.40 0.84 0.77 100.00 60.00°C warning
2018-12-22__19:20:22 1.29 0.82 0.76 99.00 60.00°C warning
2018-12-22__19:20:28 1.19 0.81 0.76 93.00 59.00°C warning
2018-12-22__19:20:33 2.44 1.08 0.85 92.00 60.00°C warning
2018-12-22__19:20:39 2.25 1.06 0.84 89.00 59.00°C warning
2018-12-22__19:20:46 2.06 1.05 0.84 71.00 57.00°C warning
2018-12-22__19:20:51 1.90 1.03 0.83 66.00 57.00°C note
2018-12-22__19:21:02 1.61 0.99 0.82 100.00 57.00°C warning
2018-12-22__19:21:14 1.82 1.08 0.85 100.00 56.00°C warning
2018-12-22__19:21:25 1.54 1.04 0.84 100.00 57.00°C warning
2018-12-22__19:21:31 1.42 1.02 0.84 100.00 58.00°C warning
2018-12-22__19:21:37 1.31 1.01 0.83 99.00 58.00°C warning
2018-12-22__19:21:43 1.20 0.99 0.83 99.00 59.00°C warning
2018-12-22__19:21:49 2.42 1.27 0.92 100.00 59.00°C warning
2018-12-22__19:21:58 2.22 1.25 0.91 73.00 57.00°C warning
2018-12-22__19:22:09 4.29 1.72 1.07 100.00 59.00°C warning
2018-12-22__19:22:15 3.95 1.69 1.06 42.00 57.00°C normal
2018-12-22__19:22:21 3.79 1.69 1.07 52.00 59.00°C note
2018-12-22__19:22:26 3.49 1.66 1.06 47.00 59.00°C normal
2018-12-22__19:22:32 3.21 1.64 1.06 59.00 59.00°C note
2018-12-22__19:22:38 2.95 1.61 1.05 46.00 60.00°C normal
2018-12-22__19:22:43 2.71 1.58 1.05 43.00 59.00°C normal
2018-12-22__19:22:49 2.60 1.60 1.06 44.00 59.00°C normal
2018-12-22__19:22:55 2.40 1.57 1.05 46.00 59.00°C normal
2018-12-22__19:23:00 2.44 1.59 1.06 100.00 57.00°C warning
2018-12-22__19:23:11 2.31 1.59 1.07 75.00 58.00°C warning
2018-12-22__19:23:17 2.20 1.58 1.07 98.00 58.00°C warning
2018-12-22__19:23:28 1.86 1.53 1.06 99.00 56.00°C warning
2018-12-22__19:23:40 2.21 1.63 1.10 99.00 57.00°C warning
2018-12-22__19:23:46 2.03 1.60 1.09 94.00 57.00°C warning
2018-12-22__19:23:52 1.95 1.59 1.09 97.00 58.00°C warning
2018-12-22__19:23:57 1.79 1.57 1.08 81.00 58.00°C warning
2018-12-22__19:24:03 1.89 1.59 1.09 97.00 57.00°C warning
2018-12-22__19:24:09 2.04 1.63 1.11 98.00 59.00°C warning
2018-12-22__19:24:15 1.88 1.61 1.11 40.00 58.00°C normal
2018-12-22__19:24:21 1.97 1.63 1.12 55.00 57.00°C note
2018-12-22__19:24:26 1.81 1.60 1.11 94.00 57.00°C warning
2018-12-22__19:24:32 1.67 1.58 1.11 86.00 57.00°C warning
2018-12-22__19:24:38 1.61 1.57 1.10 70.00 56.00°C warning
2018-12-22__19:24:44 1.56 1.56 1.10 44.00 58.00°C normal
2018-12-22__19:24:50 1.63 1.57 1.11 73.00 57.00°C warning
2018-12-22__19:25:01 1.38 1.52 1.10 89.00 56.00°C warning
2018-12-22__19:25:12 1.17 1.47 1.09 52.00 57.00°C note
2018-12-22__19:25:17 1.07 1.45 1.08 69.00 57.00°C note
2018-12-22__19:25:28 3.53 1.96 1.25 89.00 58.00°C warning
2018-12-22__19:25:40 2.96 1.91 1.25 61.00 57.00°C note
2018-12-22__19:25:45 2.96 1.93 1.26 73.00 56.00°C warning
2018-12-22__19:25:56 2.50 1.86 1.25 73.00 56.00°C warning
2018-12-22__19:26:07 2.12 1.80 1.23 61.00 56.00°C note
2018-12-22__19:26:18 2.23 1.84 1.25 43.00 56.00°C normal
2018-12-22__19:26:24 2.06 1.81 1.24 90.00 56.00°C warning
2018-12-22__19:26:30 2.03 1.82 1.25 43.00 57.00°C normal
2018-12-22__19:26:36 2.75 1.97 1.31 83.00 58.00°C warning
2018-12-22__19:26:47 2.49 1.94 1.30 60.00 59.00°C note
2018-12-22__19:26:52 2.29 1.91 1.29 57.00 59.00°C note
2018-12-22__19:26:58 2.11 1.87 1.29 40.00 59.00°C normal
2018-12-22__19:27:04 2.10 1.88 1.29 69.00 58.00°C note
2018-12-22__19:27:15 2.25 1.93 1.32 49.00 60.00°C normal
2018-12-22__19:27:23 2.07 1.90 1.31 65.00 57.00°C note
2018-12-22__19:27:29 2.22 1.93 1.33 99.00 57.00°C warning
2018-12-22__19:27:41 2.34 1.98 1.35 100.00 57.00°C warning
2018-12-22__19:27:48 2.15 1.95 1.34 46.00 59.00°C normal
2018-12-22__19:27:53 2.22 1.97 1.35 52.00 60.00°C note
2018-12-22__19:27:59 2.04 1.93 1.35 51.00 60.00°C note
2018-12-22__19:28:05 2.19 1.97 1.36 62.00 60.00°C note
2018-12-22__19:28:10 2.01 1.94 1.36 57.00 59.00°C note
