2018-12-22 19:11:01 0 disk 95426 78777 17%
2018-12-22 19:11:01 1 /dev 1877 1877 0% 
2018-12-22 19:11:01 1 / 92991 76830 13% 
2018-12-22 19:11:01 1 /snap/core/5897 89 0 100% 
2018-12-22 19:11:01 1 /snap/goldendictionary/1 109 0 100% 
2018-12-22 19:11:01 1 /snap/core/6130 90 0 100% 
2018-12-22 19:11:01 1 /snap/core/6034 90 0 100% 
2018-12-22 19:11:01 1 /boot 180 70 59% 
2018-12-22 19:19:05 0 disk 29941 14522 51%
2018-12-22 19:19:05 1 / 29899 14501 50% 
2018-12-22 19:19:05 1 /boot 42 21 51% 
2018-12-22 19:20:06 0 disk 29941 14523 51%
2018-12-22 19:20:06 1 / 29899 14502 50% 
2018-12-22 19:20:06 1 /boot 42 21 51% 
2018-12-22 19:21:07 0 disk 29941 14523 51%
2018-12-22 19:21:07 1 / 29899 14502 50% 
2018-12-22 19:21:07 1 /boot 42 21 51% 
2018-12-22 19:22:08 0 disk 29941 14522 51%
2018-12-22 19:22:08 1 / 29899 14501 50% 
2018-12-22 19:22:08 1 /boot 42 21 51% 
2018-12-22 19:23:09 0 disk 29941 14522 51%
2018-12-22 19:23:09 1 / 29899 14501 50% 
2018-12-22 19:23:09 1 /boot 42 21 51% 
2018-12-22 19:24:10 0 disk 29941 14522 51%
2018-12-22 19:24:10 1 / 29899 14501 50% 
2018-12-22 19:24:10 1 /boot 42 21 51% 
2018-12-22 19:25:10 0 disk 29941 14522 51%
2018-12-22 19:25:10 1 / 29899 14501 50% 
2018-12-22 19:25:10 1 /boot 42 21 51% 
2018-12-22 19:26:11 0 disk 29941 14522 51%
2018-12-22 19:26:11 1 / 29899 14501 50% 
2018-12-22 19:26:11 1 /boot 42 21 51% 
2018-12-22 19:27:12 0 disk 29941 14522 51%
2018-12-22 19:27:12 1 / 29899 14501 50% 
2018-12-22 19:27:12 1 /boot 42 21 51% 
2018-12-22 19:28:12 0 disk 29941 14522 51%
2018-12-22 19:28:12 1 / 29899 14501 50% 
2018-12-22 19:28:12 1 /boot 42 21 51% 
