2018-12-22__19:11:01 yuxiaowei GNU/Linux 4.13.0-45-generic up_10_hours,_21_minutes 0.54 95426 12% 3805 44% normal normal normal 
2018-12-22__19:19:05 yuxiaowei GNU/Linux 4.9.41-v7+ up_3_weeks,_10_hours,_15_minutes 0.76 0.58 0.68 29941 47% 927 11% normal note normal 
2018-12-22__19:20:06 yuxiaowei GNU/Linux 4.9.41-v7+ up_3_weeks,_10_hours,_16_minutes 1.66 0.87 0.77 29941 47% 927 10% normal note normal 
2018-12-22__19:21:07 yuxiaowei GNU/Linux 4.9.41-v7+ up_3_weeks,_10_hours,_17_minutes 1.72 1.03 0.83 29941 47% 927 10% normal note normal 
2018-12-22__19:22:08 yuxiaowei GNU/Linux 4.9.41-v7+ up_3_weeks,_10_hours,_18_minutes 1.88 1.20 0.90 29941 47% 927 10% normal note normal 
2018-12-22__19:23:15 yuxiaowei GNU/Linux 4.9.41-v7+ up_3_weeks,_10_hours,_20_minutes 2.20 1.58 1.07 29941 47% 927 10% normal note normal 
2018-12-22__19:24:21 yuxiaowei GNU/Linux 4.9.41-v7+ up_3_weeks,_10_hours,_21_minutes 1.97 1.63 1.12 29941 47% 927 10% normal note normal 
2018-12-22__19:25:28 yuxiaowei GNU/Linux 4.9.41-v7+ up_3_weeks,_10_hours,_22_minutes 3.53 1.96 1.25 29941 47% 927 10% normal note normal 
2018-12-22__19:26:34 yuxiaowei GNU/Linux 4.9.41-v7+ up_3_weeks,_10_hours,_23_minutes 2.03 1.82 1.25 29941 47% 927 10% normal note normal 
2018-12-22__19:27:40 yuxiaowei GNU/Linux 4.9.41-v7+ up_3_weeks,_10_hours,_24_minutes 2.34 1.98 1.35 29941 47% 927 10% normal note normal 
2018-12-23__10:51:29 yuxiaowei GNU/Linux 4.13.0-45-generic up_1_day,_2_hours,_2_minutes 1.85 1.84 1.77 95426 12% 3805 50% normal normal normal 
2018-12-23__10:51:36 yuxiaowei GNU/Linux 4.13.0-45-generic up_1_day,_2_hours,_2_minutes 1.86 1.84 1.77 95426 12% 3805 50% normal normal normal 
2018-12-23__10:53:22 yuxiaowei GNU/Linux 4.13.0-45-generic up_1_day,_2_hours,_4_minutes 1.60 1.81 1.77 95426 12% 3805 50% normal normal normal 
2018-12-23__10:54:33 yuxiaowei GNU/Linux 4.13.0-45-generic up_1_day,_2_hours,_5_minutes 1.86 1.85 1.79 95426 12% 3805 50% normal normal normal 
2018-12-23__10:54:47 yuxiaowei GNU/Linux 4.13.0-45-generic up_1_day,_2_hours,_5_minutes 1.51 1.78 1.77 95426 12% 3805 50% normal normal normal 
2018-12-23__11:37:15 yuxiaowei GNU/Linux 4.9.41-v7+ up_3_weeks,_1_day,_2_hours,_34_minutes 0.87 0.67 0.58 29941 47% 927 12% normal note normal 
2018-12-23__11:38:15 yuxiaowei GNU/Linux 4.9.41-v7+ up_3_weeks,_1_day,_2_hours,_35_minutes 0.90 0.74 0.61 29941 47% 927 12% normal note normal 
2018-12-23__11:39:15 yuxiaowei GNU/Linux 4.9.41-v7+ up_3_weeks,_1_day,_2_hours,_36_minutes 1.05 0.81 0.65 29941 47% 927 12% normal note normal 
2018-12-23__11:40:15 yuxiaowei GNU/Linux 4.9.41-v7+ up_3_weeks,_1_day,_2_hours,_37_minutes 0.70 0.76 0.64 29941 47% 927 12% normal note normal 
2018-12-23__11:41:15 yuxiaowei GNU/Linux 4.9.41-v7+ up_3_weeks,_1_day,_2_hours,_38_minutes 0.72 0.75 0.64 29941 47% 927 12% normal note normal 
2018-12-23__11:42:16 yuxiaowei GNU/Linux 4.9.41-v7+ up_3_weeks,_1_day,_2_hours,_39_minutes 0.78 0.76 0.65 29941 47% 927 12% normal note normal 
2018-12-23__10:51:29 yuxiaowei GNU/Linux 4.13.0-45-generic up_1_day,_2_hours,_2_minutes 1.85 1.84 1.77 95426 12% 3805 50% normal normal normal 
2018-12-23__10:51:36 yuxiaowei GNU/Linux 4.13.0-45-generic up_1_day,_2_hours,_2_minutes 1.86 1.84 1.77 95426 12% 3805 50% normal normal normal 
2018-12-23__10:53:22 yuxiaowei GNU/Linux 4.13.0-45-generic up_1_day,_2_hours,_4_minutes 1.60 1.81 1.77 95426 12% 3805 50% normal normal normal 
2018-12-23__10:54:33 yuxiaowei GNU/Linux 4.13.0-45-generic up_1_day,_2_hours,_5_minutes 1.86 1.85 1.79 95426 12% 3805 50% normal normal normal 
2018-12-23__10:54:47 yuxiaowei GNU/Linux 4.13.0-45-generic up_1_day,_2_hours,_5_minutes 1.51 1.78 1.77 95426 12% 3805 50% normal normal normal 
2018-12-23__13:52:16 yuxiaowei GNU/Linux 4.9.41-v7+ up_3_weeks,_1_day,_4_hours,_49_minutes 0.37 0.41 0.44 29941 47% 927 13% normal note normal 
2018-12-23__13:53:16 yuxiaowei GNU/Linux 4.9.41-v7+ up_3_weeks,_1_day,_4_hours,_50_minutes 0.42 0.43 0.44 29941 47% 927 13% normal note normal 
2018-12-23__13:54:16 yuxiaowei GNU/Linux 4.9.41-v7+ up_3_weeks,_1_day,_4_hours,_51_minutes 0.31 0.41 0.44 29941 47% 927 13% normal note normal 
2018-12-23__13:55:16 yuxiaowei GNU/Linux 4.9.41-v7+ up_3_weeks,_1_day,_4_hours,_52_minutes 0.83 0.53 0.48 29941 47% 927 13% normal note normal 
2018-12-23__13:56:16 yuxiaowei GNU/Linux 4.9.41-v7+ up_3_weeks,_1_day,_4_hours,_53_minutes 0.80 0.58 0.50 29941 47% 927 13% normal note normal 
2018-12-23__13:57:16 yuxiaowei GNU/Linux 4.9.41-v7+ up_3_weeks,_1_day,_4_hours,_54_minutes 0.49 0.52 0.48 29941 47% 927 13% normal note normal 
2018-12-23__13:58:16 yuxiaowei GNU/Linux 4.9.41-v7+ up_3_weeks,_1_day,_4_hours,_55_minutes 0.43 0.50 0.47 29941 47% 927 13% normal note normal 
2018-12-23__13:59:16 yuxiaowei GNU/Linux 4.9.41-v7+ up_3_weeks,_1_day,_4_hours,_56_minutes 0.81 0.58 0.50 29941 47% 927 13% normal note normal 
2018-12-23__14:00:17 yuxiaowei GNU/Linux 4.9.41-v7+ up_3_weeks,_1_day,_4_hours,_57_minutes 0.52 0.54 0.49 29941 47% 927 13% normal note normal 
2018-12-23__14:01:17 yuxiaowei GNU/Linux 4.9.41-v7+ up_3_weeks,_1_day,_4_hours,_58_minutes 0.48 0.52 0.48 29941 47% 927 13% normal note normal 
2018-12-23__14:02:17 yuxiaowei GNU/Linux 4.9.41-v7+ up_3_weeks,_1_day,_4_hours,_59_minutes 1.14 0.67 0.54 29941 47% 927 13% normal note normal 
2018-12-23__14:03:17 yuxiaowei GNU/Linux 4.9.41-v7+ up_3_weeks,_1_day,_5_hours 0.66 0.61 0.53 29941 47% 927 13% normal note normal 
2018-12-23__14:04:17 yuxiaowei GNU/Linux 4.9.41-v7+ up_3_weeks,_1_day,_5_hours,_1_minute 0.51 0.58 0.52 29941 47% 927 13% normal note normal 
2018-12-23__14:05:17 yuxiaowei GNU/Linux 4.9.41-v7+ up_3_weeks,_1_day,_5_hours,_2_minutes 0.72 0.61 0.54 29941 47% 927 13% normal note normal 
2018-12-23__14:06:17 yuxiaowei GNU/Linux 4.9.41-v7+ up_3_weeks,_1_day,_5_hours,_3_minutes 0.43 0.54 0.52 29941 47% 927 12% normal note normal 
2018-12-23__14:07:17 yuxiaowei GNU/Linux 4.9.41-v7+ up_3_weeks,_1_day,_5_hours,_4_minutes 0.67 0.61 0.54 29941 47% 927 12% normal note normal 
2018-12-23__14:08:17 yuxiaowei GNU/Linux 4.9.41-v7+ up_3_weeks,_1_day,_5_hours,_5_minutes 0.76 0.66 0.56 29941 47% 927 12% normal note normal 
2018-12-23__14:09:17 yuxiaowei GNU/Linux 4.9.41-v7+ up_3_weeks,_1_day,_5_hours,_6_minutes 0.57 0.62 0.55 29941 47% 927 12% normal note normal 
2018-12-23__14:10:18 yuxiaowei GNU/Linux 4.9.41-v7+ up_3_weeks,_1_day,_5_hours,_7_minutes 0.63 0.63 0.56 29941 47% 927 12% normal note normal 
2018-12-23__14:11:18 yuxiaowei GNU/Linux 4.9.41-v7+ up_3_weeks,_1_day,_5_hours,_8_minutes 1.35 0.81 0.62 29941 47% 927 13% normal note normal 
2018-12-23__14:12:18 yuxiaowei GNU/Linux 4.9.41-v7+ up_3_weeks,_1_day,_5_hours,_9_minutes 0.79 0.74 0.61 29941 47% 927 12% normal note normal 
2018-12-23__14:13:18 yuxiaowei GNU/Linux 4.9.41-v7+ up_3_weeks,_1_day,_5_hours,_10_minutes 0.82 0.73 0.61 29941 47% 927 13% normal note normal 
2018-12-23__14:14:18 yuxiaowei GNU/Linux 4.9.41-v7+ up_3_weeks,_1_day,_5_hours,_11_minutes 0.59 0.67 0.60 29941 47% 927 13% normal note normal 
2018-12-23__14:15:18 yuxiaowei GNU/Linux 4.9.41-v7+ up_3_weeks,_1_day,_5_hours,_12_minutes 0.73 0.70 0.62 29941 47% 927 12% normal note normal 
2018-12-23__14:16:18 yuxiaowei GNU/Linux 4.9.41-v7+ up_3_weeks,_1_day,_5_hours,_13_minutes 0.66 0.68 0.61 29941 47% 927 13% normal note normal 
2018-12-23__14:17:18 yuxiaowei GNU/Linux 4.9.41-v7+ up_3_weeks,_1_day,_5_hours,_14_minutes 0.79 0.71 0.63 29941 47% 927 13% normal note normal 
2018-12-23__14:18:18 yuxiaowei GNU/Linux 4.9.41-v7+ up_3_weeks,_1_day,_5_hours,_15_minutes 1.40 0.91 0.71 29941 47% 927 13% normal note normal 
2018-12-23__14:19:19 yuxiaowei GNU/Linux 4.9.41-v7+ up_3_weeks,_1_day,_5_hours,_16_minutes 0.64 0.78 0.67 29941 47% 927 13% normal note normal 
2018-12-23__14:20:19 yuxiaowei GNU/Linux 4.9.41-v7+ up_3_weeks,_1_day,_5_hours,_17_minutes 0.46 0.69 0.65 29941 47% 927 13% normal note normal 
2018-12-23__14:21:19 yuxiaowei GNU/Linux 4.9.41-v7+ up_3_weeks,_1_day,_5_hours,_18_minutes 0.51 0.68 0.65 29941 47% 927 13% normal note normal 
2018-12-23__14:22:19 yuxiaowei GNU/Linux 4.9.41-v7+ up_3_weeks,_1_day,_5_hours,_19_minutes 0.38 0.62 0.62 29941 47% 927 12% normal note normal 
2018-12-23__14:23:19 yuxiaowei GNU/Linux 4.9.41-v7+ up_3_weeks,_1_day,_5_hours,_20_minutes 0.41 0.58 0.61 29941 47% 927 12% normal note normal 
2018-12-23__14:24:19 yuxiaowei GNU/Linux 4.9.41-v7+ up_3_weeks,_1_day,_5_hours,_21_minutes 0.64 0.63 0.63 29941 47% 927 12% normal note normal 
2018-12-23__14:25:19 yuxiaowei GNU/Linux 4.9.41-v7+ up_3_weeks,_1_day,_5_hours,_22_minutes 0.46 0.57 0.61 29941 47% 927 12% normal note normal 
2018-12-23__14:26:19 yuxiaowei GNU/Linux 4.9.41-v7+ up_3_weeks,_1_day,_5_hours,_23_minutes 0.47 0.55 0.60 29941 47% 927 12% normal note normal 
2018-12-23__14:27:19 yuxiaowei GNU/Linux 4.9.41-v7+ up_3_weeks,_1_day,_5_hours,_24_minutes 0.65 0.62 0.62 29941 47% 927 12% normal note normal 
2018-12-23__14:28:19 yuxiaowei GNU/Linux 4.9.41-v7+ up_3_weeks,_1_day,_5_hours,_25_minutes 0.77 0.64 0.63 29941 47% 927 12% normal note normal 
2018-12-23__14:29:20 yuxiaowei GNU/Linux 4.9.41-v7+ up_3_weeks,_1_day,_5_hours,_26_minutes 0.33 0.54 0.60 29941 47% 927 12% normal note normal 
2018-12-23__14:30:20 yuxiaowei GNU/Linux 4.9.41-v7+ up_3_weeks,_1_day,_5_hours,_27_minutes 0.36 0.50 0.58 29941 47% 927 12% normal note normal 
2018-12-23__14:31:20 yuxiaowei GNU/Linux 4.9.41-v7+ up_3_weeks,_1_day,_5_hours,_28_minutes 0.60 0.55 0.59 29941 47% 927 12% normal note normal 
2018-12-23__14:32:20 yuxiaowei GNU/Linux 4.9.41-v7+ up_3_weeks,_1_day,_5_hours,_29_minutes 0.51 0.54 0.58 29941 47% 927 12% normal note normal 
2018-12-23__14:33:20 yuxiaowei GNU/Linux 4.9.41-v7+ up_3_weeks,_1_day,_5_hours,_30_minutes 0.41 0.50 0.57 29941 47% 927 12% normal note normal 
2018-12-23__14:34:20 yuxiaowei GNU/Linux 4.9.41-v7+ up_3_weeks,_1_day,_5_hours,_31_minutes 0.43 0.50 0.56 29941 47% 927 12% normal note normal 
2018-12-23__14:35:21 yuxiaowei GNU/Linux 4.9.41-v7+ up_3_weeks,_1_day,_5_hours,_32_minutes 0.35 0.47 0.54 29941 47% 927 12% normal note normal 
2018-12-23__14:36:21 yuxiaowei GNU/Linux 4.9.41-v7+ up_3_weeks,_1_day,_5_hours,_33_minutes 0.34 0.46 0.54 29941 47% 927 12% normal note normal 
2018-12-23__14:37:21 yuxiaowei GNU/Linux 4.9.41-v7+ up_3_weeks,_1_day,_5_hours,_34_minutes 0.56 0.50 0.55 29941 47% 927 12% normal note normal 
2018-12-23__14:38:21 yuxiaowei GNU/Linux 4.9.41-v7+ up_3_weeks,_1_day,_5_hours,_35_minutes 0.32 0.44 0.52 29941 47% 927 12% normal note normal 
2018-12-23__14:39:22 yuxiaowei GNU/Linux 4.9.41-v7+ up_3_weeks,_1_day,_5_hours,_36_minutes 0.32 0.42 0.51 29941 47% 927 12% normal note normal 
2018-12-23__14:40:22 yuxiaowei GNU/Linux 4.9.41-v7+ up_3_weeks,_1_day,_5_hours,_37_minutes 0.81 0.54 0.55 29941 47% 927 12% normal note normal 
2018-12-23__14:41:22 yuxiaowei GNU/Linux 4.9.41-v7+ up_3_weeks,_1_day,_5_hours,_38_minutes 0.53 0.50 0.53 29941 47% 927 12% normal note normal 
2018-12-23__14:42:23 yuxiaowei GNU/Linux 4.9.41-v7+ up_3_weeks,_1_day,_5_hours,_39_minutes 0.46 0.48 0.53 29941 47% 927 12% normal note normal 
2018-12-23__14:43:23 yuxiaowei GNU/Linux 4.9.41-v7+ up_3_weeks,_1_day,_5_hours,_40_minutes 0.33 0.44 0.51 29941 47% 927 12% normal note normal 
2018-12-23__14:44:23 yuxiaowei GNU/Linux 4.9.41-v7+ up_3_weeks,_1_day,_5_hours,_41_minutes 0.74 0.53 0.54 29941 47% 927 12% normal note normal 
2018-12-23__14:45:23 yuxiaowei GNU/Linux 4.9.41-v7+ up_3_weeks,_1_day,_5_hours,_42_minutes 0.64 0.54 0.54 29941 47% 927 12% normal note normal 
2018-12-23__14:46:23 yuxiaowei GNU/Linux 4.9.41-v7+ up_3_weeks,_1_day,_5_hours,_43_minutes 0.51 0.53 0.54 29941 47% 927 12% normal note normal 
2018-12-23__14:47:23 yuxiaowei GNU/Linux 4.9.41-v7+ up_3_weeks,_1_day,_5_hours,_44_minutes 0.42 0.50 0.53 29941 47% 927 12% normal note normal 
2018-12-23__14:48:23 yuxiaowei GNU/Linux 4.9.41-v7+ up_3_weeks,_1_day,_5_hours,_45_minutes 0.23 0.43 0.50 29941 47% 927 12% normal note normal 
2018-12-23__14:49:23 yuxiaowei GNU/Linux 4.9.41-v7+ up_3_weeks,_1_day,_5_hours,_46_minutes 0.50 0.47 0.51 29941 47% 927 12% normal note normal 
2018-12-23__14:50:23 yuxiaowei GNU/Linux 4.9.41-v7+ up_3_weeks,_1_day,_5_hours,_47_minutes 0.73 0.54 0.53 29941 47% 927 12% normal note normal 
2018-12-23__14:51:23 yuxiaowei GNU/Linux 4.9.41-v7+ up_3_weeks,_1_day,_5_hours,_48_minutes 0.60 0.52 0.53 29941 47% 927 12% normal note normal 
2018-12-23__14:52:24 yuxiaowei GNU/Linux 4.9.41-v7+ up_3_weeks,_1_day,_5_hours,_49_minutes 0.68 0.55 0.54 29941 47% 927 12% normal note normal 
2018-12-23__14:53:24 yuxiaowei GNU/Linux 4.9.41-v7+ up_3_weeks,_1_day,_5_hours,_50_minutes 0.85 0.65 0.57 29941 47% 927 12% normal note normal 
2018-12-23__14:54:24 yuxiaowei GNU/Linux 4.9.41-v7+ up_3_weeks,_1_day,_5_hours,_51_minutes 0.66 0.64 0.57 29941 47% 927 12% normal note normal 
2018-12-23__14:55:24 yuxiaowei GNU/Linux 4.9.41-v7+ up_3_weeks,_1_day,_5_hours,_52_minutes 0.82 0.68 0.59 29941 47% 927 12% normal note normal 
2018-12-23__14:56:24 yuxiaowei GNU/Linux 4.9.41-v7+ up_3_weeks,_1_day,_5_hours,_53_minutes 0.34 0.57 0.55 29941 47% 927 12% normal note normal 
2018-12-23__14:57:24 yuxiaowei GNU/Linux 4.9.41-v7+ up_3_weeks,_1_day,_5_hours,_54_minutes 0.65 0.64 0.58 29941 47% 927 12% normal note normal 
2018-12-23__14:58:24 yuxiaowei GNU/Linux 4.9.41-v7+ up_3_weeks,_1_day,_5_hours,_55_minutes 0.71 0.66 0.59 29941 47% 927 12% normal note normal 
2018-12-23__14:59:24 yuxiaowei GNU/Linux 4.9.41-v7+ up_3_weeks,_1_day,_5_hours,_56_minutes 0.55 0.62 0.58 29941 47% 927 13% normal note normal 
2018-12-23__15:00:25 yuxiaowei GNU/Linux 4.9.41-v7+ up_3_weeks,_1_day,_5_hours,_57_minutes 0.87 0.72 0.62 29941 47% 927 13% normal note normal 
2018-12-23__15:01:25 yuxiaowei GNU/Linux 4.9.41-v7+ up_3_weeks,_1_day,_5_hours,_58_minutes 0.52 0.65 0.60 29941 47% 927 13% normal note normal 
2018-12-23__15:02:25 yuxiaowei GNU/Linux 4.9.41-v7+ up_3_weeks,_1_day,_5_hours,_59_minutes 0.95 0.75 0.64 29941 47% 927 13% normal note normal 
2018-12-23__15:46:41 yuxiaowei GNU/Linux 4.9.41-v7+ up_3_weeks,_1_day,_6_hours,_43_minutes 0.49 0.54 0.60 29941 47% 927 14% normal note normal 
2018-12-23__15:47:41 yuxiaowei GNU/Linux 4.9.41-v7+ up_3_weeks,_1_day,_6_hours,_44_minutes 0.62 0.57 0.61 29941 47% 927 13% normal note normal 
2018-12-23__15:48:43 yuxiaowei GNU/Linux 4.9.41-v7+ up_3_weeks,_1_day,_6_hours,_45_minutes 0.85 0.67 0.64 29941 47% 927 13% normal note normal 
2018-12-23__15:49:09 yuxiaowei GNU/Linux 4.9.41-v7+ up_3_weeks,_1_day,_6_hours,_45_minutes 0.99 0.72 0.66 29941 47% 927 13% normal note normal 
2018-12-23__15:50:29 yuxiaowei GNU/Linux 4.9.41-v7+ up_3_weeks,_1_day,_6_hours,_47_minutes 0.57 0.66 0.64 29941 47% 927 13% normal note normal 
2018-12-23__15:51:29 yuxiaowei GNU/Linux 4.9.41-v7+ up_3_weeks,_1_day,_6_hours,_48_minutes 0.88 0.72 0.66 29941 47% 927 13% normal note normal 
2018-12-23__15:52:29 yuxiaowei GNU/Linux 4.9.41-v7+ up_3_weeks,_1_day,_6_hours,_49_minutes 0.57 0.69 0.65 29941 47% 927 13% normal note normal 
2018-12-23__15:53:29 yuxiaowei GNU/Linux 4.9.41-v7+ up_3_weeks,_1_day,_6_hours,_50_minutes 0.67 0.69 0.65 29941 47% 927 13% normal note normal 
2018-12-23__15:54:29 yuxiaowei GNU/Linux 4.9.41-v7+ up_3_weeks,_1_day,_6_hours,_51_minutes 1.86 1.01 0.76 29941 47% 927 13% normal note normal 
2018-12-23__15:55:29 yuxiaowei GNU/Linux 4.9.41-v7+ up_3_weeks,_1_day,_6_hours,_52_minutes 1.22 0.98 0.77 29941 47% 927 13% normal note normal 
2018-12-23__16:04:36 yuxiaowei GNU/Linux 4.9.41-v7+ up_3_weeks,_1_day,_7_hours,_1_minute 1.02 0.87 0.78 29941 47% 927 14% normal note normal 
2018-12-23__16:05:37 yuxiaowei GNU/Linux 4.9.41-v7+ up_3_weeks,_1_day,_7_hours,_2_minutes 1.27 1.00 0.83 29941 47% 927 13% normal note normal 
2018-12-23__16:06:37 yuxiaowei GNU/Linux 4.9.41-v7+ up_3_weeks,_1_day,_7_hours,_3_minutes 1.14 1.04 0.86 29941 47% 927 14% normal note normal 
2018-12-23__16:07:37 yuxiaowei GNU/Linux 4.9.41-v7+ up_3_weeks,_1_day,_7_hours,_4_minutes 0.75 0.94 0.83 29941 47% 927 13% normal note normal 
2018-12-23__16:08:37 yuxiaowei GNU/Linux 4.9.41-v7+ up_3_weeks,_1_day,_7_hours,_5_minutes 0.95 0.95 0.84 29941 47% 927 13% normal note normal 
2018-12-23__16:09:37 yuxiaowei GNU/Linux 4.9.41-v7+ up_3_weeks,_1_day,_7_hours,_6_minutes 0.81 0.93 0.84 29941 47% 927 13% normal note normal 
2018-12-23__16:10:37 yuxiaowei GNU/Linux 4.9.41-v7+ up_3_weeks,_1_day,_7_hours,_7_minutes 0.86 0.90 0.83 29941 47% 927 13% normal note normal 
2018-12-23__16:11:37 yuxiaowei GNU/Linux 4.9.41-v7+ up_3_weeks,_1_day,_7_hours,_8_minutes 0.57 0.81 0.81 29941 47% 927 13% normal note normal 
2018-12-23__16:12:37 yuxiaowei GNU/Linux 4.9.41-v7+ up_3_weeks,_1_day,_7_hours,_9_minutes 0.93 0.90 0.84 29941 47% 927 13% normal note normal 
2018-12-23__16:13:37 yuxiaowei GNU/Linux 4.9.41-v7+ up_3_weeks,_1_day,_7_hours,_10_minutes 0.60 0.81 0.81 29941 47% 927 13% normal note normal 
2018-12-23__16:14:37 yuxiaowei GNU/Linux 4.9.41-v7+ up_3_weeks,_1_day,_7_hours,_11_minutes 0.59 0.78 0.80 29941 47% 927 13% normal note normal 
2018-12-23__16:15:38 yuxiaowei GNU/Linux 4.9.41-v7+ up_3_weeks,_1_day,_7_hours,_12_minutes 1.59 1.01 0.88 29941 47% 927 13% normal note normal 
2018-12-23__16:16:38 yuxiaowei GNU/Linux 4.9.41-v7+ up_3_weeks,_1_day,_7_hours,_13_minutes 0.84 0.90 0.85 29941 47% 927 13% normal note normal 
2018-12-23__16:17:38 yuxiaowei GNU/Linux 4.9.41-v7+ up_3_weeks,_1_day,_7_hours,_14_minutes 0.69 0.87 0.84 29941 47% 927 15% normal note normal 
2018-12-23__16:18:38 yuxiaowei GNU/Linux 4.9.41-v7+ up_3_weeks,_1_day,_7_hours,_15_minutes 0.82 0.89 0.85 29941 47% 927 13% normal note normal 
2018-12-23__16:19:38 yuxiaowei GNU/Linux 4.9.41-v7+ up_3_weeks,_1_day,_7_hours,_16_minutes 0.69 0.83 0.83 29941 47% 927 13% normal note normal 
2018-12-23__16:20:38 yuxiaowei GNU/Linux 4.9.41-v7+ up_3_weeks,_1_day,_7_hours,_17_minutes 0.65 0.79 0.81 29941 47% 927 13% normal note normal 
2018-12-23__16:21:38 yuxiaowei GNU/Linux 4.9.41-v7+ up_3_weeks,_1_day,_7_hours,_18_minutes 0.37 0.68 0.77 29941 47% 927 13% normal note normal 
2018-12-23__16:22:38 yuxiaowei GNU/Linux 4.9.41-v7+ up_3_weeks,_1_day,_7_hours,_19_minutes 0.56 0.67 0.77 29941 47% 927 13% normal note normal 
2018-12-23__16:23:38 yuxiaowei GNU/Linux 4.9.41-v7+ up_3_weeks,_1_day,_7_hours,_20_minutes 0.67 0.71 0.77 29941 47% 927 13% normal note normal 
2018-12-23__16:24:39 yuxiaowei GNU/Linux 4.9.41-v7+ up_3_weeks,_1_day,_7_hours,_21_minutes 0.79 0.73 0.78 29941 47% 927 13% normal note normal 
2018-12-23__16:25:39 yuxiaowei GNU/Linux 4.9.41-v7+ up_3_weeks,_1_day,_7_hours,_22_minutes 0.81 0.73 0.77 29941 47% 927 13% normal note normal 
2018-12-23__16:26:39 yuxiaowei GNU/Linux 4.9.41-v7+ up_3_weeks,_1_day,_7_hours,_23_minutes 0.97 0.79 0.79 29941 47% 927 13% normal note normal 
2018-12-23__16:27:39 yuxiaowei GNU/Linux 4.9.41-v7+ up_3_weeks,_1_day,_7_hours,_24_minutes 0.65 0.75 0.78 29941 47% 927 13% normal note normal 
2018-12-23__16:28:39 yuxiaowei GNU/Linux 4.9.41-v7+ up_3_weeks,_1_day,_7_hours,_25_minutes 0.99 0.80 0.79 29941 47% 927 13% normal note normal 
2018-12-23__16:29:39 yuxiaowei GNU/Linux 4.9.41-v7+ up_3_weeks,_1_day,_7_hours,_26_minutes 0.59 0.71 0.76 29941 47% 927 13% normal note normal 
2018-12-23__16:30:39 yuxiaowei GNU/Linux 4.9.41-v7+ up_3_weeks,_1_day,_7_hours,_27_minutes 0.94 0.78 0.78 29941 47% 927 13% normal note normal 
2018-12-23__16:31:39 yuxiaowei GNU/Linux 4.9.41-v7+ up_3_weeks,_1_day,_7_hours,_28_minutes 0.70 0.73 0.77 29941 47% 927 13% normal note normal 
2018-12-23__16:32:39 yuxiaowei GNU/Linux 4.9.41-v7+ up_3_weeks,_1_day,_7_hours,_29_minutes 0.63 0.73 0.76 29941 47% 927 13% normal note normal 
2018-12-23__16:33:39 yuxiaowei GNU/Linux 4.9.41-v7+ up_3_weeks,_1_day,_7_hours,_30_minutes 0.51 0.68 0.74 29941 47% 927 13% normal note normal 
2018-12-23__16:34:39 yuxiaowei GNU/Linux 4.9.41-v7+ up_3_weeks,_1_day,_7_hours,_31_minutes 0.39 0.62 0.72 29941 47% 927 13% normal note normal 
2018-12-23__16:35:40 yuxiaowei GNU/Linux 4.9.41-v7+ up_3_weeks,_1_day,_7_hours,_32_minutes 0.40 0.58 0.70 29941 47% 927 13% normal note normal 
