2018-12-22__19:10:33 0.52 18.00 31.00°C normal
2018-12-22__19:10:42 0.52 8.00 31.00°C normal
2018-12-22__19:10:48 0.53 6.00 31.00°C normal
2018-12-22__19:10:53 0.52 10.00 31.00°C normal
2018-12-22__19:10:59 0.54 8.00 31.00°C normal
2018-12-22__19:11:04 0.54 12.00 31.00°C normal
2018-12-22__19:19:41 0.24 0.27 0.34 100.00 50.00°C warning
2018-12-22__19:19:48 0.22 0.26 0.34 100.00 51.00°C warning
2018-12-22__19:19:53 0.21 0.26 0.34 100.00 51.00°C warning
2018-12-22__19:19:59 0.19 0.25 0.34 99.00 51.00°C warning
2018-12-22__19:20:05 1.71 0.59 0.45 99.00 51.00°C warning
2018-12-22__19:20:11 1.57 0.58 0.45 100.00 51.00°C warning
2018-12-22__19:20:17 1.68 0.62 0.46 99.00 51.00°C warning
2018-12-22__19:20:23 1.55 0.61 0.46 98.00 51.00°C warning
2018-12-22__19:20:29 1.43 0.60 0.45 99.00 51.00°C warning
2018-12-22__19:20:35 3.24 1.01 0.59 99.00 51.00°C warning
2018-12-22__19:20:41 2.98 0.99 0.59 91.00 52.00°C warning
2018-12-22__19:20:47 2.74 0.97 0.58 89.00 53.00°C warning
2018-12-22__19:20:52 2.60 0.97 0.58 99.00 52.00°C warning
2018-12-22__19:20:58 2.40 0.96 0.58 89.00 52.00°C warning
2018-12-22__19:21:04 2.20 0.94 0.58 90.00 51.00°C warning
2018-12-22__19:21:10 3.21 1.19 0.66 93.00 52.00°C warning
2018-12-22__19:21:16 2.96 1.17 0.66 93.00 52.00°C warning
2018-12-22__19:21:21 2.72 1.15 0.66 99.00 52.00°C warning
2018-12-22__19:21:27 2.82 1.20 0.67 86.00 51.00°C warning
2018-12-22__19:21:33 2.68 1.20 0.68 77.00 51.00°C warning
2018-12-22__19:21:39 2.46 1.18 0.67 96.00 52.00°C warning
2018-12-22__19:21:44 2.26 1.16 0.67 61.00 52.00°C note
2018-12-22__19:21:50 2.22 1.18 0.68 67.00 51.00°C note
2018-12-22__19:21:56 2.04 1.16 0.68 49.00 51.00°C normal
2018-12-22__19:22:01 1.88 1.14 0.67 46.00 51.00°C normal
2018-12-22__19:22:07 2.69 1.33 0.74 45.00 50.00°C normal
2018-12-22__19:22:13 2.47 1.30 0.73 45.00 51.00°C normal
2018-12-22__19:22:22 2.09 1.26 0.72 90.00 52.00°C warning
2018-12-22__19:22:28 1.92 1.24 0.72 90.00 52.00°C warning
2018-12-22__19:22:33 1.77 1.22 0.71 85.00 52.00°C warning
2018-12-22__19:22:39 1.63 1.20 0.71 92.00 51.00°C warning
2018-12-22__19:22:45 1.50 1.18 0.71 83.00 54.00°C warning
2018-12-22__19:22:51 2.74 1.46 0.81 78.00 52.00°C warning
2018-12-22__19:22:56 2.52 1.44 0.80 78.00 52.00°C warning
2018-12-22__19:23:02 3.04 1.57 0.85 86.00 52.00°C warning
2018-12-22__19:23:08 2.80 1.54 0.84 84.00 52.00°C warning
2018-12-22__19:23:14 2.57 1.51 0.84 70.00 52.00°C warning
2018-12-22__19:23:19 2.45 1.50 0.84 72.00 52.00°C warning
2018-12-22__19:23:25 2.25 1.48 0.83 72.00 52.00°C warning
2018-12-22__19:23:31 2.42 1.54 0.86 60.00 52.00°C note
2018-12-22__19:23:36 2.23 1.52 0.86 51.00 52.00°C note
2018-12-22__19:23:42 2.05 1.49 0.85 49.00 51.00°C normal
2018-12-22__19:23:48 3.16 1.73 0.93 52.00 53.00°C note
2018-12-22__19:23:53 2.91 1.71 0.93 42.00 52.00°C normal
2018-12-22__19:23:59 2.68 1.68 0.92 58.00 52.00°C note
2018-12-22__19:24:05 2.46 1.65 0.92 49.00 52.00°C normal
2018-12-22__19:24:10 2.79 1.74 0.96 55.00 52.00°C note
2018-12-22__19:24:16 2.56 1.71 0.95 43.00 52.00°C normal
2018-12-22__19:24:22 2.36 1.69 0.94 48.00 52.00°C normal
2018-12-22__19:24:27 2.25 1.67 0.95 51.00 52.00°C note
2018-12-22__19:24:33 2.23 1.68 0.95 48.00 52.00°C normal
2018-12-22__19:24:39 2.05 1.65 0.95 43.00 51.00°C normal
2018-12-22__19:24:44 1.89 1.62 0.94 41.00 51.00°C normal
2018-12-22__19:24:50 1.73 1.60 0.93 45.00 52.00°C normal
2018-12-22__19:24:56 3.16 1.92 1.05 52.00 52.00°C note
2018-12-22__19:25:02 2.91 1.89 1.04 57.00 51.00°C note
2018-12-22__19:25:07 3.24 1.97 1.07 69.00 51.00°C note
2018-12-22__19:25:13 3.14 1.97 1.08 47.00 51.00°C normal
2018-12-22__19:25:19 2.89 1.94 1.07 43.00 52.00°C normal
2018-12-22__19:25:24 2.65 1.91 1.07 43.00 51.00°C normal
2018-12-22__19:25:33 2.25 1.84 1.06 77.00 52.00°C warning
2018-12-22__19:25:39 2.07 1.81 1.05 79.00 53.00°C warning
2018-12-22__19:25:45 1.90 1.78 1.04 70.00 52.00°C warning
2018-12-22__19:25:50 2.25 1.86 1.08 69.00 54.00°C note
2018-12-22__19:25:56 2.07 1.83 1.07 81.00 52.00°C warning
2018-12-22__19:26:02 1.90 1.79 1.06 73.00 52.00°C warning
2018-12-22__19:26:08 1.91 1.80 1.07 70.00 52.00°C warning
2018-12-22__19:26:13 1.76 1.77 1.06 56.00 52.00°C note
2018-12-22__19:26:19 1.62 1.74 1.06 61.00 52.00°C note
2018-12-22__19:26:25 1.49 1.71 1.05 47.00 52.00°C normal
2018-12-22__19:26:30 1.37 1.68 1.05 47.00 52.00°C normal
2018-12-22__19:26:36 1.38 1.67 1.05 47.00 52.00°C normal
2018-12-22__19:26:42 1.35 1.66 1.05 42.00 51.00°C normal
2018-12-22__19:26:47 1.32 1.65 1.05 99.00 53.00°C warning
2018-12-22__19:26:53 1.37 1.66 1.06 37.00 52.00°C normal
2018-12-22__19:26:59 1.26 1.63 1.05 51.00 52.00°C note
2018-12-22__19:27:04 1.16 1.60 1.04 41.00 51.00°C normal
2018-12-22__19:27:10 1.07 1.58 1.04 45.00 52.00°C normal
2018-12-22__19:27:16 1.05 1.56 1.04 65.00 52.00°C note
2018-12-22__19:27:21 1.05 1.55 1.04 59.00 52.00°C note
2018-12-22__19:27:27 0.96 1.52 1.03 41.00 52.00°C normal
2018-12-22__19:27:36 0.98 1.50 1.03 98.00 53.00°C warning
2018-12-22__19:27:42 0.90 1.48 1.02 100.00 52.00°C warning
2018-12-22__19:27:48 0.83 1.45 1.02 100.00 53.00°C warning
2018-12-22__19:27:54 0.76 1.43 1.01 89.00 53.00°C warning
2018-12-22__19:28:00 0.70 1.41 1.01 87.00 53.00°C warning
2018-12-22__19:28:05 0.64 1.38 1.00 77.00 53.00°C warning
2018-12-22__19:28:11 1.06 1.45 1.03 86.00 52.00°C warning
2018-12-22__19:28:17 0.97 1.43 1.02 83.00 53.00°C warning
2018-12-22__19:28:23 0.98 1.42 1.02 82.00 53.00°C warning
2018-12-22__19:28:28 0.90 1.40 1.02 97.00 53.00°C warning
2018-12-22__19:28:38 0.76 1.35 1.00 56.00 51.00°C note
2018-12-22__19:28:44 0.78 1.34 1.00 59.00 52.00°C note
2018-12-22__19:28:49 0.72 1.32 1.00 62.00 54.00°C note
2018-12-22__19:28:55 0.66 1.30 0.99 45.00 53.00°C normal
2018-12-22__19:29:01 0.56 1.26 0.98 49.00 52.00°C normal
2018-12-22__19:29:06 0.51 1.23 0.98 56.00 52.00°C note
2018-12-22__19:29:12 0.47 1.21 0.97 53.00 51.00°C note
2018-12-22__19:29:18 0.43 1.19 0.97 45.00 52.00°C normal
2018-12-22__19:29:23 0.56 1.21 0.97 44.00 52.00°C normal
2018-12-22__19:29:29 0.67 1.22 0.98 42.00 51.00°C normal
2018-12-22__19:29:35 0.62 1.20 0.97 56.00 52.00°C note
2018-12-22__19:29:40 0.57 1.18 0.97 47.00 51.00°C normal
2018-12-22__19:29:46 0.70 1.19 0.97 64.00 52.00°C note
2018-12-22__19:29:52 0.73 1.19 0.97 39.00 53.00°C normal
2018-12-22__19:29:57 0.67 1.17 0.97 54.00 53.00°C note
2018-12-22__19:30:03 0.70 1.16 0.97 49.00 52.00°C normal
2018-12-22__19:30:09 1.52 1.33 1.02 40.00 52.00°C normal
2018-12-22__19:30:14 1.40 1.30 1.02 41.00 52.00°C normal
2018-12-22__19:30:20 1.37 1.30 1.02 49.00 52.00°C normal
2018-12-22__19:30:26 1.26 1.28 1.01 52.00 52.00°C note
2018-12-22__19:30:31 1.21 1.27 1.01 46.00 52.00°C normal
