2018-12-22 19:11:01 0 disk 95426 78777 17%
2018-12-22 19:11:01 1 /dev 1877 1877 0% 
2018-12-22 19:11:01 1 / 92991 76830 13% 
2018-12-22 19:11:01 1 /snap/core/5897 89 0 100% 
2018-12-22 19:11:01 1 /snap/goldendictionary/1 109 0 100% 
2018-12-22 19:11:01 1 /snap/core/6130 90 0 100% 
2018-12-22 19:11:01 1 /snap/core/6034 90 0 100% 
2018-12-22 19:11:01 1 /boot 180 70 59% 
2018-12-22 19:19:41 0 disk 29941 13793 53%
2018-12-22 19:19:41 1 / 29899 13772 52% 
2018-12-22 19:19:41 1 /boot 42 21 51% 
2018-12-22 19:20:42 0 disk 29941 13793 53%
2018-12-22 19:20:42 1 / 29899 13772 52% 
2018-12-22 19:20:42 1 /boot 42 21 51% 
2018-12-22 19:21:43 0 disk 29941 13793 53%
2018-12-22 19:21:43 1 / 29899 13772 52% 
2018-12-22 19:21:43 1 /boot 42 21 51% 
2018-12-22 19:22:44 0 disk 29941 13793 53%
2018-12-22 19:22:44 1 / 29899 13772 52% 
2018-12-22 19:22:44 1 /boot 42 21 51% 
2018-12-22 19:23:45 0 disk 29941 13793 53%
2018-12-22 19:23:45 1 / 29899 13772 52% 
2018-12-22 19:23:45 1 /boot 42 21 51% 
2018-12-22 19:24:46 0 disk 29941 13793 53%
2018-12-22 19:24:46 1 / 29899 13772 52% 
2018-12-22 19:24:46 1 /boot 42 21 51% 
2018-12-22 19:25:48 0 disk 29941 13793 53%
2018-12-22 19:25:48 1 / 29899 13772 52% 
2018-12-22 19:25:48 1 /boot 42 21 51% 
2018-12-22 19:26:49 0 disk 29941 13793 53%
2018-12-22 19:26:49 1 / 29899 13772 52% 
2018-12-22 19:26:49 1 /boot 42 21 51% 
2018-12-22 19:27:51 0 disk 29941 13793 53%
2018-12-22 19:27:51 1 / 29899 13772 52% 
2018-12-22 19:27:51 1 /boot 42 21 51% 
2018-12-22 19:28:52 0 disk 29941 13793 53%
2018-12-22 19:28:52 1 / 29899 13772 52% 
2018-12-22 19:28:52 1 /boot 42 21 51% 
2018-12-22 19:29:53 0 disk 29941 13793 53%
2018-12-22 19:29:53 1 / 29899 13772 52% 
2018-12-22 19:29:53 1 /boot 42 21 51% 
