2018-12-22 15:41:04 0 disk 95426 78786 17%
2018-12-22 15:41:04 1 /dev 1877 1877 0% 
2018-12-22 15:41:04 1 / 92991 76839 13% 
2018-12-22 15:41:04 1 /snap/core/5897 89 0 100% 
2018-12-22 15:41:04 1 /snap/goldendictionary/1 109 0 100% 
2018-12-22 15:41:04 1 /snap/core/6130 90 0 100% 
2018-12-22 15:41:04 1 /snap/core/6034 90 0 100% 
2018-12-22 15:41:04 1 /boot 180 70 59% 
2018-12-22 15:45:03 0 disk 95426 78786 17%
2018-12-22 15:45:03 1 /dev 1877 1877 0% 
2018-12-22 15:45:03 1 / 92991 76839 13% 
2018-12-22 15:45:03 1 /snap/core/5897 89 0 100% 
2018-12-22 15:45:03 1 /snap/goldendictionary/1 109 0 100% 
2018-12-22 15:45:03 1 /snap/core/6130 90 0 100% 
2018-12-22 15:45:03 1 /snap/core/6034 90 0 100% 
2018-12-22 15:45:03 1 /boot 180 70 59% 
2018-12-22 15:45:40 0 disk 95426 78786 17%
2018-12-22 15:45:40 1 /dev 1877 1877 0% 
2018-12-22 15:45:40 1 / 92991 76839 13% 
2018-12-22 15:45:40 1 /snap/core/5897 89 0 100% 
2018-12-22 15:45:40 1 /snap/goldendictionary/1 109 0 100% 
2018-12-22 15:45:40 1 /snap/core/6130 90 0 100% 
2018-12-22 15:45:40 1 /snap/core/6034 90 0 100% 
2018-12-22 15:45:40 1 /boot 180 70 59% 
2018-12-22 15:46:40 0 disk 95426 78785 17%
2018-12-22 15:46:40 1 /dev 1877 1877 0% 
2018-12-22 15:46:40 1 / 92991 76838 13% 
2018-12-22 15:46:40 1 /snap/core/5897 89 0 100% 
2018-12-22 15:46:40 1 /snap/goldendictionary/1 109 0 100% 
2018-12-22 15:46:40 1 /snap/core/6130 90 0 100% 
2018-12-22 15:46:40 1 /snap/core/6034 90 0 100% 
2018-12-22 15:46:40 1 /boot 180 70 59% 
2018-12-22 15:47:40 0 disk 95426 78786 17%
2018-12-22 15:47:40 1 /dev 1877 1877 0% 
2018-12-22 15:47:40 1 / 92991 76839 13% 
2018-12-22 15:47:40 1 /snap/core/5897 89 0 100% 
2018-12-22 15:47:40 1 /snap/goldendictionary/1 109 0 100% 
2018-12-22 15:47:40 1 /snap/core/6130 90 0 100% 
2018-12-22 15:47:40 1 /snap/core/6034 90 0 100% 
2018-12-22 15:47:40 1 /boot 180 70 59% 
2018-12-22 15:48:40 0 disk 95426 78786 17%
2018-12-22 15:48:40 1 /dev 1877 1877 0% 
2018-12-22 15:48:40 1 / 92991 76839 13% 
2018-12-22 15:48:40 1 /snap/core/5897 89 0 100% 
2018-12-22 15:48:40 1 /snap/goldendictionary/1 109 0 100% 
2018-12-22 15:48:40 1 /snap/core/6130 90 0 100% 
2018-12-22 15:48:40 1 /snap/core/6034 90 0 100% 
2018-12-22 15:48:40 1 /boot 180 70 59% 
2018-12-22 15:49:40 0 disk 95426 78786 17%
2018-12-22 15:49:40 1 /dev 1877 1877 0% 
2018-12-22 15:49:40 1 / 92991 76839 13% 
2018-12-22 15:49:40 1 /snap/core/5897 89 0 100% 
2018-12-22 15:49:40 1 /snap/goldendictionary/1 109 0 100% 
2018-12-22 15:49:40 1 /snap/core/6130 90 0 100% 
2018-12-22 15:49:40 1 /snap/core/6034 90 0 100% 
2018-12-22 15:49:40 1 /boot 180 70 59% 
2018-12-22 15:49:59 0 disk 95426 78786 17%
2018-12-22 15:49:59 1 /dev 1877 1877 0% 
2018-12-22 15:49:59 1 / 92991 76839 13% 
2018-12-22 15:49:59 1 /snap/core/5897 89 0 100% 
2018-12-22 15:49:59 1 /snap/goldendictionary/1 109 0 100% 
2018-12-22 15:49:59 1 /snap/core/6130 90 0 100% 
2018-12-22 15:49:59 1 /snap/core/6034 90 0 100% 
2018-12-22 15:49:59 1 /boot 180 70 59% 
2018-12-22 15:50:59 0 disk 95426 78786 17%
2018-12-22 15:50:59 1 /dev 1877 1877 0% 
2018-12-22 15:50:59 1 / 92991 76839 13% 
2018-12-22 15:50:59 1 /snap/core/5897 89 0 100% 
2018-12-22 15:50:59 1 /snap/goldendictionary/1 109 0 100% 
2018-12-22 15:50:59 1 /snap/core/6130 90 0 100% 
2018-12-22 15:50:59 1 /snap/core/6034 90 0 100% 
2018-12-22 15:50:59 1 /boot 180 70 59% 
2018-12-22 15:51:27 0 disk 95426 78786 17%
2018-12-22 15:51:27 1 /dev 1877 1877 0% 
2018-12-22 15:51:27 1 / 92991 76839 13% 
2018-12-22 15:51:27 1 /snap/core/5897 89 0 100% 
2018-12-22 15:51:27 1 /snap/goldendictionary/1 109 0 100% 
2018-12-22 15:51:27 1 /snap/core/6130 90 0 100% 
2018-12-22 15:51:27 1 /snap/core/6034 90 0 100% 
2018-12-22 15:51:27 1 /boot 180 70 59% 
2018-12-22 16:07:15 0 disk 95426 78785 17%
2018-12-22 16:07:15 1 /dev 1877 1877 0% 
2018-12-22 16:07:15 1 / 92991 76838 13% 
2018-12-22 16:07:15 1 /snap/core/5897 89 0 100% 
2018-12-22 16:07:15 1 /snap/goldendictionary/1 109 0 100% 
2018-12-22 16:07:15 1 /snap/core/6130 90 0 100% 
2018-12-22 16:07:15 1 /snap/core/6034 90 0 100% 
2018-12-22 16:07:15 1 /boot 180 70 59% 
2018-12-22 16:26:57 0 disk 95426 78780 17%
2018-12-22 16:26:57 1 /dev 1877 1877 0% 
2018-12-22 16:26:57 1 / 92991 76833 13% 
2018-12-22 16:26:57 1 /snap/core/5897 89 0 100% 
2018-12-22 16:26:57 1 /snap/goldendictionary/1 109 0 100% 
2018-12-22 16:26:57 1 /snap/core/6130 90 0 100% 
2018-12-22 16:26:57 1 /snap/core/6034 90 0 100% 
2018-12-22 16:26:57 1 /boot 180 70 59% 
2018-12-22 16:27:58 0 disk 95426 78780 17%
2018-12-22 16:27:58 1 /dev 1877 1877 0% 
2018-12-22 16:27:58 1 / 92991 76833 13% 
2018-12-22 16:27:58 1 /snap/core/5897 89 0 100% 
2018-12-22 16:27:58 1 /snap/goldendictionary/1 109 0 100% 
2018-12-22 16:27:58 1 /snap/core/6130 90 0 100% 
2018-12-22 16:27:58 1 /snap/core/6034 90 0 100% 
2018-12-22 16:27:58 1 /boot 180 70 59% 
2018-12-22 16:28:58 0 disk 95426 78780 17%
2018-12-22 16:28:58 1 /dev 1877 1877 0% 
2018-12-22 16:28:58 1 / 92991 76833 13% 
2018-12-22 16:28:58 1 /snap/core/5897 89 0 100% 
2018-12-22 16:28:58 1 /snap/goldendictionary/1 109 0 100% 
2018-12-22 16:28:58 1 /snap/core/6130 90 0 100% 
2018-12-22 16:28:58 1 /snap/core/6034 90 0 100% 
2018-12-22 16:28:58 1 /boot 180 70 59% 
2018-12-22 16:29:58 0 disk 95426 78780 17%
2018-12-22 16:29:58 1 /dev 1877 1877 0% 
2018-12-22 16:29:58 1 / 92991 76833 13% 
2018-12-22 16:29:58 1 /snap/core/5897 89 0 100% 
2018-12-22 16:29:58 1 /snap/goldendictionary/1 109 0 100% 
2018-12-22 16:29:58 1 /snap/core/6130 90 0 100% 
2018-12-22 16:29:58 1 /snap/core/6034 90 0 100% 
2018-12-22 16:29:58 1 /boot 180 70 59% 
2018-12-22 16:30:58 0 disk 95426 78780 17%
2018-12-22 16:30:58 1 /dev 1877 1877 0% 
2018-12-22 16:30:58 1 / 92991 76833 13% 
2018-12-22 16:30:58 1 /snap/core/5897 89 0 100% 
2018-12-22 16:30:58 1 /snap/goldendictionary/1 109 0 100% 
2018-12-22 16:30:58 1 /snap/core/6130 90 0 100% 
2018-12-22 16:30:58 1 /snap/core/6034 90 0 100% 
2018-12-22 16:30:58 1 /boot 180 70 59% 
2018-12-22 16:32:04 0 disk 95426 78780 17%
2018-12-22 16:32:04 1 /dev 1877 1877 0% 
2018-12-22 16:32:04 1 / 92991 76833 13% 
2018-12-22 16:32:04 1 /snap/core/5897 89 0 100% 
2018-12-22 16:32:04 1 /snap/goldendictionary/1 109 0 100% 
2018-12-22 16:32:04 1 /snap/core/6130 90 0 100% 
2018-12-22 16:32:04 1 /snap/core/6034 90 0 100% 
2018-12-22 16:32:04 1 /boot 180 70 59% 
2018-12-22 16:33:04 0 disk 95426 78780 17%
2018-12-22 16:33:04 1 /dev 1877 1877 0% 
2018-12-22 16:33:04 1 / 92991 76833 13% 
2018-12-22 16:33:04 1 /snap/core/5897 89 0 100% 
2018-12-22 16:33:04 1 /snap/goldendictionary/1 109 0 100% 
2018-12-22 16:33:04 1 /snap/core/6130 90 0 100% 
2018-12-22 16:33:04 1 /snap/core/6034 90 0 100% 
2018-12-22 16:33:04 1 /boot 180 70 59% 
2018-12-22 16:34:04 0 disk 95426 78780 17%
2018-12-22 16:34:04 1 /dev 1877 1877 0% 
2018-12-22 16:34:04 1 / 92991 76833 13% 
2018-12-22 16:34:04 1 /snap/core/5897 89 0 100% 
2018-12-22 16:34:04 1 /snap/goldendictionary/1 109 0 100% 
2018-12-22 16:34:04 1 /snap/core/6130 90 0 100% 
2018-12-22 16:34:04 1 /snap/core/6034 90 0 100% 
2018-12-22 16:34:04 1 /boot 180 70 59% 
2018-12-22 16:35:04 0 disk 95426 78780 17%
2018-12-22 16:35:04 1 /dev 1877 1877 0% 
2018-12-22 16:35:04 1 / 92991 76833 13% 
2018-12-22 16:35:04 1 /snap/core/5897 89 0 100% 
2018-12-22 16:35:04 1 /snap/goldendictionary/1 109 0 100% 
2018-12-22 16:35:04 1 /snap/core/6130 90 0 100% 
2018-12-22 16:35:04 1 /snap/core/6034 90 0 100% 
2018-12-22 16:35:04 1 /boot 180 70 59% 
2018-12-22 16:36:04 0 disk 95426 78780 17%
2018-12-22 16:36:04 1 /dev 1877 1877 0% 
2018-12-22 16:36:04 1 / 92991 76833 13% 
2018-12-22 16:36:04 1 /snap/core/5897 89 0 100% 
2018-12-22 16:36:04 1 /snap/goldendictionary/1 109 0 100% 
2018-12-22 16:36:04 1 /snap/core/6130 90 0 100% 
2018-12-22 16:36:04 1 /snap/core/6034 90 0 100% 
2018-12-22 16:36:04 1 /boot 180 70 59% 
2018-12-22 16:39:46 0 disk 95426 78780 17%
2018-12-22 16:39:46 1 /dev 1877 1877 0% 
2018-12-22 16:39:46 1 / 92991 76833 13% 
2018-12-22 16:39:46 1 /snap/core/5897 89 0 100% 
2018-12-22 16:39:46 1 /snap/goldendictionary/1 109 0 100% 
2018-12-22 16:39:46 1 /snap/core/6130 90 0 100% 
2018-12-22 16:39:46 1 /snap/core/6034 90 0 100% 
2018-12-22 16:39:46 1 /boot 180 70 59% 
2018-12-22 16:40:46 0 disk 95426 78780 17%
2018-12-22 16:40:46 1 /dev 1877 1877 0% 
2018-12-22 16:40:46 1 / 92991 76833 13% 
2018-12-22 16:40:46 1 /snap/core/5897 89 0 100% 
2018-12-22 16:40:46 1 /snap/goldendictionary/1 109 0 100% 
2018-12-22 16:40:46 1 /snap/core/6130 90 0 100% 
2018-12-22 16:40:46 1 /snap/core/6034 90 0 100% 
2018-12-22 16:40:46 1 /boot 180 70 59% 
2018-12-22 16:41:46 0 disk 95426 78780 17%
2018-12-22 16:41:46 1 /dev 1877 1877 0% 
2018-12-22 16:41:46 1 / 92991 76833 13% 
2018-12-22 16:41:46 1 /snap/core/5897 89 0 100% 
2018-12-22 16:41:46 1 /snap/goldendictionary/1 109 0 100% 
2018-12-22 16:41:46 1 /snap/core/6130 90 0 100% 
2018-12-22 16:41:46 1 /snap/core/6034 90 0 100% 
2018-12-22 16:41:46 1 /boot 180 70 59% 
2018-12-22 16:42:46 0 disk 95426 78779 17%
2018-12-22 16:42:46 1 /dev 1877 1877 0% 
2018-12-22 16:42:46 1 / 92991 76832 13% 
2018-12-22 16:42:46 1 /snap/core/5897 89 0 100% 
2018-12-22 16:42:46 1 /snap/goldendictionary/1 109 0 100% 
2018-12-22 16:42:46 1 /snap/core/6130 90 0 100% 
2018-12-22 16:42:46 1 /snap/core/6034 90 0 100% 
2018-12-22 16:42:46 1 /boot 180 70 59% 
2018-12-22 16:43:46 0 disk 95426 78779 17%
2018-12-22 16:43:46 1 /dev 1877 1877 0% 
2018-12-22 16:43:46 1 / 92991 76832 13% 
2018-12-22 16:43:46 1 /snap/core/5897 89 0 100% 
2018-12-22 16:43:46 1 /snap/goldendictionary/1 109 0 100% 
2018-12-22 16:43:46 1 /snap/core/6130 90 0 100% 
2018-12-22 16:43:46 1 /snap/core/6034 90 0 100% 
2018-12-22 16:43:46 1 /boot 180 70 59% 
2018-12-22 16:53:54 0 disk 95426 78775 17%
2018-12-22 16:53:54 1 /dev 1877 1877 0% 
2018-12-22 16:53:54 1 / 92991 76828 13% 
2018-12-22 16:53:54 1 /snap/core/5897 89 0 100% 
2018-12-22 16:53:54 1 /snap/goldendictionary/1 109 0 100% 
2018-12-22 16:53:54 1 /snap/core/6130 90 0 100% 
2018-12-22 16:53:54 1 /snap/core/6034 90 0 100% 
2018-12-22 16:53:54 1 /boot 180 70 59% 
2018-12-22 16:54:08 0 disk 95426 78775 17%
2018-12-22 16:54:08 1 /dev 1877 1877 0% 
2018-12-22 16:54:08 1 / 92991 76828 13% 
2018-12-22 16:54:08 1 /snap/core/5897 89 0 100% 
2018-12-22 16:54:08 1 /snap/goldendictionary/1 109 0 100% 
2018-12-22 16:54:08 1 /snap/core/6130 90 0 100% 
2018-12-22 16:54:08 1 /snap/core/6034 90 0 100% 
2018-12-22 16:54:08 1 /boot 180 70 59% 
2018-12-22 17:04:12 0 disk 95426 78775 17%
2018-12-22 17:04:12 1 /dev 1877 1877 0% 
2018-12-22 17:04:12 1 / 92991 76828 13% 
2018-12-22 17:04:12 1 /snap/core/5897 89 0 100% 
2018-12-22 17:04:12 1 /snap/goldendictionary/1 109 0 100% 
2018-12-22 17:04:12 1 /snap/core/6130 90 0 100% 
2018-12-22 17:04:12 1 /snap/core/6034 90 0 100% 
2018-12-22 17:04:12 1 /boot 180 70 59% 
2018-12-22 17:05:12 0 disk 95426 78775 17%
2018-12-22 17:05:12 1 /dev 1877 1877 0% 
2018-12-22 17:05:12 1 / 92991 76828 13% 
2018-12-22 17:05:12 1 /snap/core/5897 89 0 100% 
2018-12-22 17:05:12 1 /snap/goldendictionary/1 109 0 100% 
2018-12-22 17:05:12 1 /snap/core/6130 90 0 100% 
2018-12-22 17:05:12 1 /snap/core/6034 90 0 100% 
2018-12-22 17:05:12 1 /boot 180 70 59% 
2018-12-22 17:06:12 0 disk 95426 78775 17%
2018-12-22 17:06:12 1 /dev 1877 1877 0% 
2018-12-22 17:06:12 1 / 92991 76828 13% 
2018-12-22 17:06:12 1 /snap/core/5897 89 0 100% 
2018-12-22 17:06:12 1 /snap/goldendictionary/1 109 0 100% 
2018-12-22 17:06:12 1 /snap/core/6130 90 0 100% 
2018-12-22 17:06:12 1 /snap/core/6034 90 0 100% 
2018-12-22 17:06:12 1 /boot 180 70 59% 
2018-12-22 17:07:12 0 disk 95426 78775 17%
2018-12-22 17:07:12 1 /dev 1877 1877 0% 
2018-12-22 17:07:12 1 / 92991 76828 13% 
2018-12-22 17:07:12 1 /snap/core/5897 89 0 100% 
2018-12-22 17:07:12 1 /snap/goldendictionary/1 109 0 100% 
2018-12-22 17:07:12 1 /snap/core/6130 90 0 100% 
2018-12-22 17:07:12 1 /snap/core/6034 90 0 100% 
2018-12-22 17:07:12 1 /boot 180 70 59% 
2018-12-22 17:08:12 0 disk 95426 78775 17%
2018-12-22 17:08:12 1 /dev 1877 1877 0% 
2018-12-22 17:08:12 1 / 92991 76828 13% 
2018-12-22 17:08:12 1 /snap/core/5897 89 0 100% 
2018-12-22 17:08:12 1 /snap/goldendictionary/1 109 0 100% 
2018-12-22 17:08:12 1 /snap/core/6130 90 0 100% 
2018-12-22 17:08:12 1 /snap/core/6034 90 0 100% 
2018-12-22 17:08:12 1 /boot 180 70 59% 
2018-12-22 17:13:13 0 disk 95426 78775 17%
2018-12-22 17:13:13 1 /dev 1877 1877 0% 
2018-12-22 17:13:13 1 / 92991 76828 13% 
2018-12-22 17:13:13 1 /snap/core/5897 89 0 100% 
2018-12-22 17:13:13 1 /snap/goldendictionary/1 109 0 100% 
2018-12-22 17:13:13 1 /snap/core/6130 90 0 100% 
2018-12-22 17:13:13 1 /snap/core/6034 90 0 100% 
2018-12-22 17:13:13 1 /boot 180 70 59% 
2018-12-22 17:14:18 0 disk 95426 78775 17%
2018-12-22 17:14:18 1 /dev 1877 1877 0% 
2018-12-22 17:14:18 1 / 92991 76828 13% 
2018-12-22 17:14:18 1 /snap/core/5897 89 0 100% 
2018-12-22 17:14:18 1 /snap/goldendictionary/1 109 0 100% 
2018-12-22 17:14:18 1 /snap/core/6130 90 0 100% 
2018-12-22 17:14:18 1 /snap/core/6034 90 0 100% 
2018-12-22 17:14:18 1 /boot 180 70 59% 
2018-12-22 17:15:18 0 disk 95426 78775 17%
2018-12-22 17:15:18 1 /dev 1877 1877 0% 
2018-12-22 17:15:18 1 / 92991 76828 13% 
2018-12-22 17:15:18 1 /snap/core/5897 89 0 100% 
2018-12-22 17:15:18 1 /snap/goldendictionary/1 109 0 100% 
2018-12-22 17:15:18 1 /snap/core/6130 90 0 100% 
2018-12-22 17:15:18 1 /snap/core/6034 90 0 100% 
2018-12-22 17:15:18 1 /boot 180 70 59% 
2018-12-22 17:17:34 0 disk 95426 78775 17%
2018-12-22 17:17:34 1 /dev 1877 1877 0% 
2018-12-22 17:17:34 1 / 92991 76828 13% 
2018-12-22 17:17:34 1 /snap/core/5897 89 0 100% 
2018-12-22 17:17:34 1 /snap/goldendictionary/1 109 0 100% 
2018-12-22 17:17:34 1 /snap/core/6130 90 0 100% 
2018-12-22 17:17:34 1 /snap/core/6034 90 0 100% 
2018-12-22 17:17:34 1 /boot 180 70 59% 
2018-12-22 17:18:34 0 disk 95426 78775 17%
2018-12-22 17:18:34 1 /dev 1877 1877 0% 
2018-12-22 17:18:34 1 / 92991 76828 13% 
2018-12-22 17:18:34 1 /snap/core/5897 89 0 100% 
2018-12-22 17:18:34 1 /snap/goldendictionary/1 109 0 100% 
2018-12-22 17:18:34 1 /snap/core/6130 90 0 100% 
2018-12-22 17:18:34 1 /snap/core/6034 90 0 100% 
2018-12-22 17:18:34 1 /boot 180 70 59% 
2018-12-22 17:19:34 0 disk 95426 78775 17%
2018-12-22 17:19:34 1 /dev 1877 1877 0% 
2018-12-22 17:19:34 1 / 92991 76828 13% 
2018-12-22 17:19:34 1 /snap/core/5897 89 0 100% 
2018-12-22 17:19:34 1 /snap/goldendictionary/1 109 0 100% 
2018-12-22 17:19:34 1 /snap/core/6130 90 0 100% 
2018-12-22 17:19:34 1 /snap/core/6034 90 0 100% 
2018-12-22 17:19:34 1 /boot 180 70 59% 
2018-12-22 17:20:34 0 disk 95426 78775 17%
2018-12-22 17:20:34 1 /dev 1877 1877 0% 
2018-12-22 17:20:34 1 / 92991 76828 13% 
2018-12-22 17:20:34 1 /snap/core/5897 89 0 100% 
2018-12-22 17:20:34 1 /snap/goldendictionary/1 109 0 100% 
2018-12-22 17:20:34 1 /snap/core/6130 90 0 100% 
2018-12-22 17:20:34 1 /snap/core/6034 90 0 100% 
2018-12-22 17:20:34 1 /boot 180 70 59% 
2018-12-22 17:21:35 0 disk 95426 78775 17%
2018-12-22 17:21:35 1 /dev 1877 1877 0% 
2018-12-22 17:21:35 1 / 92991 76828 13% 
2018-12-22 17:21:35 1 /snap/core/5897 89 0 100% 
2018-12-22 17:21:35 1 /snap/goldendictionary/1 109 0 100% 
2018-12-22 17:21:35 1 /snap/core/6130 90 0 100% 
2018-12-22 17:21:35 1 /snap/core/6034 90 0 100% 
2018-12-22 17:21:35 1 /boot 180 70 59% 
2018-12-22 17:27:14 0 disk 95426 78775 17%
2018-12-22 17:27:14 1 /dev 1877 1877 0% 
2018-12-22 17:27:14 1 / 92991 76828 13% 
2018-12-22 17:27:14 1 /snap/core/5897 89 0 100% 
2018-12-22 17:27:14 1 /snap/goldendictionary/1 109 0 100% 
2018-12-22 17:27:14 1 /snap/core/6130 90 0 100% 
2018-12-22 17:27:14 1 /snap/core/6034 90 0 100% 
2018-12-22 17:27:14 1 /boot 180 70 59% 
2018-12-22 17:28:14 0 disk 95426 78775 17%
2018-12-22 17:28:14 1 /dev 1877 1877 0% 
2018-12-22 17:28:14 1 / 92991 76828 13% 
2018-12-22 17:28:14 1 /snap/core/5897 89 0 100% 
2018-12-22 17:28:14 1 /snap/goldendictionary/1 109 0 100% 
2018-12-22 17:28:14 1 /snap/core/6130 90 0 100% 
2018-12-22 17:28:14 1 /snap/core/6034 90 0 100% 
2018-12-22 17:28:14 1 /boot 180 70 59% 
2018-12-22 17:29:14 0 disk 95426 78790 17%
2018-12-22 17:29:14 1 /dev 1877 1877 0% 
2018-12-22 17:29:14 1 / 92991 76843 13% 
2018-12-22 17:29:14 1 /snap/core/5897 89 0 100% 
2018-12-22 17:29:14 1 /snap/goldendictionary/1 109 0 100% 
2018-12-22 17:29:14 1 /snap/core/6130 90 0 100% 
2018-12-22 17:29:14 1 /snap/core/6034 90 0 100% 
2018-12-22 17:29:14 1 /boot 180 70 59% 
2018-12-22 17:30:14 0 disk 95426 78790 17%
2018-12-22 17:30:14 1 /dev 1877 1877 0% 
2018-12-22 17:30:14 1 / 92991 76843 13% 
2018-12-22 17:30:14 1 /snap/core/5897 89 0 100% 
2018-12-22 17:30:14 1 /snap/goldendictionary/1 109 0 100% 
2018-12-22 17:30:14 1 /snap/core/6130 90 0 100% 
2018-12-22 17:30:14 1 /snap/core/6034 90 0 100% 
2018-12-22 17:30:14 1 /boot 180 70 59% 
2018-12-22 17:31:14 0 disk 95426 78790 17%
2018-12-22 17:31:14 1 /dev 1877 1877 0% 
2018-12-22 17:31:14 1 / 92991 76843 13% 
2018-12-22 17:31:14 1 /snap/core/5897 89 0 100% 
2018-12-22 17:31:14 1 /snap/goldendictionary/1 109 0 100% 
2018-12-22 17:31:14 1 /snap/core/6130 90 0 100% 
2018-12-22 17:31:14 1 /snap/core/6034 90 0 100% 
2018-12-22 17:31:14 1 /boot 180 70 59% 
2018-12-22 17:48:56 0 disk 95426 78786 17%
2018-12-22 17:48:56 1 /dev 1877 1877 0% 
2018-12-22 17:48:56 1 / 92991 76839 13% 
2018-12-22 17:48:56 1 /snap/core/5897 89 0 100% 
2018-12-22 17:48:56 1 /snap/goldendictionary/1 109 0 100% 
2018-12-22 17:48:56 1 /snap/core/6130 90 0 100% 
2018-12-22 17:48:56 1 /snap/core/6034 90 0 100% 
2018-12-22 17:48:56 1 /boot 180 70 59% 
2018-12-22 17:49:16 0 disk 95426 78786 17%
2018-12-22 17:49:16 1 /dev 1877 1877 0% 
2018-12-22 17:49:16 1 / 92991 76839 13% 
2018-12-22 17:49:16 1 /snap/core/5897 89 0 100% 
2018-12-22 17:49:16 1 /snap/goldendictionary/1 109 0 100% 
2018-12-22 17:49:16 1 /snap/core/6130 90 0 100% 
2018-12-22 17:49:16 1 /snap/core/6034 90 0 100% 
2018-12-22 17:49:16 1 /boot 180 70 59% 
2018-12-22 17:50:16 0 disk 95426 78786 17%
2018-12-22 17:50:16 1 /dev 1877 1877 0% 
2018-12-22 17:50:16 1 / 92991 76839 13% 
2018-12-22 17:50:16 1 /snap/core/5897 89 0 100% 
2018-12-22 17:50:16 1 /snap/goldendictionary/1 109 0 100% 
2018-12-22 17:50:16 1 /snap/core/6130 90 0 100% 
2018-12-22 17:50:16 1 /snap/core/6034 90 0 100% 
2018-12-22 17:50:16 1 /boot 180 70 59% 
2018-12-22 17:51:16 0 disk 95426 78786 17%
2018-12-22 17:51:16 1 /dev 1877 1877 0% 
2018-12-22 17:51:16 1 / 92991 76839 13% 
2018-12-22 17:51:16 1 /snap/core/5897 89 0 100% 
2018-12-22 17:51:16 1 /snap/goldendictionary/1 109 0 100% 
2018-12-22 17:51:16 1 /snap/core/6130 90 0 100% 
2018-12-22 17:51:16 1 /snap/core/6034 90 0 100% 
2018-12-22 17:51:16 1 /boot 180 70 59% 
2018-12-22 17:52:16 0 disk 95426 78786 17%
2018-12-22 17:52:16 1 /dev 1877 1877 0% 
2018-12-22 17:52:16 1 / 92991 76839 13% 
2018-12-22 17:52:16 1 /snap/core/5897 89 0 100% 
2018-12-22 17:52:16 1 /snap/goldendictionary/1 109 0 100% 
2018-12-22 17:52:16 1 /snap/core/6130 90 0 100% 
2018-12-22 17:52:16 1 /snap/core/6034 90 0 100% 
2018-12-22 17:52:16 1 /boot 180 70 59% 
2018-12-22 17:53:16 0 disk 95426 78786 17%
2018-12-22 17:53:16 1 /dev 1877 1877 0% 
2018-12-22 17:53:16 1 / 92991 76839 13% 
2018-12-22 17:53:16 1 /snap/core/5897 89 0 100% 
2018-12-22 17:53:16 1 /snap/goldendictionary/1 109 0 100% 
2018-12-22 17:53:16 1 /snap/core/6130 90 0 100% 
2018-12-22 17:53:16 1 /snap/core/6034 90 0 100% 
2018-12-22 17:53:16 1 /boot 180 70 59% 
2018-12-22 17:55:54 0 disk 95426 78786 17%
2018-12-22 17:55:54 1 /dev 1877 1877 0% 
2018-12-22 17:55:54 1 / 92991 76839 13% 
2018-12-22 17:55:54 1 /snap/core/5897 89 0 100% 
2018-12-22 17:55:54 1 /snap/goldendictionary/1 109 0 100% 
2018-12-22 17:55:54 1 /snap/core/6130 90 0 100% 
2018-12-22 17:55:54 1 /snap/core/6034 90 0 100% 
2018-12-22 17:55:54 1 /boot 180 70 59% 
2018-12-22 17:56:54 0 disk 95426 78786 17%
2018-12-22 17:56:54 1 /dev 1877 1877 0% 
2018-12-22 17:56:54 1 / 92991 76839 13% 
2018-12-22 17:56:54 1 /snap/core/5897 89 0 100% 
2018-12-22 17:56:54 1 /snap/goldendictionary/1 109 0 100% 
2018-12-22 17:56:54 1 /snap/core/6130 90 0 100% 
2018-12-22 17:56:54 1 /snap/core/6034 90 0 100% 
2018-12-22 17:56:54 1 /boot 180 70 59% 
2018-12-22 17:57:54 0 disk 95426 78786 17%
2018-12-22 17:57:54 1 /dev 1877 1877 0% 
2018-12-22 17:57:54 1 / 92991 76839 13% 
2018-12-22 17:57:54 1 /snap/core/5897 89 0 100% 
2018-12-22 17:57:54 1 /snap/goldendictionary/1 109 0 100% 
2018-12-22 17:57:54 1 /snap/core/6130 90 0 100% 
2018-12-22 17:57:54 1 /snap/core/6034 90 0 100% 
2018-12-22 17:57:54 1 /boot 180 70 59% 
2018-12-22 17:58:54 0 disk 95426 78786 17%
2018-12-22 17:58:54 1 /dev 1877 1877 0% 
2018-12-22 17:58:54 1 / 92991 76839 13% 
2018-12-22 17:58:54 1 /snap/core/5897 89 0 100% 
2018-12-22 17:58:54 1 /snap/goldendictionary/1 109 0 100% 
2018-12-22 17:58:54 1 /snap/core/6130 90 0 100% 
2018-12-22 17:58:54 1 /snap/core/6034 90 0 100% 
2018-12-22 17:58:54 1 /boot 180 70 59% 
2018-12-22 17:59:54 0 disk 95426 78786 17%
2018-12-22 17:59:54 1 /dev 1877 1877 0% 
2018-12-22 17:59:54 1 / 92991 76839 13% 
2018-12-22 17:59:54 1 /snap/core/5897 89 0 100% 
2018-12-22 17:59:54 1 /snap/goldendictionary/1 109 0 100% 
2018-12-22 17:59:54 1 /snap/core/6130 90 0 100% 
2018-12-22 17:59:54 1 /snap/core/6034 90 0 100% 
2018-12-22 17:59:54 1 /boot 180 70 59% 
2018-12-22 18:06:40 0 disk 95426 78783 17%
2018-12-22 18:06:40 1 /dev 1877 1877 0% 
2018-12-22 18:06:40 1 / 92991 76836 13% 
2018-12-22 18:06:40 1 /snap/core/5897 89 0 100% 
2018-12-22 18:06:40 1 /snap/goldendictionary/1 109 0 100% 
2018-12-22 18:06:40 1 /snap/core/6130 90 0 100% 
2018-12-22 18:06:40 1 /snap/core/6034 90 0 100% 
2018-12-22 18:06:40 1 /boot 180 70 59% 
2018-12-22 18:14:03 0 disk 95426 78782 17%
2018-12-22 18:14:03 1 /dev 1877 1877 0% 
2018-12-22 18:14:03 1 / 92991 76835 13% 
2018-12-22 18:14:03 1 /snap/core/5897 89 0 100% 
2018-12-22 18:14:03 1 /snap/goldendictionary/1 109 0 100% 
2018-12-22 18:14:03 1 /snap/core/6130 90 0 100% 
2018-12-22 18:14:03 1 /snap/core/6034 90 0 100% 
2018-12-22 18:14:03 1 /boot 180 70 59% 
2018-12-22 18:15:03 0 disk 95426 78782 17%
2018-12-22 18:15:03 1 /dev 1877 1877 0% 
2018-12-22 18:15:03 1 / 92991 76835 13% 
2018-12-22 18:15:03 1 /snap/core/5897 89 0 100% 
2018-12-22 18:15:03 1 /snap/goldendictionary/1 109 0 100% 
2018-12-22 18:15:03 1 /snap/core/6130 90 0 100% 
2018-12-22 18:15:03 1 /snap/core/6034 90 0 100% 
2018-12-22 18:15:03 1 /boot 180 70 59% 
2018-12-22 18:16:08 0 disk 95426 78781 17%
2018-12-22 18:16:08 1 /dev 1877 1877 0% 
2018-12-22 18:16:08 1 / 92991 76834 13% 
2018-12-22 18:16:08 1 /snap/core/5897 89 0 100% 
2018-12-22 18:16:08 1 /snap/goldendictionary/1 109 0 100% 
2018-12-22 18:16:08 1 /snap/core/6130 90 0 100% 
2018-12-22 18:16:08 1 /snap/core/6034 90 0 100% 
2018-12-22 18:16:08 1 /boot 180 70 59% 
2018-12-22 18:17:08 0 disk 95426 78781 17%
2018-12-22 18:17:08 1 /dev 1877 1877 0% 
2018-12-22 18:17:08 1 / 92991 76834 13% 
2018-12-22 18:17:08 1 /snap/core/5897 89 0 100% 
2018-12-22 18:17:08 1 /snap/goldendictionary/1 109 0 100% 
2018-12-22 18:17:08 1 /snap/core/6130 90 0 100% 
2018-12-22 18:17:08 1 /snap/core/6034 90 0 100% 
2018-12-22 18:17:08 1 /boot 180 70 59% 
2018-12-22 18:18:08 0 disk 95426 78781 17%
2018-12-22 18:18:08 1 /dev 1877 1877 0% 
2018-12-22 18:18:08 1 / 92991 76834 13% 
2018-12-22 18:18:08 1 /snap/core/5897 89 0 100% 
2018-12-22 18:18:08 1 /snap/goldendictionary/1 109 0 100% 
2018-12-22 18:18:08 1 /snap/core/6130 90 0 100% 
2018-12-22 18:18:08 1 /snap/core/6034 90 0 100% 
2018-12-22 18:18:08 1 /boot 180 70 59% 
2018-12-22 18:37:12 0 disk 95426 78780 17%
2018-12-22 18:37:12 1 /dev 1877 1877 0% 
2018-12-22 18:37:12 1 / 92991 76833 13% 
2018-12-22 18:37:12 1 /snap/core/5897 89 0 100% 
2018-12-22 18:37:12 1 /snap/goldendictionary/1 109 0 100% 
2018-12-22 18:37:12 1 /snap/core/6130 90 0 100% 
2018-12-22 18:37:12 1 /snap/core/6034 90 0 100% 
2018-12-22 18:37:12 1 /boot 180 70 59% 
2018-12-22 18:38:24 0 disk 95426 78780 17%
2018-12-22 18:38:24 1 /dev 1877 1877 0% 
2018-12-22 18:38:24 1 / 92991 76833 13% 
2018-12-22 18:38:24 1 /snap/core/5897 89 0 100% 
2018-12-22 18:38:24 1 /snap/goldendictionary/1 109 0 100% 
2018-12-22 18:38:24 1 /snap/core/6130 90 0 100% 
2018-12-22 18:38:24 1 /snap/core/6034 90 0 100% 
2018-12-22 18:38:24 1 /boot 180 70 59% 
2018-12-22 18:39:24 0 disk 95426 78780 17%
2018-12-22 18:39:24 1 /dev 1877 1877 0% 
2018-12-22 18:39:24 1 / 92991 76833 13% 
2018-12-22 18:39:24 1 /snap/core/5897 89 0 100% 
2018-12-22 18:39:24 1 /snap/goldendictionary/1 109 0 100% 
2018-12-22 18:39:24 1 /snap/core/6130 90 0 100% 
2018-12-22 18:39:24 1 /snap/core/6034 90 0 100% 
2018-12-22 18:39:24 1 /boot 180 70 59% 
2018-12-22 18:40:27 0 disk 95426 78780 17%
2018-12-22 18:40:27 1 /dev 1877 1877 0% 
2018-12-22 18:40:27 1 / 92991 76833 13% 
2018-12-22 18:40:27 1 /snap/core/5897 89 0 100% 
2018-12-22 18:40:27 1 /snap/goldendictionary/1 109 0 100% 
2018-12-22 18:40:27 1 /snap/core/6130 90 0 100% 
2018-12-22 18:40:27 1 /snap/core/6034 90 0 100% 
2018-12-22 18:40:27 1 /boot 180 70 59% 
2018-12-22 18:41:27 0 disk 95426 78780 17%
2018-12-22 18:41:27 1 /dev 1877 1877 0% 
2018-12-22 18:41:27 1 / 92991 76833 13% 
2018-12-22 18:41:27 1 /snap/core/5897 89 0 100% 
2018-12-22 18:41:27 1 /snap/goldendictionary/1 109 0 100% 
2018-12-22 18:41:27 1 /snap/core/6130 90 0 100% 
2018-12-22 18:41:27 1 /snap/core/6034 90 0 100% 
2018-12-22 18:41:27 1 /boot 180 70 59% 
2018-12-22 18:42:28 0 disk 95426 78780 17%
2018-12-22 18:42:28 1 /dev 1877 1877 0% 
2018-12-22 18:42:28 1 / 92991 76833 13% 
2018-12-22 18:42:28 1 /snap/core/5897 89 0 100% 
2018-12-22 18:42:28 1 /snap/goldendictionary/1 109 0 100% 
2018-12-22 18:42:28 1 /snap/core/6130 90 0 100% 
2018-12-22 18:42:28 1 /snap/core/6034 90 0 100% 
2018-12-22 18:42:28 1 /boot 180 70 59% 
2018-12-22 18:43:28 0 disk 95426 78780 17%
2018-12-22 18:43:28 1 /dev 1877 1877 0% 
2018-12-22 18:43:28 1 / 92991 76833 13% 
2018-12-22 18:43:28 1 /snap/core/5897 89 0 100% 
2018-12-22 18:43:28 1 /snap/goldendictionary/1 109 0 100% 
2018-12-22 18:43:28 1 /snap/core/6130 90 0 100% 
2018-12-22 18:43:28 1 /snap/core/6034 90 0 100% 
2018-12-22 18:43:28 1 /boot 180 70 59% 
2018-12-22 18:44:29 0 disk 95426 78779 17%
2018-12-22 18:44:29 1 /dev 1877 1877 0% 
2018-12-22 18:44:29 1 / 92991 76832 13% 
2018-12-22 18:44:29 1 /snap/core/5897 89 0 100% 
2018-12-22 18:44:29 1 /snap/goldendictionary/1 109 0 100% 
2018-12-22 18:44:29 1 /snap/core/6130 90 0 100% 
2018-12-22 18:44:29 1 /snap/core/6034 90 0 100% 
2018-12-22 18:44:29 1 /boot 180 70 59% 
2018-12-22 18:45:29 0 disk 95426 78779 17%
2018-12-22 18:45:29 1 /dev 1877 1877 0% 
2018-12-22 18:45:29 1 / 92991 76832 13% 
2018-12-22 18:45:29 1 /snap/core/5897 89 0 100% 
2018-12-22 18:45:29 1 /snap/goldendictionary/1 109 0 100% 
2018-12-22 18:45:29 1 /snap/core/6130 90 0 100% 
2018-12-22 18:45:29 1 /snap/core/6034 90 0 100% 
2018-12-22 18:45:29 1 /boot 180 70 59% 
2018-12-22 18:46:30 0 disk 95426 78779 17%
2018-12-22 18:46:30 1 /dev 1877 1877 0% 
2018-12-22 18:46:30 1 / 92991 76832 13% 
2018-12-22 18:46:30 1 /snap/core/5897 89 0 100% 
2018-12-22 18:46:30 1 /snap/goldendictionary/1 109 0 100% 
2018-12-22 18:46:30 1 /snap/core/6130 90 0 100% 
2018-12-22 18:46:30 1 /snap/core/6034 90 0 100% 
2018-12-22 18:46:30 1 /boot 180 70 59% 
2018-12-22 18:46:35 0 disk 95426 78779 17%
2018-12-22 18:46:35 1 /dev 1877 1877 0% 
2018-12-22 18:46:35 1 / 92991 76832 13% 
2018-12-22 18:46:35 1 /snap/core/5897 89 0 100% 
2018-12-22 18:46:35 1 /snap/goldendictionary/1 109 0 100% 
2018-12-22 18:46:35 1 /snap/core/6130 90 0 100% 
2018-12-22 18:46:35 1 /snap/core/6034 90 0 100% 
2018-12-22 18:46:35 1 /boot 180 70 59% 
2018-12-22 19:05:47 0 disk 95426 78779 17%
2018-12-22 19:05:47 1 /dev 1877 1877 0% 
2018-12-22 19:05:47 1 / 92991 76832 13% 
2018-12-22 19:05:47 1 /snap/core/5897 89 0 100% 
2018-12-22 19:05:47 1 /snap/goldendictionary/1 109 0 100% 
2018-12-22 19:05:47 1 /snap/core/6130 90 0 100% 
2018-12-22 19:05:47 1 /snap/core/6034 90 0 100% 
2018-12-22 19:05:47 1 /boot 180 70 59% 
2018-12-22 19:10:00 0 disk 95426 78777 17%
2018-12-22 19:10:00 1 /dev 1877 1877 0% 
2018-12-22 19:10:00 1 / 92991 76830 13% 
2018-12-22 19:10:00 1 /snap/core/5897 89 0 100% 
2018-12-22 19:10:00 1 /snap/goldendictionary/1 109 0 100% 
2018-12-22 19:10:00 1 /snap/core/6130 90 0 100% 
2018-12-22 19:10:00 1 /snap/core/6034 90 0 100% 
2018-12-22 19:10:00 1 /boot 180 70 59% 
2018-12-22 19:11:01 0 disk 95426 78777 17%
2018-12-22 19:11:01 1 /dev 1877 1877 0% 
2018-12-22 19:11:01 1 / 92991 76830 13% 
2018-12-22 19:11:01 1 /snap/core/5897 89 0 100% 
2018-12-22 19:11:01 1 /snap/goldendictionary/1 109 0 100% 
2018-12-22 19:11:01 1 /snap/core/6130 90 0 100% 
2018-12-22 19:11:01 1 /snap/core/6034 90 0 100% 
2018-12-22 19:11:01 1 /boot 180 70 59% 
2018-12-22 19:33:48 0 disk 95426 78795 17%
2018-12-22 19:33:48 1 /dev 1877 1877 0% 
2018-12-22 19:33:48 1 / 92991 76848 13% 
2018-12-22 19:33:48 1 /snap/core/5897 89 0 100% 
2018-12-22 19:33:48 1 /snap/goldendictionary/1 109 0 100% 
2018-12-22 19:33:48 1 /snap/core/6130 90 0 100% 
2018-12-22 19:33:48 1 /snap/core/6034 90 0 100% 
2018-12-22 19:33:48 1 /boot 180 70 59% 
2018-12-22 19:34:49 0 disk 95426 78795 17%
2018-12-22 19:34:49 1 /dev 1877 1877 0% 
2018-12-22 19:34:49 1 / 92991 76848 13% 
2018-12-22 19:34:49 1 /snap/core/5897 89 0 100% 
2018-12-22 19:34:49 1 /snap/goldendictionary/1 109 0 100% 
2018-12-22 19:34:49 1 /snap/core/6130 90 0 100% 
2018-12-22 19:34:49 1 /snap/core/6034 90 0 100% 
2018-12-22 19:34:49 1 /boot 180 70 59% 
2018-12-22 19:35:54 0 disk 95426 78795 17%
2018-12-22 19:35:54 1 /dev 1877 1877 0% 
2018-12-22 19:35:54 1 / 92991 76848 13% 
2018-12-22 19:35:54 1 /snap/core/5897 89 0 100% 
2018-12-22 19:35:54 1 /snap/goldendictionary/1 109 0 100% 
2018-12-22 19:35:54 1 /snap/core/6130 90 0 100% 
2018-12-22 19:35:54 1 /snap/core/6034 90 0 100% 
2018-12-22 19:35:54 1 /boot 180 70 59% 
2018-12-22 19:36:54 0 disk 95426 78795 17%
2018-12-22 19:36:54 1 /dev 1877 1877 0% 
2018-12-22 19:36:54 1 / 92991 76848 13% 
2018-12-22 19:36:54 1 /snap/core/5897 89 0 100% 
2018-12-22 19:36:54 1 /snap/goldendictionary/1 109 0 100% 
2018-12-22 19:36:54 1 /snap/core/6130 90 0 100% 
2018-12-22 19:36:54 1 /snap/core/6034 90 0 100% 
2018-12-22 19:36:54 1 /boot 180 70 59% 
2018-12-22 19:37:55 0 disk 95426 78795 17%
2018-12-22 19:37:55 1 /dev 1877 1877 0% 
2018-12-22 19:37:55 1 / 92991 76848 13% 
2018-12-22 19:37:55 1 /snap/core/5897 89 0 100% 
2018-12-22 19:37:55 1 /snap/goldendictionary/1 109 0 100% 
2018-12-22 19:37:55 1 /snap/core/6130 90 0 100% 
2018-12-22 19:37:55 1 /snap/core/6034 90 0 100% 
2018-12-22 19:37:55 1 /boot 180 70 59% 
2018-12-22 19:38:59 0 disk 95426 78795 17%
2018-12-22 19:38:59 1 /dev 1877 1877 0% 
2018-12-22 19:38:59 1 / 92991 76848 13% 
2018-12-22 19:38:59 1 /snap/core/5897 89 0 100% 
2018-12-22 19:38:59 1 /snap/goldendictionary/1 109 0 100% 
2018-12-22 19:38:59 1 /snap/core/6130 90 0 100% 
2018-12-22 19:38:59 1 /snap/core/6034 90 0 100% 
2018-12-22 19:38:59 1 /boot 180 70 59% 
2018-12-22 19:39:59 0 disk 95426 78795 17%
2018-12-22 19:39:59 1 /dev 1877 1877 0% 
2018-12-22 19:39:59 1 / 92991 76848 13% 
2018-12-22 19:39:59 1 /snap/core/5897 89 0 100% 
2018-12-22 19:39:59 1 /snap/goldendictionary/1 109 0 100% 
2018-12-22 19:39:59 1 /snap/core/6130 90 0 100% 
2018-12-22 19:39:59 1 /snap/core/6034 90 0 100% 
2018-12-22 19:39:59 1 /boot 180 70 59% 
2018-12-22 19:41:00 0 disk 95426 78795 17%
2018-12-22 19:41:00 1 /dev 1877 1877 0% 
2018-12-22 19:41:00 1 / 92991 76848 13% 
2018-12-22 19:41:00 1 /snap/core/5897 89 0 100% 
2018-12-22 19:41:00 1 /snap/goldendictionary/1 109 0 100% 
2018-12-22 19:41:00 1 /snap/core/6130 90 0 100% 
2018-12-22 19:41:00 1 /snap/core/6034 90 0 100% 
2018-12-22 19:41:00 1 /boot 180 70 59% 
2018-12-22 19:42:00 0 disk 95426 78795 17%
2018-12-22 19:42:00 1 /dev 1877 1877 0% 
2018-12-22 19:42:00 1 / 92991 76848 13% 
2018-12-22 19:42:00 1 /snap/core/5897 89 0 100% 
2018-12-22 19:42:00 1 /snap/goldendictionary/1 109 0 100% 
2018-12-22 19:42:00 1 /snap/core/6130 90 0 100% 
2018-12-22 19:42:00 1 /snap/core/6034 90 0 100% 
2018-12-22 19:42:00 1 /boot 180 70 59% 
2018-12-22 19:43:01 0 disk 95426 78795 17%
2018-12-22 19:43:01 1 /dev 1877 1877 0% 
2018-12-22 19:43:01 1 / 92991 76848 13% 
2018-12-22 19:43:01 1 /snap/core/5897 89 0 100% 
2018-12-22 19:43:01 1 /snap/goldendictionary/1 109 0 100% 
2018-12-22 19:43:01 1 /snap/core/6130 90 0 100% 
2018-12-22 19:43:01 1 /snap/core/6034 90 0 100% 
2018-12-22 19:43:01 1 /boot 180 70 59% 
2018-12-22 19:44:02 0 disk 95426 78795 17%
2018-12-22 19:44:02 1 /dev 1877 1877 0% 
2018-12-22 19:44:02 1 / 92991 76848 13% 
2018-12-22 19:44:02 1 /snap/core/5897 89 0 100% 
2018-12-22 19:44:02 1 /snap/goldendictionary/1 109 0 100% 
2018-12-22 19:44:02 1 /snap/core/6130 90 0 100% 
2018-12-22 19:44:02 1 /snap/core/6034 90 0 100% 
2018-12-22 19:44:02 1 /boot 180 70 59% 
2018-12-22 19:45:02 0 disk 95426 78795 17%
2018-12-22 19:45:02 1 /dev 1877 1877 0% 
2018-12-22 19:45:02 1 / 92991 76848 13% 
2018-12-22 19:45:02 1 /snap/core/5897 89 0 100% 
2018-12-22 19:45:02 1 /snap/goldendictionary/1 109 0 100% 
2018-12-22 19:45:02 1 /snap/core/6130 90 0 100% 
2018-12-22 19:45:02 1 /snap/core/6034 90 0 100% 
2018-12-22 19:45:02 1 /boot 180 70 59% 
2018-12-22 19:46:03 0 disk 95426 78795 17%
2018-12-22 19:46:03 1 /dev 1877 1877 0% 
2018-12-22 19:46:03 1 / 92991 76848 13% 
2018-12-22 19:46:03 1 /snap/core/5897 89 0 100% 
2018-12-22 19:46:03 1 /snap/goldendictionary/1 109 0 100% 
2018-12-22 19:46:03 1 /snap/core/6130 90 0 100% 
2018-12-22 19:46:03 1 /snap/core/6034 90 0 100% 
2018-12-22 19:46:03 1 /boot 180 70 59% 
2018-12-22 19:47:04 0 disk 95426 78795 17%
2018-12-22 19:47:04 1 /dev 1877 1877 0% 
2018-12-22 19:47:04 1 / 92991 76848 13% 
2018-12-22 19:47:04 1 /snap/core/5897 89 0 100% 
2018-12-22 19:47:04 1 /snap/goldendictionary/1 109 0 100% 
2018-12-22 19:47:04 1 /snap/core/6130 90 0 100% 
2018-12-22 19:47:04 1 /snap/core/6034 90 0 100% 
2018-12-22 19:47:04 1 /boot 180 70 59% 
2018-12-22 19:48:06 0 disk 95426 78794 17%
2018-12-22 19:48:06 1 /dev 1877 1877 0% 
2018-12-22 19:48:06 1 / 92991 76847 13% 
2018-12-22 19:48:06 1 /snap/core/5897 89 0 100% 
2018-12-22 19:48:06 1 /snap/goldendictionary/1 109 0 100% 
2018-12-22 19:48:06 1 /snap/core/6130 90 0 100% 
2018-12-22 19:48:06 1 /snap/core/6034 90 0 100% 
2018-12-22 19:48:06 1 /boot 180 70 59% 
2018-12-22 19:49:06 0 disk 95426 78794 17%
2018-12-22 19:49:06 1 /dev 1877 1877 0% 
2018-12-22 19:49:06 1 / 92991 76847 13% 
2018-12-22 19:49:06 1 /snap/core/5897 89 0 100% 
2018-12-22 19:49:06 1 /snap/goldendictionary/1 109 0 100% 
2018-12-22 19:49:06 1 /snap/core/6130 90 0 100% 
2018-12-22 19:49:06 1 /snap/core/6034 90 0 100% 
2018-12-22 19:49:06 1 /boot 180 70 59% 
2018-12-22 20:06:25 0 disk 95426 78793 17%
2018-12-22 20:06:25 1 /dev 1877 1877 0% 
2018-12-22 20:06:25 1 / 92991 76846 13% 
2018-12-22 20:06:25 1 /snap/core/5897 89 0 100% 
2018-12-22 20:06:25 1 /snap/goldendictionary/1 109 0 100% 
2018-12-22 20:06:25 1 /snap/core/6130 90 0 100% 
2018-12-22 20:06:25 1 /snap/core/6034 90 0 100% 
2018-12-22 20:06:25 1 /boot 180 70 59% 
2018-12-22 20:07:37 0 disk 95426 78793 17%
2018-12-22 20:07:37 1 /dev 1877 1877 0% 
2018-12-22 20:07:37 1 / 92991 76846 13% 
2018-12-22 20:07:37 1 /snap/core/5897 89 0 100% 
2018-12-22 20:07:37 1 /snap/goldendictionary/1 109 0 100% 
2018-12-22 20:07:37 1 /snap/core/6130 90 0 100% 
2018-12-22 20:07:37 1 /snap/core/6034 90 0 100% 
2018-12-22 20:07:37 1 /boot 180 70 59% 
2018-12-22 20:08:44 0 disk 95426 78793 17%
2018-12-22 20:08:44 1 /dev 1877 1877 0% 
2018-12-22 20:08:44 1 / 92991 76846 13% 
2018-12-22 20:08:44 1 /snap/core/5897 89 0 100% 
2018-12-22 20:08:44 1 /snap/goldendictionary/1 109 0 100% 
2018-12-22 20:08:44 1 /snap/core/6130 90 0 100% 
2018-12-22 20:08:44 1 /snap/core/6034 90 0 100% 
2018-12-22 20:08:44 1 /boot 180 70 59% 
2018-12-22 20:33:59 0 disk 95426 78793 17%
2018-12-22 20:33:59 1 /dev 1877 1877 0% 
2018-12-22 20:33:59 1 / 92991 76846 13% 
2018-12-22 20:33:59 1 /snap/core/5897 89 0 100% 
2018-12-22 20:33:59 1 /snap/goldendictionary/1 109 0 100% 
2018-12-22 20:33:59 1 /snap/core/6130 90 0 100% 
2018-12-22 20:33:59 1 /snap/core/6034 90 0 100% 
2018-12-22 20:33:59 1 /boot 180 70 59% 
2018-12-22 20:35:25 0 disk 95426 78793 17%
2018-12-22 20:35:25 1 /dev 1877 1877 0% 
2018-12-22 20:35:25 1 / 92991 76846 13% 
2018-12-22 20:35:25 1 /snap/core/5897 89 0 100% 
2018-12-22 20:35:25 1 /snap/goldendictionary/1 109 0 100% 
2018-12-22 20:35:25 1 /snap/core/6130 90 0 100% 
2018-12-22 20:35:25 1 /snap/core/6034 90 0 100% 
2018-12-22 20:35:25 1 /boot 180 70 59% 
2018-12-22 20:36:25 0 disk 95426 78793 17%
2018-12-22 20:36:25 1 /dev 1877 1877 0% 
2018-12-22 20:36:25 1 / 92991 76846 13% 
2018-12-22 20:36:25 1 /snap/core/5897 89 0 100% 
2018-12-22 20:36:25 1 /snap/goldendictionary/1 109 0 100% 
2018-12-22 20:36:25 1 /snap/core/6130 90 0 100% 
2018-12-22 20:36:25 1 /snap/core/6034 90 0 100% 
2018-12-22 20:36:25 1 /boot 180 70 59% 
2018-12-23 09:24:03 0 disk 95426 78792 17%
2018-12-23 09:24:03 1 /dev 1877 1877 0% 
2018-12-23 09:24:03 1 / 92991 76845 13% 
2018-12-23 09:24:03 1 /snap/core/5897 89 0 100% 
2018-12-23 09:24:03 1 /snap/goldendictionary/1 109 0 100% 
2018-12-23 09:24:03 1 /snap/core/6130 90 0 100% 
2018-12-23 09:24:03 1 /snap/core/6034 90 0 100% 
2018-12-23 09:24:03 1 /boot 180 70 59% 
2018-12-23 10:29:54 0 disk 95426 78789 17%
2018-12-23 10:29:54 1 /dev 1877 1877 0% 
2018-12-23 10:29:54 1 / 92991 76842 13% 
2018-12-23 10:29:54 1 /snap/core/5897 89 0 100% 
2018-12-23 10:29:54 1 /snap/goldendictionary/1 109 0 100% 
2018-12-23 10:29:54 1 /snap/core/6130 90 0 100% 
2018-12-23 10:29:54 1 /snap/core/6034 90 0 100% 
2018-12-23 10:29:54 1 /boot 180 70 59% 
2018-12-23 10:44:12 0 disk 95426 78789 17%
2018-12-23 10:44:12 1 /dev 1877 1877 0% 
2018-12-23 10:44:12 1 / 92991 76842 13% 
2018-12-23 10:44:12 1 /snap/core/5897 89 0 100% 
2018-12-23 10:44:12 1 /snap/goldendictionary/1 109 0 100% 
2018-12-23 10:44:12 1 /snap/core/6130 90 0 100% 
2018-12-23 10:44:12 1 /snap/core/6034 90 0 100% 
2018-12-23 10:44:12 1 /boot 180 70 59% 
2018-12-23 10:44:21 0 disk 95426 78789 17%
2018-12-23 10:44:21 1 /dev 1877 1877 0% 
2018-12-23 10:44:21 1 / 92991 76842 13% 
2018-12-23 10:44:21 1 /snap/core/5897 89 0 100% 
2018-12-23 10:44:21 1 /snap/goldendictionary/1 109 0 100% 
2018-12-23 10:44:21 1 /snap/core/6130 90 0 100% 
2018-12-23 10:44:21 1 /snap/core/6034 90 0 100% 
2018-12-23 10:44:21 1 /boot 180 70 59% 
2018-12-23 10:44:36 0 disk 95426 78789 17%
2018-12-23 10:44:36 1 /dev 1877 1877 0% 
2018-12-23 10:44:36 1 / 92991 76842 13% 
2018-12-23 10:44:36 1 /snap/core/5897 89 0 100% 
2018-12-23 10:44:36 1 /snap/goldendictionary/1 109 0 100% 
2018-12-23 10:44:36 1 /snap/core/6130 90 0 100% 
2018-12-23 10:44:36 1 /snap/core/6034 90 0 100% 
2018-12-23 10:44:36 1 /boot 180 70 59% 
2018-12-23 10:44:43 0 disk 95426 78789 17%
2018-12-23 10:44:43 1 /dev 1877 1877 0% 
2018-12-23 10:44:43 1 / 92991 76842 13% 
2018-12-23 10:44:43 1 /snap/core/5897 89 0 100% 
2018-12-23 10:44:43 1 /snap/goldendictionary/1 109 0 100% 
2018-12-23 10:44:43 1 /snap/core/6130 90 0 100% 
2018-12-23 10:44:43 1 /snap/core/6034 90 0 100% 
2018-12-23 10:44:43 1 /boot 180 70 59% 
2018-12-23 10:51:29 0 disk 95426 78789 17%
2018-12-23 10:51:29 1 /dev 1877 1877 0% 
2018-12-23 10:51:29 1 / 92991 76842 13% 
2018-12-23 10:51:29 1 /snap/core/5897 89 0 100% 
2018-12-23 10:51:29 1 /snap/goldendictionary/1 109 0 100% 
2018-12-23 10:51:29 1 /snap/core/6130 90 0 100% 
2018-12-23 10:51:29 1 /snap/core/6034 90 0 100% 
2018-12-23 10:51:29 1 /boot 180 70 59% 
2018-12-23 10:51:36 0 disk 95426 78789 17%
2018-12-23 10:51:36 1 /dev 1877 1877 0% 
2018-12-23 10:51:36 1 / 92991 76842 13% 
2018-12-23 10:51:36 1 /snap/core/5897 89 0 100% 
2018-12-23 10:51:36 1 /snap/goldendictionary/1 109 0 100% 
2018-12-23 10:51:36 1 /snap/core/6130 90 0 100% 
2018-12-23 10:51:36 1 /snap/core/6034 90 0 100% 
2018-12-23 10:51:36 1 /boot 180 70 59% 
2018-12-23 10:53:22 0 disk 95426 78789 17%
2018-12-23 10:53:22 1 /dev 1877 1877 0% 
2018-12-23 10:53:22 1 / 92991 76842 13% 
2018-12-23 10:53:22 1 /snap/core/5897 89 0 100% 
2018-12-23 10:53:22 1 /snap/goldendictionary/1 109 0 100% 
2018-12-23 10:53:22 1 /snap/core/6130 90 0 100% 
2018-12-23 10:53:22 1 /snap/core/6034 90 0 100% 
2018-12-23 10:53:22 1 /boot 180 70 59% 
2018-12-23 10:54:33 0 disk 95426 78789 17%
2018-12-23 10:54:33 1 /dev 1877 1877 0% 
2018-12-23 10:54:33 1 / 92991 76842 13% 
2018-12-23 10:54:33 1 /snap/core/5897 89 0 100% 
2018-12-23 10:54:33 1 /snap/goldendictionary/1 109 0 100% 
2018-12-23 10:54:33 1 /snap/core/6130 90 0 100% 
2018-12-23 10:54:33 1 /snap/core/6034 90 0 100% 
2018-12-23 10:54:33 1 /boot 180 70 59% 
2018-12-23 10:54:47 0 disk 95426 78789 17%
2018-12-23 10:54:47 1 /dev 1877 1877 0% 
2018-12-23 10:54:47 1 / 92991 76842 13% 
2018-12-23 10:54:47 1 /snap/core/5897 89 0 100% 
2018-12-23 10:54:47 1 /snap/goldendictionary/1 109 0 100% 
2018-12-23 10:54:47 1 /snap/core/6130 90 0 100% 
2018-12-23 10:54:47 1 /snap/core/6034 90 0 100% 
2018-12-23 10:54:47 1 /boot 180 70 59% 
2018-12-23 15:13:11 0 disk 95426 78781 17%
2018-12-23 15:13:11 1 /dev 1877 1877 0% 
2018-12-23 15:13:11 1 / 92991 76834 13% 
2018-12-23 15:13:11 1 /snap/core/5897 89 0 100% 
2018-12-23 15:13:11 1 /snap/goldendictionary/1 109 0 100% 
2018-12-23 15:13:11 1 /snap/core/6130 90 0 100% 
2018-12-23 15:13:11 1 /snap/core/6034 90 0 100% 
2018-12-23 15:13:11 1 /boot 180 70 59% 
2018-12-23 15:14:11 0 disk 95426 78781 17%
2018-12-23 15:14:11 1 /dev 1877 1877 0% 
2018-12-23 15:14:11 1 / 92991 76834 13% 
2018-12-23 15:14:11 1 /snap/core/5897 89 0 100% 
2018-12-23 15:14:11 1 /snap/goldendictionary/1 109 0 100% 
2018-12-23 15:14:11 1 /snap/core/6130 90 0 100% 
2018-12-23 15:14:11 1 /snap/core/6034 90 0 100% 
2018-12-23 15:14:11 1 /boot 180 70 59% 
2018-12-23 15:15:11 0 disk 95426 78781 17%
2018-12-23 15:15:11 1 /dev 1877 1877 0% 
2018-12-23 15:15:11 1 / 92991 76834 13% 
2018-12-23 15:15:11 1 /snap/core/5897 89 0 100% 
2018-12-23 15:15:11 1 /snap/goldendictionary/1 109 0 100% 
2018-12-23 15:15:11 1 /snap/core/6130 90 0 100% 
2018-12-23 15:15:11 1 /snap/core/6034 90 0 100% 
2018-12-23 15:15:11 1 /boot 180 70 59% 
2018-12-23 15:17:11 0 disk 95426 78781 17%
2018-12-23 15:17:11 1 /dev 1877 1877 0% 
2018-12-23 15:17:11 1 / 92991 76834 13% 
2018-12-23 15:17:11 1 /snap/core/5897 89 0 100% 
2018-12-23 15:17:11 1 /snap/goldendictionary/1 109 0 100% 
2018-12-23 15:17:11 1 /snap/core/6130 90 0 100% 
2018-12-23 15:17:11 1 /snap/core/6034 90 0 100% 
2018-12-23 15:17:11 1 /boot 180 70 59% 
2018-12-23 15:18:11 0 disk 95426 78781 17%
2018-12-23 15:18:11 1 /dev 1877 1877 0% 
2018-12-23 15:18:11 1 / 92991 76834 13% 
2018-12-23 15:18:11 1 /snap/core/5897 89 0 100% 
2018-12-23 15:18:11 1 /snap/goldendictionary/1 109 0 100% 
2018-12-23 15:18:11 1 /snap/core/6130 90 0 100% 
2018-12-23 15:18:11 1 /snap/core/6034 90 0 100% 
2018-12-23 15:18:11 1 /boot 180 70 59% 
2018-12-23 15:21:05 0 disk 95426 78781 17%
2018-12-23 15:21:05 1 /dev 1877 1877 0% 
2018-12-23 15:21:05 1 / 92991 76834 13% 
2018-12-23 15:21:05 1 /snap/core/5897 89 0 100% 
2018-12-23 15:21:05 1 /snap/goldendictionary/1 109 0 100% 
2018-12-23 15:21:05 1 /snap/core/6130 90 0 100% 
2018-12-23 15:21:05 1 /snap/core/6034 90 0 100% 
2018-12-23 15:21:05 1 /boot 180 70 59% 
2018-12-23 15:22:05 0 disk 95426 78781 17%
2018-12-23 15:22:05 1 /dev 1877 1877 0% 
2018-12-23 15:22:05 1 / 92991 76834 13% 
2018-12-23 15:22:05 1 /snap/core/5897 89 0 100% 
2018-12-23 15:22:05 1 /snap/goldendictionary/1 109 0 100% 
2018-12-23 15:22:05 1 /snap/core/6130 90 0 100% 
2018-12-23 15:22:05 1 /snap/core/6034 90 0 100% 
2018-12-23 15:22:05 1 /boot 180 70 59% 
2018-12-23 15:27:53 0 disk 95426 78781 17%
2018-12-23 15:27:53 1 /dev 1877 1877 0% 
2018-12-23 15:27:53 1 / 92991 76834 13% 
2018-12-23 15:27:53 1 /snap/core/5897 89 0 100% 
2018-12-23 15:27:53 1 /snap/goldendictionary/1 109 0 100% 
2018-12-23 15:27:53 1 /snap/core/6130 90 0 100% 
2018-12-23 15:27:53 1 /snap/core/6034 90 0 100% 
2018-12-23 15:27:53 1 /boot 180 70 59% 
2018-12-23 15:29:23 0 disk 95426 78781 17%
2018-12-23 15:29:23 1 /dev 1877 1877 0% 
2018-12-23 15:29:23 1 / 92991 76834 13% 
2018-12-23 15:29:23 1 /snap/core/5897 89 0 100% 
2018-12-23 15:29:23 1 /snap/goldendictionary/1 109 0 100% 
2018-12-23 15:29:23 1 /snap/core/6130 90 0 100% 
2018-12-23 15:29:23 1 /snap/core/6034 90 0 100% 
2018-12-23 15:29:23 1 /boot 180 70 59% 
2018-12-23 15:30:50 0 disk 95426 78781 17%
2018-12-23 15:30:50 1 /dev 1877 1877 0% 
2018-12-23 15:30:50 1 / 92991 76834 13% 
2018-12-23 15:30:50 1 /snap/core/5897 89 0 100% 
2018-12-23 15:30:50 1 /snap/goldendictionary/1 109 0 100% 
2018-12-23 15:30:50 1 /snap/core/6130 90 0 100% 
2018-12-23 15:30:50 1 /snap/core/6034 90 0 100% 
2018-12-23 15:30:50 1 /boot 180 70 59% 
2018-12-23 15:36:17 0 disk 95426 78781 17%
2018-12-23 15:36:17 1 /dev 1877 1877 0% 
2018-12-23 15:36:17 1 / 92991 76834 13% 
2018-12-23 15:36:17 1 /snap/core/5897 89 0 100% 
2018-12-23 15:36:17 1 /snap/goldendictionary/1 109 0 100% 
2018-12-23 15:36:17 1 /snap/core/6130 90 0 100% 
2018-12-23 15:36:17 1 /snap/core/6034 90 0 100% 
2018-12-23 15:36:17 1 /boot 180 70 59% 
2018-12-23 15:37:17 0 disk 95426 78781 17%
2018-12-23 15:37:17 1 /dev 1877 1877 0% 
2018-12-23 15:37:17 1 / 92991 76834 13% 
2018-12-23 15:37:17 1 /snap/core/5897 89 0 100% 
2018-12-23 15:37:17 1 /snap/goldendictionary/1 109 0 100% 
2018-12-23 15:37:17 1 /snap/core/6130 90 0 100% 
2018-12-23 15:37:17 1 /snap/core/6034 90 0 100% 
2018-12-23 15:37:17 1 /boot 180 70 59% 
2018-12-23 15:38:17 0 disk 95426 78781 17%
2018-12-23 15:38:17 1 /dev 1877 1877 0% 
2018-12-23 15:38:17 1 / 92991 76834 13% 
2018-12-23 15:38:17 1 /snap/core/5897 89 0 100% 
2018-12-23 15:38:17 1 /snap/goldendictionary/1 109 0 100% 
2018-12-23 15:38:17 1 /snap/core/6130 90 0 100% 
2018-12-23 15:38:17 1 /snap/core/6034 90 0 100% 
2018-12-23 15:38:17 1 /boot 180 70 59% 
2018-12-23 15:39:17 0 disk 95426 78781 17%
2018-12-23 15:39:17 1 /dev 1877 1877 0% 
2018-12-23 15:39:17 1 / 92991 76834 13% 
2018-12-23 15:39:17 1 /snap/core/5897 89 0 100% 
2018-12-23 15:39:17 1 /snap/goldendictionary/1 109 0 100% 
2018-12-23 15:39:17 1 /snap/core/6130 90 0 100% 
2018-12-23 15:39:17 1 /snap/core/6034 90 0 100% 
2018-12-23 15:39:17 1 /boot 180 70 59% 
