2018-12-22__15:45:40 yuxiaowei GNU/Linux 4.13.0-45-generic up_6_hours,_56_minutes 0.69 95426 12% 3805 40% normal normal normal 
2018-12-22__15:46:40 yuxiaowei GNU/Linux 4.13.0-45-generic up_6_hours,_57_minutes 0.91 95426 12% 3805 40% normal normal normal 
2018-12-22__15:47:40 yuxiaowei GNU/Linux 4.13.0-45-generic up_6_hours,_58_minutes 0.94 95426 12% 3805 40% normal normal normal 
2018-12-22__15:48:40 yuxiaowei GNU/Linux 4.13.0-45-generic up_6_hours,_59_minutes 0.90 95426 12% 3805 41% normal normal normal 
2018-12-22__15:49:40 yuxiaowei GNU/Linux 4.13.0-45-generic up_7_hours 0.93 95426 12% 3805 41% normal normal normal 
2018-12-22__15:49:59 yuxiaowei GNU/Linux 4.13.0-45-generic up_7_hours 0.93 95426 12% 3805 41% normal normal normal 
2018-12-22__15:50:59 yuxiaowei GNU/Linux 4.13.0-45-generic up_7_hours,_1_minute 0.88 95426 12% 3805 41% normal normal normal 
2018-12-22__16:27:58 yuxiaowei GNU/Linux 4.13.0-45-generic up_7_hours,_38_minutes 0.65 95426 12% 3805 30% normal normal normal 
2018-12-22__16:28:58 yuxiaowei GNU/Linux 4.13.0-45-generic up_7_hours,_39_minutes 0.63 95426 12% 3805 30% normal normal normal 
2018-12-22__16:29:58 yuxiaowei GNU/Linux 4.13.0-45-generic up_7_hours,_40_minutes 0.63 95426 12% 3805 30% normal normal normal 
2018-12-22__16:30:58 yuxiaowei GNU/Linux 4.13.0-45-generic up_7_hours,_41_minutes 0.72 95426 12% 3805 30% normal normal normal 
2018-12-22__16:32:04 yuxiaowei GNU/Linux 4.13.0-45-generic up_7_hours,_42_minutes 0.72 95426 12% 3805 30% normal normal normal 
2018-12-22__16:33:04 yuxiaowei GNU/Linux 4.13.0-45-generic up_7_hours,_43_minutes 0.69 95426 12% 3805 30% normal normal normal 
2018-12-22__16:34:04 yuxiaowei GNU/Linux 4.13.0-45-generic up_7_hours,_44_minutes 0.65 95426 12% 3805 30% normal normal normal 
2018-12-22__16:35:04 yuxiaowei GNU/Linux 4.13.0-45-generic up_7_hours,_45_minutes 0.66 95426 12% 3805 31% normal normal normal 
2018-12-22__16:36:04 yuxiaowei GNU/Linux 4.13.0-45-generic up_7_hours,_46_minutes 0.63 95426 12% 3805 31% normal normal normal 
2018-12-22__16:39:46 yuxiaowei GNU/Linux 4.13.0-45-generic up_7_hours,_50_minutes 0.59 95426 12% 3805 31% normal normal normal 
2018-12-22__16:40:46 yuxiaowei GNU/Linux 4.13.0-45-generic up_7_hours,_51_minutes 0.58 95426 12% 3805 30% normal normal normal 
2018-12-22__16:41:46 yuxiaowei GNU/Linux 4.13.0-45-generic up_7_hours,_52_minutes 0.60 95426 12% 3805 31% normal normal normal 
2018-12-22__16:42:46 yuxiaowei GNU/Linux 4.13.0-45-generic up_7_hours,_53_minutes 0.62 95426 12% 3805 31% normal normal normal 
2018-12-22__16:43:46 yuxiaowei GNU/Linux 4.13.0-45-generic up_7_hours,_54_minutes 0.76 95426 12% 3805 31% normal normal normal 
2018-12-22__16:53:54 yuxiaowei GNU/Linux 4.13.0-45-generic up_8_hours,_4_minutes 0.65 95426 12% 3805 35% normal normal normal 
2018-12-22__16:54:08 yuxiaowei GNU/Linux 4.13.0-45-generic up_8_hours,_4_minutes 0.65 95426 12% 3805 35% normal normal normal 
2018-12-22__17:04:12 yuxiaowei GNU/Linux 4.13.0-45-generic up_8_hours,_14_minutes 0.55 95426 12% 3805 31% normal normal normal 
2018-12-22__17:05:12 yuxiaowei GNU/Linux 4.13.0-45-generic up_8_hours,_15_minutes 0.54 95426 12% 3805 31% normal normal normal 
2018-12-22__17:06:12 yuxiaowei GNU/Linux 4.13.0-45-generic up_8_hours,_16_minutes 0.54 95426 12% 3805 31% normal normal normal 
2018-12-22__17:07:12 yuxiaowei GNU/Linux 4.13.0-45-generic up_8_hours,_17_minutes 0.53 95426 12% 3805 31% normal normal normal 
2018-12-22__17:08:12 yuxiaowei GNU/Linux 4.13.0-45-generic up_8_hours,_18_minutes 0.53 95426 12% 3805 32% normal normal normal 
2018-12-22__17:13:13 yuxiaowei GNU/Linux 4.13.0-45-generic up_8_hours,_23_minutes 0.48 95426 12% 3805 32% normal normal normal 
2018-12-22__17:14:17 yuxiaowei GNU/Linux 4.13.0-45-generic up_8_hours,_24_minutes 0.48 95426 12% 3805 32% normal normal normal 
2018-12-22__17:15:18 yuxiaowei GNU/Linux 4.13.0-45-generic up_8_hours,_25_minutes 0.47 95426 12% 3805 31% normal normal normal 
2018-12-22__17:17:34 yuxiaowei GNU/Linux 4.13.0-45-generic up_8_hours,_28_minutes 0.53 95426 12% 3805 32% normal normal normal 
2018-12-22__17:18:34 yuxiaowei GNU/Linux 4.13.0-45-generic up_8_hours,_29_minutes 0.65 95426 12% 3805 31% normal normal normal 
2018-12-22__17:19:34 yuxiaowei GNU/Linux 4.13.0-45-generic up_8_hours,_30_minutes 0.65 95426 12% 3805 31% normal normal normal 
2018-12-22__17:20:35 yuxiaowei GNU/Linux 4.13.0-45-generic up_8_hours,_31_minutes 0.62 95426 12% 3805 32% normal normal normal 
2018-12-22__17:27:14 yuxiaowei GNU/Linux 4.13.0-45-generic up_8_hours,_37_minutes 0.54 95426 12% 3805 32% normal normal normal 
2018-12-22__17:28:14 yuxiaowei GNU/Linux 4.13.0-45-generic up_8_hours,_38_minutes 0.58 95426 12% 3805 32% normal normal normal 
2018-12-22__17:29:15 yuxiaowei GNU/Linux 4.13.0-45-generic up_8_hours,_39_minutes 0.76 95426 12% 3805 33% normal normal normal 
2018-12-22__17:30:15 yuxiaowei GNU/Linux 4.13.0-45-generic up_8_hours,_40_minutes 0.89 95426 12% 3805 31% normal normal normal 
2018-12-22__17:48:56 yuxiaowei GNU/Linux 4.13.0-45-generic up_8_hours,_59_minutes 0.78 95426 12% 3805 35% normal normal normal 
2018-12-22__17:49:16 yuxiaowei GNU/Linux 4.13.0-45-generic up_8_hours,_59_minutes 0.82 95426 12% 3805 35% normal normal normal 
2018-12-22__17:50:16 yuxiaowei GNU/Linux 4.13.0-45-generic up_9_hours 0.95 95426 12% 3805 35% normal normal normal 
2018-12-22__17:51:16 yuxiaowei GNU/Linux 4.13.0-45-generic up_9_hours,_1_minute 1.00 95426 12% 3805 35% normal normal normal 
2018-12-22__17:52:16 yuxiaowei GNU/Linux 4.13.0-45-generic up_9_hours,_2_minutes 0.96 95426 12% 3805 35% normal normal normal 
2018-12-22__17:53:16 yuxiaowei GNU/Linux 4.13.0-45-generic up_9_hours,_3_minutes 0.97 95426 12% 3805 35% normal normal normal 
2018-12-22__17:55:54 yuxiaowei GNU/Linux 4.13.0-45-generic up_9_hours,_6_minutes 1.04 95426 12% 3805 35% normal normal normal 
2018-12-22__17:56:54 yuxiaowei GNU/Linux 4.13.0-45-generic up_9_hours,_7_minutes 1.06 95426 12% 3805 35% normal normal normal 
2018-12-22__17:57:54 yuxiaowei GNU/Linux 4.13.0-45-generic up_9_hours,_8_minutes 1.07 95426 12% 3805 35% normal normal normal 
2018-12-22__17:58:57 yuxiaowei GNU/Linux 4.13.0-45-generic up_9_hours,_9_minutes 1.17 95426 12% 3805 35% normal normal normal 
2018-12-22__17:59:57 yuxiaowei GNU/Linux 4.13.0-45-generic up_9_hours,_10_minutes 1.13 95426 12% 3805 35% normal normal normal 
2018-12-22__18:06:40 yuxiaowei GNU/Linux 4.13.0-45-generic up_9_hours,_17_minutes 1.19 95426 12% 3805 38% normal normal normal 
2018-12-22__18:14:03 yuxiaowei GNU/Linux 4.13.0-45-generic up_9_hours,_24_minutes 0.97 95426 12% 3805 39% normal normal normal 
2018-12-22__18:15:03 yuxiaowei GNU/Linux 4.13.0-45-generic up_9_hours,_25_minutes 1.05 95426 12% 3805 39% normal normal normal 
2018-12-22__18:16:04 yuxiaowei GNU/Linux 4.13.0-45-generic up_9_hours,_26_minutes 1.08 95426 12% 3805 41% normal normal normal 
2018-12-22__18:17:04 yuxiaowei GNU/Linux 4.13.0-45-generic up_9_hours,_27_minutes 1.02 95426 12% 3805 41% normal normal normal 
2018-12-22__18:18:04 yuxiaowei GNU/Linux 4.13.0-45-generic up_9_hours,_28_minutes 0.95 95426 12% 3805 41% normal normal normal 
2018-12-22__18:37:12 yuxiaowei GNU/Linux 4.13.0-45-generic up_9_hours,_47_minutes 0.59 95426 12% 3805 42% normal normal normal 
2018-12-22__18:38:24 yuxiaowei GNU/Linux 4.13.0-45-generic up_9_hours,_49_minutes 0.59 95426 12% 3805 42% normal normal normal 
2018-12-22__18:39:24 yuxiaowei GNU/Linux 4.13.0-45-generic up_9_hours,_50_minutes 0.57 95426 12% 3805 42% normal normal normal 
2018-12-22__18:40:25 yuxiaowei GNU/Linux 4.13.0-45-generic up_9_hours,_51_minutes 0.63 95426 12% 3805 42% normal normal normal 
2018-12-22__18:41:25 yuxiaowei GNU/Linux 4.13.0-45-generic up_9_hours,_52_minutes 0.66 95426 12% 3805 42% normal normal normal 
2018-12-22__18:42:26 yuxiaowei GNU/Linux 4.13.0-45-generic up_9_hours,_53_minutes 0.62 95426 12% 3805 42% normal normal normal 
2018-12-22__18:43:27 yuxiaowei GNU/Linux 4.13.0-45-generic up_9_hours,_54_minutes 0.65 95426 12% 3805 42% normal normal normal 
2018-12-22__18:44:27 yuxiaowei GNU/Linux 4.13.0-45-generic up_9_hours,_55_minutes 0.67 95426 12% 3805 42% normal normal normal 
2018-12-22__18:45:28 yuxiaowei GNU/Linux 4.13.0-45-generic up_9_hours,_56_minutes 0.64 95426 12% 3805 42% normal normal normal 
2018-12-22__18:46:28 yuxiaowei GNU/Linux 4.13.0-45-generic up_9_hours,_57_minutes 0.62 95426 12% 3805 42% normal normal normal 
2018-12-22__18:46:35 yuxiaowei GNU/Linux 4.13.0-45-generic up_9_hours,_57_minutes 0.62 95426 12% 3805 42% normal normal normal 
2018-12-22__19:05:47 yuxiaowei GNU/Linux 4.13.0-45-generic up_10_hours,_16_minutes 0.43 95426 12% 3805 42% normal normal normal 
2018-12-22__19:10:00 yuxiaowei GNU/Linux 4.13.0-45-generic up_10_hours,_20_minutes 0.38 95426 12% 3805 44% normal normal normal 
2018-12-22__19:11:01 yuxiaowei GNU/Linux 4.13.0-45-generic up_10_hours,_21_minutes 0.54 95426 12% 3805 44% normal normal normal 
2018-12-22__19:33:48 yuxiaowei GNU/Linux 4.13.0-45-generic up_10_hours,_44_minutes 0.71 95426 12% 3805 38% normal normal normal 
2018-12-22__19:34:49 yuxiaowei GNU/Linux 4.13.0-45-generic up_10_hours,_45_minutes 0.68 95426 12% 3805 38% normal normal normal 
2018-12-22__19:35:50 yuxiaowei GNU/Linux 4.13.0-45-generic up_10_hours,_46_minutes 0.68 95426 12% 3805 38% normal normal normal 
2018-12-22__19:36:53 yuxiaowei GNU/Linux 4.13.0-45-generic up_10_hours,_47_minutes 0.68 95426 12% 3805 38% normal normal normal 
2018-12-22__19:37:54 yuxiaowei GNU/Linux 4.13.0-45-generic up_10_hours,_48_minutes 0.65 95426 12% 3805 38% normal normal normal 
2018-12-22__19:38:54 yuxiaowei GNU/Linux 4.13.0-45-generic up_10_hours,_49_minutes 0.64 95426 12% 3805 38% normal normal normal 
2018-12-22__19:39:55 yuxiaowei GNU/Linux 4.13.0-45-generic up_10_hours,_50_minutes 0.65 95426 12% 3805 38% normal normal normal 
2018-12-22__19:40:56 yuxiaowei GNU/Linux 4.13.0-45-generic up_10_hours,_51_minutes 0.63 95426 12% 3805 38% normal normal normal 
2018-12-22__19:41:56 yuxiaowei GNU/Linux 4.13.0-45-generic up_10_hours,_52_minutes 0.61 95426 12% 3805 38% normal normal normal 
2018-12-22__19:42:57 yuxiaowei GNU/Linux 4.13.0-45-generic up_10_hours,_53_minutes 0.62 95426 12% 3805 38% normal normal normal 
2018-12-22__19:43:57 yuxiaowei GNU/Linux 4.13.0-45-generic up_10_hours,_54_minutes 0.70 95426 12% 3805 38% normal normal normal 
2018-12-22__19:44:58 yuxiaowei GNU/Linux 4.13.0-45-generic up_10_hours,_55_minutes 0.73 95426 12% 3805 39% normal normal normal 
2018-12-22__19:45:58 yuxiaowei GNU/Linux 4.13.0-45-generic up_10_hours,_56_minutes 0.72 95426 12% 3805 39% normal normal normal 
2018-12-22__19:46:59 yuxiaowei GNU/Linux 4.13.0-45-generic up_10_hours,_57_minutes 0.71 95426 12% 3805 39% normal normal normal 
2018-12-22__19:47:59 yuxiaowei GNU/Linux 4.13.0-45-generic up_10_hours,_58_minutes 0.81 95426 12% 3805 39% normal normal normal 
2018-12-22__19:49:04 yuxiaowei GNU/Linux 4.13.0-45-generic up_10_hours,_59_minutes 0.79 95426 12% 3805 40% normal normal normal 
2018-12-22__20:06:25 yuxiaowei GNU/Linux 4.13.0-45-generic up_11_hours,_17_minutes 0.66 95426 12% 3805 39% normal normal normal 
2018-12-22__20:07:37 yuxiaowei GNU/Linux 4.13.0-45-generic up_11_hours,_18_minutes 0.66 95426 12% 3805 39% normal normal normal 
2018-12-22__20:08:44 yuxiaowei GNU/Linux 4.13.0-45-generic up_11_hours,_19_minutes 0.66 95426 12% 3805 39% normal normal normal 
2018-12-22__20:33:59 yuxiaowei GNU/Linux 4.13.0-45-generic up_11_hours,_44_minutes 0.45 95426 12% 3805 40% normal normal normal 
2018-12-22__20:35:25 yuxiaowei GNU/Linux 4.13.0-45-generic up_11_hours,_46_minutes 0.56 95426 12% 3805 40% normal normal normal 
2018-12-23__10:44:12 yuxiaowei GNU/Linux 4.13.0-45-generic up_1_day,_1_hour,_54_minutes 2.13 2.07 1.75 95426 12% 3805 50% normal normal normal 
2018-12-23__10:44:21 yuxiaowei GNU/Linux 4.13.0-45-generic up_1_day,_1_hour,_55_minutes 2.18 2.09 1.76 95426 12% 3805 50% normal normal normal 
2018-12-23__10:44:36 yuxiaowei GNU/Linux 4.13.0-45-generic up_1_day,_1_hour,_55_minutes 2.60 2.18 1.79 95426 12% 3805 50% normal normal normal 
2018-12-23__10:44:43 yuxiaowei GNU/Linux 4.13.0-45-generic up_1_day,_1_hour,_55_minutes 2.47 2.16 1.79 95426 12% 3805 50% normal normal normal 
2018-12-23__10:51:29 yuxiaowei GNU/Linux 4.13.0-45-generic up_1_day,_2_hours,_2_minutes 1.85 1.84 1.77 95426 12% 3805 50% normal normal normal 
2018-12-23__10:51:36 yuxiaowei GNU/Linux 4.13.0-45-generic up_1_day,_2_hours,_2_minutes 1.86 1.84 1.77 95426 12% 3805 50% normal normal normal 
2018-12-23__10:53:22 yuxiaowei GNU/Linux 4.13.0-45-generic up_1_day,_2_hours,_4_minutes 1.60 1.81 1.77 95426 12% 3805 50% normal normal normal 
2018-12-23__10:54:33 yuxiaowei GNU/Linux 4.13.0-45-generic up_1_day,_2_hours,_5_minutes 1.86 1.85 1.79 95426 12% 3805 50% normal normal normal 
2018-12-23__10:54:47 yuxiaowei GNU/Linux 4.13.0-45-generic up_1_day,_2_hours,_5_minutes 1.51 1.78 1.77 95426 12% 3805 50% normal normal normal 
2018-12-23__15:13:11 yuxiaowei GNU/Linux 4.13.0-45-generic up_1_day,_6_hours,_23_minutes 2.12 2.85 2.55 95426 12% 3805 40% normal normal normal 
2018-12-23__15:14:11 yuxiaowei GNU/Linux 4.13.0-45-generic up_1_day,_6_hours,_24_minutes 1.88 2.65 2.50 95426 12% 3805 40% normal normal normal 
2018-12-23__15:15:11 yuxiaowei GNU/Linux 4.13.0-45-generic up_1_day,_6_hours,_25_minutes 2.11 2.59 2.48 95426 12% 3805 40% normal normal normal 
2018-12-23__15:16:11 yuxiaowei GNU/Linux 4.13.0-45-generic up_1_day,_6_hours,_26_minutes 2.11 2.52 2.47 95426 12% 3805 40% normal normal normal 
2018-12-23__15:17:11 yuxiaowei GNU/Linux 4.13.0-45-generic up_1_day,_6_hours,_27_minutes 2.28 2.52 2.47 95426 12% 3805 40% normal normal normal 
2018-12-23__15:18:11 yuxiaowei GNU/Linux 4.13.0-45-generic up_1_day,_6_hours,_28_minutes 2.16 2.45 2.45 95426 12% 3805 40% normal normal normal 
2018-12-23__15:21:05 yuxiaowei GNU/Linux 4.13.0-45-generic up_1_day,_6_hours,_31_minutes 2.16 2.36 2.42 95426 12% 3805 40% normal normal normal 
2018-12-23__15:22:05 yuxiaowei GNU/Linux 4.13.0-45-generic up_1_day,_6_hours,_32_minutes 2.06 2.30 2.39 95426 12% 3805 40% normal normal normal 
2018-12-23__15:27:53 yuxiaowei GNU/Linux 4.13.0-45-generic up_1_day,_6_hours,_38_minutes 2.53 2.30 2.34 95426 12% 3805 40% normal normal normal 
2018-12-23__15:29:23 yuxiaowei GNU/Linux 4.13.0-45-generic up_1_day,_6_hours,_40_minutes 2.69 2.45 2.40 95426 12% 3805 40% normal normal normal 
2018-12-23__15:30:50 yuxiaowei GNU/Linux 4.13.0-45-generic up_1_day,_6_hours,_41_minutes 1.76 2.25 2.33 95426 12% 3805 40% normal normal normal 
2018-12-23__15:36:17 yuxiaowei GNU/Linux 4.13.0-45-generic up_1_day,_6_hours,_46_minutes 1.13 1.74 2.11 95426 12% 3805 41% normal normal normal 
2018-12-23__15:37:17 yuxiaowei GNU/Linux 4.13.0-45-generic up_1_day,_6_hours,_47_minutes 2.01 1.87 2.13 95426 12% 3805 40% normal normal normal 
2018-12-23__15:38:17 yuxiaowei GNU/Linux 4.13.0-45-generic up_1_day,_6_hours,_48_minutes 2.42 2.01 2.16 95426 12% 3805 40% normal normal normal 
2018-12-23__15:39:17 yuxiaowei GNU/Linux 4.13.0-45-generic up_1_day,_6_hours,_49_minutes 2.16 2.02 2.16 95426 12% 3805 40% normal normal normal 
2018-12-23__15:40:21 yuxiaowei GNU/Linux 4.13.0-45-generic up_1_day,_6_hours,_51_minutes 3.00 2.27 2.23 95426 12% 3805 40% normal normal normal 
2018-12-23__16:48:54 yuxiaowei GNU/Linux 4.13.0-45-generic up_1_day,_7_hours,_59_minutes 1.48 1.50 1.62 95426 12% 3805 44% normal normal normal 
2018-12-23__16:49:54 yuxiaowei GNU/Linux 4.13.0-45-generic up_1_day,_8_hours 1.67 1.54 1.62 95426 12% 3805 43% normal normal normal 
2018-12-23__16:55:22 yuxiaowei GNU/Linux 4.13.0-45-generic up_1_day,_8_hours,_6_minutes 1.56 1.81 1.75 95426 12% 3805 34% normal normal normal 
2018-12-23__16:56:22 yuxiaowei GNU/Linux 4.13.0-45-generic up_1_day,_8_hours,_7_minutes 1.52 1.76 1.73 95426 12% 3805 34% normal normal normal 
2018-12-23__16:57:22 yuxiaowei GNU/Linux 4.13.0-45-generic up_1_day,_8_hours,_8_minutes 1.34 1.65 1.69 95426 12% 3805 34% normal normal normal 
2018-12-23__16:58:22 yuxiaowei GNU/Linux 4.13.0-45-generic up_1_day,_8_hours,_9_minutes 1.18 1.56 1.66 95426 12% 3805 34% normal normal normal 
