2018-12-22__19:10:33 0.52 18.00 31.00°C normal
2018-12-22__19:10:42 0.52 8.00 31.00°C normal
2018-12-22__19:10:48 0.53 6.00 31.00°C normal
2018-12-22__19:10:53 0.52 10.00 31.00°C normal
2018-12-22__19:10:59 0.54 8.00 31.00°C normal
2018-12-22__19:11:04 0.54 12.00 31.00°C normal
2018-12-22__19:17:27 0.22 0.31 0.34 100.00 55.00°C warning
2018-12-22__19:17:34 0.77 0.43 0.38 100.00 54.00°C warning
2018-12-22__19:17:40 0.71 0.42 0.38 100.00 54.00°C warning
2018-12-22__19:17:46 0.66 0.41 0.38 85.00 54.00°C warning
2018-12-22__19:17:52 0.60 0.40 0.37 82.00 54.00°C warning
2018-12-22__19:17:57 0.55 0.40 0.37 86.00 54.00°C warning
2018-12-22__19:18:03 0.75 0.44 0.39 40.00 53.00°C normal
2018-12-22__19:18:09 0.85 0.47 0.39 47.00 54.00°C normal
2018-12-22__19:18:15 1.53 0.63 0.45 42.00 54.00°C normal
2018-12-22__19:18:20 1.41 0.62 0.45 47.00 54.00°C normal
2018-12-22__19:18:26 1.29 0.61 0.44 49.00 54.00°C normal
2018-12-22__19:18:32 1.19 0.60 0.44 46.00 55.00°C normal
2018-12-22__19:18:37 1.10 0.59 0.44 56.00 55.00°C note
2018-12-22__19:18:43 1.01 0.58 0.44 49.00 55.00°C normal
2018-12-22__19:18:50 0.85 0.56 0.43 50.00 54.00°C note
2018-12-22__19:18:56 0.78 0.55 0.43 40.00 54.00°C normal
2018-12-22__19:19:01 0.72 0.54 0.43 45.00 55.00°C normal
2018-12-22__19:19:07 0.66 0.53 0.42 41.00 54.00°C normal
2018-12-22__19:19:13 0.69 0.54 0.43 51.00 54.00°C note
2018-12-22__19:19:19 0.87 0.58 0.44 56.00 54.00°C note
2018-12-22__19:19:28 1.04 0.63 0.46 84.00 54.00°C warning
2018-12-22__19:19:34 1.89 0.82 0.52 89.00 56.00°C warning
2018-12-22__19:19:40 1.74 0.81 0.52 82.00 55.00°C warning
2018-12-22__19:19:46 1.60 0.79 0.52 86.00 55.00°C warning
2018-12-22__19:19:51 1.47 0.78 0.52 98.00 55.00°C warning
2018-12-22__19:19:57 1.35 0.77 0.51 98.00 54.00°C warning
2018-12-22__19:20:08 1.14 0.74 0.51 99.00 54.00°C warning
2018-12-22__19:20:19 1.04 0.73 0.51 44.00 53.00°C normal
2018-12-22__19:20:25 1.40 0.82 0.54 55.00 54.00°C note
2018-12-22__19:20:30 1.45 0.84 0.55 99.00 54.00°C warning
2018-12-22__19:20:40 1.22 0.81 0.54 47.00 54.00°C normal
2018-12-22__19:20:46 1.12 0.80 0.54 42.00 54.00°C normal
2018-12-22__19:20:52 1.03 0.79 0.53 37.00 54.00°C normal
2018-12-22__19:20:57 0.95 0.77 0.53 48.00 54.00°C normal
2018-12-22__19:21:03 1.28 0.84 0.56 39.00 54.00°C normal
2018-12-22__19:21:09 1.41 0.88 0.57 45.00 55.00°C normal
2018-12-22__19:21:18 1.20 0.85 0.56 48.00 54.00°C normal
2018-12-22__19:21:24 1.58 0.94 0.59 39.00 54.00°C normal
2018-12-22__19:21:29 1.34 0.91 0.58 54.00 55.00°C note
2018-12-22__19:21:35 2.03 1.06 0.64 50.00 56.00°C note
2018-12-22__19:21:41 1.87 1.04 0.63 52.00 55.00°C note
2018-12-22__19:21:46 1.72 1.02 0.63 41.00 55.00°C normal
2018-12-22__19:21:53 1.58 1.01 0.63 43.00 54.00°C normal
2018-12-22__19:21:59 1.45 0.99 0.62 43.00 54.00°C normal
2018-12-22__19:22:05 1.38 0.99 0.63 58.00 55.00°C note
2018-12-22__19:22:10 1.43 1.01 0.63 45.00 55.00°C normal
2018-12-22__19:22:16 1.31 0.99 0.63 94.00 54.00°C warning
2018-12-22__19:22:27 1.11 0.95 0.62 73.00 54.00°C warning
2018-12-22__19:22:38 0.94 0.92 0.62 65.00 56.00°C note
2018-12-22__19:22:44 0.86 0.91 0.61 42.00 56.00°C normal
2018-12-22__19:22:49 0.79 0.89 0.61 40.00 56.00°C normal
2018-12-22__19:22:55 1.54 1.05 0.66 44.00 56.00°C normal
2018-12-22__19:23:00 1.42 1.03 0.66 43.00 55.00°C normal
2018-12-22__19:23:08 1.54 1.06 0.67 45.00 55.00°C normal
2018-12-22__19:23:14 1.42 1.04 0.67 44.00 55.00°C normal
2018-12-22__19:23:19 1.31 1.03 0.66 47.00 55.00°C normal
2018-12-22__19:23:25 1.25 1.02 0.67 42.00 55.00°C normal
2018-12-22__19:23:31 1.31 1.04 0.68 41.00 56.00°C normal
2018-12-22__19:23:36 1.21 1.02 0.67 42.00 55.00°C normal
2018-12-22__19:23:44 1.59 1.11 0.70 46.00 57.00°C normal
2018-12-22__19:23:49 1.46 1.09 0.70 41.00 55.00°C normal
2018-12-22__19:23:55 1.63 1.14 0.72 47.00 55.00°C normal
2018-12-22__19:24:01 1.50 1.12 0.71 39.00 55.00°C normal
2018-12-22__19:24:06 1.38 1.10 0.71 80.00 54.00°C warning
2018-12-22__19:24:17 1.47 1.13 0.72 50.00 54.00°C note
2018-12-22__19:24:23 1.52 1.14 0.73 65.00 54.00°C note
2018-12-22__19:24:34 1.28 1.10 0.72 87.00 54.00°C warning
2018-12-22__19:24:45 1.84 1.23 0.77 48.00 57.00°C normal
2018-12-22__19:24:51 1.69 1.21 0.77 48.00 56.00°C normal
2018-12-22__19:24:58 1.72 1.22 0.77 44.00 55.00°C normal
2018-12-22__19:25:04 1.58 1.20 0.77 44.00 54.00°C normal
2018-12-22__19:25:10 1.34 1.16 0.76 50.00 54.00°C note
2018-12-22__19:25:15 1.23 1.14 0.75 46.00 55.00°C normal
2018-12-22__19:25:21 1.13 1.13 0.75 61.00 55.00°C note
2018-12-22__19:25:27 1.04 1.11 0.75 49.00 54.00°C normal
2018-12-22__19:25:34 1.28 1.15 0.76 40.00 55.00°C normal
2018-12-22__19:25:39 1.18 1.14 0.76 46.00 55.00°C normal
2018-12-22__19:25:45 1.38 1.18 0.78 45.00 57.00°C normal
2018-12-22__19:25:51 1.99 1.31 0.82 76.00 56.00°C warning
2018-12-22__19:25:57 1.83 1.29 0.82 37.00 55.00°C normal
2018-12-22__19:26:02 1.77 1.28 0.82 72.00 56.00°C warning
2018-12-22__19:26:09 1.62 1.26 0.81 50.00 56.00°C note
2018-12-22__19:26:15 1.49 1.24 0.81 40.00 56.00°C normal
2018-12-22__19:26:20 2.11 1.38 0.86 46.00 57.00°C normal
2018-12-22__19:26:26 2.35 1.44 0.88 49.00 56.00°C normal
2018-12-22__19:26:31 2.24 1.43 0.88 68.00 54.00°C note
2018-12-22__19:26:42 1.89 1.39 0.87 44.00 56.00°C normal
2018-12-22__19:26:48 2.22 1.46 0.90 67.00 55.00°C note
2018-12-22__19:26:59 1.88 1.42 0.89 68.00 55.00°C note
2018-12-22__19:27:05 1.73 1.39 0.89 41.00 55.00°C normal
2018-12-22__19:27:10 1.91 1.44 0.91 49.00 55.00°C normal
2018-12-22__19:27:16 2.23 1.52 0.94 43.00 55.00°C normal
2018-12-22__19:27:22 2.05 1.49 0.93 40.00 56.00°C normal
2018-12-22__19:27:29 2.53 1.60 0.97 43.00 55.00°C normal
2018-12-22__19:27:34 2.49 1.61 0.98 37.00 55.00°C normal
2018-12-22__19:27:40 2.29 1.58 0.97 68.00 56.00°C note
2018-12-22__19:27:46 2.53 1.66 1.00 78.00 57.00°C warning
2018-12-22__19:27:51 2.96 1.77 1.04 42.00 56.00°C normal
2018-12-22__19:27:57 2.73 1.74 1.03 44.00 56.00°C normal
2018-12-22__19:28:04 2.51 1.71 1.03 42.00 55.00°C normal
2018-12-22__19:28:10 2.47 1.71 1.03 45.00 55.00°C normal
2018-12-22__19:28:15 2.16 1.67 1.03 43.00 56.00°C normal
2018-12-22__19:28:21 2.15 1.68 1.03 66.00 54.00°C note
2018-12-22__19:28:32 1.90 1.64 1.03 76.00 53.00°C warning
2018-12-22__19:28:43 1.60 1.58 1.01 68.00 53.00°C note
2018-12-22__19:28:54 1.43 1.55 1.01 40.00 54.00°C normal
2018-12-22__19:29:00 1.48 1.56 1.01 36.00 54.00°C normal
2018-12-22__19:29:05 1.41 1.54 1.01 48.00 55.00°C normal
2018-12-22__19:29:15 1.30 1.51 1.01 41.00 54.00°C normal
2018-12-22__19:29:21 1.32 1.51 1.01 53.00 55.00°C note
2018-12-22__19:29:26 1.61 1.57 1.03 52.00 55.00°C note
2018-12-22__19:29:32 1.48 1.54 1.03 65.00 54.00°C note
2018-12-22__19:29:43 1.58 1.56 1.04 41.00 54.00°C normal
2018-12-22__19:29:50 2.29 1.71 1.09 45.00 58.00°C normal
2018-12-22__19:29:56 2.11 1.68 1.08 90.00 55.00°C warning
2018-12-22__19:30:07 1.79 1.62 1.07 62.00 56.00°C note
2018-12-22__19:30:13 1.64 1.59 1.07 48.00 55.00°C normal
2018-12-22__19:30:18 1.51 1.57 1.06 40.00 55.00°C normal
2018-12-22__19:30:26 1.35 1.53 1.06 39.00 55.00°C normal
2018-12-22__19:30:31 1.24 1.51 1.05 50.00 55.00°C note
2018-12-22__19:30:37 1.14 1.48 1.04 38.00 55.00°C normal
2018-12-22__19:30:43 1.13 1.47 1.04 42.00 56.00°C normal
2018-12-22__19:30:48 1.04 1.45 1.04 68.00 56.00°C note
