2018-12-22 19:11:01 0 disk 95426 78777 17%
2018-12-22 19:11:01 1 /dev 1877 1877 0% 
2018-12-22 19:11:01 1 / 92991 76830 13% 
2018-12-22 19:11:01 1 /snap/core/5897 89 0 100% 
2018-12-22 19:11:01 1 /snap/goldendictionary/1 109 0 100% 
2018-12-22 19:11:01 1 /snap/core/6130 90 0 100% 
2018-12-22 19:11:01 1 /snap/core/6034 90 0 100% 
2018-12-22 19:11:01 1 /boot 180 70 59% 
2018-12-22 19:17:27 0 disk 29941 14256 52%
2018-12-22 19:17:27 1 / 29899 14235 51% 
2018-12-22 19:17:27 1 /boot 42 21 51% 
2018-12-22 19:18:29 0 disk 29941 14256 52%
2018-12-22 19:18:29 1 / 29899 14235 51% 
2018-12-22 19:18:29 1 /boot 42 21 51% 
2018-12-22 19:19:30 0 disk 29941 14256 52%
2018-12-22 19:19:30 1 / 29899 14235 51% 
2018-12-22 19:19:30 1 /boot 42 21 51% 
2018-12-22 19:20:31 0 disk 29941 14256 52%
2018-12-22 19:20:31 1 / 29899 14235 51% 
2018-12-22 19:20:31 1 /boot 42 21 51% 
2018-12-22 19:21:33 0 disk 29941 14256 52%
2018-12-22 19:21:33 1 / 29899 14235 51% 
2018-12-22 19:21:33 1 /boot 42 21 51% 
2018-12-22 19:22:39 0 disk 29941 14256 52%
2018-12-22 19:22:39 1 / 29899 14235 51% 
2018-12-22 19:22:39 1 /boot 42 21 51% 
2018-12-22 19:23:40 0 disk 29941 14256 52%
2018-12-22 19:23:40 1 / 29899 14235 51% 
2018-12-22 19:23:40 1 /boot 42 21 51% 
2018-12-22 19:24:41 0 disk 29941 14256 52%
2018-12-22 19:24:41 1 / 29899 14235 51% 
2018-12-22 19:24:41 1 /boot 42 21 51% 
2018-12-22 19:25:41 0 disk 29941 14256 52%
2018-12-22 19:25:41 1 / 29899 14235 51% 
2018-12-22 19:25:41 1 /boot 42 21 51% 
2018-12-22 19:26:42 0 disk 29941 14256 52%
2018-12-22 19:26:42 1 / 29899 14235 51% 
2018-12-22 19:26:42 1 /boot 42 21 51% 
2018-12-22 19:27:43 0 disk 29941 14256 52%
2018-12-22 19:27:43 1 / 29899 14235 51% 
2018-12-22 19:27:43 1 /boot 42 21 51% 
2018-12-22 19:28:44 0 disk 29941 14256 52%
2018-12-22 19:28:44 1 / 29899 14235 51% 
2018-12-22 19:28:44 1 /boot 42 21 51% 
2018-12-22 19:29:50 0 disk 29941 14256 52%
2018-12-22 19:29:50 1 / 29899 14235 51% 
2018-12-22 19:29:50 1 /boot 42 21 51% 
2018-12-22 20:36:25 0 disk 95426 78793 17%
2018-12-22 20:36:25 1 /dev 1877 1877 0% 
2018-12-22 20:36:25 1 / 92991 76846 13% 
2018-12-22 20:36:25 1 /snap/core/5897 89 0 100% 
2018-12-22 20:36:25 1 /snap/goldendictionary/1 109 0 100% 
2018-12-22 20:36:25 1 /snap/core/6130 90 0 100% 
2018-12-22 20:36:25 1 /snap/core/6034 90 0 100% 
2018-12-22 20:36:25 1 /boot 180 70 59% 
2018-12-23 09:24:03 0 disk 95426 78792 17%
2018-12-23 09:24:03 1 /dev 1877 1877 0% 
2018-12-23 09:24:03 1 / 92991 76845 13% 
2018-12-23 09:24:03 1 /snap/core/5897 89 0 100% 
2018-12-23 09:24:03 1 /snap/goldendictionary/1 109 0 100% 
2018-12-23 09:24:03 1 /snap/core/6130 90 0 100% 
2018-12-23 09:24:03 1 /snap/core/6034 90 0 100% 
2018-12-23 09:24:03 1 /boot 180 70 59% 
2018-12-23 10:29:54 0 disk 95426 78789 17%
2018-12-23 10:29:54 1 /dev 1877 1877 0% 
2018-12-23 10:29:54 1 / 92991 76842 13% 
2018-12-23 10:29:54 1 /snap/core/5897 89 0 100% 
2018-12-23 10:29:54 1 /snap/goldendictionary/1 109 0 100% 
2018-12-23 10:29:54 1 /snap/core/6130 90 0 100% 
2018-12-23 10:29:54 1 /snap/core/6034 90 0 100% 
2018-12-23 10:29:54 1 /boot 180 70 59% 
2018-12-23 10:44:12 0 disk 95426 78789 17%
2018-12-23 10:44:12 1 /dev 1877 1877 0% 
2018-12-23 10:44:12 1 / 92991 76842 13% 
2018-12-23 10:44:12 1 /snap/core/5897 89 0 100% 
2018-12-23 10:44:12 1 /snap/goldendictionary/1 109 0 100% 
2018-12-23 10:44:12 1 /snap/core/6130 90 0 100% 
2018-12-23 10:44:12 1 /snap/core/6034 90 0 100% 
2018-12-23 10:44:12 1 /boot 180 70 59% 
2018-12-23 10:44:21 0 disk 95426 78789 17%
2018-12-23 10:44:21 1 /dev 1877 1877 0% 
2018-12-23 10:44:21 1 / 92991 76842 13% 
2018-12-23 10:44:21 1 /snap/core/5897 89 0 100% 
2018-12-23 10:44:21 1 /snap/goldendictionary/1 109 0 100% 
2018-12-23 10:44:21 1 /snap/core/6130 90 0 100% 
2018-12-23 10:44:21 1 /snap/core/6034 90 0 100% 
2018-12-23 10:44:21 1 /boot 180 70 59% 
2018-12-23 10:44:36 0 disk 95426 78789 17%
2018-12-23 10:44:36 1 /dev 1877 1877 0% 
2018-12-23 10:44:36 1 / 92991 76842 13% 
2018-12-23 10:44:36 1 /snap/core/5897 89 0 100% 
2018-12-23 10:44:36 1 /snap/goldendictionary/1 109 0 100% 
2018-12-23 10:44:36 1 /snap/core/6130 90 0 100% 
2018-12-23 10:44:36 1 /snap/core/6034 90 0 100% 
2018-12-23 10:44:36 1 /boot 180 70 59% 
2018-12-23 10:44:43 0 disk 95426 78789 17%
2018-12-23 10:44:43 1 /dev 1877 1877 0% 
2018-12-23 10:44:43 1 / 92991 76842 13% 
2018-12-23 10:44:43 1 /snap/core/5897 89 0 100% 
2018-12-23 10:44:43 1 /snap/goldendictionary/1 109 0 100% 
2018-12-23 10:44:43 1 /snap/core/6130 90 0 100% 
2018-12-23 10:44:43 1 /snap/core/6034 90 0 100% 
2018-12-23 10:44:43 1 /boot 180 70 59% 
2018-12-23 10:51:29 0 disk 95426 78789 17%
2018-12-23 10:51:29 1 /dev 1877 1877 0% 
2018-12-23 10:51:29 1 / 92991 76842 13% 
2018-12-23 10:51:29 1 /snap/core/5897 89 0 100% 
2018-12-23 10:51:29 1 /snap/goldendictionary/1 109 0 100% 
2018-12-23 10:51:29 1 /snap/core/6130 90 0 100% 
2018-12-23 10:51:29 1 /snap/core/6034 90 0 100% 
2018-12-23 10:51:29 1 /boot 180 70 59% 
2018-12-23 10:51:36 0 disk 95426 78789 17%
2018-12-23 10:51:36 1 /dev 1877 1877 0% 
2018-12-23 10:51:36 1 / 92991 76842 13% 
2018-12-23 10:51:36 1 /snap/core/5897 89 0 100% 
2018-12-23 10:51:36 1 /snap/goldendictionary/1 109 0 100% 
2018-12-23 10:51:36 1 /snap/core/6130 90 0 100% 
2018-12-23 10:51:36 1 /snap/core/6034 90 0 100% 
2018-12-23 10:51:36 1 /boot 180 70 59% 
2018-12-23 10:53:22 0 disk 95426 78789 17%
2018-12-23 10:53:22 1 /dev 1877 1877 0% 
2018-12-23 10:53:22 1 / 92991 76842 13% 
2018-12-23 10:53:22 1 /snap/core/5897 89 0 100% 
2018-12-23 10:53:22 1 /snap/goldendictionary/1 109 0 100% 
2018-12-23 10:53:22 1 /snap/core/6130 90 0 100% 
2018-12-23 10:53:22 1 /snap/core/6034 90 0 100% 
2018-12-23 10:53:22 1 /boot 180 70 59% 
2018-12-23 10:54:33 0 disk 95426 78789 17%
2018-12-23 10:54:33 1 /dev 1877 1877 0% 
2018-12-23 10:54:33 1 / 92991 76842 13% 
2018-12-23 10:54:33 1 /snap/core/5897 89 0 100% 
2018-12-23 10:54:33 1 /snap/goldendictionary/1 109 0 100% 
2018-12-23 10:54:33 1 /snap/core/6130 90 0 100% 
2018-12-23 10:54:33 1 /snap/core/6034 90 0 100% 
2018-12-23 10:54:33 1 /boot 180 70 59% 
2018-12-23 10:54:47 0 disk 95426 78789 17%
2018-12-23 10:54:47 1 /dev 1877 1877 0% 
2018-12-23 10:54:47 1 / 92991 76842 13% 
2018-12-23 10:54:47 1 /snap/core/5897 89 0 100% 
2018-12-23 10:54:47 1 /snap/goldendictionary/1 109 0 100% 
2018-12-23 10:54:47 1 /snap/core/6130 90 0 100% 
2018-12-23 10:54:47 1 /snap/core/6034 90 0 100% 
2018-12-23 10:54:47 1 /boot 180 70 59% 
2018-12-23 11:36:32 0 disk 29941 14238 52%
2018-12-23 11:36:32 1 / 29899 14217 51% 
2018-12-23 11:36:32 1 /boot 42 21 51% 
2018-12-23 11:37:32 0 disk 29941 14238 52%
2018-12-23 11:37:32 1 / 29899 14217 51% 
2018-12-23 11:37:32 1 /boot 42 21 51% 
2018-12-23 11:38:32 0 disk 29941 14238 52%
2018-12-23 11:38:32 1 / 29899 14217 51% 
2018-12-23 11:38:32 1 /boot 42 21 51% 
2018-12-23 11:39:32 0 disk 29941 14238 52%
2018-12-23 11:39:32 1 / 29899 14217 51% 
2018-12-23 11:39:32 1 /boot 42 21 51% 
2018-12-23 11:40:32 0 disk 29941 14238 52%
2018-12-23 11:40:32 1 / 29899 14217 51% 
2018-12-23 11:40:32 1 /boot 42 21 51% 
2018-12-23 11:41:32 0 disk 29941 14238 52%
2018-12-23 11:41:32 1 / 29899 14217 51% 
2018-12-23 11:41:32 1 /boot 42 21 51% 
2018-12-23 11:42:32 0 disk 29941 14238 52%
2018-12-23 11:42:32 1 / 29899 14217 51% 
2018-12-23 11:42:32 1 /boot 42 21 51% 
2018-12-22 20:36:25 0 disk 95426 78793 17%
2018-12-22 20:36:25 1 /dev 1877 1877 0% 
2018-12-22 20:36:25 1 / 92991 76846 13% 
2018-12-22 20:36:25 1 /snap/core/5897 89 0 100% 
2018-12-22 20:36:25 1 /snap/goldendictionary/1 109 0 100% 
2018-12-22 20:36:25 1 /snap/core/6130 90 0 100% 
2018-12-22 20:36:25 1 /snap/core/6034 90 0 100% 
2018-12-22 20:36:25 1 /boot 180 70 59% 
2018-12-23 09:24:03 0 disk 95426 78792 17%
2018-12-23 09:24:03 1 /dev 1877 1877 0% 
2018-12-23 09:24:03 1 / 92991 76845 13% 
2018-12-23 09:24:03 1 /snap/core/5897 89 0 100% 
2018-12-23 09:24:03 1 /snap/goldendictionary/1 109 0 100% 
2018-12-23 09:24:03 1 /snap/core/6130 90 0 100% 
2018-12-23 09:24:03 1 /snap/core/6034 90 0 100% 
2018-12-23 09:24:03 1 /boot 180 70 59% 
2018-12-23 10:29:54 0 disk 95426 78789 17%
2018-12-23 10:29:54 1 /dev 1877 1877 0% 
2018-12-23 10:29:54 1 / 92991 76842 13% 
2018-12-23 10:29:54 1 /snap/core/5897 89 0 100% 
2018-12-23 10:29:54 1 /snap/goldendictionary/1 109 0 100% 
2018-12-23 10:29:54 1 /snap/core/6130 90 0 100% 
2018-12-23 10:29:54 1 /snap/core/6034 90 0 100% 
2018-12-23 10:29:54 1 /boot 180 70 59% 
2018-12-23 10:44:12 0 disk 95426 78789 17%
2018-12-23 10:44:12 1 /dev 1877 1877 0% 
2018-12-23 10:44:12 1 / 92991 76842 13% 
2018-12-23 10:44:12 1 /snap/core/5897 89 0 100% 
2018-12-23 10:44:12 1 /snap/goldendictionary/1 109 0 100% 
2018-12-23 10:44:12 1 /snap/core/6130 90 0 100% 
2018-12-23 10:44:12 1 /snap/core/6034 90 0 100% 
2018-12-23 10:44:12 1 /boot 180 70 59% 
2018-12-23 10:44:21 0 disk 95426 78789 17%
2018-12-23 10:44:21 1 /dev 1877 1877 0% 
2018-12-23 10:44:21 1 / 92991 76842 13% 
2018-12-23 10:44:21 1 /snap/core/5897 89 0 100% 
2018-12-23 10:44:21 1 /snap/goldendictionary/1 109 0 100% 
2018-12-23 10:44:21 1 /snap/core/6130 90 0 100% 
2018-12-23 10:44:21 1 /snap/core/6034 90 0 100% 
2018-12-23 10:44:21 1 /boot 180 70 59% 
2018-12-23 10:44:36 0 disk 95426 78789 17%
2018-12-23 10:44:36 1 /dev 1877 1877 0% 
2018-12-23 10:44:36 1 / 92991 76842 13% 
2018-12-23 10:44:36 1 /snap/core/5897 89 0 100% 
2018-12-23 10:44:36 1 /snap/goldendictionary/1 109 0 100% 
2018-12-23 10:44:36 1 /snap/core/6130 90 0 100% 
2018-12-23 10:44:36 1 /snap/core/6034 90 0 100% 
2018-12-23 10:44:36 1 /boot 180 70 59% 
2018-12-23 10:44:43 0 disk 95426 78789 17%
2018-12-23 10:44:43 1 /dev 1877 1877 0% 
2018-12-23 10:44:43 1 / 92991 76842 13% 
2018-12-23 10:44:43 1 /snap/core/5897 89 0 100% 
2018-12-23 10:44:43 1 /snap/goldendictionary/1 109 0 100% 
2018-12-23 10:44:43 1 /snap/core/6130 90 0 100% 
2018-12-23 10:44:43 1 /snap/core/6034 90 0 100% 
2018-12-23 10:44:43 1 /boot 180 70 59% 
2018-12-23 10:51:29 0 disk 95426 78789 17%
2018-12-23 10:51:29 1 /dev 1877 1877 0% 
2018-12-23 10:51:29 1 / 92991 76842 13% 
2018-12-23 10:51:29 1 /snap/core/5897 89 0 100% 
2018-12-23 10:51:29 1 /snap/goldendictionary/1 109 0 100% 
2018-12-23 10:51:29 1 /snap/core/6130 90 0 100% 
2018-12-23 10:51:29 1 /snap/core/6034 90 0 100% 
2018-12-23 10:51:29 1 /boot 180 70 59% 
2018-12-23 10:51:36 0 disk 95426 78789 17%
2018-12-23 10:51:36 1 /dev 1877 1877 0% 
2018-12-23 10:51:36 1 / 92991 76842 13% 
2018-12-23 10:51:36 1 /snap/core/5897 89 0 100% 
2018-12-23 10:51:36 1 /snap/goldendictionary/1 109 0 100% 
2018-12-23 10:51:36 1 /snap/core/6130 90 0 100% 
2018-12-23 10:51:36 1 /snap/core/6034 90 0 100% 
2018-12-23 10:51:36 1 /boot 180 70 59% 
2018-12-23 10:53:22 0 disk 95426 78789 17%
2018-12-23 10:53:22 1 /dev 1877 1877 0% 
2018-12-23 10:53:22 1 / 92991 76842 13% 
2018-12-23 10:53:22 1 /snap/core/5897 89 0 100% 
2018-12-23 10:53:22 1 /snap/goldendictionary/1 109 0 100% 
2018-12-23 10:53:22 1 /snap/core/6130 90 0 100% 
2018-12-23 10:53:22 1 /snap/core/6034 90 0 100% 
2018-12-23 10:53:22 1 /boot 180 70 59% 
2018-12-23 10:54:33 0 disk 95426 78789 17%
2018-12-23 10:54:33 1 /dev 1877 1877 0% 
2018-12-23 10:54:33 1 / 92991 76842 13% 
2018-12-23 10:54:33 1 /snap/core/5897 89 0 100% 
2018-12-23 10:54:33 1 /snap/goldendictionary/1 109 0 100% 
2018-12-23 10:54:33 1 /snap/core/6130 90 0 100% 
2018-12-23 10:54:33 1 /snap/core/6034 90 0 100% 
2018-12-23 10:54:33 1 /boot 180 70 59% 
2018-12-23 10:54:47 0 disk 95426 78789 17%
2018-12-23 10:54:47 1 /dev 1877 1877 0% 
2018-12-23 10:54:47 1 / 92991 76842 13% 
2018-12-23 10:54:47 1 /snap/core/5897 89 0 100% 
2018-12-23 10:54:47 1 /snap/goldendictionary/1 109 0 100% 
2018-12-23 10:54:47 1 /snap/core/6130 90 0 100% 
2018-12-23 10:54:47 1 /snap/core/6034 90 0 100% 
2018-12-23 10:54:47 1 /boot 180 70 59% 
2018-12-23 13:52:04 0 disk 29941 14247 52%
2018-12-23 13:52:04 1 / 29899 14226 51% 
2018-12-23 13:52:04 1 /boot 42 21 51% 
2018-12-23 13:53:04 0 disk 29941 14247 52%
2018-12-23 13:53:04 1 / 29899 14226 51% 
2018-12-23 13:53:04 1 /boot 42 21 51% 
2018-12-23 13:54:04 0 disk 29941 14247 52%
2018-12-23 13:54:04 1 / 29899 14226 51% 
2018-12-23 13:54:04 1 /boot 42 21 51% 
2018-12-23 13:55:04 0 disk 29941 14247 52%
2018-12-23 13:55:04 1 / 29899 14226 51% 
2018-12-23 13:55:04 1 /boot 42 21 51% 
2018-12-23 13:56:04 0 disk 29941 14247 52%
2018-12-23 13:56:04 1 / 29899 14226 51% 
2018-12-23 13:56:04 1 /boot 42 21 51% 
2018-12-23 13:57:04 0 disk 29941 14247 52%
2018-12-23 13:57:04 1 / 29899 14226 51% 
2018-12-23 13:57:04 1 /boot 42 21 51% 
2018-12-23 13:58:04 0 disk 29941 14247 52%
2018-12-23 13:58:04 1 / 29899 14226 51% 
2018-12-23 13:58:04 1 /boot 42 21 51% 
2018-12-23 13:59:04 0 disk 29941 14247 52%
2018-12-23 13:59:04 1 / 29899 14226 51% 
2018-12-23 13:59:04 1 /boot 42 21 51% 
2018-12-23 14:00:04 0 disk 29941 14247 52%
2018-12-23 14:00:04 1 / 29899 14226 51% 
2018-12-23 14:00:04 1 /boot 42 21 51% 
2018-12-23 14:01:05 0 disk 29941 14247 52%
2018-12-23 14:01:05 1 / 29899 14226 51% 
2018-12-23 14:01:05 1 /boot 42 21 51% 
2018-12-23 14:02:05 0 disk 29941 14247 52%
2018-12-23 14:02:05 1 / 29899 14226 51% 
2018-12-23 14:02:05 1 /boot 42 21 51% 
2018-12-23 14:03:05 0 disk 29941 14247 52%
2018-12-23 14:03:05 1 / 29899 14226 51% 
2018-12-23 14:03:05 1 /boot 42 21 51% 
2018-12-23 14:04:05 0 disk 29941 14247 52%
2018-12-23 14:04:05 1 / 29899 14226 51% 
2018-12-23 14:04:05 1 /boot 42 21 51% 
2018-12-23 14:05:05 0 disk 29941 14247 52%
2018-12-23 14:05:05 1 / 29899 14226 51% 
2018-12-23 14:05:05 1 /boot 42 21 51% 
2018-12-23 14:06:05 0 disk 29941 14247 52%
2018-12-23 14:06:05 1 / 29899 14226 51% 
2018-12-23 14:06:05 1 /boot 42 21 51% 
2018-12-23 14:07:05 0 disk 29941 14247 52%
2018-12-23 14:07:05 1 / 29899 14226 51% 
2018-12-23 14:07:05 1 /boot 42 21 51% 
2018-12-23 14:08:05 0 disk 29941 14247 52%
2018-12-23 14:08:05 1 / 29899 14226 51% 
2018-12-23 14:08:05 1 /boot 42 21 51% 
2018-12-23 14:09:05 0 disk 29941 14247 52%
2018-12-23 14:09:05 1 / 29899 14226 51% 
2018-12-23 14:09:05 1 /boot 42 21 51% 
2018-12-23 14:10:05 0 disk 29941 14247 52%
2018-12-23 14:10:05 1 / 29899 14226 51% 
2018-12-23 14:10:05 1 /boot 42 21 51% 
2018-12-23 14:11:05 0 disk 29941 14247 52%
2018-12-23 14:11:05 1 / 29899 14226 51% 
2018-12-23 14:11:05 1 /boot 42 21 51% 
2018-12-23 14:12:05 0 disk 29941 14247 52%
2018-12-23 14:12:05 1 / 29899 14226 51% 
2018-12-23 14:12:05 1 /boot 42 21 51% 
2018-12-23 14:13:05 0 disk 29941 14247 52%
2018-12-23 14:13:05 1 / 29899 14226 51% 
2018-12-23 14:13:05 1 /boot 42 21 51% 
2018-12-23 14:14:05 0 disk 29941 14247 52%
2018-12-23 14:14:05 1 / 29899 14226 51% 
2018-12-23 14:14:05 1 /boot 42 21 51% 
2018-12-23 14:15:05 0 disk 29941 14247 52%
2018-12-23 14:15:05 1 / 29899 14226 51% 
2018-12-23 14:15:05 1 /boot 42 21 51% 
2018-12-23 14:16:05 0 disk 29941 14247 52%
2018-12-23 14:16:05 1 / 29899 14226 51% 
2018-12-23 14:16:05 1 /boot 42 21 51% 
2018-12-23 14:17:05 0 disk 29941 14247 52%
2018-12-23 14:17:05 1 / 29899 14226 51% 
2018-12-23 14:17:05 1 /boot 42 21 51% 
2018-12-23 14:18:05 0 disk 29941 14247 52%
2018-12-23 14:18:05 1 / 29899 14226 51% 
2018-12-23 14:18:05 1 /boot 42 21 51% 
2018-12-23 14:19:05 0 disk 29941 14247 52%
2018-12-23 14:19:05 1 / 29899 14226 51% 
2018-12-23 14:19:05 1 /boot 42 21 51% 
2018-12-23 14:20:05 0 disk 29941 14247 52%
2018-12-23 14:20:05 1 / 29899 14226 51% 
2018-12-23 14:20:05 1 /boot 42 21 51% 
2018-12-23 14:21:05 0 disk 29941 14247 52%
2018-12-23 14:21:05 1 / 29899 14226 51% 
2018-12-23 14:21:05 1 /boot 42 21 51% 
2018-12-23 14:22:05 0 disk 29941 14247 52%
2018-12-23 14:22:05 1 / 29899 14226 51% 
2018-12-23 14:22:05 1 /boot 42 21 51% 
2018-12-23 14:23:05 0 disk 29941 14247 52%
2018-12-23 14:23:05 1 / 29899 14226 51% 
2018-12-23 14:23:05 1 /boot 42 21 51% 
2018-12-23 14:24:06 0 disk 29941 14247 52%
2018-12-23 14:24:06 1 / 29899 14226 51% 
2018-12-23 14:24:06 1 /boot 42 21 51% 
2018-12-23 14:25:06 0 disk 29941 14247 52%
2018-12-23 14:25:06 1 / 29899 14226 51% 
2018-12-23 14:25:06 1 /boot 42 21 51% 
2018-12-23 14:26:06 0 disk 29941 14247 52%
2018-12-23 14:26:06 1 / 29899 14226 51% 
2018-12-23 14:26:06 1 /boot 42 21 51% 
2018-12-23 14:27:10 0 disk 29941 14247 52%
2018-12-23 14:27:10 1 / 29899 14226 51% 
2018-12-23 14:27:10 1 /boot 42 21 51% 
2018-12-23 14:28:10 0 disk 29941 14247 52%
2018-12-23 14:28:10 1 / 29899 14226 51% 
2018-12-23 14:28:10 1 /boot 42 21 51% 
2018-12-23 14:29:10 0 disk 29941 14247 52%
2018-12-23 14:29:10 1 / 29899 14226 51% 
2018-12-23 14:29:10 1 /boot 42 21 51% 
2018-12-23 14:30:11 0 disk 29941 14247 52%
2018-12-23 14:30:11 1 / 29899 14226 51% 
2018-12-23 14:30:11 1 /boot 42 21 51% 
2018-12-23 14:31:11 0 disk 29941 14247 52%
2018-12-23 14:31:11 1 / 29899 14226 51% 
2018-12-23 14:31:11 1 /boot 42 21 51% 
2018-12-23 14:32:11 0 disk 29941 14247 52%
2018-12-23 14:32:11 1 / 29899 14226 51% 
2018-12-23 14:32:11 1 /boot 42 21 51% 
2018-12-23 14:33:11 0 disk 29941 14247 52%
2018-12-23 14:33:11 1 / 29899 14226 51% 
2018-12-23 14:33:11 1 /boot 42 21 51% 
2018-12-23 14:34:11 0 disk 29941 14247 52%
2018-12-23 14:34:11 1 / 29899 14226 51% 
2018-12-23 14:34:11 1 /boot 42 21 51% 
2018-12-23 14:35:12 0 disk 29941 14247 52%
2018-12-23 14:35:12 1 / 29899 14226 51% 
2018-12-23 14:35:12 1 /boot 42 21 51% 
2018-12-23 14:36:12 0 disk 29941 14247 52%
2018-12-23 14:36:12 1 / 29899 14226 51% 
2018-12-23 14:36:12 1 /boot 42 21 51% 
2018-12-23 14:37:12 0 disk 29941 14247 52%
2018-12-23 14:37:12 1 / 29899 14226 51% 
2018-12-23 14:37:12 1 /boot 42 21 51% 
2018-12-23 14:38:14 0 disk 29941 14247 52%
2018-12-23 14:38:14 1 / 29899 14226 51% 
2018-12-23 14:38:14 1 /boot 42 21 51% 
2018-12-23 14:39:14 0 disk 29941 14247 52%
2018-12-23 14:39:14 1 / 29899 14226 51% 
2018-12-23 14:39:14 1 /boot 42 21 51% 
2018-12-23 14:40:14 0 disk 29941 14247 52%
2018-12-23 14:40:14 1 / 29899 14226 51% 
2018-12-23 14:40:14 1 /boot 42 21 51% 
2018-12-23 14:41:14 0 disk 29941 14247 52%
2018-12-23 14:41:14 1 / 29899 14226 51% 
2018-12-23 14:41:14 1 /boot 42 21 51% 
2018-12-23 14:42:14 0 disk 29941 14247 52%
2018-12-23 14:42:14 1 / 29899 14226 51% 
2018-12-23 14:42:14 1 /boot 42 21 51% 
2018-12-23 14:43:14 0 disk 29941 14247 52%
2018-12-23 14:43:14 1 / 29899 14226 51% 
2018-12-23 14:43:14 1 /boot 42 21 51% 
2018-12-23 14:44:14 0 disk 29941 14247 52%
2018-12-23 14:44:14 1 / 29899 14226 51% 
2018-12-23 14:44:14 1 /boot 42 21 51% 
2018-12-23 14:45:14 0 disk 29941 14247 52%
2018-12-23 14:45:14 1 / 29899 14226 51% 
2018-12-23 14:45:14 1 /boot 42 21 51% 
2018-12-23 14:46:14 0 disk 29941 14247 52%
2018-12-23 14:46:14 1 / 29899 14226 51% 
2018-12-23 14:46:14 1 /boot 42 21 51% 
2018-12-23 14:47:14 0 disk 29941 14247 52%
2018-12-23 14:47:14 1 / 29899 14226 51% 
2018-12-23 14:47:14 1 /boot 42 21 51% 
2018-12-23 14:48:14 0 disk 29941 14247 52%
2018-12-23 14:48:14 1 / 29899 14226 51% 
2018-12-23 14:48:14 1 /boot 42 21 51% 
2018-12-23 14:49:14 0 disk 29941 14247 52%
2018-12-23 14:49:14 1 / 29899 14226 51% 
2018-12-23 14:49:14 1 /boot 42 21 51% 
2018-12-23 14:50:14 0 disk 29941 14247 52%
2018-12-23 14:50:14 1 / 29899 14226 51% 
2018-12-23 14:50:14 1 /boot 42 21 51% 
2018-12-23 14:51:14 0 disk 29941 14247 52%
2018-12-23 14:51:14 1 / 29899 14226 51% 
2018-12-23 14:51:14 1 /boot 42 21 51% 
2018-12-23 14:52:14 0 disk 29941 14247 52%
2018-12-23 14:52:14 1 / 29899 14226 51% 
2018-12-23 14:52:14 1 /boot 42 21 51% 
2018-12-23 14:53:14 0 disk 29941 14247 52%
2018-12-23 14:53:14 1 / 29899 14226 51% 
2018-12-23 14:53:14 1 /boot 42 21 51% 
2018-12-23 14:54:14 0 disk 29941 14247 52%
2018-12-23 14:54:14 1 / 29899 14226 51% 
2018-12-23 14:54:14 1 /boot 42 21 51% 
2018-12-23 14:55:14 0 disk 29941 14247 52%
2018-12-23 14:55:14 1 / 29899 14226 51% 
2018-12-23 14:55:14 1 /boot 42 21 51% 
2018-12-23 14:56:14 0 disk 29941 14247 52%
2018-12-23 14:56:14 1 / 29899 14226 51% 
2018-12-23 14:56:14 1 /boot 42 21 51% 
2018-12-23 14:57:15 0 disk 29941 14247 52%
2018-12-23 14:57:15 1 / 29899 14226 51% 
2018-12-23 14:57:15 1 /boot 42 21 51% 
2018-12-23 14:58:15 0 disk 29941 14247 52%
2018-12-23 14:58:15 1 / 29899 14226 51% 
2018-12-23 14:58:15 1 /boot 42 21 51% 
2018-12-23 14:59:15 0 disk 29941 14247 52%
2018-12-23 14:59:15 1 / 29899 14226 51% 
2018-12-23 14:59:15 1 /boot 42 21 51% 
2018-12-23 15:00:15 0 disk 29941 14247 52%
2018-12-23 15:00:15 1 / 29899 14226 51% 
2018-12-23 15:00:15 1 /boot 42 21 51% 
2018-12-23 15:01:15 0 disk 29941 14247 52%
2018-12-23 15:01:15 1 / 29899 14226 51% 
2018-12-23 15:01:15 1 /boot 42 21 51% 
2018-12-23 15:02:15 0 disk 29941 14247 52%
2018-12-23 15:02:15 1 / 29899 14226 51% 
2018-12-23 15:02:15 1 /boot 42 21 51% 
2018-12-23 15:03:15 0 disk 29941 14247 52%
2018-12-23 15:03:15 1 / 29899 14226 51% 
2018-12-23 15:03:15 1 /boot 42 21 51% 
2018-12-23 15:45:22 0 disk 29941 14246 52%
2018-12-23 15:45:22 1 / 29899 14225 51% 
2018-12-23 15:45:22 1 /boot 42 21 51% 
2018-12-23 15:46:22 0 disk 29941 14246 52%
2018-12-23 15:46:22 1 / 29899 14225 51% 
2018-12-23 15:46:22 1 /boot 42 21 51% 
2018-12-23 15:47:22 0 disk 29941 14246 52%
2018-12-23 15:47:22 1 / 29899 14225 51% 
2018-12-23 15:47:22 1 /boot 42 21 51% 
2018-12-23 15:48:22 0 disk 29941 14246 52%
2018-12-23 15:48:22 1 / 29899 14225 51% 
2018-12-23 15:48:22 1 /boot 42 21 51% 
2018-12-23 15:49:22 0 disk 29941 14246 52%
2018-12-23 15:49:22 1 / 29899 14225 51% 
2018-12-23 15:49:22 1 /boot 42 21 51% 
2018-12-23 15:50:23 0 disk 29941 14246 52%
2018-12-23 15:50:23 1 / 29899 14225 51% 
2018-12-23 15:50:23 1 /boot 42 21 51% 
2018-12-23 15:51:24 0 disk 29941 14246 52%
2018-12-23 15:51:24 1 / 29899 14225 51% 
2018-12-23 15:51:24 1 /boot 42 21 51% 
2018-12-23 15:52:24 0 disk 29941 14246 52%
2018-12-23 15:52:24 1 / 29899 14225 51% 
2018-12-23 15:52:24 1 /boot 42 21 51% 
2018-12-23 15:53:24 0 disk 29941 14246 52%
2018-12-23 15:53:24 1 / 29899 14225 51% 
2018-12-23 15:53:24 1 /boot 42 21 51% 
2018-12-23 15:54:25 0 disk 29941 14246 52%
2018-12-23 15:54:25 1 / 29899 14225 51% 
2018-12-23 15:54:25 1 /boot 42 21 51% 
2018-12-23 15:55:25 0 disk 29941 14246 52%
2018-12-23 15:55:25 1 / 29899 14225 51% 
2018-12-23 15:55:25 1 /boot 42 21 51% 
2018-12-23 15:57:05 0 disk 29941 14246 52%
2018-12-23 15:57:05 1 / 29899 14225 51% 
2018-12-23 15:57:05 1 /boot 42 21 51% 
2018-12-23 15:58:05 0 disk 29941 14246 52%
2018-12-23 15:58:05 1 / 29899 14225 51% 
2018-12-23 15:58:05 1 /boot 42 21 51% 
2018-12-23 15:59:06 0 disk 29941 14246 52%
2018-12-23 15:59:06 1 / 29899 14225 51% 
2018-12-23 15:59:06 1 /boot 42 21 51% 
2018-12-23 16:00:06 0 disk 29941 14246 52%
2018-12-23 16:00:06 1 / 29899 14225 51% 
2018-12-23 16:00:06 1 /boot 42 21 51% 
2018-12-23 16:01:06 0 disk 29941 14246 52%
2018-12-23 16:01:06 1 / 29899 14225 51% 
2018-12-23 16:01:06 1 /boot 42 21 51% 
2018-12-23 16:02:06 0 disk 29941 14246 52%
2018-12-23 16:02:06 1 / 29899 14225 51% 
2018-12-23 16:02:06 1 /boot 42 21 51% 
2018-12-23 16:03:06 0 disk 29941 14246 52%
2018-12-23 16:03:06 1 / 29899 14225 51% 
2018-12-23 16:03:06 1 /boot 42 21 51% 
2018-12-23 16:04:06 0 disk 29941 14246 52%
2018-12-23 16:04:06 1 / 29899 14225 51% 
2018-12-23 16:04:06 1 /boot 42 21 51% 
2018-12-23 16:05:06 0 disk 29941 14246 52%
2018-12-23 16:05:06 1 / 29899 14225 51% 
2018-12-23 16:05:06 1 /boot 42 21 51% 
2018-12-23 16:06:06 0 disk 29941 14245 52%
2018-12-23 16:06:06 1 / 29899 14224 51% 
2018-12-23 16:06:06 1 /boot 42 21 51% 
2018-12-23 16:07:06 0 disk 29941 14245 52%
2018-12-23 16:07:06 1 / 29899 14224 51% 
2018-12-23 16:07:06 1 /boot 42 21 51% 
2018-12-23 16:08:06 0 disk 29941 14245 52%
2018-12-23 16:08:06 1 / 29899 14224 51% 
2018-12-23 16:08:06 1 /boot 42 21 51% 
2018-12-23 16:09:06 0 disk 29941 14245 52%
2018-12-23 16:09:06 1 / 29899 14224 51% 
2018-12-23 16:09:06 1 /boot 42 21 51% 
2018-12-23 16:10:06 0 disk 29941 14245 52%
2018-12-23 16:10:06 1 / 29899 14224 51% 
2018-12-23 16:10:06 1 /boot 42 21 51% 
2018-12-23 16:11:06 0 disk 29941 14245 52%
2018-12-23 16:11:06 1 / 29899 14224 51% 
2018-12-23 16:11:06 1 /boot 42 21 51% 
2018-12-23 16:12:06 0 disk 29941 14245 52%
2018-12-23 16:12:06 1 / 29899 14224 51% 
2018-12-23 16:12:06 1 /boot 42 21 51% 
2018-12-23 16:13:06 0 disk 29941 14245 52%
2018-12-23 16:13:06 1 / 29899 14224 51% 
2018-12-23 16:13:06 1 /boot 42 21 51% 
2018-12-23 16:14:06 0 disk 29941 14245 52%
2018-12-23 16:14:06 1 / 29899 14224 51% 
2018-12-23 16:14:06 1 /boot 42 21 51% 
2018-12-23 16:15:06 0 disk 29941 14245 52%
2018-12-23 16:15:06 1 / 29899 14224 51% 
2018-12-23 16:15:06 1 /boot 42 21 51% 
2018-12-23 16:16:06 0 disk 29941 14245 52%
2018-12-23 16:16:06 1 / 29899 14224 51% 
2018-12-23 16:16:06 1 /boot 42 21 51% 
2018-12-23 16:17:06 0 disk 29941 14245 52%
2018-12-23 16:17:06 1 / 29899 14224 51% 
2018-12-23 16:17:06 1 /boot 42 21 51% 
2018-12-23 16:18:07 0 disk 29941 14245 52%
2018-12-23 16:18:07 1 / 29899 14224 51% 
2018-12-23 16:18:07 1 /boot 42 21 51% 
2018-12-23 16:19:07 0 disk 29941 14245 52%
2018-12-23 16:19:07 1 / 29899 14224 51% 
2018-12-23 16:19:07 1 /boot 42 21 51% 
2018-12-23 16:20:07 0 disk 29941 14245 52%
2018-12-23 16:20:07 1 / 29899 14224 51% 
2018-12-23 16:20:07 1 /boot 42 21 51% 
2018-12-23 16:21:07 0 disk 29941 14245 52%
2018-12-23 16:21:07 1 / 29899 14224 51% 
2018-12-23 16:21:07 1 /boot 42 21 51% 
2018-12-23 16:22:07 0 disk 29941 14245 52%
2018-12-23 16:22:07 1 / 29899 14224 51% 
2018-12-23 16:22:07 1 /boot 42 21 51% 
2018-12-23 16:23:07 0 disk 29941 14245 52%
2018-12-23 16:23:07 1 / 29899 14224 51% 
2018-12-23 16:23:07 1 /boot 42 21 51% 
2018-12-23 16:24:07 0 disk 29941 14245 52%
2018-12-23 16:24:07 1 / 29899 14224 51% 
2018-12-23 16:24:07 1 /boot 42 21 51% 
2018-12-23 16:25:07 0 disk 29941 14245 52%
2018-12-23 16:25:07 1 / 29899 14224 51% 
2018-12-23 16:25:07 1 /boot 42 21 51% 
2018-12-23 16:26:07 0 disk 29941 14245 52%
2018-12-23 16:26:07 1 / 29899 14224 51% 
2018-12-23 16:26:07 1 /boot 42 21 51% 
2018-12-23 16:27:07 0 disk 29941 14245 52%
2018-12-23 16:27:07 1 / 29899 14224 51% 
2018-12-23 16:27:07 1 /boot 42 21 51% 
2018-12-23 16:28:07 0 disk 29941 14245 52%
2018-12-23 16:28:07 1 / 29899 14224 51% 
2018-12-23 16:28:07 1 /boot 42 21 51% 
2018-12-23 16:29:07 0 disk 29941 14245 52%
2018-12-23 16:29:07 1 / 29899 14224 51% 
2018-12-23 16:29:07 1 /boot 42 21 51% 
2018-12-23 16:30:07 0 disk 29941 14245 52%
2018-12-23 16:30:07 1 / 29899 14224 51% 
2018-12-23 16:30:07 1 /boot 42 21 51% 
2018-12-23 16:31:07 0 disk 29941 14245 52%
2018-12-23 16:31:07 1 / 29899 14224 51% 
2018-12-23 16:31:07 1 /boot 42 21 51% 
2018-12-23 16:32:07 0 disk 29941 14245 52%
2018-12-23 16:32:07 1 / 29899 14224 51% 
2018-12-23 16:32:07 1 /boot 42 21 51% 
2018-12-23 16:33:07 0 disk 29941 14245 52%
2018-12-23 16:33:07 1 / 29899 14224 51% 
2018-12-23 16:33:07 1 /boot 42 21 51% 
2018-12-23 16:34:07 0 disk 29941 14245 52%
2018-12-23 16:34:07 1 / 29899 14224 51% 
2018-12-23 16:34:07 1 /boot 42 21 51% 
2018-12-23 16:35:07 0 disk 29941 14245 52%
2018-12-23 16:35:07 1 / 29899 14224 51% 
2018-12-23 16:35:07 1 /boot 42 21 51% 
2018-12-23 16:36:07 0 disk 29941 14245 52%
2018-12-23 16:36:07 1 / 29899 14224 51% 
2018-12-23 16:36:07 1 /boot 42 21 51% 
2018-12-23 16:37:07 0 disk 29941 14245 52%
2018-12-23 16:37:07 1 / 29899 14224 51% 
2018-12-23 16:37:07 1 /boot 42 21 51% 
2018-12-23 16:38:07 0 disk 29941 14244 52%
2018-12-23 16:38:07 1 / 29899 14223 51% 
2018-12-23 16:38:07 1 /boot 42 21 51% 
2018-12-23 16:39:07 0 disk 29941 14244 52%
2018-12-23 16:39:07 1 / 29899 14223 51% 
2018-12-23 16:39:07 1 /boot 42 21 51% 
2018-12-23 16:40:07 0 disk 29941 14244 52%
2018-12-23 16:40:07 1 / 29899 14223 51% 
2018-12-23 16:40:07 1 /boot 42 21 51% 
2018-12-23 16:41:07 0 disk 29941 14244 52%
2018-12-23 16:41:07 1 / 29899 14223 51% 
2018-12-23 16:41:07 1 /boot 42 21 51% 
2018-12-23 16:42:07 0 disk 29941 14244 52%
2018-12-23 16:42:07 1 / 29899 14223 51% 
2018-12-23 16:42:07 1 /boot 42 21 51% 
2018-12-23 16:43:07 0 disk 29941 14244 52%
2018-12-23 16:43:07 1 / 29899 14223 51% 
2018-12-23 16:43:07 1 /boot 42 21 51% 
2018-12-23 16:44:08 0 disk 29941 14244 52%
2018-12-23 16:44:08 1 / 29899 14223 51% 
2018-12-23 16:44:08 1 /boot 42 21 51% 
2018-12-23 16:45:08 0 disk 29941 14244 52%
2018-12-23 16:45:08 1 / 29899 14223 51% 
2018-12-23 16:45:08 1 /boot 42 21 51% 
2018-12-23 16:46:08 0 disk 29941 14244 52%
2018-12-23 16:46:08 1 / 29899 14223 51% 
2018-12-23 16:46:08 1 /boot 42 21 51% 
2018-12-23 16:47:08 0 disk 29941 14244 52%
2018-12-23 16:47:08 1 / 29899 14223 51% 
2018-12-23 16:47:08 1 /boot 42 21 51% 
2018-12-23 16:48:08 0 disk 29941 14244 52%
2018-12-23 16:48:08 1 / 29899 14223 51% 
2018-12-23 16:48:08 1 /boot 42 21 51% 
2018-12-23 15:40:17 0 disk 95426 78780 17%
2018-12-23 15:40:17 1 /dev 1877 1877 0% 
2018-12-23 15:40:17 1 / 92991 76833 13% 
2018-12-23 15:40:17 1 /snap/core/5897 89 0 100% 
2018-12-23 15:40:17 1 /snap/goldendictionary/1 109 0 100% 
2018-12-23 15:40:17 1 /snap/core/6130 90 0 100% 
2018-12-23 15:40:17 1 /snap/core/6034 90 0 100% 
2018-12-23 15:40:17 1 /boot 180 70 59% 
2018-12-23 16:48:54 0 disk 95426 78787 17%
2018-12-23 16:48:54 1 /dev 1877 1877 0% 
2018-12-23 16:48:54 1 / 92991 76840 13% 
2018-12-23 16:48:54 1 /snap/core/5897 89 0 100% 
2018-12-23 16:48:54 1 /snap/goldendictionary/1 109 0 100% 
2018-12-23 16:48:54 1 /snap/core/6130 90 0 100% 
2018-12-23 16:48:54 1 /snap/core/6034 90 0 100% 
2018-12-23 16:48:54 1 /boot 180 70 59% 
2018-12-23 16:49:54 0 disk 95426 78787 17%
2018-12-23 16:49:54 1 /dev 1877 1877 0% 
2018-12-23 16:49:54 1 / 92991 76840 13% 
2018-12-23 16:49:54 1 /snap/core/5897 89 0 100% 
2018-12-23 16:49:54 1 /snap/goldendictionary/1 109 0 100% 
2018-12-23 16:49:54 1 /snap/core/6130 90 0 100% 
2018-12-23 16:49:54 1 /snap/core/6034 90 0 100% 
2018-12-23 16:49:54 1 /boot 180 70 59% 
2018-12-23 16:51:08 0 disk 29941 14242 52%
2018-12-23 16:51:08 1 / 29899 14221 51% 
2018-12-23 16:51:08 1 /boot 42 21 51% 
2018-12-23 16:52:08 0 disk 29941 14242 52%
2018-12-23 16:52:08 1 / 29899 14221 51% 
2018-12-23 16:52:08 1 /boot 42 21 51% 
2018-12-23 16:53:08 0 disk 29941 14242 52%
2018-12-23 16:53:08 1 / 29899 14221 51% 
2018-12-23 16:53:08 1 /boot 42 21 51% 
2018-12-23 16:54:08 0 disk 29941 14242 52%
2018-12-23 16:54:08 1 / 29899 14221 51% 
2018-12-23 16:54:08 1 /boot 42 21 51% 
2018-12-23 16:55:08 0 disk 29941 14242 52%
2018-12-23 16:55:08 1 / 29899 14221 51% 
2018-12-23 16:55:08 1 /boot 42 21 51% 
2018-12-23 16:56:08 0 disk 29941 14242 52%
2018-12-23 16:56:08 1 / 29899 14221 51% 
2018-12-23 16:56:08 1 /boot 42 21 51% 
2018-12-23 16:57:08 0 disk 29941 14242 52%
2018-12-23 16:57:08 1 / 29899 14221 51% 
2018-12-23 16:57:08 1 /boot 42 21 51% 
2018-12-23 16:58:08 0 disk 29941 14242 52%
2018-12-23 16:58:08 1 / 29899 14221 51% 
2018-12-23 16:58:08 1 /boot 42 21 51% 
2018-12-23 16:59:08 0 disk 29941 14242 52%
2018-12-23 16:59:08 1 / 29899 14221 51% 
2018-12-23 16:59:08 1 /boot 42 21 51% 
2018-12-23 17:00:13 0 disk 29941 14242 52%
2018-12-23 17:00:13 1 / 29899 14221 51% 
2018-12-23 17:00:13 1 /boot 42 21 51% 
2018-12-23 17:01:13 0 disk 29941 14242 52%
2018-12-23 17:01:13 1 / 29899 14221 51% 
2018-12-23 17:01:13 1 /boot 42 21 51% 
2018-12-23 17:02:13 0 disk 29941 14242 52%
2018-12-23 17:02:13 1 / 29899 14221 51% 
2018-12-23 17:02:13 1 /boot 42 21 51% 
2018-12-23 17:03:13 0 disk 29941 14242 52%
2018-12-23 17:03:13 1 / 29899 14221 51% 
2018-12-23 17:03:13 1 /boot 42 21 51% 
2018-12-23 17:04:13 0 disk 29941 14242 52%
2018-12-23 17:04:13 1 / 29899 14221 51% 
2018-12-23 17:04:13 1 /boot 42 21 51% 
2018-12-23 17:05:13 0 disk 29941 14242 52%
2018-12-23 17:05:13 1 / 29899 14221 51% 
2018-12-23 17:05:13 1 /boot 42 21 51% 
2018-12-23 17:06:13 0 disk 29941 14242 52%
2018-12-23 17:06:13 1 / 29899 14221 51% 
2018-12-23 17:06:13 1 /boot 42 21 51% 
2018-12-23 17:07:13 0 disk 29941 14242 52%
2018-12-23 17:07:13 1 / 29899 14221 51% 
2018-12-23 17:07:13 1 /boot 42 21 51% 
2018-12-23 17:08:13 0 disk 29941 14242 52%
2018-12-23 17:08:13 1 / 29899 14221 51% 
2018-12-23 17:08:13 1 /boot 42 21 51% 
2018-12-23 17:09:13 0 disk 29941 14242 52%
2018-12-23 17:09:13 1 / 29899 14221 51% 
2018-12-23 17:09:13 1 /boot 42 21 51% 
2018-12-23 17:10:13 0 disk 29941 14242 52%
2018-12-23 17:10:13 1 / 29899 14221 51% 
2018-12-23 17:10:13 1 /boot 42 21 51% 
2018-12-23 17:11:13 0 disk 29941 14242 52%
2018-12-23 17:11:13 1 / 29899 14221 51% 
2018-12-23 17:11:13 1 /boot 42 21 51% 
2018-12-23 17:12:13 0 disk 29941 14242 52%
2018-12-23 17:12:13 1 / 29899 14221 51% 
2018-12-23 17:12:13 1 /boot 42 21 51% 
2018-12-23 17:13:13 0 disk 29941 14242 52%
2018-12-23 17:13:13 1 / 29899 14221 51% 
2018-12-23 17:13:13 1 /boot 42 21 51% 
2018-12-23 17:14:13 0 disk 29941 14242 52%
2018-12-23 17:14:13 1 / 29899 14221 51% 
2018-12-23 17:14:13 1 /boot 42 21 51% 
2018-12-23 17:15:13 0 disk 29941 14242 52%
2018-12-23 17:15:13 1 / 29899 14221 51% 
2018-12-23 17:15:13 1 /boot 42 21 51% 
2018-12-23 17:16:14 0 disk 29941 14241 52%
2018-12-23 17:16:14 1 / 29899 14220 51% 
2018-12-23 17:16:14 1 /boot 42 21 51% 
2018-12-23 17:17:14 0 disk 29941 14241 52%
2018-12-23 17:17:14 1 / 29899 14220 51% 
2018-12-23 17:17:14 1 /boot 42 21 51% 
2018-12-23 17:18:14 0 disk 29941 14241 52%
2018-12-23 17:18:14 1 / 29899 14220 51% 
2018-12-23 17:18:14 1 /boot 42 21 51% 
2018-12-23 17:19:14 0 disk 29941 14241 52%
2018-12-23 17:19:14 1 / 29899 14220 51% 
2018-12-23 17:19:14 1 /boot 42 21 51% 
2018-12-23 17:20:14 0 disk 29941 14243 52%
2018-12-23 17:20:14 1 / 29899 14222 51% 
2018-12-23 17:20:14 1 /boot 42 21 51% 
2018-12-23 17:21:14 0 disk 29941 14243 52%
2018-12-23 17:21:14 1 / 29899 14222 51% 
2018-12-23 17:21:14 1 /boot 42 21 51% 
2018-12-23 17:22:14 0 disk 29941 14242 52%
2018-12-23 17:22:14 1 / 29899 14221 51% 
2018-12-23 17:22:14 1 /boot 42 21 51% 
2018-12-23 17:23:14 0 disk 29941 14242 52%
2018-12-23 17:23:14 1 / 29899 14221 51% 
2018-12-23 17:23:14 1 /boot 42 21 51% 
2018-12-23 17:24:14 0 disk 29941 14242 52%
2018-12-23 17:24:14 1 / 29899 14221 51% 
2018-12-23 17:24:14 1 /boot 42 21 51% 
2018-12-23 17:25:14 0 disk 29941 14242 52%
2018-12-23 17:25:14 1 / 29899 14221 51% 
2018-12-23 17:25:14 1 /boot 42 21 51% 
2018-12-23 17:26:14 0 disk 29941 14242 52%
2018-12-23 17:26:14 1 / 29899 14221 51% 
2018-12-23 17:26:14 1 /boot 42 21 51% 
2018-12-23 17:27:14 0 disk 29941 14242 52%
2018-12-23 17:27:14 1 / 29899 14221 51% 
2018-12-23 17:27:14 1 /boot 42 21 51% 
2018-12-23 17:28:14 0 disk 29941 14242 52%
2018-12-23 17:28:14 1 / 29899 14221 51% 
2018-12-23 17:28:14 1 /boot 42 21 51% 
2018-12-23 17:29:14 0 disk 29941 14242 52%
2018-12-23 17:29:14 1 / 29899 14221 51% 
2018-12-23 17:29:14 1 /boot 42 21 51% 
2018-12-23 17:30:14 0 disk 29941 14242 52%
2018-12-23 17:30:14 1 / 29899 14221 51% 
2018-12-23 17:30:14 1 /boot 42 21 51% 
2018-12-23 17:31:14 0 disk 29941 14242 52%
2018-12-23 17:31:14 1 / 29899 14221 51% 
2018-12-23 17:31:14 1 /boot 42 21 51% 
2018-12-23 17:32:14 0 disk 29941 14242 52%
2018-12-23 17:32:14 1 / 29899 14221 51% 
2018-12-23 17:32:14 1 /boot 42 21 51% 
2018-12-23 17:33:14 0 disk 29941 14242 52%
2018-12-23 17:33:14 1 / 29899 14221 51% 
2018-12-23 17:33:14 1 /boot 42 21 51% 
2018-12-23 17:34:14 0 disk 29941 14242 52%
2018-12-23 17:34:14 1 / 29899 14221 51% 
2018-12-23 17:34:14 1 /boot 42 21 51% 
2018-12-23 17:35:14 0 disk 29941 14242 52%
2018-12-23 17:35:14 1 / 29899 14221 51% 
2018-12-23 17:35:14 1 /boot 42 21 51% 
2018-12-23 17:36:14 0 disk 29941 14242 52%
2018-12-23 17:36:14 1 / 29899 14221 51% 
2018-12-23 17:36:14 1 /boot 42 21 51% 
2018-12-23 17:37:14 0 disk 29941 14242 52%
2018-12-23 17:37:14 1 / 29899 14221 51% 
2018-12-23 17:37:14 1 /boot 42 21 51% 
2018-12-23 17:38:15 0 disk 29941 14242 52%
2018-12-23 17:38:15 1 / 29899 14221 51% 
2018-12-23 17:38:15 1 /boot 42 21 51% 
2018-12-23 17:38:05 0 disk 95426 78781 17%
2018-12-23 17:38:05 1 /dev 1877 1877 0% 
2018-12-23 17:38:05 1 / 92991 76834 13% 
2018-12-23 17:38:05 1 /snap/core/5897 89 0 100% 
2018-12-23 17:38:05 1 /snap/goldendictionary/1 109 0 100% 
2018-12-23 17:38:05 1 /snap/core/6130 90 0 100% 
2018-12-23 17:38:05 1 /snap/core/6034 90 0 100% 
2018-12-23 17:38:05 1 /boot 180 70 59% 
2018-12-23 17:39:05 0 disk 95426 78781 17%
2018-12-23 17:39:05 1 /dev 1877 1877 0% 
2018-12-23 17:39:05 1 / 92991 76834 13% 
2018-12-23 17:39:05 1 /snap/core/5897 89 0 100% 
2018-12-23 17:39:05 1 /snap/goldendictionary/1 109 0 100% 
2018-12-23 17:39:05 1 /snap/core/6130 90 0 100% 
2018-12-23 17:39:05 1 /snap/core/6034 90 0 100% 
2018-12-23 17:39:05 1 /boot 180 70 59% 
2018-12-23 17:42:53 0 disk 29941 14242 52%
2018-12-23 17:42:53 1 / 29899 14221 51% 
2018-12-23 17:42:53 1 /boot 42 21 51% 
2018-12-23 17:43:53 0 disk 29941 14242 52%
2018-12-23 17:43:53 1 / 29899 14221 51% 
2018-12-23 17:43:53 1 /boot 42 21 51% 
2018-12-23 17:44:53 0 disk 29941 14242 52%
2018-12-23 17:44:53 1 / 29899 14221 51% 
2018-12-23 17:44:53 1 /boot 42 21 51% 
2018-12-23 17:45:53 0 disk 29941 14242 52%
2018-12-23 17:45:53 1 / 29899 14221 51% 
2018-12-23 17:45:53 1 /boot 42 21 51% 
2018-12-23 17:46:53 0 disk 29941 14242 52%
2018-12-23 17:46:53 1 / 29899 14221 51% 
2018-12-23 17:46:53 1 /boot 42 21 51% 
2018-12-23 17:47:53 0 disk 29941 14242 52%
2018-12-23 17:47:53 1 / 29899 14221 51% 
2018-12-23 17:47:53 1 /boot 42 21 51% 
2018-12-23 17:48:55 0 disk 29941 14242 52%
2018-12-23 17:48:55 1 / 29899 14221 51% 
2018-12-23 17:48:55 1 /boot 42 21 51% 
2018-12-23 17:49:55 0 disk 29941 14242 52%
2018-12-23 17:49:55 1 / 29899 14221 51% 
2018-12-23 17:49:55 1 /boot 42 21 51% 
2018-12-23 17:50:55 0 disk 29941 14241 52%
2018-12-23 17:50:55 1 / 29899 14220 51% 
2018-12-23 17:50:55 1 /boot 42 21 51% 
2018-12-23 17:51:55 0 disk 29941 14241 52%
2018-12-23 17:51:55 1 / 29899 14220 51% 
2018-12-23 17:51:55 1 /boot 42 21 51% 
2018-12-23 17:52:56 0 disk 29941 14241 52%
2018-12-23 17:52:56 1 / 29899 14220 51% 
2018-12-23 17:52:56 1 /boot 42 21 51% 
2018-12-23 17:53:56 0 disk 29941 14241 52%
2018-12-23 17:53:56 1 / 29899 14220 51% 
2018-12-23 17:53:56 1 /boot 42 21 51% 
2018-12-23 17:54:56 0 disk 29941 14241 52%
2018-12-23 17:54:56 1 / 29899 14220 51% 
2018-12-23 17:54:56 1 /boot 42 21 51% 
2018-12-23 17:55:56 0 disk 29941 14241 52%
2018-12-23 17:55:56 1 / 29899 14220 51% 
2018-12-23 17:55:56 1 /boot 42 21 51% 
2018-12-23 17:56:56 0 disk 29941 14241 52%
2018-12-23 17:56:56 1 / 29899 14220 51% 
2018-12-23 17:56:56 1 /boot 42 21 51% 
2018-12-23 17:57:56 0 disk 29941 14241 52%
2018-12-23 17:57:56 1 / 29899 14220 51% 
2018-12-23 17:57:56 1 /boot 42 21 51% 
2018-12-23 17:58:58 0 disk 29941 14241 52%
2018-12-23 17:58:58 1 / 29899 14220 51% 
2018-12-23 17:58:58 1 /boot 42 21 51% 
2018-12-23 17:59:58 0 disk 29941 14241 52%
2018-12-23 17:59:58 1 / 29899 14220 51% 
2018-12-23 17:59:58 1 /boot 42 21 51% 
2018-12-23 18:00:59 0 disk 29941 14241 52%
2018-12-23 18:00:59 1 / 29899 14220 51% 
2018-12-23 18:00:59 1 /boot 42 21 51% 
2018-12-23 18:01:59 0 disk 29941 14241 52%
2018-12-23 18:01:59 1 / 29899 14220 51% 
2018-12-23 18:01:59 1 /boot 42 21 51% 
2018-12-23 18:02:59 0 disk 29941 14241 52%
2018-12-23 18:02:59 1 / 29899 14220 51% 
2018-12-23 18:02:59 1 /boot 42 21 51% 
2018-12-23 18:03:59 0 disk 29941 14241 52%
2018-12-23 18:03:59 1 / 29899 14220 51% 
2018-12-23 18:03:59 1 /boot 42 21 51% 
2018-12-23 18:05:03 0 disk 29941 14241 52%
2018-12-23 18:05:03 1 / 29899 14220 51% 
2018-12-23 18:05:03 1 /boot 42 21 51% 
2018-12-23 18:06:03 0 disk 29941 14241 52%
2018-12-23 18:06:03 1 / 29899 14220 51% 
2018-12-23 18:06:03 1 /boot 42 21 51% 
2018-12-23 18:07:04 0 disk 29941 14241 52%
2018-12-23 18:07:04 1 / 29899 14220 51% 
2018-12-23 18:07:04 1 /boot 42 21 51% 
2018-12-23 18:08:04 0 disk 29941 14241 52%
2018-12-23 18:08:04 1 / 29899 14220 51% 
2018-12-23 18:08:04 1 /boot 42 21 51% 
2018-12-23 18:09:04 0 disk 29941 14241 52%
2018-12-23 18:09:04 1 / 29899 14220 51% 
2018-12-23 18:09:04 1 /boot 42 21 51% 
2018-12-23 18:10:04 0 disk 29941 14241 52%
2018-12-23 18:10:04 1 / 29899 14220 51% 
2018-12-23 18:10:04 1 /boot 42 21 51% 
2018-12-23 18:11:05 0 disk 29941 14241 52%
2018-12-23 18:11:05 1 / 29899 14220 51% 
2018-12-23 18:11:05 1 /boot 42 21 51% 
2018-12-23 18:12:05 0 disk 29941 14241 52%
2018-12-23 18:12:05 1 / 29899 14220 51% 
2018-12-23 18:12:05 1 /boot 42 21 51% 
2018-12-23 18:13:05 0 disk 29941 14241 52%
2018-12-23 18:13:05 1 / 29899 14220 51% 
2018-12-23 18:13:05 1 /boot 42 21 51% 
2018-12-23 18:14:05 0 disk 29941 14241 52%
2018-12-23 18:14:05 1 / 29899 14220 51% 
2018-12-23 18:14:05 1 /boot 42 21 51% 
2018-12-23 18:15:05 0 disk 29941 14241 52%
2018-12-23 18:15:05 1 / 29899 14220 51% 
2018-12-23 18:15:05 1 /boot 42 21 51% 
2018-12-23 18:16:05 0 disk 29941 14241 52%
2018-12-23 18:16:05 1 / 29899 14220 51% 
2018-12-23 18:16:05 1 /boot 42 21 51% 
2018-12-23 18:17:05 0 disk 29941 14241 52%
2018-12-23 18:17:05 1 / 29899 14220 51% 
2018-12-23 18:17:05 1 /boot 42 21 51% 
2018-12-23 18:18:05 0 disk 29941 14241 52%
2018-12-23 18:18:05 1 / 29899 14220 51% 
2018-12-23 18:18:05 1 /boot 42 21 51% 
2018-12-23 18:19:05 0 disk 29941 14241 52%
2018-12-23 18:19:05 1 / 29899 14220 51% 
2018-12-23 18:19:05 1 /boot 42 21 51% 
2018-12-23 18:20:05 0 disk 29941 14241 52%
2018-12-23 18:20:05 1 / 29899 14220 51% 
2018-12-23 18:20:05 1 /boot 42 21 51% 
2018-12-23 18:21:05 0 disk 29941 14241 52%
2018-12-23 18:21:05 1 / 29899 14220 51% 
2018-12-23 18:21:05 1 /boot 42 21 51% 
2018-12-23 18:22:05 0 disk 29941 14241 52%
2018-12-23 18:22:05 1 / 29899 14220 51% 
2018-12-23 18:22:05 1 /boot 42 21 51% 
2018-12-23 18:23:05 0 disk 29941 14241 52%
2018-12-23 18:23:05 1 / 29899 14220 51% 
2018-12-23 18:23:05 1 /boot 42 21 51% 
2018-12-23 18:24:05 0 disk 29941 14241 52%
2018-12-23 18:24:05 1 / 29899 14220 51% 
2018-12-23 18:24:05 1 /boot 42 21 51% 
2018-12-23 17:38:05 0 disk 95426 78781 17%
2018-12-23 17:38:05 1 /dev 1877 1877 0% 
2018-12-23 17:38:05 1 / 92991 76834 13% 
2018-12-23 17:38:05 1 /snap/core/5897 89 0 100% 
2018-12-23 17:38:05 1 /snap/goldendictionary/1 109 0 100% 
2018-12-23 17:38:05 1 /snap/core/6130 90 0 100% 
2018-12-23 17:38:05 1 /snap/core/6034 90 0 100% 
2018-12-23 17:38:05 1 /boot 180 70 59% 
2018-12-23 17:39:05 0 disk 95426 78781 17%
2018-12-23 17:39:05 1 /dev 1877 1877 0% 
2018-12-23 17:39:05 1 / 92991 76834 13% 
2018-12-23 17:39:05 1 /snap/core/5897 89 0 100% 
2018-12-23 17:39:05 1 /snap/goldendictionary/1 109 0 100% 
2018-12-23 17:39:05 1 /snap/core/6130 90 0 100% 
2018-12-23 17:39:05 1 /snap/core/6034 90 0 100% 
2018-12-23 17:39:05 1 /boot 180 70 59% 
2018-12-23 18:26:54 0 disk 29941 14240 52%
2018-12-23 18:26:54 1 / 29899 14219 51% 
2018-12-23 18:26:54 1 /boot 42 21 51% 
2018-12-23 18:27:54 0 disk 29941 14240 52%
2018-12-23 18:27:54 1 / 29899 14219 51% 
2018-12-23 18:27:54 1 /boot 42 21 51% 
2018-12-23 18:28:54 0 disk 29941 14240 52%
2018-12-23 18:28:54 1 / 29899 14219 51% 
2018-12-23 18:28:54 1 /boot 42 21 51% 
2018-12-23 18:29:54 0 disk 29941 14240 52%
2018-12-23 18:29:54 1 / 29899 14219 51% 
2018-12-23 18:29:54 1 /boot 42 21 51% 
2018-12-23 18:30:54 0 disk 29941 14240 52%
2018-12-23 18:30:54 1 / 29899 14219 51% 
2018-12-23 18:30:54 1 /boot 42 21 51% 
2018-12-23 18:31:54 0 disk 29941 14240 52%
2018-12-23 18:31:54 1 / 29899 14219 51% 
2018-12-23 18:31:54 1 /boot 42 21 51% 
2018-12-23 18:32:54 0 disk 29941 14240 52%
2018-12-23 18:32:54 1 / 29899 14219 51% 
2018-12-23 18:32:54 1 /boot 42 21 51% 
2018-12-23 18:33:54 0 disk 29941 14240 52%
2018-12-23 18:33:54 1 / 29899 14219 51% 
2018-12-23 18:33:54 1 /boot 42 21 51% 
2018-12-23 18:34:54 0 disk 29941 14240 52%
2018-12-23 18:34:54 1 / 29899 14219 51% 
2018-12-23 18:34:54 1 /boot 42 21 51% 
2018-12-23 18:35:54 0 disk 29941 14240 52%
2018-12-23 18:35:54 1 / 29899 14219 51% 
2018-12-23 18:35:54 1 /boot 42 21 51% 
2018-12-23 18:36:55 0 disk 29941 14240 52%
2018-12-23 18:36:55 1 / 29899 14219 51% 
2018-12-23 18:36:55 1 /boot 42 21 51% 
2018-12-23 18:37:55 0 disk 29941 14240 52%
2018-12-23 18:37:55 1 / 29899 14219 51% 
2018-12-23 18:37:55 1 /boot 42 21 51% 
2018-12-23 18:38:55 0 disk 29941 14240 52%
2018-12-23 18:38:55 1 / 29899 14219 51% 
2018-12-23 18:38:55 1 /boot 42 21 51% 
