2018-12-22__19:11:01 yuxiaowei GNU/Linux 4.13.0-45-generic up_10_hours,_21_minutes 0.54 95426 12% 3805 44% normal normal normal 
2018-12-22__19:17:27 yuxiaowei GNU/Linux 4.9.41-v7+ up_3_weeks,_10_hours,_14_minutes 0.22 0.31 0.34 29941 48% 927 9% normal note normal 
2018-12-22__19:18:29 yuxiaowei GNU/Linux 4.9.41-v7+ up_3_weeks,_10_hours,_15_minutes 1.19 0.60 0.44 29941 48% 927 9% normal note normal 
2018-12-22__19:19:30 yuxiaowei GNU/Linux 4.9.41-v7+ up_3_weeks,_10_hours,_16_minutes 1.27 0.68 0.48 29941 48% 927 9% normal note normal 
2018-12-22__19:20:31 yuxiaowei GNU/Linux 4.9.41-v7+ up_3_weeks,_10_hours,_17_minutes 1.45 0.84 0.55 29941 48% 927 9% normal note normal 
2018-12-22__19:21:38 yuxiaowei GNU/Linux 4.9.41-v7+ up_3_weeks,_10_hours,_18_minutes 2.03 1.06 0.64 29941 48% 927 9% normal note normal 
2018-12-22__19:22:38 yuxiaowei GNU/Linux 4.9.41-v7+ up_3_weeks,_10_hours,_19_minutes 0.94 0.92 0.62 29941 48% 927 8% normal note normal 
2018-12-22__19:23:39 yuxiaowei GNU/Linux 4.9.41-v7+ up_3_weeks,_10_hours,_20_minutes 1.21 1.02 0.67 29941 48% 927 8% normal note normal 
2018-12-22__19:24:44 yuxiaowei GNU/Linux 4.9.41-v7+ up_3_weeks,_10_hours,_21_minutes 1.31 1.12 0.73 29941 48% 927 9% normal note normal 
2018-12-22__19:25:44 yuxiaowei GNU/Linux 4.9.41-v7+ up_3_weeks,_10_hours,_22_minutes 1.24 1.15 0.77 29941 48% 927 8% normal note normal 
2018-12-22__19:26:45 yuxiaowei GNU/Linux 4.9.41-v7+ up_3_weeks,_10_hours,_23_minutes 2.22 1.46 0.90 29941 48% 927 8% normal note normal 
2018-12-22__19:27:48 yuxiaowei GNU/Linux 4.9.41-v7+ up_3_weeks,_10_hours,_24_minutes 2.53 1.66 1.00 29941 48% 927 8% normal note normal 
2018-12-22__19:28:48 yuxiaowei GNU/Linux 4.9.41-v7+ up_3_weeks,_10_hours,_25_minutes 1.56 1.57 1.01 29941 48% 927 9% normal note normal 
2018-12-22__19:29:49 yuxiaowei GNU/Linux 4.9.41-v7+ up_3_weeks,_10_hours,_26_minutes 1.45 1.53 1.03 29941 48% 927 8% normal note normal 
2018-12-22__19:30:51 yuxiaowei GNU/Linux 4.9.41-v7+ up_3_weeks,_10_hours,_27_minutes 1.20 1.47 1.05 29941 48% 927 9% normal note normal 
2018-12-23__10:51:29 yuxiaowei GNU/Linux 4.13.0-45-generic up_1_day,_2_hours,_2_minutes 1.85 1.84 1.77 95426 12% 3805 50% normal normal normal 
2018-12-23__10:51:36 yuxiaowei GNU/Linux 4.13.0-45-generic up_1_day,_2_hours,_2_minutes 1.86 1.84 1.77 95426 12% 3805 50% normal normal normal 
2018-12-23__10:53:22 yuxiaowei GNU/Linux 4.13.0-45-generic up_1_day,_2_hours,_4_minutes 1.60 1.81 1.77 95426 12% 3805 50% normal normal normal 
2018-12-23__10:54:33 yuxiaowei GNU/Linux 4.13.0-45-generic up_1_day,_2_hours,_5_minutes 1.86 1.85 1.79 95426 12% 3805 50% normal normal normal 
2018-12-23__10:54:47 yuxiaowei GNU/Linux 4.13.0-45-generic up_1_day,_2_hours,_5_minutes 1.51 1.78 1.77 95426 12% 3805 50% normal normal normal 
2018-12-23__11:36:32 yuxiaowei GNU/Linux 4.9.41-v7+ up_3_weeks,_1_day,_2_hours,_33_minutes 0.75 0.71 0.66 29941 48% 927 12% normal note normal 
2018-12-23__11:37:32 yuxiaowei GNU/Linux 4.9.41-v7+ up_3_weeks,_1_day,_2_hours,_34_minutes 0.86 0.73 0.67 29941 48% 927 11% normal note normal 
2018-12-23__11:38:32 yuxiaowei GNU/Linux 4.9.41-v7+ up_3_weeks,_1_day,_2_hours,_35_minutes 0.66 0.69 0.66 29941 48% 927 11% normal note normal 
2018-12-23__11:39:33 yuxiaowei GNU/Linux 4.9.41-v7+ up_3_weeks,_1_day,_2_hours,_36_minutes 1.03 0.81 0.70 29941 48% 927 11% normal note normal 
2018-12-23__11:40:33 yuxiaowei GNU/Linux 4.9.41-v7+ up_3_weeks,_1_day,_2_hours,_37_minutes 1.40 0.95 0.76 29941 48% 927 11% normal note normal 
2018-12-23__11:41:33 yuxiaowei GNU/Linux 4.9.41-v7+ up_3_weeks,_1_day,_2_hours,_38_minutes 1.53 1.08 0.81 29941 48% 927 11% normal note normal 
2018-12-23__11:42:33 yuxiaowei GNU/Linux 4.9.41-v7+ up_3_weeks,_1_day,_2_hours,_39_minutes 1.60 1.18 0.87 29941 48% 927 11% normal note normal 
2018-12-23__10:51:29 yuxiaowei GNU/Linux 4.13.0-45-generic up_1_day,_2_hours,_2_minutes 1.85 1.84 1.77 95426 12% 3805 50% normal normal normal 
2018-12-23__10:51:36 yuxiaowei GNU/Linux 4.13.0-45-generic up_1_day,_2_hours,_2_minutes 1.86 1.84 1.77 95426 12% 3805 50% normal normal normal 
2018-12-23__10:53:22 yuxiaowei GNU/Linux 4.13.0-45-generic up_1_day,_2_hours,_4_minutes 1.60 1.81 1.77 95426 12% 3805 50% normal normal normal 
2018-12-23__10:54:33 yuxiaowei GNU/Linux 4.13.0-45-generic up_1_day,_2_hours,_5_minutes 1.86 1.85 1.79 95426 12% 3805 50% normal normal normal 
2018-12-23__10:54:47 yuxiaowei GNU/Linux 4.13.0-45-generic up_1_day,_2_hours,_5_minutes 1.51 1.78 1.77 95426 12% 3805 50% normal normal normal 
2018-12-23__13:52:04 yuxiaowei GNU/Linux 4.9.41-v7+ up_3_weeks,_1_day,_4_hours,_48_minutes 0.27 0.45 0.46 29941 48% 927 11% normal normal normal 
2018-12-23__13:53:04 yuxiaowei GNU/Linux 4.9.41-v7+ up_3_weeks,_1_day,_4_hours,_49_minutes 0.44 0.49 0.47 29941 48% 927 11% normal note normal 
2018-12-23__13:54:04 yuxiaowei GNU/Linux 4.9.41-v7+ up_3_weeks,_1_day,_4_hours,_50_minutes 0.87 0.57 0.50 29941 48% 927 11% normal note normal 
2018-12-23__13:55:04 yuxiaowei GNU/Linux 4.9.41-v7+ up_3_weeks,_1_day,_4_hours,_51_minutes 0.74 0.60 0.51 29941 48% 927 11% normal note normal 
2018-12-23__13:56:05 yuxiaowei GNU/Linux 4.9.41-v7+ up_3_weeks,_1_day,_4_hours,_52_minutes 0.71 0.61 0.52 29941 48% 927 11% normal normal normal 
2018-12-23__13:57:06 yuxiaowei GNU/Linux 4.9.41-v7+ up_3_weeks,_1_day,_4_hours,_53_minutes 0.57 0.60 0.53 29941 48% 927 11% normal note normal 
2018-12-23__13:58:06 yuxiaowei GNU/Linux 4.9.41-v7+ up_3_weeks,_1_day,_4_hours,_54_minutes 0.41 0.54 0.51 29941 48% 927 11% normal note normal 
2018-12-23__13:59:06 yuxiaowei GNU/Linux 4.9.41-v7+ up_3_weeks,_1_day,_4_hours,_55_minutes 0.33 0.50 0.50 29941 48% 927 11% normal note normal 
2018-12-23__14:00:06 yuxiaowei GNU/Linux 4.9.41-v7+ up_3_weeks,_1_day,_4_hours,_56_minutes 0.58 0.53 0.51 29941 48% 927 11% normal normal normal 
2018-12-23__14:01:06 yuxiaowei GNU/Linux 4.9.41-v7+ up_3_weeks,_1_day,_4_hours,_57_minutes 0.55 0.55 0.52 29941 48% 927 11% normal note normal 
2018-12-23__14:02:06 yuxiaowei GNU/Linux 4.9.41-v7+ up_3_weeks,_1_day,_4_hours,_58_minutes 0.49 0.54 0.52 29941 48% 927 11% normal normal normal 
2018-12-23__14:03:07 yuxiaowei GNU/Linux 4.9.41-v7+ up_3_weeks,_1_day,_4_hours,_59_minutes 0.45 0.53 0.52 29941 48% 927 11% normal note normal 
2018-12-23__14:04:07 yuxiaowei GNU/Linux 4.9.41-v7+ up_3_weeks,_1_day,_5_hours 0.41 0.49 0.50 29941 48% 927 11% normal note normal 
2018-12-23__14:05:07 yuxiaowei GNU/Linux 4.9.41-v7+ up_3_weeks,_1_day,_5_hours,_1_minute 0.47 0.52 0.51 29941 48% 927 11% normal normal normal 
2018-12-23__14:06:07 yuxiaowei GNU/Linux 4.9.41-v7+ up_3_weeks,_1_day,_5_hours,_2_minutes 0.61 0.56 0.53 29941 48% 927 11% normal note normal 
2018-12-23__14:07:07 yuxiaowei GNU/Linux 4.9.41-v7+ up_3_weeks,_1_day,_5_hours,_3_minutes 0.32 0.48 0.51 29941 48% 927 11% normal note normal 
2018-12-23__14:08:07 yuxiaowei GNU/Linux 4.9.41-v7+ up_3_weeks,_1_day,_5_hours,_4_minutes 0.61 0.53 0.52 29941 48% 927 11% normal normal normal 
2018-12-23__14:09:07 yuxiaowei GNU/Linux 4.9.41-v7+ up_3_weeks,_1_day,_5_hours,_5_minutes 0.75 0.59 0.54 29941 48% 927 11% normal note normal 
2018-12-23__14:10:07 yuxiaowei GNU/Linux 4.9.41-v7+ up_3_weeks,_1_day,_5_hours,_6_minutes 0.37 0.51 0.52 29941 48% 927 11% normal note normal 
2018-12-23__14:11:07 yuxiaowei GNU/Linux 4.9.41-v7+ up_3_weeks,_1_day,_5_hours,_7_minutes 0.96 0.64 0.56 29941 48% 927 11% normal note normal 
2018-12-23__14:12:07 yuxiaowei GNU/Linux 4.9.41-v7+ up_3_weeks,_1_day,_5_hours,_8_minutes 0.70 0.62 0.56 29941 48% 927 11% normal normal normal 
2018-12-23__14:13:08 yuxiaowei GNU/Linux 4.9.41-v7+ up_3_weeks,_1_day,_5_hours,_9_minutes 0.48 0.58 0.55 29941 48% 927 11% normal note normal 
2018-12-23__14:14:08 yuxiaowei GNU/Linux 4.9.41-v7+ up_3_weeks,_1_day,_5_hours,_10_minutes 0.57 0.58 0.55 29941 48% 927 11% normal note normal 
2018-12-23__14:15:08 yuxiaowei GNU/Linux 4.9.41-v7+ up_3_weeks,_1_day,_5_hours,_11_minutes 0.48 0.54 0.54 29941 48% 927 11% normal note normal 
2018-12-23__14:16:08 yuxiaowei GNU/Linux 4.9.41-v7+ up_3_weeks,_1_day,_5_hours,_12_minutes 0.67 0.59 0.55 29941 48% 927 11% normal note normal 
2018-12-23__14:17:08 yuxiaowei GNU/Linux 4.9.41-v7+ up_3_weeks,_1_day,_5_hours,_13_minutes 0.38 0.53 0.53 29941 48% 927 11% normal note normal 
2018-12-23__14:18:08 yuxiaowei GNU/Linux 4.9.41-v7+ up_3_weeks,_1_day,_5_hours,_14_minutes 0.44 0.53 0.54 29941 48% 927 11% normal note normal 
2018-12-23__14:19:08 yuxiaowei GNU/Linux 4.9.41-v7+ up_3_weeks,_1_day,_5_hours,_15_minutes 0.44 0.51 0.53 29941 48% 927 11% normal note normal 
2018-12-23__14:20:08 yuxiaowei GNU/Linux 4.9.41-v7+ up_3_weeks,_1_day,_5_hours,_16_minutes 0.58 0.55 0.54 29941 48% 927 11% normal note normal 
2018-12-23__14:21:08 yuxiaowei GNU/Linux 4.9.41-v7+ up_3_weeks,_1_day,_5_hours,_17_minutes 0.62 0.57 0.55 29941 48% 927 11% normal note normal 
2018-12-23__14:22:08 yuxiaowei GNU/Linux 4.9.41-v7+ up_3_weeks,_1_day,_5_hours,_18_minutes 0.50 0.53 0.54 29941 48% 927 11% normal note normal 
2018-12-23__14:23:09 yuxiaowei GNU/Linux 4.9.41-v7+ up_3_weeks,_1_day,_5_hours,_19_minutes 0.85 0.60 0.56 29941 48% 927 10% normal normal normal 
2018-12-23__14:24:09 yuxiaowei GNU/Linux 4.9.41-v7+ up_3_weeks,_1_day,_5_hours,_20_minutes 0.81 0.63 0.57 29941 48% 927 10% normal note normal 
2018-12-23__14:25:09 yuxiaowei GNU/Linux 4.9.41-v7+ up_3_weeks,_1_day,_5_hours,_21_minutes 0.63 0.60 0.56 29941 48% 927 10% normal note normal 
2018-12-23__14:26:09 yuxiaowei GNU/Linux 4.9.41-v7+ up_3_weeks,_1_day,_5_hours,_22_minutes 0.33 0.52 0.53 29941 48% 927 10% normal normal normal 
2018-12-23__14:27:09 yuxiaowei GNU/Linux 4.9.41-v7+ up_3_weeks,_1_day,_5_hours,_23_minutes 0.25 0.46 0.51 29941 48% 927 10% normal normal normal 
2018-12-23__14:28:09 yuxiaowei GNU/Linux 4.9.41-v7+ up_3_weeks,_1_day,_5_hours,_24_minutes 0.58 0.52 0.53 29941 48% 927 10% normal note normal 
2018-12-23__14:29:09 yuxiaowei GNU/Linux 4.9.41-v7+ up_3_weeks,_1_day,_5_hours,_25_minutes 0.51 0.50 0.52 29941 48% 927 10% normal normal normal 
2018-12-23__14:30:09 yuxiaowei GNU/Linux 4.9.41-v7+ up_3_weeks,_1_day,_5_hours,_26_minutes 0.33 0.45 0.51 29941 48% 927 10% normal normal normal 
2018-12-23__14:31:10 yuxiaowei GNU/Linux 4.9.41-v7+ up_3_weeks,_1_day,_5_hours,_27_minutes 0.53 0.48 0.51 29941 48% 927 10% normal normal normal 
2018-12-23__14:32:10 yuxiaowei GNU/Linux 4.9.41-v7+ up_3_weeks,_1_day,_5_hours,_28_minutes 0.32 0.42 0.49 29941 48% 927 10% normal normal normal 
2018-12-23__14:33:10 yuxiaowei GNU/Linux 4.9.41-v7+ up_3_weeks,_1_day,_5_hours,_29_minutes 0.30 0.39 0.47 29941 48% 927 10% normal normal normal 
2018-12-23__14:34:10 yuxiaowei GNU/Linux 4.9.41-v7+ up_3_weeks,_1_day,_5_hours,_30_minutes 0.25 0.36 0.45 29941 48% 927 10% normal note normal 
2018-12-23__14:35:10 yuxiaowei GNU/Linux 4.9.41-v7+ up_3_weeks,_1_day,_5_hours,_31_minutes 0.75 0.49 0.49 29941 48% 927 10% normal normal normal 
2018-12-23__14:36:10 yuxiaowei GNU/Linux 4.9.41-v7+ up_3_weeks,_1_day,_5_hours,_32_minutes 0.52 0.48 0.49 29941 48% 927 10% normal note normal 
2018-12-23__14:37:10 yuxiaowei GNU/Linux 4.9.41-v7+ up_3_weeks,_1_day,_5_hours,_33_minutes 0.24 0.40 0.46 29941 48% 927 10% normal note normal 
2018-12-23__14:38:10 yuxiaowei GNU/Linux 4.9.41-v7+ up_3_weeks,_1_day,_5_hours,_34_minutes 0.36 0.42 0.46 29941 48% 927 11% normal note normal 
2018-12-23__14:39:10 yuxiaowei GNU/Linux 4.9.41-v7+ up_3_weeks,_1_day,_5_hours,_35_minutes 0.77 0.54 0.49 29941 48% 927 11% normal note normal 
2018-12-23__14:40:11 yuxiaowei GNU/Linux 4.9.41-v7+ up_3_weeks,_1_day,_5_hours,_36_minutes 0.51 0.51 0.49 29941 48% 927 11% normal note normal 
2018-12-23__14:41:11 yuxiaowei GNU/Linux 4.9.41-v7+ up_3_weeks,_1_day,_5_hours,_37_minutes 0.84 0.59 0.52 29941 48% 927 11% normal note normal 
2018-12-23__14:42:11 yuxiaowei GNU/Linux 4.9.41-v7+ up_3_weeks,_1_day,_5_hours,_38_minutes 0.61 0.58 0.52 29941 48% 927 11% normal note normal 
2018-12-23__14:43:11 yuxiaowei GNU/Linux 4.9.41-v7+ up_3_weeks,_1_day,_5_hours,_39_minutes 0.92 0.69 0.56 29941 48% 927 11% normal note normal 
2018-12-23__14:44:11 yuxiaowei GNU/Linux 4.9.41-v7+ up_3_weeks,_1_day,_5_hours,_40_minutes 1.01 0.73 0.58 29941 48% 927 11% normal note normal 
2018-12-23__14:45:11 yuxiaowei GNU/Linux 4.9.41-v7+ up_3_weeks,_1_day,_5_hours,_41_minutes 1.53 0.94 0.66 29941 48% 927 11% normal note normal 
2018-12-23__14:46:11 yuxiaowei GNU/Linux 4.9.41-v7+ up_3_weeks,_1_day,_5_hours,_42_minutes 1.43 1.02 0.71 29941 48% 927 11% normal note normal 
2018-12-23__14:47:11 yuxiaowei GNU/Linux 4.9.41-v7+ up_3_weeks,_1_day,_5_hours,_43_minutes 1.31 1.07 0.74 29941 48% 927 11% normal note normal 
2018-12-23__14:48:12 yuxiaowei GNU/Linux 4.9.41-v7+ up_3_weeks,_1_day,_5_hours,_44_minutes 1.22 1.11 0.78 29941 48% 927 11% normal note normal 
2018-12-23__14:49:12 yuxiaowei GNU/Linux 4.9.41-v7+ up_3_weeks,_1_day,_5_hours,_45_minutes 1.86 1.31 0.87 29941 48% 927 11% normal note normal 
2018-12-23__14:50:12 yuxiaowei GNU/Linux 4.9.41-v7+ up_3_weeks,_1_day,_5_hours,_46_minutes 1.60 1.34 0.91 29941 48% 927 11% normal note normal 
2018-12-23__14:51:12 yuxiaowei GNU/Linux 4.9.41-v7+ up_3_weeks,_1_day,_5_hours,_47_minutes 1.57 1.43 0.97 29941 48% 927 11% normal note normal 
2018-12-23__14:52:12 yuxiaowei GNU/Linux 4.9.41-v7+ up_3_weeks,_1_day,_5_hours,_48_minutes 1.33 1.39 0.99 29941 48% 927 11% normal note normal 
2018-12-23__14:53:12 yuxiaowei GNU/Linux 4.9.41-v7+ up_3_weeks,_1_day,_5_hours,_49_minutes 1.61 1.46 1.04 29941 48% 927 11% normal note normal 
2018-12-23__14:54:12 yuxiaowei GNU/Linux 4.9.41-v7+ up_3_weeks,_1_day,_5_hours,_50_minutes 1.43 1.46 1.07 29941 48% 927 11% normal note normal 
2018-12-23__14:55:12 yuxiaowei GNU/Linux 4.9.41-v7+ up_3_weeks,_1_day,_5_hours,_51_minutes 2.28 1.70 1.18 29941 48% 927 12% normal note normal 
2018-12-23__14:56:12 yuxiaowei GNU/Linux 4.9.41-v7+ up_3_weeks,_1_day,_5_hours,_52_minutes 1.68 1.62 1.18 29941 48% 927 12% normal note normal 
2018-12-23__14:57:12 yuxiaowei GNU/Linux 4.9.41-v7+ up_3_weeks,_1_day,_5_hours,_53_minutes 1.18 1.49 1.17 29941 48% 927 12% normal note normal 
2018-12-23__14:58:13 yuxiaowei GNU/Linux 4.9.41-v7+ up_3_weeks,_1_day,_5_hours,_54_minutes 2.01 1.69 1.26 29941 48% 927 12% normal note normal 
2018-12-23__14:59:13 yuxiaowei GNU/Linux 4.9.41-v7+ up_3_weeks,_1_day,_5_hours,_55_minutes 2.13 1.79 1.32 29941 48% 927 12% normal note normal 
2018-12-23__15:00:13 yuxiaowei GNU/Linux 4.9.41-v7+ up_3_weeks,_1_day,_5_hours,_56_minutes 1.63 1.71 1.32 29941 48% 927 12% normal note normal 
2018-12-23__15:01:13 yuxiaowei GNU/Linux 4.9.41-v7+ up_3_weeks,_1_day,_5_hours,_57_minutes 2.66 1.95 1.43 29941 48% 927 12% normal note normal 
2018-12-23__15:02:13 yuxiaowei GNU/Linux 4.9.41-v7+ up_3_weeks,_1_day,_5_hours,_58_minutes 2.29 1.99 1.47 29941 48% 927 12% normal note normal 
2018-12-23__15:03:13 yuxiaowei GNU/Linux 4.9.41-v7+ up_3_weeks,_1_day,_5_hours,_59_minutes 2.34 2.05 1.52 29941 48% 927 12% normal note normal 
2018-12-23__15:45:22 yuxiaowei GNU/Linux 4.9.41-v7+ up_3_weeks,_1_day,_6_hours,_42_minutes 0.32 0.42 0.67 29941 48% 927 11% normal normal normal 
2018-12-23__15:46:22 yuxiaowei GNU/Linux 4.9.41-v7+ up_3_weeks,_1_day,_6_hours,_43_minutes 1.09 0.57 0.70 29941 48% 927 10% normal note normal 
2018-12-23__15:47:22 yuxiaowei GNU/Linux 4.9.41-v7+ up_3_weeks,_1_day,_6_hours,_44_minutes 0.59 0.53 0.67 29941 48% 927 10% normal note normal 
2018-12-23__15:48:22 yuxiaowei GNU/Linux 4.9.41-v7+ up_3_weeks,_1_day,_6_hours,_45_minutes 0.76 0.57 0.68 29941 48% 927 10% normal note normal 
2018-12-23__15:49:23 yuxiaowei GNU/Linux 4.9.41-v7+ up_3_weeks,_1_day,_6_hours,_46_minutes 0.80 0.62 0.69 29941 48% 927 10% normal note normal 
2018-12-23__15:50:23 yuxiaowei GNU/Linux 4.9.41-v7+ up_3_weeks,_1_day,_6_hours,_47_minutes 0.53 0.57 0.66 29941 48% 927 11% normal note normal 
2018-12-23__15:51:23 yuxiaowei GNU/Linux 4.9.41-v7+ up_3_weeks,_1_day,_6_hours,_48_minutes 0.47 0.56 0.66 29941 48% 927 10% normal note normal 
2018-12-23__15:52:23 yuxiaowei GNU/Linux 4.9.41-v7+ up_3_weeks,_1_day,_6_hours,_49_minutes 0.71 0.63 0.67 29941 48% 927 10% normal note normal 
2018-12-23__15:53:23 yuxiaowei GNU/Linux 4.9.41-v7+ up_3_weeks,_1_day,_6_hours,_50_minutes 0.76 0.64 0.67 29941 48% 927 11% normal note normal 
2018-12-23__15:54:23 yuxiaowei GNU/Linux 4.9.41-v7+ up_3_weeks,_1_day,_6_hours,_51_minutes 0.63 0.61 0.66 29941 48% 927 10% normal note normal 
2018-12-23__15:55:23 yuxiaowei GNU/Linux 4.9.41-v7+ up_3_weeks,_1_day,_6_hours,_52_minutes 0.66 0.62 0.65 29941 48% 927 10% normal note normal 
2018-12-23__15:57:05 yuxiaowei GNU/Linux 4.9.41-v7+ up_3_weeks,_1_day,_6_hours,_53_minutes 0.34 0.53 0.62 29941 48% 927 11% normal note normal 
2018-12-23__15:58:05 yuxiaowei GNU/Linux 4.9.41-v7+ up_3_weeks,_1_day,_6_hours,_54_minutes 0.66 0.58 0.63 29941 48% 927 11% normal note normal 
2018-12-23__15:59:05 yuxiaowei GNU/Linux 4.9.41-v7+ up_3_weeks,_1_day,_6_hours,_55_minutes 0.91 0.66 0.65 29941 48% 927 11% normal note normal 
2018-12-23__16:00:05 yuxiaowei GNU/Linux 4.9.41-v7+ up_3_weeks,_1_day,_6_hours,_56_minutes 0.76 0.65 0.65 29941 48% 927 11% normal note normal 
2018-12-23__16:01:05 yuxiaowei GNU/Linux 4.9.41-v7+ up_3_weeks,_1_day,_6_hours,_57_minutes 0.72 0.66 0.65 29941 48% 927 11% normal note normal 
2018-12-23__16:02:05 yuxiaowei GNU/Linux 4.9.41-v7+ up_3_weeks,_1_day,_6_hours,_58_minutes 0.66 0.65 0.65 29941 48% 927 11% normal note normal 
2018-12-23__16:03:06 yuxiaowei GNU/Linux 4.9.41-v7+ up_3_weeks,_1_day,_6_hours,_59_minutes 0.58 0.63 0.64 29941 48% 927 11% normal note normal 
2018-12-23__16:04:06 yuxiaowei GNU/Linux 4.9.41-v7+ up_3_weeks,_1_day,_7_hours 0.53 0.62 0.63 29941 48% 927 11% normal note normal 
2018-12-23__16:05:06 yuxiaowei GNU/Linux 4.9.41-v7+ up_3_weeks,_1_day,_7_hours,_1_minute 0.54 0.62 0.63 29941 48% 927 11% normal note normal 
2018-12-23__16:06:09 yuxiaowei GNU/Linux 4.9.41-v7+ up_3_weeks,_1_day,_7_hours,_2_minutes 0.61 0.63 0.64 29941 48% 927 11% normal note normal 
2018-12-23__16:07:09 yuxiaowei GNU/Linux 4.9.41-v7+ up_3_weeks,_1_day,_7_hours,_3_minutes 0.45 0.59 0.62 29941 48% 927 11% normal note normal 
2018-12-23__16:08:10 yuxiaowei GNU/Linux 4.9.41-v7+ up_3_weeks,_1_day,_7_hours,_4_minutes 0.56 0.60 0.63 29941 48% 927 11% normal note normal 
2018-12-23__16:09:11 yuxiaowei GNU/Linux 4.9.41-v7+ up_3_weeks,_1_day,_7_hours,_5_minutes 0.61 0.60 0.63 29941 48% 927 11% normal note normal 
2018-12-23__16:10:11 yuxiaowei GNU/Linux 4.9.41-v7+ up_3_weeks,_1_day,_7_hours,_6_minutes 0.74 0.66 0.64 29941 48% 927 11% normal note normal 
2018-12-23__16:11:11 yuxiaowei GNU/Linux 4.9.41-v7+ up_3_weeks,_1_day,_7_hours,_7_minutes 0.65 0.63 0.63 29941 48% 927 11% normal note normal 
2018-12-23__16:12:11 yuxiaowei GNU/Linux 4.9.41-v7+ up_3_weeks,_1_day,_7_hours,_8_minutes 0.54 0.59 0.62 29941 48% 927 11% normal note normal 
2018-12-23__16:13:12 yuxiaowei GNU/Linux 4.9.41-v7+ up_3_weeks,_1_day,_7_hours,_9_minutes 0.48 0.55 0.60 29941 48% 927 11% normal note normal 
2018-12-23__16:14:12 yuxiaowei GNU/Linux 4.9.41-v7+ up_3_weeks,_1_day,_7_hours,_10_minutes 0.36 0.51 0.59 29941 48% 927 11% normal note normal 
2018-12-23__16:15:16 yuxiaowei GNU/Linux 4.9.41-v7+ up_3_weeks,_1_day,_7_hours,_12_minutes 0.52 0.52 0.58 29941 48% 927 11% normal note normal 
2018-12-23__16:16:16 yuxiaowei GNU/Linux 4.9.41-v7+ up_3_weeks,_1_day,_7_hours,_13_minutes 0.64 0.56 0.59 29941 48% 927 11% normal note normal 
2018-12-23__16:17:19 yuxiaowei GNU/Linux 4.9.41-v7+ up_3_weeks,_1_day,_7_hours,_14_minutes 1.16 0.71 0.64 29941 48% 927 11% normal normal normal 
2018-12-23__16:18:20 yuxiaowei GNU/Linux 4.9.41-v7+ up_3_weeks,_1_day,_7_hours,_15_minutes 0.86 0.71 0.64 29941 48% 927 11% normal note normal 
2018-12-23__16:19:21 yuxiaowei GNU/Linux 4.9.41-v7+ up_3_weeks,_1_day,_7_hours,_16_minutes 0.92 0.74 0.65 29941 48% 927 11% normal note normal 
2018-12-23__16:20:22 yuxiaowei GNU/Linux 4.9.41-v7+ up_3_weeks,_1_day,_7_hours,_17_minutes 0.62 0.69 0.64 29941 48% 927 11% normal normal normal 
2018-12-23__16:21:24 yuxiaowei GNU/Linux 4.9.41-v7+ up_3_weeks,_1_day,_7_hours,_18_minutes 1.08 0.82 0.69 29941 48% 927 11% normal normal normal 
2018-12-23__16:22:24 yuxiaowei GNU/Linux 4.9.41-v7+ up_3_weeks,_1_day,_7_hours,_19_minutes 0.77 0.76 0.68 29941 48% 927 11% normal note normal 
2018-12-23__16:23:27 yuxiaowei GNU/Linux 4.9.41-v7+ up_3_weeks,_1_day,_7_hours,_20_minutes 0.58 0.69 0.65 29941 48% 927 11% normal note normal 
2018-12-23__16:24:27 yuxiaowei GNU/Linux 4.9.41-v7+ up_3_weeks,_1_day,_7_hours,_21_minutes 0.67 0.70 0.66 29941 48% 927 11% normal normal normal 
2018-12-23__16:25:27 yuxiaowei GNU/Linux 4.9.41-v7+ up_3_weeks,_1_day,_7_hours,_22_minutes 0.41 0.63 0.63 29941 48% 927 11% normal note normal 
2018-12-23__16:26:28 yuxiaowei GNU/Linux 4.9.41-v7+ up_3_weeks,_1_day,_7_hours,_23_minutes 0.44 0.60 0.63 29941 48% 927 11% normal note normal 
2018-12-23__16:27:30 yuxiaowei GNU/Linux 4.9.41-v7+ up_3_weeks,_1_day,_7_hours,_24_minutes 0.48 0.58 0.62 29941 48% 927 11% normal normal normal 
2018-12-23__16:28:30 yuxiaowei GNU/Linux 4.9.41-v7+ up_3_weeks,_1_day,_7_hours,_25_minutes 0.76 0.65 0.64 29941 48% 927 11% normal normal normal 
2018-12-23__16:29:30 yuxiaowei GNU/Linux 4.9.41-v7+ up_3_weeks,_1_day,_7_hours,_26_minutes 0.60 0.62 0.63 29941 48% 927 11% normal normal normal 
2018-12-23__16:30:31 yuxiaowei GNU/Linux 4.9.41-v7+ up_3_weeks,_1_day,_7_hours,_27_minutes 0.69 0.63 0.64 29941 48% 927 11% normal note normal 
2018-12-23__16:31:31 yuxiaowei GNU/Linux 4.9.41-v7+ up_3_weeks,_1_day,_7_hours,_28_minutes 0.71 0.64 0.64 29941 48% 927 11% normal normal normal 
2018-12-23__16:32:31 yuxiaowei GNU/Linux 4.9.41-v7+ up_3_weeks,_1_day,_7_hours,_29_minutes 0.58 0.61 0.63 29941 48% 927 11% normal note normal 
2018-12-23__16:33:31 yuxiaowei GNU/Linux 4.9.41-v7+ up_3_weeks,_1_day,_7_hours,_30_minutes 0.85 0.67 0.65 29941 48% 927 11% normal note normal 
2018-12-23__16:34:31 yuxiaowei GNU/Linux 4.9.41-v7+ up_3_weeks,_1_day,_7_hours,_31_minutes 0.61 0.64 0.64 29941 48% 927 11% normal normal normal 
