2018-12-22__20:35:35 ./a.out 23530 yuxiaow+ 100.00% 0.00%
2018-12-22__20:35:35 ./a.out 23530 yuxiaow+ 100.00% 0.00%
2018-12-23__10:29:54 /opt/zoom/zoom 27677 yuxiaow+ 53.60% 5.20%
2018-12-23__10:30:04 /opt/zoom/zoom 27677 yuxiaow+ 53.60% 5.20%
2018-12-23__10:30:14 /opt/zoom/zoom 27677 yuxiaow+ 53.60% 5.20%
2018-12-23__10:30:24 /opt/zoom/zoom 27677 yuxiaow+ 53.60% 5.20%
2018-12-23__10:30:34 /opt/zoom/zoom 27677 yuxiaow+ 53.50% 5.20%
2018-12-23__10:38:04 pihealthd 1731 pi 50.30% 0.10%
2018-12-23__10:38:15 pihealthd 1731 pi 50.60% 0.10%
2018-12-23__10:38:26 pihealthd 1731 pi 51.00% 0.10%
2018-12-22__20:35:35 ./a.out 23530 yuxiaow+ 100.00% 0.00%
2018-12-23__10:29:54 /opt/zoom/zoom 27677 yuxiaow+ 53.60% 5.20%
2018-12-23__10:30:04 /opt/zoom/zoom 27677 yuxiaow+ 53.60% 5.20%
2018-12-23__10:30:14 /opt/zoom/zoom 27677 yuxiaow+ 53.60% 5.20%
2018-12-23__10:30:24 /opt/zoom/zoom 27677 yuxiaow+ 53.60% 5.20%
2018-12-23__10:30:34 /opt/zoom/zoom 27677 yuxiaow+ 53.50% 5.20%
2018-12-23__10:44:21 /opt/zoom/zoom 27677 yuxiaow+ 53.90% 5.30%
2018-12-23__10:44:43 /opt/zoom/zoom 27677 yuxiaow+ 54.10% 5.30%
2018-12-23__10:44:53 /opt/zoom/zoom 27677 yuxiaow+ 54.10% 5.30%
2018-12-23__10:54:33 /opt/zoom/zoom 27677 yuxiaow+ 55.30% 5.30%
2018-12-23__10:54:47 /opt/zoom/zoom 27677 yuxiaow+ 55.20% 5.30%
2018-12-22__20:35:35 ./a.out 23530 yuxiaow+ 100.00% 0.00%
2018-12-23__10:29:54 /opt/zoom/zoom 27677 yuxiaow+ 53.60% 5.20%
2018-12-23__10:30:04 /opt/zoom/zoom 27677 yuxiaow+ 53.60% 5.20%
2018-12-23__10:30:14 /opt/zoom/zoom 27677 yuxiaow+ 53.60% 5.20%
2018-12-23__10:30:24 /opt/zoom/zoom 27677 yuxiaow+ 53.60% 5.20%
2018-12-23__10:30:34 /opt/zoom/zoom 27677 yuxiaow+ 53.50% 5.20%
2018-12-23__10:44:21 /opt/zoom/zoom 27677 yuxiaow+ 53.90% 5.30%
2018-12-23__10:44:43 /opt/zoom/zoom 27677 yuxiaow+ 54.10% 5.30%
2018-12-23__10:44:53 /opt/zoom/zoom 27677 yuxiaow+ 54.10% 5.30%
2018-12-23__10:54:33 /opt/zoom/zoom 27677 yuxiaow+ 55.30% 5.30%
2018-12-23__10:54:47 /opt/zoom/zoom 27677 yuxiaow+ 55.20% 5.30%
2018-12-23__17:33:37 find 5489 Tesla 80.30% 0.20%
2018-12-23__18:10:21 find 5196 root 90.10% 0.20%
