2018-12-22__20:36:09 0.64 68.00 36.00°C note
2018-12-22__20:36:15 0.63 33.00 36.00°C normal
2018-12-22__20:36:20 0.65 20.00 38.00°C normal
2018-12-22__20:36:26 0.66 68.00 38.00°C note
2018-12-22__20:36:32 0.66 6.00 37.00°C normal
2018-12-23__09:24:03 average:0.65 0.73  8.00 22.00°C normal
2018-12-23__09:24:09 average:0.59 0.72  2.00 21.00°C normal
2018-12-23__09:24:14 average:0.55 0.71  3.00 22.00°C normal
2018-12-23__09:24:20 average:0.62 0.72  1.00 22.00°C normal
2018-12-23__09:24:25 average:0.57 0.70  0.00 22.00°C normal
2018-12-23__09:24:31 average:0.61 0.71  4.00 22.00°C normal
2018-12-23__09:24:36 average:0.56 0.70  11.00 22.00°C normal
2018-12-23__09:24:42 average:0.51 0.68  1.00 22.00°C normal
2018-12-23__09:24:48 average:0.47 0.67  17.00 22.00°C normal
2018-12-23__09:24:53 average:0.51 0.68  10.00 22.00°C normal
2018-12-23__10:05:44 1.38 0.88 0.77 98.00 48.00°C warning
2018-12-23__10:05:50 1.91 1.01 0.81 64.00 48.00°C note
2018-12-23__10:05:56 2.00 1.04 0.83 46.00 48.00°C normal
2018-12-23__10:06:02 1.84 1.03 0.82 58.00 48.00°C note
2018-12-23__10:06:07 1.77 1.03 0.82 37.00 48.00°C normal
2018-12-23__10:06:13 1.63 1.01 0.82 17.00 48.00°C normal
2018-12-23__10:06:19 1.50 0.99 0.81 14.00 48.00°C normal
2018-12-23__10:06:24 1.46 0.99 0.81 48.00 48.00°C normal
2018-12-23__10:06:30 1.34 0.98 0.81 45.00 49.00°C normal
2018-12-23__10:06:36 1.52 1.03 0.83 44.00 50.00°C normal
2018-12-23__10:06:41 1.39 1.01 0.82 28.00 49.00°C normal
2018-12-23__10:06:47 1.28 0.99 0.82 44.00 49.00°C normal
2018-12-23__10:06:53 1.18 0.97 0.81 32.00 49.00°C normal
2018-12-23__10:06:58 1.16 0.98 0.81 35.00 49.00°C normal
2018-12-23__10:07:04 1.15 0.98 0.82 33.00 49.00°C normal
2018-12-23__10:07:10 1.38 1.03 0.83 52.00 49.00°C note
2018-12-23__10:07:15 1.43 1.04 0.84 33.00 49.00°C normal
2018-12-23__10:07:21 1.21 1.01 0.83 32.00 49.00°C normal
2018-12-23__10:07:26 1.19 1.01 0.83 67.00 50.00°C note
2018-12-23__10:07:32 1.18 1.01 0.83 23.00 49.00°C normal
2018-12-23__10:07:38 1.08 0.99 0.83 22.00 49.00°C normal
2018-12-23__10:07:43 1.08 0.99 0.83 23.00 49.00°C normal
2018-12-23__10:07:49 1.23 1.02 0.84 28.00 49.00°C normal
2018-12-23__10:07:54 1.21 1.02 0.84 28.00 49.00°C normal
2018-12-23__10:08:00 1.11 1.01 0.84 28.00 49.00°C normal
2018-12-23__10:08:06 1.26 1.04 0.85 49.00 49.00°C normal
2018-12-23__10:08:11 1.16 1.02 0.84 20.00 49.00°C normal
2018-12-23__10:08:17 1.22 1.04 0.85 35.00 49.00°C normal
2018-12-23__10:08:22 1.12 1.02 0.85 29.00 49.00°C normal
2018-12-23__10:08:28 1.03 1.00 0.84 58.00 49.00°C note
2018-12-23__10:08:34 0.95 0.99 0.84 5.00 49.00°C normal
2018-12-23__10:08:39 0.87 0.97 0.83 29.00 49.00°C normal
2018-12-23__10:08:45 1.13 1.02 0.85 18.00 49.00°C normal
2018-12-23__10:09:26 1.01 1.00 0.85 89.00 49.00°C warning
2018-12-23__10:09:32 0.93 0.99 0.85 40.00 48.00°C normal
2018-12-23__10:09:38 1.10 1.02 0.86 30.00 48.00°C normal
2018-12-23__10:09:43 1.17 1.04 0.86 22.00 48.00°C normal
2018-12-23__10:09:49 1.16 1.04 0.86 26.00 48.00°C normal
2018-12-23__10:09:55 1.14 1.03 0.87 58.00 49.00°C note
2018-12-23__10:10:00 1.21 1.05 0.87 45.00 49.00°C normal
2018-12-23__10:10:06 1.41 1.10 0.89 34.00 49.00°C normal
2018-12-23__10:10:11 1.70 1.16 0.91 48.00 49.00°C normal
2018-12-23__10:10:17 1.73 1.18 0.92 11.00 49.00°C normal
2018-12-23__10:10:23 1.59 1.16 0.91 9.00 49.00°C normal
2018-12-23__10:10:28 1.54 1.15 0.91 30.00 50.00°C normal
2018-12-23__10:10:34 1.42 1.14 0.91 40.00 49.00°C normal
2018-12-23__10:10:39 1.30 1.12 0.90 28.00 50.00°C normal
2018-12-23__10:10:45 1.20 1.10 0.90 40.00 50.00°C normal
2018-12-23__10:10:51 1.34 1.13 0.91 25.00 51.00°C normal
2018-12-23__10:10:56 1.44 1.16 0.92 17.00 49.00°C normal
2018-12-23__10:11:02 1.73 1.22 0.94 46.00 49.00°C normal
2018-12-23__10:11:07 2.31 1.35 0.99 29.00 50.00°C normal
2018-12-23__10:11:13 2.13 1.33 0.98 25.00 50.00°C normal
2018-12-23__10:11:19 1.96 1.31 0.98 32.00 49.00°C normal
2018-12-23__10:11:24 1.80 1.29 0.97 36.00 49.00°C normal
2018-12-23__10:11:30 1.65 1.26 0.97 40.00 49.00°C normal
2018-12-23__10:11:35 1.60 1.26 0.97 21.00 51.00°C normal
2018-12-23__10:11:41 1.60 1.27 0.97 12.00 50.00°C normal
2018-12-23__10:11:47 1.55 1.26 0.97 5.00 49.00°C normal
2018-12-23__10:11:52 1.50 1.26 0.97 7.00 49.00°C normal
2018-12-23__10:11:58 1.38 1.24 0.97 3.00 49.00°C normal
2018-12-23__10:12:04 1.27 1.22 0.96 9.00 49.00°C normal
2018-12-23__10:12:09 1.25 1.21 0.96 23.00 50.00°C normal
2018-12-23__10:12:16 1.13 1.19 0.96 2.00 50.00°C normal
2018-12-23__10:12:22 1.12 1.18 0.96 10.00 49.00°C normal
2018-12-23__10:12:27 1.19 1.20 0.96 24.00 50.00°C normal
2018-12-23__10:12:33 1.10 1.18 0.96 13.00 49.00°C normal
2018-12-23__10:12:39 1.17 1.19 0.96 2.00 49.00°C normal
2018-12-23__10:12:44 1.16 1.19 0.96 27.00 49.00°C normal
2018-12-23__10:12:50 1.30 1.22 0.98 24.00 49.00°C normal
2018-12-23__10:12:55 1.20 1.20 0.97 12.00 49.00°C normal
2018-12-23__10:13:01 1.01 1.16 0.96 7.00 48.00°C normal
2018-12-23__10:13:07 0.93 1.14 0.95 14.00 48.00°C normal
2018-12-23__10:13:12 0.94 1.14 0.95 10.00 49.00°C normal
2018-12-23__10:13:18 0.86 1.12 0.95 2.00 49.00°C normal
2018-12-23__10:13:24 0.79 1.10 0.94 26.00 49.00°C normal
2018-12-23__10:13:29 0.81 1.10 0.94 46.00 49.00°C normal
2018-12-23__10:13:35 0.91 1.11 0.95 44.00 49.00°C normal
2018-12-23__10:13:41 1.15 1.16 0.97 39.00 49.00°C normal
2018-12-23__10:13:46 1.05 1.14 0.96 71.00 49.00°C warning
2018-12-23__10:13:52 1.21 1.17 0.97 55.00 50.00°C note
2018-12-23__10:13:58 1.19 1.17 0.97 72.00 50.00°C warning
2018-12-23__10:14:04 1.09 1.15 0.97 60.00 50.00°C note
2018-12-23__10:14:09 1.01 1.13 0.96 64.00 50.00°C note
2018-12-23__10:14:15 1.01 1.12 0.96 56.00 51.00°C note
2018-12-23__10:14:21 0.92 1.11 0.96 57.00 50.00°C note
2018-12-23__10:14:26 1.18 1.15 0.98 31.00 51.00°C normal
2018-12-23__10:14:32 1.32 1.18 0.99 70.00 50.00°C warning
2018-12-23__10:14:37 1.30 1.18 0.99 66.00 52.00°C note
2018-12-23__10:14:43 1.19 1.16 0.98 15.00 49.00°C normal
2018-12-23__10:14:49 1.26 1.17 0.99 5.00 49.00°C normal
2018-12-23__10:14:54 1.56 1.24 1.01 9.00 49.00°C normal
2018-12-23__10:15:00 1.59 1.25 1.02 7.00 49.00°C normal
2018-12-23__10:15:05 1.55 1.25 1.01 22.00 50.00°C normal
2018-12-23__10:15:11 1.42 1.22 1.01 10.00 50.00°C normal
2018-12-23__10:15:17 1.28 1.20 1.00 18.00 49.00°C normal
2018-12-23__10:15:22 1.41 1.23 1.01 21.00 49.00°C normal
2018-12-23__10:15:30 1.46 1.24 1.02 18.00 48.00°C normal
2018-12-23__10:15:35 1.34 1.22 1.01 33.00 49.00°C normal
2018-12-23__10:15:41 1.32 1.22 1.01 9.00 48.00°C normal
2018-12-23__10:15:47 1.27 1.21 1.01 28.00 49.00°C normal
2018-12-23__10:15:52 1.17 1.19 1.01 24.00 48.00°C normal
2018-12-23__10:15:58 1.08 1.17 1.00 2.00 48.00°C normal
2018-12-23__10:16:04 0.99 1.15 0.99 10.00 49.00°C normal
2018-12-23__10:16:09 0.99 1.15 1.00 7.00 49.00°C normal
2018-12-23__10:16:15 0.91 1.13 0.99 48.00 49.00°C normal
2018-12-23__10:16:21 1.00 1.14 1.00 24.00 48.00°C normal
2018-12-23__10:16:26 1.00 1.14 1.00 23.00 48.00°C normal
2018-12-23__10:16:32 0.92 1.12 0.99 18.00 48.00°C normal
2018-12-23__10:16:37 0.93 1.12 0.99 29.00 48.00°C normal
2018-12-23__10:16:43 0.93 1.12 0.99 2.00 48.00°C normal
2018-12-23__10:16:49 0.86 1.10 0.99 25.00 48.00°C normal
2018-12-23__10:16:54 0.79 1.08 0.98 18.00 48.00°C normal
2018-12-23__10:17:00 0.73 1.06 0.98 4.00 47.00°C normal
2018-12-23__10:17:06 0.75 1.06 0.98 7.00 47.00°C normal
2018-12-23__10:17:11 0.85 1.07 0.98 3.00 48.00°C normal
2018-12-23__10:17:17 0.72 1.04 0.97 2.00 48.00°C normal
2018-12-23__10:17:23 1.14 1.12 1.00 7.00 48.00°C normal
2018-12-23__10:17:28 1.05 1.10 0.99 6.00 47.00°C normal
2018-12-23__10:17:34 0.96 1.08 0.99 11.00 49.00°C normal
2018-12-23__10:17:39 0.89 1.07 0.98 7.00 47.00°C normal
2018-12-23__10:17:47 0.91 1.06 0.98 31.00 47.00°C normal
2018-12-23__10:17:53 0.84 1.05 0.98 4.00 47.00°C normal
2018-12-23__10:17:58 0.93 1.06 0.98 3.00 47.00°C normal
2018-12-23__10:18:04 0.94 1.06 0.98 17.00 48.00°C normal
2018-12-23__10:18:10 0.86 1.04 0.98 11.00 47.00°C normal
2018-12-23__10:18:15 0.79 1.02 0.97 12.00 48.00°C normal
2018-12-23__10:18:25 0.75 1.01 0.97 13.00 48.00°C normal
2018-12-23__10:18:31 0.69 0.99 0.96 12.00 48.00°C normal
2018-12-23__10:18:36 0.63 0.97 0.96 6.00 48.00°C normal
2018-12-23__10:18:42 0.70 0.97 0.96 11.00 49.00°C normal
2018-12-23__10:18:48 0.64 0.96 0.95 14.00 49.00°C normal
2018-12-23__10:18:53 0.59 0.94 0.95 7.00 48.00°C normal
2018-12-23__10:19:00 0.54 0.93 0.94 54.00 48.00°C note
2018-12-23__10:19:06 0.50 0.91 0.94 30.00 47.00°C normal
2018-12-23__10:19:12 0.62 0.93 0.94 26.00 47.00°C normal
2018-12-23__10:19:17 0.60 0.91 0.94 33.00 48.00°C normal
2018-12-23__10:19:23 0.71 0.93 0.94 19.00 47.00°C normal
2018-12-23__10:19:29 0.73 0.93 0.94 15.00 47.00°C normal
2018-12-23__10:19:36 0.75 0.94 0.94 26.00 48.00°C normal
2018-12-23__10:19:42 0.64 0.90 0.93 32.00 48.00°C normal
2018-12-23__10:19:48 0.59 0.89 0.93 1.00 48.00°C normal
2018-12-23__10:19:53 0.86 0.94 0.95 5.00 47.00°C normal
2018-12-23__10:30:22 1.14 1.28 1.46 21.00 30.00°C normal
2018-12-23__10:30:29 1.19 1.28 1.46 25.00 30.00°C normal
2018-12-23__10:30:35 1.09 1.26 1.45 22.00 30.00°C normal
2018-12-23__10:34:09 2.01 1.68 1.31 96.00 52.00°C warning
2018-12-23__10:34:15 2.09 1.70 1.31 40.00 52.00°C normal
2018-12-23__10:34:20 2.00 1.69 1.31 48.00 53.00°C normal
2018-12-23__10:34:26 1.92 1.68 1.31 40.00 52.00°C normal
2018-12-23__10:34:32 1.85 1.67 1.31 82.00 52.00°C warning
2018-12-23__10:34:37 1.78 1.65 1.31 40.00 53.00°C normal
2018-12-23__10:34:43 1.72 1.64 1.30 39.00 53.00°C normal
2018-12-23__10:34:48 1.74 1.65 1.31 41.00 52.00°C normal
2018-12-23__10:34:54 2.00 1.71 1.33 41.00 52.00°C normal
2018-12-23__10:35:00 2.00 1.71 1.34 77.00 53.00°C warning
2018-12-23__10:35:05 1.92 1.70 1.33 35.00 53.00°C normal
2018-12-23__10:35:11 1.84 1.69 1.33 50.00 54.00°C note
2018-12-23__10:35:17 1.93 1.71 1.34 29.00 53.00°C normal
2018-12-23__10:35:22 1.86 1.70 1.34 25.00 53.00°C normal
2018-12-23__10:35:28 1.79 1.69 1.34 27.00 52.00°C normal
2018-12-23__10:35:33 1.81 1.69 1.34 27.00 53.00°C normal
2018-12-23__10:35:39 1.68 1.67 1.34 28.00 52.00°C normal
2018-12-23__10:35:45 1.63 1.66 1.34 27.00 52.00°C normal
2018-12-23__10:35:50 1.58 1.65 1.33 29.00 52.00°C normal
2018-12-23__10:35:56 1.53 1.64 1.33 29.00 52.00°C normal
2018-12-23__10:36:01 1.57 1.64 1.34 53.00 52.00°C note
2018-12-23__10:36:07 1.52 1.63 1.33 36.00 52.00°C normal
2018-12-23__10:36:13 1.56 1.64 1.34 38.00 52.00°C normal
2018-12-23__10:36:18 1.84 1.70 1.36 39.00 52.00°C normal
2018-12-23__10:36:24 1.71 1.67 1.35 29.00 52.00°C normal
2018-12-23__10:36:30 1.65 1.66 1.35 27.00 52.00°C normal
2018-12-23__10:36:35 1.60 1.65 1.35 31.00 52.00°C normal
2018-12-23__10:36:41 1.55 1.64 1.35 33.00 51.00°C normal
2018-12-23__10:36:47 1.59 1.64 1.35 76.00 52.00°C warning
2018-12-23__10:36:52 1.54 1.63 1.35 31.00 51.00°C normal
2018-12-23__10:36:58 1.66 1.66 1.36 49.00 51.00°C normal
2018-12-23__10:37:04 1.68 1.66 1.36 45.00 52.00°C normal
2018-12-23__10:37:09 1.65 1.66 1.36 60.00 52.00°C note
2018-12-23__10:37:15 1.68 1.66 1.37 47.00 52.00°C normal
2018-12-23__10:37:21 1.63 1.65 1.37 42.00 52.00°C normal
2018-12-23__10:37:27 1.58 1.64 1.36 34.00 51.00°C normal
2018-12-23__10:37:33 1.61 1.65 1.37 26.00 52.00°C normal
2018-12-23__10:37:38 1.56 1.64 1.36 31.00 51.00°C normal
2018-12-23__10:37:44 1.63 1.65 1.37 26.00 51.00°C normal
2018-12-23__10:37:50 1.58 1.64 1.37 26.00 52.00°C normal
2018-12-23__10:37:55 1.54 1.63 1.37 29.00 51.00°C normal
2018-12-23__10:38:01 1.57 1.63 1.37 31.00 52.00°C normal
2018-12-23__10:38:06 1.61 1.64 1.37 28.00 52.00°C normal
2018-12-23__10:38:12 1.64 1.65 1.38 30.00 53.00°C normal
2018-12-23__10:38:18 1.67 1.65 1.38 26.00 53.00°C normal
2018-12-23__10:38:23 1.62 1.64 1.38 26.00 52.00°C normal
2018-12-23__10:38:29 1.57 1.63 1.37 27.00 52.00°C normal
2018-12-23__10:38:34 1.64 1.64 1.38 28.00 53.00°C normal
2018-12-23__10:38:40 1.59 1.63 1.38 27.00 52.00°C normal
2018-12-23__10:54:39 1.79 1.84 1.79 19.00 33.00°C normal
2018-12-23__10:54:47 1.51 1.78 1.77 25.00 33.00°C normal
2018-12-23__11:30:39 0.83 1.00 1.02 83.00 48.00°C warning
2018-12-23__11:31:26 1.09 1.02 1.02 33.00 49.00°C normal
2018-12-23__11:31:33 1.00 1.01 1.02 13.00 49.00°C normal
2018-12-23__11:31:43 1.00 1.01 1.02 24.00 50.00°C normal
2018-12-23__11:31:49 0.92 0.99 1.01 3.00 49.00°C normal
2018-12-23__11:31:55 0.92 0.99 1.01 10.00 49.00°C normal
2018-12-23__11:32:00 0.85 0.97 1.00 3.00 50.00°C normal
2018-12-23__11:32:06 0.72 0.94 0.99 9.00 48.00°C normal
2018-12-23__11:32:11 0.66 0.92 0.99 8.00 50.00°C normal
2018-12-23__11:32:17 0.61 0.91 0.98 6.00 49.00°C normal
2018-12-23__11:32:23 0.80 0.94 0.99 3.00 49.00°C normal
2018-12-23__11:32:28 0.89 0.96 1.00 13.00 49.00°C normal
2018-12-23__11:32:34 0.82 0.95 0.99 8.00 49.00°C normal
2018-12-23__11:32:39 1.40 1.06 1.03 7.00 49.00°C normal
2018-12-23__11:32:45 1.53 1.10 1.04 6.00 50.00°C normal
2018-12-23__11:32:51 1.36 1.07 1.04 10.00 49.00°C normal
2018-12-23__11:32:56 1.34 1.07 1.04 3.00 49.00°C normal
2018-12-23__11:33:02 1.39 1.09 1.04 3.00 49.00°C normal
2018-12-23__11:33:07 1.60 1.14 1.06 2.00 48.00°C normal
2018-12-23__11:33:13 1.55 1.13 1.06 0.00 48.00°C normal
2018-12-23__11:33:19 1.43 1.12 1.05 4.00 48.00°C normal
2018-12-23__11:33:24 1.47 1.13 1.06 8.00 49.00°C normal
2018-12-23__11:33:30 1.35 1.11 1.05 10.00 49.00°C normal
2018-12-23__11:33:36 1.25 1.09 1.04 30.00 49.00°C normal
2018-12-23__11:33:41 1.27 1.11 1.05 8.00 48.00°C normal
2018-12-23__11:33:47 1.17 1.09 1.04 18.00 49.00°C normal
2018-12-23__11:33:52 1.16 1.09 1.04 21.00 49.00°C normal
2018-12-23__11:33:58 1.06 1.07 1.04 17.00 49.00°C normal
2018-12-23__11:34:04 0.98 1.05 1.03 14.00 49.00°C normal
2018-12-23__11:34:09 0.90 1.03 1.03 7.00 49.00°C normal
2018-12-23__11:34:15 0.83 1.01 1.02 43.00 49.00°C normal
2018-12-23__11:34:21 0.76 1.00 1.01 44.00 49.00°C normal
2018-12-23__11:34:30 1.01 1.05 1.03 25.00 49.00°C normal
2018-12-23__11:34:36 0.93 1.03 1.02 2.00 49.00°C normal
2018-12-23__11:34:41 0.79 0.99 1.01 3.00 49.00°C normal
2018-12-23__11:34:47 0.72 0.98 1.01 13.00 49.00°C normal
2018-12-23__11:34:52 0.67 0.96 1.00 13.00 49.00°C normal
2018-12-23__11:34:58 0.61 0.95 0.99 20.00 49.00°C normal
2018-12-23__11:35:05 0.56 0.93 0.99 48.00 50.00°C normal
2018-12-23__11:35:11 0.84 0.98 1.01 39.00 50.00°C normal
2018-12-23__11:35:16 1.16 1.05 1.03 26.00 49.00°C normal
2018-12-23__11:35:22 1.15 1.05 1.03 25.00 49.00°C normal
2018-12-23__11:35:28 1.05 1.03 1.02 13.00 49.00°C normal
2018-12-23__11:35:33 1.13 1.04 1.03 13.00 49.00°C normal
2018-12-23__11:35:40 1.04 1.03 1.02 50.00 51.00°C note
2018-12-23__11:35:46 1.36 1.09 1.04 31.00 50.00°C normal
2018-12-23__11:35:51 1.46 1.12 1.05 26.00 51.00°C normal
2018-12-23__11:35:57 1.50 1.14 1.06 27.00 49.00°C normal
2018-12-23__11:36:03 1.38 1.12 1.05 21.00 50.00°C normal
2018-12-23__11:36:08 1.43 1.13 1.06 27.00 50.00°C normal
2018-12-23__11:36:14 1.31 1.11 1.05 25.00 50.00°C normal
2018-12-23__11:36:20 1.29 1.11 1.05 37.00 51.00°C normal
2018-12-23__11:36:26 1.27 1.11 1.05 41.00 51.00°C normal
2018-12-23__11:36:31 1.14 1.09 1.04 30.00 51.00°C normal
2018-12-23__11:36:37 1.05 1.07 1.04 27.00 51.00°C normal
2018-12-23__11:36:43 1.05 1.07 1.04 29.00 51.00°C normal
2018-12-23__11:36:48 0.96 1.05 1.03 30.00 51.00°C normal
2018-12-23__11:36:54 0.97 1.05 1.03 41.00 50.00°C normal
2018-12-23__11:36:59 0.97 1.05 1.03 38.00 51.00°C normal
2018-12-23__11:37:05 0.89 1.03 1.02 67.00 51.00°C note
2018-12-23__11:37:11 1.14 1.08 1.04 44.00 51.00°C normal
2018-12-23__11:37:16 1.12 1.08 1.04 53.00 50.00°C note
2018-12-23__11:37:22 1.27 1.11 1.05 30.00 51.00°C normal
2018-12-23__11:37:28 1.17 1.09 1.04 34.00 49.00°C normal
2018-12-23__11:37:34 1.07 1.07 1.04 35.00 49.00°C normal
2018-12-23__11:37:39 0.99 1.06 1.03 33.00 49.00°C normal
2018-12-23__11:37:45 0.99 1.06 1.03 45.00 50.00°C normal
2018-12-23__11:37:51 1.07 1.07 1.04 50.00 51.00°C note
2018-12-23__11:37:56 1.05 1.07 1.04 33.00 49.00°C normal
2018-12-23__10:54:39 1.79 1.84 1.79 19.00 33.00°C normal
2018-12-23__10:54:47 1.51 1.78 1.77 25.00 33.00°C normal
2018-12-23__13:34:39 0.26 89.00 49.00°C warning
2018-12-23__13:34:45 0.26 7.00 48.00°C normal
2018-12-23__13:34:52 0.26 2.00 48.00°C normal
2018-12-23__13:34:58 0.26 29.00 49.00°C normal
2018-12-23__13:35:03 0.26 1.00 48.00°C normal
2018-12-23__13:35:09 0.26 4.00 48.00°C normal
2018-12-23__13:35:15 0.25 6.00 48.00°C normal
2018-12-23__13:35:20 0.25 2.00 48.00°C normal
2018-12-23__13:35:27 0.25 11.00 48.00°C normal
2018-12-23__13:35:33 0.25 35.00 48.00°C normal
2018-12-23__13:35:39 0.25 25.00 48.00°C normal
2018-12-23__13:35:44 0.26 1.00 48.00°C normal
2018-12-23__13:35:50 0.26 17.00 48.00°C normal
2018-12-23__13:35:56 0.26 22.00 48.00°C normal
2018-12-23__13:36:05 0.26 3.00 48.00°C normal
2018-12-23__13:36:11 0.25 8.00 48.00°C normal
2018-12-23__13:36:17 0.26 11.00 49.00°C normal
2018-12-23__13:36:22 0.26 38.00 49.00°C normal
2018-12-23__13:36:28 0.26 32.00 49.00°C normal
2018-12-23__13:36:34 0.25 6.00 48.00°C normal
2018-12-23__13:36:41 0.26 42.00 48.00°C normal
2018-12-23__13:36:46 0.26 8.00 48.00°C normal
2018-12-23__13:36:52 0.25 6.00 48.00°C normal
2018-12-23__13:36:57 0.25 7.00 48.00°C normal
2018-12-23__13:37:03 0.25 14.00 48.00°C normal
2018-12-23__13:37:09 0.25 17.00 48.00°C normal
2018-12-23__13:37:16 0.25 8.00 48.00°C normal
2018-12-23__13:37:22 0.25 2.00 48.00°C normal
2018-12-23__13:37:27 0.24 8.00 49.00°C normal
2018-12-23__13:37:33 0.26 2.00 48.00°C normal
2018-12-23__13:37:38 0.26 10.00 47.00°C normal
2018-12-23__13:37:44 0.28 6.00 48.00°C normal
2018-12-23__13:37:50 0.27 12.00 49.00°C normal
2018-12-23__13:37:55 0.27 8.00 49.00°C normal
2018-12-23__13:38:01 0.27 1.00 49.00°C normal
2018-12-23__13:38:07 0.27 1.00 48.00°C normal
2018-12-23__13:38:12 0.27 5.00 48.00°C normal
2018-12-23__13:38:18 0.27 8.00 48.00°C normal
2018-12-23__13:38:23 0.26 3.00 48.00°C normal
2018-12-23__13:38:31 0.27 18.00 48.00°C normal
2018-12-23__13:38:36 0.27 15.00 48.00°C normal
2018-12-23__13:38:42 0.30 25.00 48.00°C normal
2018-12-23__13:38:48 0.30 10.00 48.00°C normal
2018-12-23__13:38:53 0.30 1.00 48.00°C normal
2018-12-23__13:38:59 0.30 39.00 49.00°C normal
2018-12-23__13:39:06 0.29 8.00 48.00°C normal
2018-12-23__13:39:11 0.29 10.00 49.00°C normal
2018-12-23__13:39:17 0.29 16.00 49.00°C normal
2018-12-23__13:39:23 0.29 3.00 48.00°C normal
2018-12-23__13:39:28 0.29 3.00 48.00°C normal
2018-12-23__13:39:34 0.29 1.00 48.00°C normal
2018-12-23__13:39:41 0.30 7.00 48.00°C normal
2018-12-23__13:39:47 0.29 4.00 48.00°C normal
2018-12-23__13:39:52 0.30 7.00 48.00°C normal
2018-12-23__13:39:58 0.30 18.00 48.00°C normal
2018-12-23__13:40:04 0.30 18.00 49.00°C normal
2018-12-23__13:40:09 0.30 34.00 48.00°C normal
2018-12-23__13:40:16 0.30 7.00 48.00°C normal
2018-12-23__13:40:22 0.30 1.00 48.00°C normal
2018-12-23__13:40:28 0.30 11.00 48.00°C normal
2018-12-23__13:40:33 0.30 3.00 48.00°C normal
2018-12-23__13:40:39 0.30 8.00 48.00°C normal
2018-12-23__13:40:45 0.30 12.00 49.00°C normal
2018-12-23__13:40:50 0.30 2.00 48.00°C normal
2018-12-23__13:40:57 0.30 4.00 48.00°C normal
2018-12-23__13:41:03 0.29 12.00 48.00°C normal
2018-12-23__13:41:08 0.30 15.00 48.00°C normal
2018-12-23__13:41:14 0.30 2.00 48.00°C normal
2018-12-23__13:41:20 0.30 10.00 48.00°C normal
2018-12-23__13:41:25 0.30 8.00 48.00°C normal
2018-12-23__13:41:32 0.29 10.00 49.00°C normal
2018-12-23__13:41:38 0.29 5.00 48.00°C normal
2018-12-23__13:41:44 0.30 11.00 48.00°C normal
2018-12-23__13:41:49 0.29 13.00 49.00°C normal
2018-12-23__13:41:55 0.29 8.00 48.00°C normal
2018-12-23__13:42:01 0.29 7.00 49.00°C normal
2018-12-23__13:42:08 0.30 7.00 48.00°C normal
2018-12-23__13:42:13 0.30 5.00 48.00°C normal
2018-12-23__13:42:19 0.30 4.00 47.00°C normal
2018-12-23__13:42:24 0.30 0.00 48.00°C normal
2018-12-23__13:42:30 0.30 6.00 49.00°C normal
2018-12-23__13:42:36 0.31 7.00 48.00°C normal
2018-12-23__13:42:41 0.32 21.00 48.00°C normal
2018-12-23__13:42:47 0.33 5.00 48.00°C normal
2018-12-23__13:42:53 0.33 10.00 49.00°C normal
2018-12-23__13:42:58 0.32 8.00 49.00°C normal
2018-12-23__13:43:04 0.36 25.00 49.00°C normal
2018-12-23__13:43:09 0.36 6.00 49.00°C normal
2018-12-23__13:43:15 0.36 13.00 49.00°C normal
2018-12-23__13:43:22 0.36 9.00 49.00°C normal
2018-12-23__13:43:28 0.36 14.00 49.00°C normal
2018-12-23__13:43:34 0.35 12.00 48.00°C normal
2018-12-23__13:43:39 0.35 25.00 48.00°C normal
2018-12-23__13:43:45 0.35 10.00 48.00°C normal
2018-12-23__13:43:51 0.37 3.00 48.00°C normal
2018-12-23__13:43:58 0.37 16.00 48.00°C normal
2018-12-23__13:44:03 0.36 5.00 48.00°C normal
2018-12-23__13:44:09 0.36 9.00 48.00°C normal
2018-12-23__13:44:15 0.36 20.00 48.00°C normal
2018-12-23__13:44:20 0.36 7.00 49.00°C normal
2018-12-23__13:44:26 0.37 14.00 49.00°C normal
2018-12-23__13:44:33 0.36 7.00 48.00°C normal
2018-12-23__13:44:39 0.37 3.00 48.00°C normal
2018-12-23__13:44:44 0.37 3.00 48.00°C normal
2018-12-23__13:44:50 0.37 3.00 48.00°C normal
2018-12-23__13:44:56 0.37 5.00 48.00°C normal
2018-12-23__13:45:01 0.37 8.00 48.00°C normal
2018-12-23__13:45:07 0.36 20.00 48.00°C normal
2018-12-23__13:45:12 0.36 10.00 48.00°C normal
2018-12-23__13:45:18 0.36 28.00 48.00°C normal
2018-12-23__13:45:24 0.36 40.00 49.00°C normal
2018-12-23__13:45:29 0.36 33.00 49.00°C normal
2018-12-23__13:45:35 0.35 11.00 49.00°C normal
2018-12-23__13:45:41 0.36 27.00 49.00°C normal
2018-12-23__13:45:47 0.36 46.00 49.00°C normal
2018-12-23__13:45:53 0.36 9.00 48.00°C normal
2018-12-23__13:45:58 0.35 12.00 48.00°C normal
2018-12-23__13:46:04 0.35 1.00 48.00°C normal
2018-12-23__13:46:10 0.36 19.00 48.00°C normal
2018-12-23__13:46:15 0.36 10.00 48.00°C normal
2018-12-23__13:46:23 0.36 3.00 48.00°C normal
2018-12-23__13:46:28 0.36 16.00 48.00°C normal
2018-12-23__13:46:34 0.36 4.00 49.00°C normal
2018-12-23__13:46:40 0.36 4.00 48.00°C normal
2018-12-23__13:46:45 0.36 4.00 48.00°C normal
2018-12-23__13:46:51 0.36 3.00 48.00°C normal
2018-12-23__13:46:57 0.35 21.00 48.00°C normal
2018-12-23__13:47:02 0.35 6.00 48.00°C normal
2018-12-23__13:47:08 0.35 13.00 49.00°C normal
2018-12-23__13:47:13 0.37 16.00 49.00°C normal
2018-12-23__13:47:19 0.37 16.00 48.00°C normal
2018-12-23__13:47:25 0.37 6.00 49.00°C normal
2018-12-23__13:47:30 0.37 23.00 49.00°C normal
2018-12-23__13:47:37 0.38 7.00 48.00°C normal
2018-12-23__13:47:43 0.38 17.00 49.00°C normal
2018-12-23__13:47:48 0.38 32.00 49.00°C normal
2018-12-23__13:47:54 0.37 2.00 49.00°C normal
2018-12-23__13:47:59 0.38 9.00 48.00°C normal
2018-12-23__13:48:05 0.38 2.00 48.00°C normal
2018-12-23__13:48:13 0.37 2.00 48.00°C normal
2018-12-23__13:48:18 0.38 2.00 48.00°C normal
2018-12-23__13:48:24 0.38 14.00 48.00°C normal
2018-12-23__13:48:29 0.37 16.00 49.00°C normal
2018-12-23__13:48:35 0.37 5.00 49.00°C normal
2018-12-23__13:48:41 0.37 3.00 48.00°C normal
2018-12-23__13:48:48 0.37 18.00 49.00°C normal
2018-12-23__13:48:53 0.37 2.00 48.00°C normal
2018-12-23__13:48:59 0.37 13.00 48.00°C normal
2018-12-23__13:49:05 0.36 4.00 48.00°C normal
2018-12-23__13:49:10 0.37 15.00 49.00°C normal
2018-12-23__13:49:16 0.36 14.00 48.00°C normal
2018-12-23__13:49:23 0.38 11.00 48.00°C normal
2018-12-23__13:49:29 0.38 32.00 49.00°C normal
2018-12-23__13:49:35 0.38 10.00 49.00°C normal
2018-12-23__13:49:40 0.37 2.00 48.00°C normal
2018-12-23__13:49:46 0.37 3.00 48.00°C normal
2018-12-23__13:49:52 0.37 10.00 49.00°C normal
2018-12-23__13:49:57 0.36 4.00 49.00°C normal
2018-12-23__13:50:04 0.37 4.00 48.00°C normal
2018-12-23__13:50:10 0.38 3.00 49.00°C normal
2018-12-23__13:50:15 0.37 8.00 48.00°C normal
2018-12-23__13:50:21 0.37 4.00 49.00°C normal
2018-12-23__13:50:27 0.38 3.00 48.00°C normal
2018-12-23__13:50:32 0.38 4.00 48.00°C normal
2018-12-23__13:50:39 0.38 13.00 48.00°C normal
2018-12-23__13:50:45 0.38 3.00 49.00°C normal
2018-12-23__13:50:51 0.37 38.00 48.00°C normal
2018-12-23__13:50:56 0.38 4.00 48.00°C normal
2018-12-23__13:51:02 0.38 13.00 48.00°C normal
2018-12-23__13:51:08 0.38 3.00 49.00°C normal
2018-12-23__13:51:15 0.37 12.00 48.00°C normal
2018-12-23__13:51:20 0.37 4.00 48.00°C normal
2018-12-23__13:51:26 0.37 6.00 48.00°C normal
2018-12-23__13:51:32 0.39 4.00 48.00°C normal
2018-12-23__13:51:37 0.38 9.00 48.00°C normal
2018-12-23__13:51:43 0.38 8.00 48.00°C normal
2018-12-23__13:51:50 0.38 6.00 48.00°C normal
2018-12-23__13:51:56 0.41 14.00 49.00°C normal
2018-12-23__13:52:01 0.41 10.00 48.00°C normal
2018-12-23__13:52:07 0.42 20.00 49.00°C normal
2018-12-23__13:52:12 0.42 5.00 48.00°C normal
2018-12-23__13:52:18 0.42 3.00 48.00°C normal
2018-12-23__13:52:24 0.42 13.00 48.00°C normal
2018-12-23__13:52:29 0.41 22.00 48.00°C normal
2018-12-23__13:52:35 0.41 57.00 49.00°C note
2018-12-23__13:52:41 0.41 10.00 48.00°C normal
2018-12-23__13:52:46 0.41 24.00 49.00°C normal
2018-12-23__13:52:52 0.41 40.00 49.00°C normal
2018-12-23__13:52:58 0.42 16.00 49.00°C normal
2018-12-23__13:53:04 0.41 8.00 48.00°C normal
2018-12-23__13:53:10 0.41 10.00 48.00°C normal
2018-12-23__13:53:15 0.41 3.00 49.00°C normal
2018-12-23__13:53:21 0.42 2.00 48.00°C normal
2018-12-23__13:53:27 0.41 17.00 48.00°C normal
2018-12-23__13:53:32 0.41 3.00 48.00°C normal
2018-12-23__13:53:39 0.41 18.00 49.00°C normal
2018-12-23__13:53:45 0.41 7.00 48.00°C normal
2018-12-23__13:53:51 0.40 13.00 49.00°C normal
2018-12-23__13:53:56 0.40 23.00 49.00°C normal
2018-12-23__13:54:04 0.40 7.00 49.00°C normal
2018-12-23__13:54:10 0.40 17.00 49.00°C normal
2018-12-23__13:54:16 0.40 27.00 49.00°C normal
2018-12-23__13:54:21 0.39 2.00 49.00°C normal
2018-12-23__13:54:27 0.40 3.00 48.00°C normal
2018-12-23__13:54:33 0.41 4.00 48.00°C normal
2018-12-23__13:54:38 0.41 2.00 49.00°C normal
2018-12-23__13:54:44 0.42 11.00 49.00°C normal
2018-12-23__13:54:50 0.41 15.00 49.00°C normal
2018-12-23__13:54:55 0.42 3.00 48.00°C normal
2018-12-23__13:55:01 0.41 8.00 49.00°C normal
2018-12-23__13:55:06 0.41 20.00 49.00°C normal
2018-12-23__13:55:12 0.41 1.00 48.00°C normal
2018-12-23__13:55:18 0.41 16.00 49.00°C normal
2018-12-23__13:55:23 0.41 2.00 49.00°C normal
2018-12-23__13:55:29 0.41 13.00 49.00°C normal
2018-12-23__13:55:36 0.40 12.00 49.00°C normal
2018-12-23__13:55:41 0.41 5.00 49.00°C normal
2018-12-23__13:55:47 0.40 2.00 49.00°C normal
2018-12-23__13:55:53 0.40 0.00 49.00°C normal
2018-12-23__13:55:58 0.40 5.00 48.00°C normal
2018-12-23__13:56:04 0.40 0.00 48.00°C normal
2018-12-23__13:56:09 0.41 14.00 49.00°C normal
2018-12-23__13:56:15 0.41 9.00 49.00°C normal
2018-12-23__13:56:21 0.41 4.00 48.00°C normal
2018-12-23__13:56:26 0.41 7.00 49.00°C normal
2018-12-23__13:56:32 0.42 3.00 48.00°C normal
2018-12-23__13:56:37 0.42 6.00 48.00°C normal
2018-12-23__13:56:43 0.41 19.00 49.00°C normal
2018-12-23__13:56:49 0.41 1.00 48.00°C normal
2018-12-23__13:56:54 0.41 32.00 49.00°C normal
2018-12-23__13:57:00 0.41 11.00 48.00°C normal
2018-12-23__13:57:06 0.42 15.00 49.00°C normal
2018-12-23__13:57:12 0.43 15.00 48.00°C normal
2018-12-23__13:57:18 0.43 12.00 49.00°C normal
2018-12-23__13:57:23 0.42 28.00 49.00°C normal
2018-12-23__13:57:29 0.42 13.00 48.00°C normal
2018-12-23__13:57:35 0.42 30.00 48.00°C normal
2018-12-23__13:57:40 0.42 4.00 49.00°C normal
2018-12-23__13:57:46 0.41 3.00 49.00°C normal
2018-12-23__13:57:51 0.41 7.00 48.00°C normal
2018-12-23__13:57:57 0.43 5.00 48.00°C normal
2018-12-23__13:58:03 0.43 8.00 48.00°C normal
2018-12-23__13:58:11 0.44 3.00 49.00°C normal
2018-12-23__13:58:16 0.43 13.00 49.00°C normal
2018-12-23__13:58:22 0.43 4.00 48.00°C normal
2018-12-23__13:58:28 0.43 3.00 48.00°C normal
2018-12-23__13:58:33 0.43 7.00 49.00°C normal
2018-12-23__13:58:39 0.43 2.00 49.00°C normal
2018-12-23__13:58:46 0.43 18.00 48.00°C normal
2018-12-23__13:58:52 0.43 24.00 49.00°C normal
2018-12-23__13:58:57 0.43 6.00 49.00°C normal
2018-12-23__13:59:03 0.43 17.00 48.00°C normal
2018-12-23__13:59:09 0.42 4.00 49.00°C normal
2018-12-23__13:59:14 0.42 2.00 48.00°C normal
2018-12-23__13:59:20 0.42 2.00 48.00°C normal
2018-12-23__13:59:25 0.42 17.00 49.00°C normal
2018-12-23__13:59:32 0.41 4.00 48.00°C normal
2018-12-23__13:59:38 0.41 26.00 49.00°C normal
2018-12-23__13:59:43 0.41 2.00 48.00°C normal
2018-12-23__13:59:49 0.41 4.00 49.00°C normal
2018-12-23__13:59:55 0.41 12.00 49.00°C normal
2018-12-23__14:00:00 0.42 7.00 49.00°C normal
2018-12-23__14:00:06 0.43 4.00 49.00°C normal
2018-12-23__14:00:12 0.43 9.00 49.00°C normal
2018-12-23__14:00:18 0.42 3.00 49.00°C normal
2018-12-23__14:00:23 0.42 5.00 49.00°C normal
2018-12-23__14:00:29 0.42 6.00 49.00°C normal
2018-12-23__14:00:34 0.43 6.00 49.00°C normal
2018-12-23__14:00:40 0.43 3.00 49.00°C normal
2018-12-23__14:00:47 0.43 10.00 49.00°C normal
2018-12-23__14:00:53 0.44 4.00 49.00°C normal
2018-12-23__14:00:59 0.44 14.00 49.00°C normal
2018-12-23__14:01:04 0.45 4.00 48.00°C normal
2018-12-23__14:01:10 0.45 7.00 48.00°C normal
2018-12-23__14:01:15 0.45 4.00 49.00°C normal
2018-12-23__14:01:21 0.46 13.00 49.00°C normal
2018-12-23__14:01:27 0.45 4.00 48.00°C normal
2018-12-23__14:01:32 0.45 26.00 48.00°C normal
2018-12-23__14:01:38 0.45 7.00 49.00°C normal
2018-12-23__14:01:44 0.44 13.00 48.00°C normal
2018-12-23__14:01:49 0.46 4.00 48.00°C normal
2018-12-23__14:01:55 0.45 8.00 48.00°C normal
2018-12-23__14:02:01 0.45 16.00 49.00°C normal
2018-12-23__14:02:06 0.45 3.00 48.00°C normal
2018-12-23__14:02:13 0.44 16.00 49.00°C normal
2018-12-23__14:02:18 0.44 5.00 48.00°C normal
2018-12-23__14:02:24 0.44 2.00 48.00°C normal
2018-12-23__14:02:30 0.44 9.00 48.00°C normal
2018-12-23__14:02:35 0.43 9.00 49.00°C normal
2018-12-23__14:02:41 0.44 0.00 49.00°C normal
2018-12-23__14:02:48 0.44 28.00 49.00°C normal
2018-12-23__14:02:54 0.44 28.00 49.00°C normal
2018-12-23__14:02:59 0.46 55.00 49.00°C note
2018-12-23__14:03:05 0.45 15.00 48.00°C normal
2018-12-23__14:03:11 0.45 2.00 48.00°C normal
2018-12-23__14:03:16 0.45 5.00 49.00°C normal
2018-12-23__14:03:22 0.45 12.00 48.00°C normal
2018-12-23__14:03:28 0.44 5.00 48.00°C normal
2018-12-23__14:03:33 0.45 10.00 49.00°C normal
2018-12-23__14:03:39 0.45 16.00 48.00°C normal
2018-12-23__14:03:44 0.44 2.00 48.00°C normal
2018-12-23__14:03:50 0.44 3.00 48.00°C normal
2018-12-23__14:03:56 0.44 2.00 49.00°C normal
2018-12-23__14:04:01 0.45 3.00 49.00°C normal
2018-12-23__14:04:07 0.46 2.00 48.00°C normal
2018-12-23__14:04:14 0.45 14.00 48.00°C normal
2018-12-23__14:04:19 0.45 6.00 48.00°C normal
2018-12-23__14:04:25 0.45 12.00 48.00°C normal
2018-12-23__14:04:31 0.45 7.00 49.00°C normal
2018-12-23__14:04:36 0.45 6.00 49.00°C normal
2018-12-23__14:04:42 0.45 7.00 48.00°C normal
2018-12-23__14:04:47 0.44 7.00 48.00°C normal
2018-12-23__14:04:54 0.44 3.00 48.00°C normal
2018-12-23__14:04:59 0.44 9.00 49.00°C normal
2018-12-23__14:05:05 0.43 8.00 49.00°C normal
2018-12-23__14:05:10 0.43 8.00 48.00°C normal
2018-12-23__14:05:16 0.43 12.00 49.00°C normal
2018-12-23__14:05:22 0.43 3.00 49.00°C normal
2018-12-23__14:05:27 0.43 16.00 49.00°C normal
2018-12-23__14:05:33 0.45 7.00 49.00°C normal
2018-12-23__14:05:38 0.44 8.00 49.00°C normal
2018-12-23__14:05:44 0.44 10.00 48.00°C normal
2018-12-23__14:05:50 0.44 11.00 49.00°C normal
2018-12-23__14:05:55 0.44 12.00 48.00°C normal
2018-12-23__14:06:01 0.44 8.00 49.00°C normal
2018-12-23__14:06:07 0.44 7.00 48.00°C normal
2018-12-23__14:06:12 0.45 9.00 49.00°C normal
2018-12-23__14:06:20 0.44 5.00 48.00°C normal
2018-12-23__14:06:25 0.44 4.00 48.00°C normal
2018-12-23__14:06:31 0.44 3.00 48.00°C normal
2018-12-23__14:06:37 0.43 2.00 49.00°C normal
2018-12-23__14:06:42 0.43 12.00 48.00°C normal
2018-12-23__14:06:48 0.45 10.00 48.00°C normal
2018-12-23__14:06:55 0.45 10.00 49.00°C normal
2018-12-23__14:07:01 0.44 3.00 49.00°C normal
2018-12-23__14:07:07 0.44 2.00 48.00°C normal
2018-12-23__14:07:12 0.45 3.00 49.00°C normal
2018-12-23__14:07:18 0.44 4.00 48.00°C normal
2018-12-23__14:07:23 0.44 3.00 48.00°C normal
2018-12-23__14:07:29 0.44 4.00 48.00°C normal
2018-12-23__14:07:35 0.43 4.00 48.00°C normal
2018-12-23__14:07:40 0.43 21.00 49.00°C normal
2018-12-23__14:07:46 0.43 6.00 48.00°C normal
2018-12-23__14:07:52 0.43 27.00 48.00°C normal
2018-12-23__14:07:57 0.43 6.00 49.00°C normal
2018-12-23__14:08:03 0.43 3.00 49.00°C normal
2018-12-23__14:08:09 0.42 2.00 49.00°C normal
2018-12-23__14:08:14 0.42 21.00 49.00°C normal
2018-12-23__14:08:21 0.42 11.00 49.00°C normal
2018-12-23__14:08:27 0.41 7.00 48.00°C normal
2018-12-23__14:08:32 0.41 6.00 48.00°C normal
2018-12-23__14:08:38 0.42 22.00 49.00°C normal
2018-12-23__14:08:44 0.42 20.00 49.00°C normal
2018-12-23__14:08:49 0.42 8.00 49.00°C normal
2018-12-23__14:08:56 0.43 4.00 48.00°C normal
2018-12-23__14:09:02 0.43 4.00 48.00°C normal
2018-12-23__14:09:08 0.43 4.00 48.00°C normal
2018-12-23__14:09:13 0.43 10.00 48.00°C normal
2018-12-23__14:09:19 0.42 24.00 49.00°C normal
2018-12-23__14:09:24 0.42 11.00 48.00°C normal
2018-12-23__14:09:30 0.42 12.00 49.00°C normal
2018-12-23__14:09:36 0.42 2.00 49.00°C normal
2018-12-23__14:09:41 0.42 1.00 49.00°C normal
2018-12-23__14:09:47 0.43 14.00 49.00°C normal
2018-12-23__14:09:53 0.43 5.00 49.00°C normal
2018-12-23__14:09:58 0.42 0.00 49.00°C normal
2018-12-23__14:10:04 0.42 5.00 48.00°C normal
2018-12-23__14:10:09 0.42 10.00 48.00°C normal
2018-12-23__14:10:15 0.41 3.00 48.00°C normal
2018-12-23__14:10:22 0.41 35.00 49.00°C normal
2018-12-23__14:10:27 0.41 7.00 48.00°C normal
2018-12-23__14:10:33 0.41 7.00 49.00°C normal
2018-12-23__14:10:39 0.41 2.00 49.00°C normal
2018-12-23__14:10:44 0.42 3.00 48.00°C normal
2018-12-23__14:10:50 0.41 5.00 49.00°C normal
2018-12-23__14:10:59 0.44 3.00 49.00°C normal
2018-12-23__14:11:04 0.44 3.00 49.00°C normal
2018-12-23__14:11:10 0.44 2.00 49.00°C normal
2018-12-23__14:11:16 0.45 13.00 49.00°C normal
2018-12-23__14:11:21 0.44 17.00 49.00°C normal
2018-12-23__14:11:27 0.44 3.00 49.00°C normal
2018-12-23__14:11:32 0.44 3.00 49.00°C normal
2018-12-23__14:11:38 0.44 18.00 49.00°C normal
2018-12-23__14:11:44 0.44 4.00 48.00°C normal
2018-12-23__14:11:49 0.43 42.00 50.00°C normal
2018-12-23__14:11:55 0.43 25.00 49.00°C normal
2018-12-23__14:12:01 0.43 38.00 49.00°C normal
2018-12-23__14:12:06 0.43 28.00 49.00°C normal
2018-12-23__14:12:12 0.42 13.00 49.00°C normal
2018-12-23__14:12:18 0.43 27.00 50.00°C normal
2018-12-23__14:12:25 0.42 9.00 49.00°C normal
2018-12-23__14:12:30 0.44 2.00 49.00°C normal
2018-12-23__14:12:36 0.43 15.00 49.00°C normal
2018-12-23__14:12:42 0.43 6.00 49.00°C normal
2018-12-23__14:12:47 0.43 23.00 49.00°C normal
2018-12-23__14:12:53 0.44 11.00 49.00°C normal
2018-12-23__14:12:58 0.44 1.00 49.00°C normal
2018-12-23__14:13:06 0.44 8.00 49.00°C normal
2018-12-23__14:13:11 0.43 11.00 49.00°C normal
2018-12-23__14:13:17 0.44 32.00 51.00°C normal
2018-12-23__14:13:23 0.45 14.00 49.00°C normal
2018-12-23__14:13:28 0.44 14.00 49.00°C normal
2018-12-23__14:13:34 0.46 9.00 49.00°C normal
2018-12-23__14:13:40 0.45 28.00 49.00°C normal
2018-12-23__14:13:45 0.45 9.00 49.00°C normal
2018-12-23__14:13:51 0.46 11.00 49.00°C normal
2018-12-23__14:13:56 0.46 16.00 49.00°C normal
2018-12-23__14:14:02 0.46 3.00 50.00°C normal
2018-12-23__14:14:08 0.46 5.00 49.00°C normal
2018-12-23__14:14:13 0.46 15.00 49.00°C normal
2018-12-23__14:14:19 0.47 3.00 50.00°C normal
2018-12-23__14:14:25 0.47 12.00 49.00°C normal
2018-12-23__14:14:31 0.46 17.00 49.00°C normal
2018-12-23__14:14:37 0.46 45.00 49.00°C normal
2018-12-23__14:14:43 0.46 45.00 49.00°C normal
2018-12-23__14:14:49 0.48 40.00 51.00°C normal
2018-12-23__14:14:55 0.48 7.00 50.00°C normal
2018-12-23__14:15:00 0.48 14.00 49.00°C normal
2018-12-23__14:15:07 0.48 11.00 50.00°C normal
2018-12-23__14:15:12 0.47 12.00 50.00°C normal
2018-12-23__14:15:18 0.48 68.00 50.00°C note
2018-12-23__14:15:24 0.48 7.00 49.00°C normal
2018-12-23__14:15:29 0.47 18.00 49.00°C normal
2018-12-23__14:15:35 0.47 6.00 50.00°C normal
2018-12-23__14:15:40 0.47 27.00 50.00°C normal
2018-12-23__14:15:46 0.47 43.00 50.00°C normal
2018-12-23__14:15:52 0.47 6.00 49.00°C normal
2018-12-23__14:15:57 0.47 0.00 50.00°C normal
2018-12-23__14:16:03 0.46 12.00 49.00°C normal
2018-12-23__14:16:08 0.47 8.00 50.00°C normal
2018-12-23__14:16:14 0.46 4.00 49.00°C normal
2018-12-23__14:16:20 0.46 32.00 51.00°C normal
2018-12-23__14:16:25 0.45 12.00 50.00°C normal
2018-12-23__14:16:32 0.45 10.00 49.00°C normal
2018-12-23__14:16:38 0.45 8.00 49.00°C normal
2018-12-23__14:16:43 0.46 22.00 50.00°C normal
2018-12-23__14:16:49 0.45 26.00 50.00°C normal
2018-12-23__14:16:55 0.48 22.00 50.00°C normal
2018-12-23__14:17:00 0.47 11.00 50.00°C normal
2018-12-23__14:17:06 0.47 9.00 49.00°C normal
2018-12-23__14:17:12 0.47 12.00 50.00°C normal
2018-12-23__14:17:17 0.47 26.00 49.00°C normal
2018-12-23__14:17:23 0.48 9.00 50.00°C normal
2018-12-23__14:17:29 0.48 46.00 50.00°C normal
2018-12-23__14:17:34 0.48 38.00 50.00°C normal
2018-12-23__14:17:40 0.50 13.00 51.00°C normal
2018-12-23__14:17:46 0.50 16.00 51.00°C normal
2018-12-23__14:17:51 0.51 2.00 51.00°C normal
2018-12-23__14:17:57 0.50 24.00 51.00°C normal
2018-12-23__14:18:02 0.50 6.00 51.00°C normal
2018-12-23__14:18:08 0.50 5.00 51.00°C normal
2018-12-23__14:18:14 0.50 4.00 51.00°C normal
2018-12-23__14:18:19 0.50 33.00 52.00°C normal
2018-12-23__14:18:25 0.54 3.00 51.00°C normal
2018-12-23__14:18:30 0.54 10.00 51.00°C normal
2018-12-23__14:18:37 0.54 13.00 51.00°C normal
2018-12-23__14:18:42 0.53 14.00 50.00°C normal
2018-12-23__14:18:48 0.53 10.00 51.00°C normal
2018-12-23__14:18:54 0.53 13.00 50.00°C normal
2018-12-23__14:18:59 0.52 16.00 50.00°C normal
2018-12-23__14:19:05 0.52 1.00 50.00°C normal
2018-12-23__14:19:12 0.52 18.00 49.00°C normal
2018-12-23__14:19:18 0.52 19.00 49.00°C normal
2018-12-23__14:19:23 0.52 7.00 49.00°C normal
2018-12-23__14:19:29 0.52 15.00 49.00°C normal
2018-12-23__14:19:34 0.54 35.00 50.00°C normal
2018-12-23__14:19:40 0.53 9.00 50.00°C normal
2018-12-23__14:19:46 0.53 20.00 50.00°C normal
2018-12-23__14:19:51 0.53 6.00 50.00°C normal
2018-12-23__14:19:57 0.52 14.00 49.00°C normal
2018-12-23__14:20:03 0.52 18.00 50.00°C normal
2018-12-23__14:20:08 0.53 7.00 49.00°C normal
2018-12-23__14:20:14 0.53 6.00 49.00°C normal
2018-12-23__14:20:19 0.54 16.00 50.00°C normal
2018-12-23__14:20:25 0.53 6.00 49.00°C normal
2018-12-23__14:20:31 0.53 14.00 50.00°C normal
2018-12-23__14:20:37 0.53 14.00 51.00°C normal
2018-12-23__14:20:43 0.52 9.00 50.00°C normal
2018-12-23__14:20:49 0.52 2.00 50.00°C normal
2018-12-23__14:20:54 0.52 4.00 50.00°C normal
2018-12-23__14:21:00 0.51 2.00 49.00°C normal
2018-12-23__14:21:05 0.51 2.00 49.00°C normal
2018-12-23__14:21:13 0.54 33.00 49.00°C normal
2018-12-23__14:21:18 0.54 26.00 49.00°C normal
2018-12-23__14:21:24 0.55 25.00 49.00°C normal
2018-12-23__14:21:30 0.55 28.00 50.00°C normal
2018-12-23__14:21:35 0.56 10.00 49.00°C normal
2018-12-23__14:21:41 0.56 7.00 49.00°C normal
2018-12-23__14:21:47 0.56 27.00 50.00°C normal
2018-12-23__14:21:52 0.57 14.00 50.00°C normal
2018-12-23__14:21:58 0.57 5.00 49.00°C normal
2018-12-23__14:22:04 0.57 8.00 50.00°C normal
2018-12-23__14:22:09 0.58 32.00 49.00°C normal
2018-12-23__14:22:15 0.62 39.00 50.00°C normal
2018-12-23__14:22:20 0.61 15.00 49.00°C normal
2018-12-23__14:22:26 0.61 17.00 49.00°C normal
2018-12-23__14:22:32 0.61 2.00 50.00°C normal
2018-12-23__14:22:39 0.61 9.00 50.00°C normal
2018-12-23__14:22:44 0.60 12.00 50.00°C normal
2018-12-23__14:22:50 0.60 22.00 50.00°C normal
2018-12-23__14:22:55 0.60 26.00 50.00°C normal
2018-12-23__14:23:01 0.60 17.00 49.00°C normal
2018-12-23__14:23:07 0.60 7.00 49.00°C normal
2018-12-23__14:23:14 0.60 8.00 51.00°C normal
2018-12-23__14:23:20 0.60 13.00 50.00°C normal
2018-12-23__14:23:25 0.59 8.00 50.00°C normal
2018-12-23__14:23:31 0.59 32.00 51.00°C normal
2018-12-23__14:23:36 0.59 8.00 50.00°C normal
2018-12-23__14:23:42 0.58 10.00 50.00°C normal
2018-12-23__14:23:48 0.58 58.00 50.00°C note
2018-12-23__14:23:53 0.58 21.00 49.00°C normal
2018-12-23__14:23:59 0.57 20.00 49.00°C normal
2018-12-23__14:24:05 0.59 14.00 49.00°C normal
2018-12-23__14:24:10 0.58 22.00 49.00°C normal
2018-12-23__14:24:16 0.58 25.00 49.00°C normal
2018-12-23__14:24:22 0.57 16.00 49.00°C normal
2018-12-23__14:24:27 0.57 33.00 49.00°C normal
2018-12-23__14:24:33 0.57 50.00 50.00°C note
2018-12-23__14:24:40 0.56 21.00 49.00°C normal
2018-12-23__14:24:45 0.56 2.00 49.00°C normal
2018-12-23__14:24:51 0.56 7.00 49.00°C normal
2018-12-23__14:24:57 0.56 6.00 49.00°C normal
2018-12-23__14:25:02 0.56 12.00 49.00°C normal
2018-12-23__14:25:08 0.56 13.00 49.00°C normal
2018-12-23__14:25:15 0.56 52.00 49.00°C note
2018-12-23__14:25:25 0.71 0.00 49.00°C normal
2018-12-23__14:25:31 0.71 3.00 49.00°C normal
2018-12-23__14:25:37 0.71 1.00 49.00°C normal
2018-12-23__14:25:42 0.71 4.00 48.00°C normal
2018-12-23__14:25:48 0.71 12.00 48.00°C normal
2018-12-23__14:25:54 0.71 15.00 49.00°C normal
2018-12-23__14:25:59 0.71 12.00 49.00°C normal
2018-12-23__14:26:05 0.70 4.00 49.00°C normal
2018-12-23__14:26:10 0.70 3.00 48.00°C normal
2018-12-23__14:26:16 0.69 3.00 49.00°C normal
2018-12-23__14:26:22 0.69 9.00 49.00°C normal
2018-12-23__14:26:27 0.70 9.00 49.00°C normal
2018-12-23__14:26:33 0.71 12.00 49.00°C normal
2018-12-23__14:26:41 0.72 3.00 49.00°C normal
2018-12-23__14:26:46 0.72 3.00 49.00°C normal
2018-12-23__14:26:52 0.72 1.00 49.00°C normal
2018-12-23__14:26:58 0.71 3.00 49.00°C normal
2018-12-23__14:27:03 0.71 2.00 49.00°C normal
2018-12-23__14:27:09 0.71 3.00 49.00°C normal
2018-12-23__14:27:16 0.70 8.00 48.00°C normal
2018-12-23__14:27:21 0.70 15.00 49.00°C normal
2018-12-23__14:27:27 0.69 12.00 49.00°C normal
2018-12-23__14:27:33 0.69 21.00 49.00°C normal
2018-12-23__14:27:38 0.69 6.00 50.00°C normal
2018-12-23__14:27:44 0.68 3.00 49.00°C normal
2018-12-23__14:27:49 0.68 6.00 49.00°C normal
2018-12-23__14:27:55 0.67 3.00 48.00°C normal
2018-12-23__14:28:01 0.67 3.00 49.00°C normal
2018-12-23__14:28:06 0.66 8.00 49.00°C normal
2018-12-23__14:28:12 0.66 3.00 48.00°C normal
2018-12-23__14:28:18 0.65 2.00 49.00°C normal
2018-12-23__14:28:23 0.65 2.00 49.00°C normal
2018-12-23__14:28:29 0.65 17.00 49.00°C normal
2018-12-23__14:28:34 0.65 1.00 49.00°C normal
2018-12-23__14:28:42 0.65 7.00 49.00°C normal
2018-12-23__14:28:47 0.64 2.00 49.00°C normal
2018-12-23__14:28:53 0.64 4.00 49.00°C normal
2018-12-23__14:28:59 0.63 2.00 49.00°C normal
2018-12-23__14:29:04 0.63 3.00 48.00°C normal
2018-12-23__14:29:10 0.64 15.00 49.00°C normal
2018-12-23__14:29:18 0.63 2.00 49.00°C normal
2018-12-23__14:29:24 0.64 4.00 49.00°C normal
2018-12-23__14:29:29 0.64 8.00 48.00°C normal
2018-12-23__14:29:35 0.64 1.00 49.00°C normal
2018-12-23__14:29:41 0.64 12.00 49.00°C normal
2018-12-23__14:29:46 0.65 20.00 49.00°C normal
2018-12-23__14:29:52 0.64 13.00 49.00°C normal
2018-12-23__14:29:58 0.65 47.00 51.00°C normal
2018-12-23__14:30:03 0.64 6.00 49.00°C normal
2018-12-23__14:30:09 0.64 1.00 49.00°C normal
2018-12-23__14:30:15 0.63 25.00 49.00°C normal
2018-12-23__14:30:20 0.64 1.00 49.00°C normal
2018-12-23__14:30:26 0.64 4.00 49.00°C normal
2018-12-23__14:30:32 0.64 16.00 49.00°C normal
2018-12-23__14:30:37 0.64 14.00 49.00°C normal
2018-12-23__14:30:44 0.64 8.00 49.00°C normal
2018-12-23__14:30:50 0.64 6.00 49.00°C normal
2018-12-23__14:30:55 0.63 1.00 48.00°C normal
2018-12-23__14:31:01 0.63 2.00 49.00°C normal
2018-12-23__14:31:06 0.62 3.00 49.00°C normal
2018-12-23__14:31:12 0.62 9.00 49.00°C normal
2018-12-23__14:31:19 0.62 21.00 49.00°C normal
2018-12-23__14:31:25 0.61 5.00 49.00°C normal
2018-12-23__14:31:30 0.61 17.00 50.00°C normal
2018-12-23__14:31:36 0.61 19.00 49.00°C normal
2018-12-23__14:31:42 0.62 6.00 49.00°C normal
2018-12-23__14:31:47 0.62 7.00 49.00°C normal
2018-12-23__14:31:53 0.61 4.00 49.00°C normal
2018-12-23__14:31:58 0.61 3.00 48.00°C normal
2018-12-23__14:32:04 0.61 3.00 49.00°C normal
2018-12-23__14:32:10 0.62 11.00 49.00°C normal
2018-12-23__14:32:15 0.62 5.00 49.00°C normal
2018-12-23__14:32:21 0.61 1.00 48.00°C normal
2018-12-23__14:32:27 0.61 14.00 50.00°C normal
2018-12-23__14:32:32 0.60 4.00 49.00°C normal
2018-12-23__14:32:38 0.60 4.00 49.00°C normal
2018-12-23__14:32:45 0.60 5.00 49.00°C normal
2018-12-23__14:32:51 0.59 3.00 49.00°C normal
2018-12-23__14:32:56 0.59 5.00 48.00°C normal
2018-12-23__14:33:02 0.59 40.00 49.00°C normal
2018-12-23__14:33:08 0.60 12.00 49.00°C normal
2018-12-23__14:33:13 0.60 3.00 48.00°C normal
2018-12-23__14:33:19 0.60 3.00 48.00°C normal
2018-12-23__14:33:27 0.59 4.00 49.00°C normal
2018-12-23__14:33:32 0.59 1.00 48.00°C normal
2018-12-23__14:33:38 0.58 4.00 48.00°C normal
2018-12-23__14:33:43 0.58 3.00 48.00°C normal
2018-12-23__14:33:49 0.59 16.00 48.00°C normal
2018-12-23__14:33:55 0.59 2.00 49.00°C normal
2018-12-23__14:34:00 0.58 8.00 49.00°C normal
2018-12-23__14:34:06 0.59 2.00 49.00°C normal
2018-12-23__14:34:12 0.58 5.00 49.00°C normal
2018-12-23__14:34:17 0.58 3.00 49.00°C normal
2018-12-23__14:34:23 0.57 3.00 48.00°C normal
2018-12-23__14:34:29 0.57 3.00 48.00°C normal
2018-12-23__14:34:34 0.57 3.00 48.00°C normal
2018-12-23__14:34:40 0.56 3.00 49.00°C normal
2018-12-23__14:34:45 0.58 4.00 48.00°C normal
2018-12-23__14:34:51 0.58 15.00 48.00°C normal
2018-12-23__14:34:57 0.58 11.00 48.00°C normal
2018-12-23__14:35:03 0.58 29.00 48.00°C normal
2018-12-23__14:35:09 0.58 29.00 49.00°C normal
2018-12-23__14:35:14 0.57 27.00 49.00°C normal
2018-12-23__14:35:20 0.57 8.00 49.00°C normal
2018-12-23__14:35:26 0.57 22.00 49.00°C normal
2018-12-23__14:35:33 0.57 11.00 49.00°C normal
2018-12-23__14:35:38 0.58 4.00 49.00°C normal
2018-12-23__14:35:44 0.58 3.00 48.00°C normal
2018-12-23__14:35:49 0.58 7.00 49.00°C normal
2018-12-23__14:35:55 0.58 6.00 49.00°C normal
2018-12-23__14:36:01 0.58 3.00 50.00°C normal
2018-12-23__14:36:06 0.57 4.00 49.00°C normal
2018-12-23__14:36:12 0.57 2.00 49.00°C normal
2018-12-23__14:36:17 0.56 5.00 49.00°C normal
2018-12-23__15:31:30 2.22 2.31 2.35 26.00 36.00°C normal
2018-12-23__15:40:59 0.39 0.35 86.00 51.00°C warning
2018-12-23__15:41:05 0.40 0.36 13.00 50.00°C normal
2018-12-23__15:41:10 0.40 0.36 13.00 51.00°C normal
2018-12-23__15:41:16 0.35 18.00 50.00°C normal
2018-12-23__15:41:22 0.36 17.00 50.00°C normal
2018-12-23__15:41:27 0.36 16.00 51.00°C normal
2018-12-23__15:41:33 0.35 19.00 50.00°C normal
2018-12-23__15:41:38 0.36 12.00 50.00°C normal
2018-12-23__15:41:46 0.38 30.00 50.00°C normal
2018-12-23__15:41:52 0.37 24.00 50.00°C normal
2018-12-23__15:41:57 0.37 33.00 51.00°C normal
2018-12-23__15:42:03 0.37 9.00 50.00°C normal
2018-12-23__15:42:09 0.38 10.00 50.00°C normal
2018-12-23__15:42:14 0.37 15.00 50.00°C normal
2018-12-23__15:42:23 0.38 12.00 49.00°C normal
2018-12-23__15:42:29 0.37 8.00 50.00°C normal
2018-12-23__15:42:34 0.37 10.00 49.00°C normal
2018-12-23__15:42:40 0.37 9.00 49.00°C normal
2018-12-23__15:42:46 0.36 16.00 49.00°C normal
2018-12-23__15:42:51 0.36 37.00 50.00°C normal
2018-12-23__15:42:58 0.37 2.00 51.00°C normal
2018-12-23__15:43:04 0.42 17.00 50.00°C normal
2018-12-23__15:43:10 0.42 9.00 51.00°C normal
2018-12-23__15:43:15 0.42 7.00 51.00°C normal
2018-12-23__15:43:21 0.42 9.00 51.00°C normal
2018-12-23__15:43:27 0.42 4.00 50.00°C normal
2018-12-23__15:43:36 0.43 11.00 51.00°C normal
2018-12-23__15:43:41 0.43 4.00 51.00°C normal
2018-12-23__15:43:47 0.43 13.00 51.00°C normal
2018-12-23__15:43:53 0.44 2.00 50.00°C normal
2018-12-23__15:43:58 0.44 2.00 49.00°C normal
2018-12-23__15:44:04 0.43 1.00 49.00°C normal
2018-12-23__15:44:13 0.43 5.00 49.00°C normal
2018-12-23__15:44:18 0.43 28.00 50.00°C normal
2018-12-23__15:44:24 0.43 32.00 49.00°C normal
2018-12-23__15:44:30 0.43 23.00 50.00°C normal
2018-12-23__15:44:35 0.43 8.00 49.00°C normal
2018-12-23__15:44:41 0.43 22.00 50.00°C normal
2018-12-23__15:44:49 0.43 9.00 51.00°C normal
2018-12-23__15:44:55 0.43 38.00 50.00°C normal
2018-12-23__15:45:01 0.43 50.00 50.00°C note
2018-12-23__15:45:06 0.42 13.00 49.00°C normal
2018-12-23__15:45:12 0.42 25.00 51.00°C normal
2018-12-23__15:45:18 0.42 22.00 50.00°C normal
2018-12-23__15:45:23 0.42 15.00 49.00°C normal
2018-12-23__15:45:29 0.42 6.00 50.00°C normal
2018-12-23__15:45:35 0.42 5.00 50.00°C normal
2018-12-23__15:45:41 0.42 5.00 50.00°C normal
2018-12-23__15:45:46 0.42 7.00 49.00°C normal
2018-12-23__15:45:52 0.41 17.00 51.00°C normal
2018-12-23__15:45:58 0.41 7.00 50.00°C normal
2018-12-23__15:46:03 0.42 18.00 51.00°C normal
2018-12-23__15:46:11 0.42 10.00 49.00°C normal
2018-12-23__15:46:17 0.41 6.00 49.00°C normal
2018-12-23__15:46:23 0.41 15.00 49.00°C normal
2018-12-23__15:46:28 0.42 19.00 50.00°C normal
2018-12-23__15:46:34 0.42 17.00 50.00°C normal
2018-12-23__15:46:40 0.42 29.00 50.00°C normal
2018-12-23__15:46:45 0.42 2.00 49.00°C normal
2018-12-23__15:46:51 0.41 32.00 51.00°C normal
2018-12-23__15:46:56 0.41 1.00 49.00°C normal
2018-12-23__15:47:02 0.41 24.00 50.00°C normal
2018-12-23__15:47:08 0.41 7.00 49.00°C normal
2018-12-23__15:47:13 0.41 13.00 50.00°C normal
2018-12-23__15:47:19 0.41 20.00 50.00°C normal
2018-12-23__15:47:25 0.42 25.00 51.00°C normal
2018-12-23__15:47:30 0.42 10.00 51.00°C normal
2018-12-23__15:47:36 0.42 2.00 51.00°C normal
2018-12-23__15:47:41 0.43 7.00 51.00°C normal
2018-12-23__15:47:47 0.43 4.00 50.00°C normal
2018-12-23__15:47:52 0.42 22.00 51.00°C normal
2018-12-23__15:48:00 0.42 12.00 51.00°C normal
2018-12-23__15:48:06 0.42 2.00 49.00°C normal
2018-12-23__15:48:11 0.41 11.00 50.00°C normal
2018-12-23__15:48:17 0.41 2.00 50.00°C normal
2018-12-23__15:48:23 0.41 20.00 50.00°C normal
2018-12-23__15:48:28 0.41 4.00 50.00°C normal
2018-12-23__15:48:34 0.42 15.00 50.00°C normal
2018-12-23__15:48:39 0.41 27.00 49.00°C normal
2018-12-23__15:48:45 0.41 15.00 49.00°C normal
2018-12-23__15:48:51 0.42 8.00 49.00°C normal
2018-12-23__15:48:56 0.42 12.00 50.00°C normal
2018-12-23__15:49:02 0.42 13.00 51.00°C normal
2018-12-23__15:49:08 0.43 2.00 50.00°C normal
2018-12-23__15:49:13 0.43 0.00 50.00°C normal
2018-12-23__15:49:19 0.43 10.00 49.00°C normal
2018-12-23__15:49:24 0.42 23.00 50.00°C normal
2018-12-23__15:49:30 0.42 3.00 50.00°C normal
2018-12-23__15:49:38 0.42 7.00 49.00°C normal
2018-12-23__15:49:43 0.42 9.00 50.00°C normal
2018-12-23__15:49:49 0.42 3.00 49.00°C normal
2018-12-23__15:49:55 0.42 12.00 52.00°C normal
2018-12-23__15:50:00 0.42 5.00 50.00°C normal
2018-12-23__15:50:06 0.43 15.00 51.00°C normal
2018-12-23__15:50:11 0.43 4.00 51.00°C normal
2018-12-23__15:50:17 0.43 4.00 49.00°C normal
2018-12-23__15:50:23 0.42 0.00 50.00°C normal
2018-12-23__15:50:28 0.42 3.00 49.00°C normal
2018-12-23__15:50:34 0.42 7.00 49.00°C normal
2018-12-23__15:50:40 0.41 7.00 50.00°C normal
2018-12-23__15:50:45 0.41 12.00 49.00°C normal
2018-12-23__15:50:51 0.42 2.00 50.00°C normal
2018-12-23__15:50:56 0.42 3.00 50.00°C normal
2018-12-23__15:51:02 0.42 13.00 50.00°C normal
2018-12-23__15:51:08 0.42 7.00 50.00°C normal
2018-12-23__15:51:13 0.42 2.00 50.00°C normal
2018-12-23__15:51:19 0.42 17.00 50.00°C normal
2018-12-23__15:51:25 0.42 20.00 50.00°C normal
2018-12-23__15:51:30 0.42 7.00 50.00°C normal
2018-12-23__15:51:39 0.42 17.00 51.00°C normal
2018-12-23__15:51:45 0.42 8.00 50.00°C normal
2018-12-23__15:51:51 0.44 11.00 51.00°C normal
2018-12-23__15:51:56 0.44 31.00 53.00°C normal
2018-12-23__15:52:02 0.44 0.00 51.00°C normal
2018-12-23__15:52:07 0.44 10.00 52.00°C normal
2018-12-23__15:52:13 0.44 17.00 51.00°C normal
2018-12-23__15:52:19 0.47 96.00 50.00°C warning
2018-12-23__15:52:24 0.48 56.00 51.00°C note
2018-12-23__15:52:30 0.49 29.00 51.00°C normal
2018-12-23__15:52:36 0.49 12.00 50.00°C normal
2018-12-23__15:52:45 0.49 1.00 50.00°C normal
2018-12-23__15:52:50 0.49 21.00 51.00°C normal
2018-12-23__15:52:56 0.49 6.00 51.00°C normal
2018-12-23__15:53:01 0.48 3.00 51.00°C normal
2018-12-23__15:53:07 0.51 7.00 52.00°C normal
2018-12-23__15:53:13 0.53 8.00 51.00°C normal
2018-12-23__15:53:18 0.53 1.00 50.00°C normal
2018-12-23__15:53:24 0.53 10.00 51.00°C normal
2018-12-23__15:53:30 0.52 11.00 51.00°C normal
2018-12-23__15:53:35 0.53 7.00 50.00°C normal
2018-12-23__15:53:41 0.52 10.00 51.00°C normal
2018-12-23__15:53:49 0.52 11.00 50.00°C normal
2018-12-23__15:53:55 0.52 1.00 49.00°C normal
2018-12-23__15:54:01 0.53 10.00 50.00°C normal
2018-12-23__15:54:06 0.53 14.00 50.00°C normal
2018-12-23__15:54:12 0.53 28.00 50.00°C normal
2018-12-23__15:54:18 0.53 14.00 50.00°C normal
2018-12-23__15:54:23 0.52 37.00 51.00°C normal
2018-12-23__15:54:29 0.53 1.00 50.00°C normal
2018-12-23__15:54:35 0.52 4.00 51.00°C normal
2018-12-23__15:54:40 0.52 10.00 50.00°C normal
2018-12-23__15:54:50 0.52 15.00 50.00°C normal
2018-12-23__15:54:55 0.52 29.00 50.00°C normal
2018-12-23__15:55:01 0.52 31.00 51.00°C normal
2018-12-23__15:55:07 0.52 26.00 52.00°C normal
2018-12-23__15:55:12 0.52 3.00 50.00°C normal
2018-12-23__15:55:18 0.52 3.00 51.00°C normal
2018-12-23__15:55:23 0.52 3.00 51.00°C normal
2018-12-23__15:55:29 0.54 3.00 51.00°C normal
2018-12-23__15:55:35 0.55 56.00 53.00°C note
2018-12-23__15:55:40 0.62 19.00 53.00°C normal
2018-12-23__15:55:50 0.62 17.00 51.00°C normal
2018-12-23__15:55:56 0.63 42.00 51.00°C normal
2018-12-23__15:56:01 0.62 53.00 52.00°C note
2018-12-23__15:56:07 0.62 43.00 52.00°C normal
2018-12-23__15:56:13 0.62 31.00 52.00°C normal
2018-12-23__15:56:18 0.62 3.00 51.00°C normal
2018-12-23__15:56:24 0.62 4.00 51.00°C normal
2018-12-23__15:57:14 0.59 58.00 53.00°C note
2018-12-23__15:57:19 0.59 28.00 51.00°C normal
2018-12-23__15:57:25 0.59 39.00 51.00°C normal
2018-12-23__15:57:31 0.60 30.00 51.00°C normal
2018-12-23__15:57:36 0.60 7.00 51.00°C normal
2018-12-23__15:57:42 0.60 25.00 51.00°C normal
2018-12-23__15:57:48 0.60 2.00 51.00°C normal
2018-12-23__15:57:53 0.60 5.00 51.00°C normal
2018-12-23__15:58:02 0.59 28.00 53.00°C normal
2018-12-23__15:58:07 0.60 29.00 52.00°C normal
2018-12-23__15:58:13 0.60 45.00 53.00°C normal
2018-12-23__15:58:18 0.62 10.00 53.00°C normal
2018-12-23__15:58:24 0.64 16.00 52.00°C normal
2018-12-23__15:58:30 0.64 33.00 52.00°C normal
2018-12-23__15:58:39 0.64 9.00 52.00°C normal
2018-12-23__15:58:45 0.64 19.00 52.00°C normal
2018-12-23__15:58:51 0.65 21.00 51.00°C normal
2018-12-23__15:58:56 0.65 30.00 51.00°C normal
2018-12-23__15:59:02 0.65 15.00 52.00°C normal
2018-12-23__15:59:07 0.65 25.00 52.00°C normal
2018-12-23__15:59:15 0.65 88.00 52.00°C warning
2018-12-23__15:59:20 0.70 6.00 51.00°C normal
2018-12-23__15:59:26 0.70 24.00 52.00°C normal
2018-12-23__15:59:31 0.70 9.00 51.00°C normal
2018-12-23__15:59:37 0.69 11.00 51.00°C normal
2018-12-23__15:59:43 0.69 20.00 51.00°C normal
2018-12-23__15:59:50 0.69 14.00 52.00°C normal
2018-12-23__15:59:55 0.69 8.00 51.00°C normal
2018-12-23__16:00:01 0.68 13.00 52.00°C normal
2018-12-23__16:00:06 0.68 32.00 52.00°C normal
2018-12-23__16:00:12 0.68 10.00 51.00°C normal
2018-12-23__16:00:18 0.67 11.00 52.00°C normal
2018-12-23__16:00:25 0.69 21.00 53.00°C normal
2018-12-23__16:00:30 0.68 8.00 52.00°C normal
2018-12-23__16:00:36 0.68 12.00 52.00°C normal
2018-12-23__16:00:42 0.67 17.00 52.00°C normal
2018-12-23__16:00:47 0.67 14.00 51.00°C normal
2018-12-23__16:00:53 0.66 14.00 51.00°C normal
2018-12-23__16:01:04 0.72 73.00 52.00°C warning
2018-12-23__16:01:09 0.71 18.00 52.00°C normal
2018-12-23__16:01:15 0.71 12.00 52.00°C normal
2018-12-23__16:01:21 0.71 8.00 52.00°C normal
2018-12-23__16:01:26 0.71 15.00 51.00°C normal
2018-12-23__16:01:32 0.70 16.00 51.00°C normal
2018-12-23__16:01:39 0.70 11.00 51.00°C normal
2018-12-23__16:01:44 0.70 12.00 51.00°C normal
2018-12-23__16:01:50 0.71 16.00 52.00°C normal
2018-12-23__16:01:56 0.70 15.00 51.00°C normal
2018-12-23__16:02:01 0.70 14.00 51.00°C normal
2018-12-23__16:02:07 0.69 12.00 51.00°C normal
2018-12-23__16:02:14 0.72 13.00 51.00°C normal
2018-12-23__16:02:20 0.71 7.00 51.00°C normal
2018-12-23__16:02:25 0.72 14.00 52.00°C normal
2018-12-23__16:02:31 0.72 26.00 52.00°C normal
2018-12-23__16:02:36 0.72 5.00 51.00°C normal
2018-12-23__16:02:42 0.72 6.00 51.00°C normal
2018-12-23__16:02:49 0.72 21.00 50.00°C normal
2018-12-23__16:02:55 0.72 5.00 50.00°C normal
2018-12-23__16:03:00 0.72 6.00 51.00°C normal
2018-12-23__16:03:06 0.72 26.00 52.00°C normal
2018-12-23__16:03:12 0.72 35.00 52.00°C normal
2018-12-23__16:03:17 0.72 68.00 52.00°C note
2018-12-23__16:03:24 0.72 22.00 50.00°C normal
2018-12-23__16:03:30 0.71 14.00 51.00°C normal
2018-12-23__16:03:36 0.71 17.00 50.00°C normal
2018-12-23__16:03:41 0.70 10.00 51.00°C normal
2018-12-23__16:03:47 0.70 34.00 51.00°C normal
2018-12-23__16:03:52 0.71 16.00 52.00°C normal
2018-12-23__16:03:59 0.71 31.00 53.00°C normal
2018-12-23__16:04:05 0.72 33.00 53.00°C normal
2018-12-23__16:04:11 0.71 6.00 52.00°C normal
2018-12-23__16:04:16 0.73 14.00 53.00°C normal
2018-12-23__16:04:22 0.73 19.00 53.00°C normal
2018-12-23__16:04:27 0.73 6.00 52.00°C normal
2018-12-23__16:04:33 0.73 22.00 53.00°C normal
2018-12-23__16:04:39 0.73 1.00 52.00°C normal
2018-12-23__16:04:44 0.73 5.00 52.00°C normal
2018-12-23__16:04:50 0.73 14.00 52.00°C normal
2018-12-23__16:04:56 0.73 0.00 52.00°C normal
2018-12-23__16:05:01 0.72 16.00 52.00°C normal
2018-12-23__16:05:07 0.71 18.00 52.00°C normal
2018-12-23__16:05:14 0.72 37.00 53.00°C normal
2018-12-23__16:05:19 0.71 68.00 53.00°C note
2018-12-23__16:05:25 0.72 9.00 52.00°C normal
2018-12-23__16:05:31 0.73 8.00 51.00°C normal
2018-12-23__16:05:36 0.72 15.00 51.00°C normal
2018-12-23__16:05:42 0.73 11.00 52.00°C normal
2018-12-23__16:05:48 0.73 2.00 52.00°C normal
2018-12-23__16:05:53 0.73 6.00 52.00°C normal
2018-12-23__16:05:59 0.76 31.00 51.00°C normal
2018-12-23__16:06:05 0.76 3.00 51.00°C normal
2018-12-23__16:06:10 0.75 10.00 51.00°C normal
2018-12-23__16:06:16 0.75 37.00 52.00°C normal
2018-12-23__16:06:21 0.75 1.00 51.00°C normal
2018-12-23__16:06:27 0.75 5.00 51.00°C normal
2018-12-23__16:06:33 0.75 23.00 52.00°C normal
2018-12-23__16:06:38 0.75 15.00 51.00°C normal
2018-12-23__16:06:44 0.76 24.00 51.00°C normal
2018-12-23__16:06:50 0.76 32.00 52.00°C normal
2018-12-23__16:06:55 0.77 6.00 52.00°C normal
2018-12-23__16:07:01 0.76 9.00 51.00°C normal
2018-12-23__16:07:06 0.75 4.00 51.00°C normal
2018-12-23__16:07:16 0.75 11.00 51.00°C normal
2018-12-23__16:07:22 0.76 22.00 52.00°C normal
2018-12-23__16:07:27 0.76 10.00 52.00°C normal
2018-12-23__16:07:33 0.75 3.00 52.00°C normal
2018-12-23__16:07:38 0.76 32.00 51.00°C normal
2018-12-23__16:07:44 0.76 10.00 51.00°C normal
2018-12-23__16:07:50 0.75 30.00 51.00°C normal
2018-12-23__16:07:55 0.75 53.00 51.00°C note
2018-12-23__16:08:01 0.75 17.00 52.00°C normal
2018-12-23__16:08:07 0.75 8.00 51.00°C normal
2018-12-23__16:08:12 0.74 6.00 51.00°C normal
2018-12-23__16:08:20 0.74 2.00 52.00°C normal
2018-12-23__16:08:26 0.74 37.00 52.00°C normal
2018-12-23__16:08:32 0.74 14.00 50.00°C normal
2018-12-23__16:08:37 0.73 1.00 51.00°C normal
2018-12-23__16:08:43 0.73 4.00 51.00°C normal
2018-12-23__16:08:49 0.73 14.00 50.00°C normal
2018-12-23__16:08:54 0.74 2.00 51.00°C normal
2018-12-23__16:09:00 0.74 35.00 51.00°C normal
2018-12-23__16:09:05 0.73 9.00 52.00°C normal
2018-12-23__16:09:11 0.73 1.00 51.00°C normal
2018-12-23__16:09:21 0.72 19.00 52.00°C normal
2018-12-23__16:09:27 0.72 8.00 51.00°C normal
2018-12-23__16:09:32 0.71 6.00 51.00°C normal
2018-12-23__16:09:38 0.71 16.00 50.00°C normal
2018-12-23__16:09:43 0.71 22.00 51.00°C normal
2018-12-23__16:09:49 0.71 4.00 50.00°C normal
2018-12-23__16:09:55 0.70 9.00 51.00°C normal
2018-12-23__16:10:00 0.71 17.00 51.00°C normal
2018-12-23__16:10:06 0.70 22.00 51.00°C normal
2018-12-23__16:10:12 0.71 5.00 51.00°C normal
2018-12-23__16:10:21 0.71 34.00 53.00°C normal
2018-12-23__16:10:27 0.70 2.00 51.00°C normal
2018-12-23__16:10:32 0.70 25.00 52.00°C normal
2018-12-23__16:10:38 0.69 10.00 51.00°C normal
2018-12-23__16:10:43 0.69 7.00 50.00°C normal
2018-12-23__16:10:49 0.69 10.00 50.00°C normal
2018-12-23__16:10:55 0.70 11.00 50.00°C normal
2018-12-23__16:11:00 0.69 5.00 50.00°C normal
2018-12-23__16:11:06 0.69 30.00 51.00°C normal
2018-12-23__16:11:12 0.68 8.00 50.00°C normal
2018-12-23__16:11:21 0.68 28.00 51.00°C normal
2018-12-23__16:11:27 0.69 12.00 51.00°C normal
2018-12-23__16:11:32 0.70 12.00 51.00°C normal
2018-12-23__16:11:38 0.70 13.00 50.00°C normal
2018-12-23__16:11:44 0.69 21.00 51.00°C normal
2018-12-23__16:11:49 0.69 13.00 50.00°C normal
2018-12-23__16:11:55 0.69 5.00 50.00°C normal
2018-12-23__16:12:01 0.69 11.00 49.00°C normal
2018-12-23__16:12:06 0.68 8.00 49.00°C normal
2018-12-23__16:12:12 0.68 2.00 50.00°C normal
2018-12-23__16:12:21 0.68 4.00 50.00°C normal
2018-12-23__16:12:27 0.67 2.00 50.00°C normal
2018-12-23__16:12:33 0.68 6.00 50.00°C normal
2018-12-23__16:12:38 0.67 15.00 52.00°C normal
2018-12-23__16:12:44 0.67 9.00 50.00°C normal
2018-12-23__16:12:50 0.67 15.00 51.00°C normal
2018-12-23__16:12:55 0.67 13.00 51.00°C normal
2018-12-23__16:13:01 0.66 11.00 50.00°C normal
2018-12-23__16:13:06 0.66 17.00 49.00°C normal
2018-12-23__16:13:12 0.66 29.00 51.00°C normal
2018-12-23__16:13:22 0.68 7.00 51.00°C normal
2018-12-23__16:13:27 0.67 6.00 50.00°C normal
2018-12-23__16:13:33 0.67 11.00 51.00°C normal
2018-12-23__16:13:39 0.66 19.00 50.00°C normal
2018-12-23__16:13:44 0.66 35.00 50.00°C normal
2018-12-23__16:13:50 0.66 20.00 51.00°C normal
2018-12-23__16:13:55 0.66 12.00 49.00°C normal
2018-12-23__16:14:01 0.65 5.00 49.00°C normal
2018-12-23__16:14:07 0.65 11.00 49.00°C normal
2018-12-23__16:14:12 0.66 4.00 50.00°C normal
2018-12-23__16:14:22 0.67 5.00 49.00°C normal
2018-12-23__16:14:27 0.66 6.00 49.00°C normal
2018-12-23__16:14:33 0.66 49.00 51.00°C normal
2018-12-23__16:14:39 0.66 9.00 50.00°C normal
2018-12-23__16:14:44 0.66 6.00 50.00°C normal
2018-12-23__16:14:50 0.65 6.00 50.00°C normal
2018-12-23__16:14:56 0.66 1.00 50.00°C normal
2018-12-23__16:15:01 0.65 36.00 52.00°C normal
2018-12-23__16:15:07 0.65 37.00 52.00°C normal
2018-12-23__16:15:12 0.67 6.00 50.00°C normal
2018-12-23__16:15:22 0.67 10.00 50.00°C normal
2018-12-23__16:15:28 0.66 1.00 49.00°C normal
2018-12-23__16:15:33 0.66 3.00 50.00°C normal
2018-12-23__16:15:39 0.66 0.00 49.00°C normal
2018-12-23__16:15:44 0.66 3.00 50.00°C normal
2018-12-23__16:15:50 0.66 2.00 50.00°C normal
2018-12-23__16:15:56 0.65 6.00 49.00°C normal
2018-12-23__16:16:01 0.65 3.00 50.00°C normal
2018-12-23__16:16:07 0.66 9.00 49.00°C normal
2018-12-23__16:16:13 0.66 4.00 50.00°C normal
2018-12-23__16:16:18 0.66 12.00 50.00°C normal
2018-12-23__16:16:27 0.65 11.00 49.00°C normal
2018-12-23__16:16:32 0.66 8.00 49.00°C normal
2018-12-23__16:16:38 0.66 10.00 49.00°C normal
2018-12-23__16:16:44 0.66 8.00 50.00°C normal
2018-12-23__16:16:49 0.65 9.00 49.00°C normal
2018-12-23__16:16:55 0.67 31.00 50.00°C normal
2018-12-23__16:17:01 0.67 16.00 49.00°C normal
2018-12-23__16:17:07 0.67 12.00 49.00°C normal
2018-12-23__16:17:12 0.66 6.00 50.00°C normal
2018-12-23__16:17:18 0.66 6.00 49.00°C normal
2018-12-23__16:17:27 0.65 10.00 49.00°C normal
2018-12-23__16:17:33 0.65 9.00 49.00°C normal
2018-12-23__16:17:38 0.65 3.00 49.00°C normal
2018-12-23__16:17:44 0.64 7.00 49.00°C normal
2018-12-23__16:17:50 0.64 9.00 49.00°C normal
2018-12-23__16:17:55 0.63 3.00 49.00°C normal
2018-12-23__16:18:01 0.64 3.00 49.00°C normal
2018-12-23__16:18:06 0.63 2.00 49.00°C normal
2018-12-23__16:18:12 0.63 5.00 49.00°C normal
2018-12-23__16:18:18 0.64 3.00 49.00°C normal
2018-12-23__16:18:27 0.64 4.00 49.00°C normal
2018-12-23__16:18:33 0.63 2.00 49.00°C normal
2018-12-23__16:18:39 0.64 14.00 50.00°C normal
2018-12-23__16:18:44 0.63 9.00 49.00°C normal
2018-12-23__16:18:50 0.63 11.00 50.00°C normal
2018-12-23__16:18:55 0.63 4.00 48.00°C normal
2018-12-23__16:19:01 0.62 5.00 49.00°C normal
2018-12-23__16:19:07 0.62 3.00 49.00°C normal
2018-12-23__16:19:12 0.63 10.00 49.00°C normal
2018-12-23__16:19:18 0.62 6.00 49.00°C normal
2018-12-23__16:19:24 0.62 6.00 49.00°C normal
2018-12-23__16:19:32 0.61 5.00 49.00°C normal
2018-12-23__16:19:37 0.61 19.00 49.00°C normal
2018-12-23__16:19:43 0.61 4.00 49.00°C normal
2018-12-23__16:19:49 0.60 13.00 49.00°C normal
2018-12-23__16:19:54 0.60 0.00 50.00°C normal
2018-12-23__16:20:00 0.60 6.00 49.00°C normal
2018-12-23__16:20:05 0.59 9.00 49.00°C normal
2018-12-23__16:20:11 0.60 3.00 49.00°C normal
2018-12-23__16:20:17 0.59 8.00 49.00°C normal
2018-12-23__16:20:22 0.59 3.00 49.00°C normal
2018-12-23__16:20:28 0.58 2.00 49.00°C normal
2018-12-23__16:20:34 0.58 1.00 49.00°C normal
2018-12-23__16:20:39 0.58 0.00 49.00°C normal
2018-12-23__16:20:45 0.57 15.00 49.00°C normal
2018-12-23__16:20:51 0.57 19.00 50.00°C normal
2018-12-23__16:20:56 0.59 2.00 49.00°C normal
2018-12-23__16:21:02 0.59 3.00 49.00°C normal
2018-12-23__16:21:07 0.59 7.00 48.00°C normal
2018-12-23__16:21:13 0.59 2.00 49.00°C normal
2018-12-23__16:21:19 0.58 4.00 49.00°C normal
2018-12-23__16:21:24 0.58 8.00 49.00°C normal
2018-12-23__16:21:34 0.58 29.00 49.00°C normal
2018-12-23__16:21:40 0.58 4.00 49.00°C normal
2018-12-23__16:21:45 0.58 7.00 49.00°C normal
2018-12-23__16:21:51 0.58 10.00 49.00°C normal
2018-12-23__16:21:57 0.59 3.00 49.00°C normal
2018-12-23__16:22:02 0.59 1.00 49.00°C normal
2018-12-23__16:22:08 0.59 8.00 49.00°C normal
2018-12-23__16:22:13 0.58 7.00 49.00°C normal
2018-12-23__16:22:19 0.58 1.00 49.00°C normal
2018-12-23__16:22:25 0.58 3.00 49.00°C normal
2018-12-23__16:22:30 0.57 3.00 49.00°C normal
2018-12-23__16:22:37 0.60 4.00 49.00°C normal
2018-12-23__16:22:43 0.60 4.00 49.00°C normal
2018-12-23__16:22:48 0.59 3.00 49.00°C normal
2018-12-23__16:22:54 0.59 2.00 49.00°C normal
2018-12-23__16:22:59 0.59 11.00 49.00°C normal
2018-12-23__16:23:05 0.58 6.00 49.00°C normal
2018-12-23__16:23:11 0.58 0.00 49.00°C normal
2018-12-23__16:23:16 0.58 8.00 49.00°C normal
2018-12-23__16:23:22 0.59 4.00 50.00°C normal
2018-12-23__16:23:28 0.58 4.00 49.00°C normal
2018-12-23__16:23:37 0.58 6.00 49.00°C normal
2018-12-23__16:23:43 0.58 3.00 49.00°C normal
2018-12-23__16:23:48 0.57 0.00 49.00°C normal
2018-12-23__16:23:54 0.58 1.00 49.00°C normal
2018-12-23__16:24:00 0.58 5.00 49.00°C normal
2018-12-23__16:24:05 0.58 6.00 49.00°C normal
2018-12-23__16:24:11 0.57 2.00 49.00°C normal
2018-12-23__16:24:16 0.58 7.00 49.00°C normal
2018-12-23__16:24:22 0.57 11.00 49.00°C normal
2018-12-23__16:24:28 0.57 8.00 49.00°C normal
2018-12-23__16:24:37 0.56 16.00 49.00°C normal
2018-12-23__16:24:43 0.56 5.00 49.00°C normal
2018-12-23__16:24:48 0.55 5.00 49.00°C normal
2018-12-23__16:24:54 0.55 10.00 49.00°C normal
2018-12-23__16:25:00 0.55 5.00 49.00°C normal
2018-12-23__16:25:05 0.54 13.00 50.00°C normal
2018-12-23__16:25:11 0.55 9.00 49.00°C normal
2018-12-23__16:25:17 0.54 5.00 49.00°C normal
2018-12-23__16:25:22 0.55 6.00 49.00°C normal
2018-12-23__16:25:28 0.55 15.00 49.00°C normal
2018-12-23__16:25:37 0.54 0.00 49.00°C normal
2018-12-23__16:25:43 0.54 6.00 49.00°C normal
2018-12-23__16:25:49 0.53 7.00 49.00°C normal
2018-12-23__16:25:54 0.53 26.00 49.00°C normal
2018-12-23__16:26:00 0.53 4.00 49.00°C normal
2018-12-23__16:26:06 0.52 2.00 48.00°C normal
2018-12-23__16:26:11 0.52 0.00 49.00°C normal
2018-12-23__16:26:17 0.52 2.00 49.00°C normal
2018-12-23__16:26:22 0.53 13.00 49.00°C normal
2018-12-23__16:26:28 0.52 4.00 49.00°C normal
2018-12-23__16:26:34 0.52 1.00 48.00°C normal
2018-12-23__16:26:39 0.51 9.00 49.00°C normal
2018-12-23__16:26:45 0.51 2.00 49.00°C normal
2018-12-23__16:26:51 0.51 14.00 49.00°C normal
2018-12-23__16:26:56 0.51 2.00 49.00°C normal
2018-12-23__16:27:02 0.51 38.00 49.00°C normal
2018-12-23__16:27:07 0.51 2.00 48.00°C normal
2018-12-23__16:27:13 0.51 2.00 49.00°C normal
2018-12-23__16:27:19 0.52 4.00 49.00°C normal
2018-12-23__16:27:24 0.52 11.00 48.00°C normal
2018-12-23__16:27:30 0.51 5.00 49.00°C normal
2018-12-23__16:27:36 0.51 2.00 49.00°C normal
2018-12-23__16:27:44 0.51 6.00 49.00°C normal
2018-12-23__16:27:50 0.51 5.00 50.00°C normal
2018-12-23__16:27:56 0.51 1.00 48.00°C normal
2018-12-23__16:28:01 0.50 1.00 50.00°C normal
2018-12-23__16:28:07 0.51 6.00 49.00°C normal
2018-12-23__16:28:13 0.50 0.00 49.00°C normal
2018-12-23__16:28:18 0.51 35.00 49.00°C normal
2018-12-23__16:28:24 0.51 5.00 49.00°C normal
2018-12-23__16:28:29 0.51 10.00 49.00°C normal
2018-12-23__16:28:35 0.51 10.00 49.00°C normal
2018-12-23__16:28:45 0.53 2.00 48.00°C normal
2018-12-23__16:28:50 0.52 3.00 50.00°C normal
2018-12-23__16:28:56 0.52 2.00 49.00°C normal
2018-12-23__16:29:02 0.52 2.00 49.00°C normal
2018-12-23__16:29:07 0.53 2.00 49.00°C normal
2018-12-23__16:29:13 0.53 2.00 49.00°C normal
2018-12-23__16:29:18 0.53 3.00 48.00°C normal
2018-12-23__16:29:24 0.52 3.00 48.00°C normal
2018-12-23__16:29:30 0.52 5.00 49.00°C normal
2018-12-23__16:29:35 0.52 8.00 49.00°C normal
2018-12-23__16:29:41 0.51 2.00 49.00°C normal
2018-12-23__16:29:47 0.51 25.00 49.00°C normal
2018-12-23__16:29:52 0.51 4.00 49.00°C normal
2018-12-23__16:29:58 0.51 3.00 49.00°C normal
2018-12-23__16:30:03 0.51 9.00 49.00°C normal
2018-12-23__16:30:09 0.50 2.00 49.00°C normal
2018-12-23__16:30:15 0.50 11.00 49.00°C normal
2018-12-23__16:30:20 0.49 2.00 50.00°C normal
2018-12-23__16:30:26 0.49 1.00 50.00°C normal
2018-12-23__16:30:31 0.49 4.00 50.00°C normal
2018-12-23__16:30:37 0.49 7.00 49.00°C normal
2018-12-23__16:30:46 0.48 8.00 49.00°C normal
2018-12-23__16:30:52 0.49 2.00 49.00°C normal
2018-12-23__16:30:57 0.49 5.00 50.00°C normal
2018-12-23__16:31:03 0.48 7.00 49.00°C normal
2018-12-23__16:31:09 0.48 7.00 49.00°C normal
2018-12-23__16:31:14 0.48 3.00 49.00°C normal
2018-12-23__16:31:20 0.48 46.00 49.00°C normal
2018-12-23__16:31:26 0.47 20.00 48.00°C normal
2018-12-23__16:31:31 0.47 12.00 49.00°C normal
2018-12-23__16:31:37 0.47 1.00 49.00°C normal
2018-12-23__16:31:46 0.47 16.00 49.00°C normal
2018-12-23__16:31:52 0.47 20.00 49.00°C normal
2018-12-23__16:31:57 0.47 13.00 49.00°C normal
2018-12-23__16:32:03 0.48 10.00 49.00°C normal
2018-12-23__16:32:09 0.47 12.00 49.00°C normal
2018-12-23__16:32:14 0.47 13.00 50.00°C normal
2018-12-23__16:32:20 0.46 7.00 49.00°C normal
2018-12-23__16:32:26 0.46 23.00 49.00°C normal
2018-12-23__16:32:31 0.46 17.00 49.00°C normal
2018-12-23__16:32:37 0.46 3.00 50.00°C normal
2018-12-23__16:32:46 0.46 35.00 49.00°C normal
2018-12-23__16:32:52 0.46 11.00 50.00°C normal
2018-12-23__16:32:58 0.46 18.00 50.00°C normal
2018-12-23__16:33:03 0.46 9.00 49.00°C normal
2018-12-23__16:33:09 0.46 6.00 49.00°C normal
2018-12-23__16:33:15 0.45 6.00 49.00°C normal
2018-12-23__16:33:20 0.45 22.00 49.00°C normal
2018-12-23__16:33:26 0.45 38.00 50.00°C normal
2018-12-23__16:33:31 0.45 16.00 49.00°C normal
2018-12-23__16:33:37 0.46 10.00 50.00°C normal
2018-12-23__16:33:43 0.45 2.00 49.00°C normal
2018-12-23__16:33:48 0.45 6.00 49.00°C normal
2018-12-23__16:33:54 0.45 1.00 49.00°C normal
2018-12-23__16:34:00 0.45 25.00 50.00°C normal
2018-12-23__16:34:05 0.45 28.00 50.00°C normal
2018-12-23__16:34:11 0.45 22.00 51.00°C normal
2018-12-23__16:34:16 0.44 28.00 50.00°C normal
2018-12-23__16:34:22 0.44 9.00 50.00°C normal
2018-12-23__16:34:28 0.44 12.00 50.00°C normal
2018-12-23__16:34:33 0.44 6.00 50.00°C normal
2018-12-23__16:34:39 0.44 18.00 51.00°C normal
2018-12-23__16:34:44 0.45 11.00 49.00°C normal
2018-12-23__16:34:53 0.44 43.00 50.00°C normal
2018-12-23__16:34:58 0.44 0.00 51.00°C normal
2018-12-23__16:35:04 0.44 7.00 50.00°C normal
2018-12-23__16:35:10 0.44 11.00 50.00°C normal
2018-12-23__16:35:15 0.44 1.00 49.00°C normal
2018-12-23__16:35:21 0.44 7.00 49.00°C normal
2018-12-23__16:35:27 0.44 3.00 49.00°C normal
2018-12-23__16:35:32 0.43 2.00 49.00°C normal
2018-12-23__16:35:38 0.43 58.00 49.00°C note
