2018-12-22 20:36:25 0 disk 95426 78793 17%
2018-12-22 20:36:25 1 /dev 1877 1877 0% 
2018-12-22 20:36:25 1 / 92991 76846 13% 
2018-12-22 20:36:25 1 /snap/core/5897 89 0 100% 
2018-12-22 20:36:25 1 /snap/goldendictionary/1 109 0 100% 
2018-12-22 20:36:25 1 /snap/core/6130 90 0 100% 
2018-12-22 20:36:25 1 /snap/core/6034 90 0 100% 
2018-12-22 20:36:25 1 /boot 180 70 59% 
2018-12-23 09:24:03 0 disk 95426 78792 17%
2018-12-23 09:24:03 1 /dev 1877 1877 0% 
2018-12-23 09:24:03 1 / 92991 76845 13% 
2018-12-23 09:24:03 1 /snap/core/5897 89 0 100% 
2018-12-23 09:24:03 1 /snap/goldendictionary/1 109 0 100% 
2018-12-23 09:24:03 1 /snap/core/6130 90 0 100% 
2018-12-23 09:24:03 1 /snap/core/6034 90 0 100% 
2018-12-23 09:24:03 1 /boot 180 70 59% 
2018-12-23 10:05:44 0 disk 29941 6062 79%
2018-12-23 10:05:44 1 / 29899 6041 79% 
2018-12-23 10:05:44 1 /boot 42 21 51% 
2018-12-23 10:06:44 0 disk 29941 6062 79%
2018-12-23 10:06:44 1 / 29899 6041 79% 
2018-12-23 10:06:44 1 /boot 42 21 51% 
2018-12-23 10:07:44 0 disk 29941 6062 79%
2018-12-23 10:07:44 1 / 29899 6041 79% 
2018-12-23 10:07:44 1 /boot 42 21 51% 
2018-12-23 10:08:45 0 disk 29941 6062 79%
2018-12-23 10:08:45 1 / 29899 6041 79% 
2018-12-23 10:08:45 1 /boot 42 21 51% 
2018-12-23 10:09:26 0 disk 29941 6062 79%
2018-12-23 10:09:26 1 / 29899 6041 79% 
2018-12-23 10:09:26 1 /boot 42 21 51% 
2018-12-23 10:10:26 0 disk 29941 6062 79%
2018-12-23 10:10:26 1 / 29899 6041 79% 
2018-12-23 10:10:26 1 /boot 42 21 51% 
2018-12-23 10:11:26 0 disk 29941 6062 79%
2018-12-23 10:11:26 1 / 29899 6041 79% 
2018-12-23 10:11:26 1 /boot 42 21 51% 
2018-12-23 10:12:26 0 disk 29941 6062 79%
2018-12-23 10:12:26 1 / 29899 6041 79% 
2018-12-23 10:12:26 1 /boot 42 21 51% 
2018-12-23 10:13:31 0 disk 29941 6062 79%
2018-12-23 10:13:31 1 / 29899 6041 79% 
2018-12-23 10:13:31 1 /boot 42 21 51% 
2018-12-23 10:14:31 0 disk 29941 6062 79%
2018-12-23 10:14:31 1 / 29899 6041 79% 
2018-12-23 10:14:31 1 /boot 42 21 51% 
2018-12-23 10:15:31 0 disk 29941 6062 79%
2018-12-23 10:15:31 1 / 29899 6041 79% 
2018-12-23 10:15:31 1 /boot 42 21 51% 
2018-12-23 10:16:31 0 disk 29941 6062 79%
2018-12-23 10:16:31 1 / 29899 6041 79% 
2018-12-23 10:16:31 1 /boot 42 21 51% 
2018-12-23 10:17:31 0 disk 29941 6062 79%
2018-12-23 10:17:31 1 / 29899 6041 79% 
2018-12-23 10:17:31 1 /boot 42 21 51% 
2018-12-23 10:18:31 0 disk 29941 6062 79%
2018-12-23 10:18:31 1 / 29899 6041 79% 
2018-12-23 10:18:31 1 /boot 42 21 51% 
2018-12-22 20:36:25 0 disk 95426 78793 17%
2018-12-22 20:36:25 1 /dev 1877 1877 0% 
2018-12-22 20:36:25 1 / 92991 76846 13% 
2018-12-22 20:36:25 1 /snap/core/5897 89 0 100% 
2018-12-22 20:36:25 1 /snap/goldendictionary/1 109 0 100% 
2018-12-22 20:36:25 1 /snap/core/6130 90 0 100% 
2018-12-22 20:36:25 1 /snap/core/6034 90 0 100% 
2018-12-22 20:36:25 1 /boot 180 70 59% 
2018-12-23 09:24:03 0 disk 95426 78792 17%
2018-12-23 09:24:03 1 /dev 1877 1877 0% 
2018-12-23 09:24:03 1 / 92991 76845 13% 
2018-12-23 09:24:03 1 /snap/core/5897 89 0 100% 
2018-12-23 09:24:03 1 /snap/goldendictionary/1 109 0 100% 
2018-12-23 09:24:03 1 /snap/core/6130 90 0 100% 
2018-12-23 09:24:03 1 /snap/core/6034 90 0 100% 
2018-12-23 09:24:03 1 /boot 180 70 59% 
2018-12-23 10:29:54 0 disk 95426 78789 17%
2018-12-23 10:29:54 1 /dev 1877 1877 0% 
2018-12-23 10:29:54 1 / 92991 76842 13% 
2018-12-23 10:29:54 1 /snap/core/5897 89 0 100% 
2018-12-23 10:29:54 1 /snap/goldendictionary/1 109 0 100% 
2018-12-23 10:29:54 1 /snap/core/6130 90 0 100% 
2018-12-23 10:29:54 1 /snap/core/6034 90 0 100% 
2018-12-23 10:29:54 1 /boot 180 70 59% 
2018-12-23 10:34:09 0 disk 29941 6062 79%
2018-12-23 10:34:09 1 / 29899 6041 79% 
2018-12-23 10:34:09 1 /boot 42 21 51% 
2018-12-23 10:35:09 0 disk 29941 6062 79%
2018-12-23 10:35:09 1 / 29899 6041 79% 
2018-12-23 10:35:09 1 /boot 42 21 51% 
2018-12-23 10:36:09 0 disk 29941 6062 79%
2018-12-23 10:36:09 1 / 29899 6041 79% 
2018-12-23 10:36:09 1 /boot 42 21 51% 
2018-12-23 10:37:09 0 disk 29941 6062 79%
2018-12-23 10:37:09 1 / 29899 6041 79% 
2018-12-23 10:37:09 1 /boot 42 21 51% 
2018-12-23 10:38:09 0 disk 29941 6062 79%
2018-12-23 10:38:09 1 / 29899 6041 79% 
2018-12-23 10:38:09 1 /boot 42 21 51% 
2018-12-22 20:36:25 0 disk 95426 78793 17%
2018-12-22 20:36:25 1 /dev 1877 1877 0% 
2018-12-22 20:36:25 1 / 92991 76846 13% 
2018-12-22 20:36:25 1 /snap/core/5897 89 0 100% 
2018-12-22 20:36:25 1 /snap/goldendictionary/1 109 0 100% 
2018-12-22 20:36:25 1 /snap/core/6130 90 0 100% 
2018-12-22 20:36:25 1 /snap/core/6034 90 0 100% 
2018-12-22 20:36:25 1 /boot 180 70 59% 
2018-12-23 09:24:03 0 disk 95426 78792 17%
2018-12-23 09:24:03 1 /dev 1877 1877 0% 
2018-12-23 09:24:03 1 / 92991 76845 13% 
2018-12-23 09:24:03 1 /snap/core/5897 89 0 100% 
2018-12-23 09:24:03 1 /snap/goldendictionary/1 109 0 100% 
2018-12-23 09:24:03 1 /snap/core/6130 90 0 100% 
2018-12-23 09:24:03 1 /snap/core/6034 90 0 100% 
2018-12-23 09:24:03 1 /boot 180 70 59% 
2018-12-23 10:29:54 0 disk 95426 78789 17%
2018-12-23 10:29:54 1 /dev 1877 1877 0% 
2018-12-23 10:29:54 1 / 92991 76842 13% 
2018-12-23 10:29:54 1 /snap/core/5897 89 0 100% 
2018-12-23 10:29:54 1 /snap/goldendictionary/1 109 0 100% 
2018-12-23 10:29:54 1 /snap/core/6130 90 0 100% 
2018-12-23 10:29:54 1 /snap/core/6034 90 0 100% 
2018-12-23 10:29:54 1 /boot 180 70 59% 
2018-12-23 10:44:12 0 disk 95426 78789 17%
2018-12-23 10:44:12 1 /dev 1877 1877 0% 
2018-12-23 10:44:12 1 / 92991 76842 13% 
2018-12-23 10:44:12 1 /snap/core/5897 89 0 100% 
2018-12-23 10:44:12 1 /snap/goldendictionary/1 109 0 100% 
2018-12-23 10:44:12 1 /snap/core/6130 90 0 100% 
2018-12-23 10:44:12 1 /snap/core/6034 90 0 100% 
2018-12-23 10:44:12 1 /boot 180 70 59% 
2018-12-23 10:44:21 0 disk 95426 78789 17%
2018-12-23 10:44:21 1 /dev 1877 1877 0% 
2018-12-23 10:44:21 1 / 92991 76842 13% 
2018-12-23 10:44:21 1 /snap/core/5897 89 0 100% 
2018-12-23 10:44:21 1 /snap/goldendictionary/1 109 0 100% 
2018-12-23 10:44:21 1 /snap/core/6130 90 0 100% 
2018-12-23 10:44:21 1 /snap/core/6034 90 0 100% 
2018-12-23 10:44:21 1 /boot 180 70 59% 
2018-12-23 10:44:36 0 disk 95426 78789 17%
2018-12-23 10:44:36 1 /dev 1877 1877 0% 
2018-12-23 10:44:36 1 / 92991 76842 13% 
2018-12-23 10:44:36 1 /snap/core/5897 89 0 100% 
2018-12-23 10:44:36 1 /snap/goldendictionary/1 109 0 100% 
2018-12-23 10:44:36 1 /snap/core/6130 90 0 100% 
2018-12-23 10:44:36 1 /snap/core/6034 90 0 100% 
2018-12-23 10:44:36 1 /boot 180 70 59% 
2018-12-23 10:44:43 0 disk 95426 78789 17%
2018-12-23 10:44:43 1 /dev 1877 1877 0% 
2018-12-23 10:44:43 1 / 92991 76842 13% 
2018-12-23 10:44:43 1 /snap/core/5897 89 0 100% 
2018-12-23 10:44:43 1 /snap/goldendictionary/1 109 0 100% 
2018-12-23 10:44:43 1 /snap/core/6130 90 0 100% 
2018-12-23 10:44:43 1 /snap/core/6034 90 0 100% 
2018-12-23 10:44:43 1 /boot 180 70 59% 
2018-12-23 10:51:29 0 disk 95426 78789 17%
2018-12-23 10:51:29 1 /dev 1877 1877 0% 
2018-12-23 10:51:29 1 / 92991 76842 13% 
2018-12-23 10:51:29 1 /snap/core/5897 89 0 100% 
2018-12-23 10:51:29 1 /snap/goldendictionary/1 109 0 100% 
2018-12-23 10:51:29 1 /snap/core/6130 90 0 100% 
2018-12-23 10:51:29 1 /snap/core/6034 90 0 100% 
2018-12-23 10:51:29 1 /boot 180 70 59% 
2018-12-23 10:51:36 0 disk 95426 78789 17%
2018-12-23 10:51:36 1 /dev 1877 1877 0% 
2018-12-23 10:51:36 1 / 92991 76842 13% 
2018-12-23 10:51:36 1 /snap/core/5897 89 0 100% 
2018-12-23 10:51:36 1 /snap/goldendictionary/1 109 0 100% 
2018-12-23 10:51:36 1 /snap/core/6130 90 0 100% 
2018-12-23 10:51:36 1 /snap/core/6034 90 0 100% 
2018-12-23 10:51:36 1 /boot 180 70 59% 
2018-12-23 10:53:22 0 disk 95426 78789 17%
2018-12-23 10:53:22 1 /dev 1877 1877 0% 
2018-12-23 10:53:22 1 / 92991 76842 13% 
2018-12-23 10:53:22 1 /snap/core/5897 89 0 100% 
2018-12-23 10:53:22 1 /snap/goldendictionary/1 109 0 100% 
2018-12-23 10:53:22 1 /snap/core/6130 90 0 100% 
2018-12-23 10:53:22 1 /snap/core/6034 90 0 100% 
2018-12-23 10:53:22 1 /boot 180 70 59% 
2018-12-23 10:54:33 0 disk 95426 78789 17%
2018-12-23 10:54:33 1 /dev 1877 1877 0% 
2018-12-23 10:54:33 1 / 92991 76842 13% 
2018-12-23 10:54:33 1 /snap/core/5897 89 0 100% 
2018-12-23 10:54:33 1 /snap/goldendictionary/1 109 0 100% 
2018-12-23 10:54:33 1 /snap/core/6130 90 0 100% 
2018-12-23 10:54:33 1 /snap/core/6034 90 0 100% 
2018-12-23 10:54:33 1 /boot 180 70 59% 
2018-12-23 10:54:47 0 disk 95426 78789 17%
2018-12-23 10:54:47 1 /dev 1877 1877 0% 
2018-12-23 10:54:47 1 / 92991 76842 13% 
2018-12-23 10:54:47 1 /snap/core/5897 89 0 100% 
2018-12-23 10:54:47 1 /snap/goldendictionary/1 109 0 100% 
2018-12-23 10:54:47 1 /snap/core/6130 90 0 100% 
2018-12-23 10:54:47 1 /snap/core/6034 90 0 100% 
2018-12-23 10:54:47 1 /boot 180 70 59% 
2018-12-23 11:30:39 0 disk 29941 6039 79%
2018-12-23 11:30:39 1 / 29899 6018 79% 
2018-12-23 11:30:39 1 /boot 42 21 51% 
2018-12-23 11:31:20 0 disk 29941 6039 79%
2018-12-23 11:31:20 1 / 29899 6018 79% 
2018-12-23 11:31:20 1 /boot 42 21 51% 
2018-12-23 11:32:20 0 disk 29941 6039 79%
2018-12-23 11:32:20 1 / 29899 6018 79% 
2018-12-23 11:32:20 1 /boot 42 21 51% 
2018-12-23 11:33:20 0 disk 29941 6039 79%
2018-12-23 11:33:20 1 / 29899 6018 79% 
2018-12-23 11:33:20 1 /boot 42 21 51% 
2018-12-23 11:34:20 0 disk 29941 6039 79%
2018-12-23 11:34:20 1 / 29899 6018 79% 
2018-12-23 11:34:20 1 /boot 42 21 51% 
2018-12-23 11:35:20 0 disk 29941 6039 79%
2018-12-23 11:35:20 1 / 29899 6018 79% 
2018-12-23 11:35:20 1 /boot 42 21 51% 
2018-12-23 11:36:20 0 disk 29941 6039 79%
2018-12-23 11:36:20 1 / 29899 6018 79% 
2018-12-23 11:36:20 1 /boot 42 21 51% 
2018-12-23 11:37:20 0 disk 29941 6039 79%
2018-12-23 11:37:20 1 / 29899 6018 79% 
2018-12-23 11:37:20 1 /boot 42 21 51% 
2018-12-22 20:36:25 0 disk 95426 78793 17%
2018-12-22 20:36:25 1 /dev 1877 1877 0% 
2018-12-22 20:36:25 1 / 92991 76846 13% 
2018-12-22 20:36:25 1 /snap/core/5897 89 0 100% 
2018-12-22 20:36:25 1 /snap/goldendictionary/1 109 0 100% 
2018-12-22 20:36:25 1 /snap/core/6130 90 0 100% 
2018-12-22 20:36:25 1 /snap/core/6034 90 0 100% 
2018-12-22 20:36:25 1 /boot 180 70 59% 
2018-12-23 09:24:03 0 disk 95426 78792 17%
2018-12-23 09:24:03 1 /dev 1877 1877 0% 
2018-12-23 09:24:03 1 / 92991 76845 13% 
2018-12-23 09:24:03 1 /snap/core/5897 89 0 100% 
2018-12-23 09:24:03 1 /snap/goldendictionary/1 109 0 100% 
2018-12-23 09:24:03 1 /snap/core/6130 90 0 100% 
2018-12-23 09:24:03 1 /snap/core/6034 90 0 100% 
2018-12-23 09:24:03 1 /boot 180 70 59% 
2018-12-23 10:29:54 0 disk 95426 78789 17%
2018-12-23 10:29:54 1 /dev 1877 1877 0% 
2018-12-23 10:29:54 1 / 92991 76842 13% 
2018-12-23 10:29:54 1 /snap/core/5897 89 0 100% 
2018-12-23 10:29:54 1 /snap/goldendictionary/1 109 0 100% 
2018-12-23 10:29:54 1 /snap/core/6130 90 0 100% 
2018-12-23 10:29:54 1 /snap/core/6034 90 0 100% 
2018-12-23 10:29:54 1 /boot 180 70 59% 
2018-12-23 10:44:12 0 disk 95426 78789 17%
2018-12-23 10:44:12 1 /dev 1877 1877 0% 
2018-12-23 10:44:12 1 / 92991 76842 13% 
2018-12-23 10:44:12 1 /snap/core/5897 89 0 100% 
2018-12-23 10:44:12 1 /snap/goldendictionary/1 109 0 100% 
2018-12-23 10:44:12 1 /snap/core/6130 90 0 100% 
2018-12-23 10:44:12 1 /snap/core/6034 90 0 100% 
2018-12-23 10:44:12 1 /boot 180 70 59% 
2018-12-23 10:44:21 0 disk 95426 78789 17%
2018-12-23 10:44:21 1 /dev 1877 1877 0% 
2018-12-23 10:44:21 1 / 92991 76842 13% 
2018-12-23 10:44:21 1 /snap/core/5897 89 0 100% 
2018-12-23 10:44:21 1 /snap/goldendictionary/1 109 0 100% 
2018-12-23 10:44:21 1 /snap/core/6130 90 0 100% 
2018-12-23 10:44:21 1 /snap/core/6034 90 0 100% 
2018-12-23 10:44:21 1 /boot 180 70 59% 
2018-12-23 10:44:36 0 disk 95426 78789 17%
2018-12-23 10:44:36 1 /dev 1877 1877 0% 
2018-12-23 10:44:36 1 / 92991 76842 13% 
2018-12-23 10:44:36 1 /snap/core/5897 89 0 100% 
2018-12-23 10:44:36 1 /snap/goldendictionary/1 109 0 100% 
2018-12-23 10:44:36 1 /snap/core/6130 90 0 100% 
2018-12-23 10:44:36 1 /snap/core/6034 90 0 100% 
2018-12-23 10:44:36 1 /boot 180 70 59% 
2018-12-23 10:44:43 0 disk 95426 78789 17%
2018-12-23 10:44:43 1 /dev 1877 1877 0% 
2018-12-23 10:44:43 1 / 92991 76842 13% 
2018-12-23 10:44:43 1 /snap/core/5897 89 0 100% 
2018-12-23 10:44:43 1 /snap/goldendictionary/1 109 0 100% 
2018-12-23 10:44:43 1 /snap/core/6130 90 0 100% 
2018-12-23 10:44:43 1 /snap/core/6034 90 0 100% 
2018-12-23 10:44:43 1 /boot 180 70 59% 
2018-12-23 10:51:29 0 disk 95426 78789 17%
2018-12-23 10:51:29 1 /dev 1877 1877 0% 
2018-12-23 10:51:29 1 / 92991 76842 13% 
2018-12-23 10:51:29 1 /snap/core/5897 89 0 100% 
2018-12-23 10:51:29 1 /snap/goldendictionary/1 109 0 100% 
2018-12-23 10:51:29 1 /snap/core/6130 90 0 100% 
2018-12-23 10:51:29 1 /snap/core/6034 90 0 100% 
2018-12-23 10:51:29 1 /boot 180 70 59% 
2018-12-23 10:51:36 0 disk 95426 78789 17%
2018-12-23 10:51:36 1 /dev 1877 1877 0% 
2018-12-23 10:51:36 1 / 92991 76842 13% 
2018-12-23 10:51:36 1 /snap/core/5897 89 0 100% 
2018-12-23 10:51:36 1 /snap/goldendictionary/1 109 0 100% 
2018-12-23 10:51:36 1 /snap/core/6130 90 0 100% 
2018-12-23 10:51:36 1 /snap/core/6034 90 0 100% 
2018-12-23 10:51:36 1 /boot 180 70 59% 
2018-12-23 10:53:22 0 disk 95426 78789 17%
2018-12-23 10:53:22 1 /dev 1877 1877 0% 
2018-12-23 10:53:22 1 / 92991 76842 13% 
2018-12-23 10:53:22 1 /snap/core/5897 89 0 100% 
2018-12-23 10:53:22 1 /snap/goldendictionary/1 109 0 100% 
2018-12-23 10:53:22 1 /snap/core/6130 90 0 100% 
2018-12-23 10:53:22 1 /snap/core/6034 90 0 100% 
2018-12-23 10:53:22 1 /boot 180 70 59% 
2018-12-23 10:54:33 0 disk 95426 78789 17%
2018-12-23 10:54:33 1 /dev 1877 1877 0% 
2018-12-23 10:54:33 1 / 92991 76842 13% 
2018-12-23 10:54:33 1 /snap/core/5897 89 0 100% 
2018-12-23 10:54:33 1 /snap/goldendictionary/1 109 0 100% 
2018-12-23 10:54:33 1 /snap/core/6130 90 0 100% 
2018-12-23 10:54:33 1 /snap/core/6034 90 0 100% 
2018-12-23 10:54:33 1 /boot 180 70 59% 
2018-12-23 10:54:47 0 disk 95426 78789 17%
2018-12-23 10:54:47 1 /dev 1877 1877 0% 
2018-12-23 10:54:47 1 / 92991 76842 13% 
2018-12-23 10:54:47 1 /snap/core/5897 89 0 100% 
2018-12-23 10:54:47 1 /snap/goldendictionary/1 109 0 100% 
2018-12-23 10:54:47 1 /snap/core/6130 90 0 100% 
2018-12-23 10:54:47 1 /snap/core/6034 90 0 100% 
2018-12-23 10:54:47 1 /boot 180 70 59% 
2018-12-23 13:34:39 0 disk 29941 6096 79%
2018-12-23 13:34:39 1 / 29899 6075 79% 
2018-12-23 13:34:39 1 /boot 42 21 51% 
2018-12-23 13:35:39 0 disk 29941 6096 79%
2018-12-23 13:35:39 1 / 29899 6075 79% 
2018-12-23 13:35:39 1 /boot 42 21 51% 
2018-12-23 13:36:43 0 disk 29941 6096 79%
2018-12-23 13:36:43 1 / 29899 6075 79% 
2018-12-23 13:36:43 1 /boot 42 21 51% 
2018-12-23 13:37:43 0 disk 29941 6096 79%
2018-12-23 13:37:43 1 / 29899 6075 79% 
2018-12-23 13:37:43 1 /boot 42 21 51% 
2018-12-23 13:38:43 0 disk 29941 6096 79%
2018-12-23 13:38:43 1 / 29899 6075 79% 
2018-12-23 13:38:43 1 /boot 42 21 51% 
2018-12-23 13:39:46 0 disk 29941 6096 79%
2018-12-23 13:39:46 1 / 29899 6075 79% 
2018-12-23 13:39:46 1 /boot 42 21 51% 
2018-12-23 13:40:46 0 disk 29941 6096 79%
2018-12-23 13:40:46 1 / 29899 6075 79% 
2018-12-23 13:40:46 1 /boot 42 21 51% 
2018-12-23 13:41:46 0 disk 29941 6096 79%
2018-12-23 13:41:46 1 / 29899 6075 79% 
2018-12-23 13:41:46 1 /boot 42 21 51% 
2018-12-23 13:42:47 0 disk 29941 6096 79%
2018-12-23 13:42:47 1 / 29899 6075 79% 
2018-12-23 13:42:47 1 /boot 42 21 51% 
2018-12-23 13:43:47 0 disk 29941 6096 79%
2018-12-23 13:43:47 1 / 29899 6075 79% 
2018-12-23 13:43:47 1 /boot 42 21 51% 
2018-12-23 13:44:48 0 disk 29941 6096 79%
2018-12-23 13:44:48 1 / 29899 6075 79% 
2018-12-23 13:44:48 1 /boot 42 21 51% 
2018-12-23 13:45:48 0 disk 29941 6095 79%
2018-12-23 13:45:48 1 / 29899 6074 79% 
2018-12-23 13:45:48 1 /boot 42 21 51% 
2018-12-23 13:46:48 0 disk 29941 6095 79%
2018-12-23 13:46:48 1 / 29899 6074 79% 
2018-12-23 13:46:48 1 /boot 42 21 51% 
2018-12-23 13:47:48 0 disk 29941 6095 79%
2018-12-23 13:47:48 1 / 29899 6074 79% 
2018-12-23 13:47:48 1 /boot 42 21 51% 
2018-12-23 13:48:52 0 disk 29941 6095 79%
2018-12-23 13:48:52 1 / 29899 6074 79% 
2018-12-23 13:48:52 1 /boot 42 21 51% 
2018-12-23 13:49:52 0 disk 29941 6095 79%
2018-12-23 13:49:52 1 / 29899 6074 79% 
2018-12-23 13:49:52 1 /boot 42 21 51% 
2018-12-23 13:50:53 0 disk 29941 6095 79%
2018-12-23 13:50:53 1 / 29899 6074 79% 
2018-12-23 13:50:53 1 /boot 42 21 51% 
2018-12-23 13:51:55 0 disk 29941 6095 79%
2018-12-23 13:51:55 1 / 29899 6074 79% 
2018-12-23 13:51:55 1 /boot 42 21 51% 
2018-12-23 13:52:55 0 disk 29941 6095 79%
2018-12-23 13:52:55 1 / 29899 6074 79% 
2018-12-23 13:52:55 1 /boot 42 21 51% 
2018-12-23 13:53:55 0 disk 29941 6095 79%
2018-12-23 13:53:55 1 / 29899 6074 79% 
2018-12-23 13:53:55 1 /boot 42 21 51% 
2018-12-23 13:54:55 0 disk 29941 6095 79%
2018-12-23 13:54:55 1 / 29899 6074 79% 
2018-12-23 13:54:55 1 /boot 42 21 51% 
2018-12-23 13:55:55 0 disk 29941 6095 79%
2018-12-23 13:55:55 1 / 29899 6074 79% 
2018-12-23 13:55:55 1 /boot 42 21 51% 
2018-12-23 13:56:55 0 disk 29941 6095 79%
2018-12-23 13:56:55 1 / 29899 6074 79% 
2018-12-23 13:56:55 1 /boot 42 21 51% 
2018-12-23 13:57:55 0 disk 29941 6095 79%
2018-12-23 13:57:55 1 / 29899 6074 79% 
2018-12-23 13:57:55 1 /boot 42 21 51% 
2018-12-23 13:58:55 0 disk 29941 6095 79%
2018-12-23 13:58:55 1 / 29899 6074 79% 
2018-12-23 13:58:55 1 /boot 42 21 51% 
2018-12-23 13:59:55 0 disk 29941 6094 79%
2018-12-23 13:59:55 1 / 29899 6073 79% 
2018-12-23 13:59:55 1 /boot 42 21 51% 
2018-12-23 14:00:55 0 disk 29941 6094 79%
2018-12-23 14:00:55 1 / 29899 6073 79% 
2018-12-23 14:00:55 1 /boot 42 21 51% 
2018-12-23 14:01:55 0 disk 29941 6094 79%
2018-12-23 14:01:55 1 / 29899 6073 79% 
2018-12-23 14:01:55 1 /boot 42 21 51% 
2018-12-23 14:02:55 0 disk 29941 6094 79%
2018-12-23 14:02:55 1 / 29899 6073 79% 
2018-12-23 14:02:55 1 /boot 42 21 51% 
2018-12-23 14:03:55 0 disk 29941 6094 79%
2018-12-23 14:03:55 1 / 29899 6073 79% 
2018-12-23 14:03:55 1 /boot 42 21 51% 
2018-12-23 14:04:55 0 disk 29941 6094 79%
2018-12-23 14:04:55 1 / 29899 6073 79% 
2018-12-23 14:04:55 1 /boot 42 21 51% 
2018-12-23 14:05:55 0 disk 29941 6094 79%
2018-12-23 14:05:55 1 / 29899 6073 79% 
2018-12-23 14:05:55 1 /boot 42 21 51% 
2018-12-23 14:06:55 0 disk 29941 6094 79%
2018-12-23 14:06:55 1 / 29899 6073 79% 
2018-12-23 14:06:55 1 /boot 42 21 51% 
2018-12-23 14:07:55 0 disk 29941 6094 79%
2018-12-23 14:07:55 1 / 29899 6073 79% 
2018-12-23 14:07:55 1 /boot 42 21 51% 
2018-12-23 14:08:55 0 disk 29941 6094 79%
2018-12-23 14:08:55 1 / 29899 6073 79% 
2018-12-23 14:08:55 1 /boot 42 21 51% 
2018-12-23 14:09:55 0 disk 29941 6094 79%
2018-12-23 14:09:55 1 / 29899 6073 79% 
2018-12-23 14:09:55 1 /boot 42 21 51% 
2018-12-23 14:10:55 0 disk 29941 6094 79%
2018-12-23 14:10:55 1 / 29899 6073 79% 
2018-12-23 14:10:55 1 /boot 42 21 51% 
2018-12-23 14:11:55 0 disk 29941 6094 79%
2018-12-23 14:11:55 1 / 29899 6073 79% 
2018-12-23 14:11:55 1 /boot 42 21 51% 
2018-12-23 14:12:56 0 disk 29941 6093 79%
2018-12-23 14:12:56 1 / 29899 6072 79% 
2018-12-23 14:12:56 1 /boot 42 21 51% 
2018-12-23 14:13:56 0 disk 29941 6093 79%
2018-12-23 14:13:56 1 / 29899 6072 79% 
2018-12-23 14:13:56 1 /boot 42 21 51% 
2018-12-23 14:14:56 0 disk 29941 6093 79%
2018-12-23 14:14:56 1 / 29899 6072 79% 
2018-12-23 14:14:56 1 /boot 42 21 51% 
2018-12-23 14:15:56 0 disk 29941 6093 79%
2018-12-23 14:15:56 1 / 29899 6072 79% 
2018-12-23 14:15:56 1 /boot 42 21 51% 
2018-12-23 14:16:56 0 disk 29941 6093 79%
2018-12-23 14:16:56 1 / 29899 6072 79% 
2018-12-23 14:16:56 1 /boot 42 21 51% 
2018-12-23 14:17:56 0 disk 29941 6093 79%
2018-12-23 14:17:56 1 / 29899 6072 79% 
2018-12-23 14:17:56 1 /boot 42 21 51% 
2018-12-23 14:18:56 0 disk 29941 6093 79%
2018-12-23 14:18:56 1 / 29899 6072 79% 
2018-12-23 14:18:56 1 /boot 42 21 51% 
2018-12-23 14:19:56 0 disk 29941 6093 79%
2018-12-23 14:19:56 1 / 29899 6072 79% 
2018-12-23 14:19:56 1 /boot 42 21 51% 
2018-12-23 14:20:56 0 disk 29941 6093 79%
2018-12-23 14:20:56 1 / 29899 6072 79% 
2018-12-23 14:20:56 1 /boot 42 21 51% 
2018-12-23 14:21:56 0 disk 29941 6093 79%
2018-12-23 14:21:56 1 / 29899 6072 79% 
2018-12-23 14:21:56 1 /boot 42 21 51% 
2018-12-23 14:22:56 0 disk 29941 6093 79%
2018-12-23 14:22:56 1 / 29899 6072 79% 
2018-12-23 14:22:56 1 /boot 42 21 51% 
2018-12-23 14:23:56 0 disk 29941 6093 79%
2018-12-23 14:23:56 1 / 29899 6072 79% 
2018-12-23 14:23:56 1 /boot 42 21 51% 
2018-12-23 14:24:56 0 disk 29941 6093 79%
2018-12-23 14:24:56 1 / 29899 6072 79% 
2018-12-23 14:24:56 1 /boot 42 21 51% 
2018-12-23 14:25:56 0 disk 29941 6093 79%
2018-12-23 14:25:56 1 / 29899 6072 79% 
2018-12-23 14:25:56 1 /boot 42 21 51% 
2018-12-23 14:26:56 0 disk 29941 6092 79%
2018-12-23 14:26:56 1 / 29899 6071 79% 
2018-12-23 14:26:56 1 /boot 42 21 51% 
2018-12-23 14:27:56 0 disk 29941 6092 79%
2018-12-23 14:27:56 1 / 29899 6071 79% 
2018-12-23 14:27:56 1 /boot 42 21 51% 
2018-12-23 14:28:56 0 disk 29941 6092 79%
2018-12-23 14:28:56 1 / 29899 6071 79% 
2018-12-23 14:28:56 1 /boot 42 21 51% 
2018-12-23 14:29:57 0 disk 29941 6092 79%
2018-12-23 14:29:57 1 / 29899 6071 79% 
2018-12-23 14:29:57 1 /boot 42 21 51% 
2018-12-23 14:30:57 0 disk 29941 6092 79%
2018-12-23 14:30:57 1 / 29899 6071 79% 
2018-12-23 14:30:57 1 /boot 42 21 51% 
2018-12-23 14:31:59 0 disk 29941 6092 79%
2018-12-23 14:31:59 1 / 29899 6071 79% 
2018-12-23 14:31:59 1 /boot 42 21 51% 
2018-12-23 14:32:59 0 disk 29941 6092 79%
2018-12-23 14:32:59 1 / 29899 6071 79% 
2018-12-23 14:32:59 1 /boot 42 21 51% 
2018-12-23 14:34:01 0 disk 29941 6092 79%
2018-12-23 14:34:01 1 / 29899 6071 79% 
2018-12-23 14:34:01 1 /boot 42 21 51% 
2018-12-23 14:35:01 0 disk 29941 6092 79%
2018-12-23 14:35:01 1 / 29899 6071 79% 
2018-12-23 14:35:01 1 /boot 42 21 51% 
2018-12-23 14:36:01 0 disk 29941 6092 79%
2018-12-23 14:36:01 1 / 29899 6071 79% 
2018-12-23 14:36:01 1 /boot 42 21 51% 
2018-12-23 15:40:59 0 disk 29941 6100 79%
2018-12-23 15:40:59 1 / 29899 6079 79% 
2018-12-23 15:40:59 1 /boot 42 21 51% 
2018-12-23 15:41:59 0 disk 29941 6100 79%
2018-12-23 15:41:59 1 / 29899 6079 79% 
2018-12-23 15:41:59 1 /boot 42 21 51% 
2018-12-23 15:43:03 0 disk 29941 6100 79%
2018-12-23 15:43:03 1 / 29899 6079 79% 
2018-12-23 15:43:03 1 /boot 42 21 51% 
2018-12-23 15:44:03 0 disk 29941 6100 79%
2018-12-23 15:44:03 1 / 29899 6079 79% 
2018-12-23 15:44:03 1 /boot 42 21 51% 
2018-12-23 15:45:03 0 disk 29941 6100 79%
2018-12-23 15:45:03 1 / 29899 6079 79% 
2018-12-23 15:45:03 1 /boot 42 21 51% 
2018-12-23 15:46:07 0 disk 29941 6100 79%
2018-12-23 15:46:07 1 / 29899 6079 79% 
2018-12-23 15:46:07 1 /boot 42 21 51% 
2018-12-23 15:47:07 0 disk 29941 6100 79%
2018-12-23 15:47:07 1 / 29899 6079 79% 
2018-12-23 15:47:07 1 /boot 42 21 51% 
2018-12-23 15:48:07 0 disk 29941 6100 79%
2018-12-23 15:48:07 1 / 29899 6079 79% 
2018-12-23 15:48:07 1 /boot 42 21 51% 
2018-12-23 15:49:07 0 disk 29941 6100 79%
2018-12-23 15:49:07 1 / 29899 6079 79% 
2018-12-23 15:49:07 1 /boot 42 21 51% 
2018-12-23 15:50:07 0 disk 29941 6100 79%
2018-12-23 15:50:07 1 / 29899 6079 79% 
2018-12-23 15:50:07 1 /boot 42 21 51% 
2018-12-23 15:51:07 0 disk 29941 6100 79%
2018-12-23 15:51:07 1 / 29899 6079 79% 
2018-12-23 15:51:07 1 /boot 42 21 51% 
2018-12-23 15:52:07 0 disk 29941 6099 79%
2018-12-23 15:52:07 1 / 29899 6078 79% 
2018-12-23 15:52:07 1 /boot 42 21 51% 
2018-12-23 15:53:07 0 disk 29941 6099 79%
2018-12-23 15:53:07 1 / 29899 6078 79% 
2018-12-23 15:53:07 1 /boot 42 21 51% 
2018-12-23 15:54:07 0 disk 29941 6099 79%
2018-12-23 15:54:07 1 / 29899 6078 79% 
2018-12-23 15:54:07 1 /boot 42 21 51% 
2018-12-23 15:55:07 0 disk 29941 6099 79%
2018-12-23 15:55:07 1 / 29899 6078 79% 
2018-12-23 15:55:07 1 /boot 42 21 51% 
2018-12-23 15:56:07 0 disk 29941 6098 79%
2018-12-23 15:56:07 1 / 29899 6077 79% 
2018-12-23 15:56:07 1 /boot 42 21 51% 
2018-12-23 15:57:14 0 disk 29941 6098 79%
2018-12-23 15:57:14 1 / 29899 6077 79% 
2018-12-23 15:57:14 1 /boot 42 21 51% 
2018-12-23 15:58:14 0 disk 29941 6098 79%
2018-12-23 15:58:14 1 / 29899 6077 79% 
2018-12-23 15:58:14 1 /boot 42 21 51% 
2018-12-23 15:59:17 0 disk 29941 6098 79%
2018-12-23 15:59:17 1 / 29899 6077 79% 
2018-12-23 15:59:17 1 /boot 42 21 51% 
2018-12-23 16:00:17 0 disk 29941 6098 79%
2018-12-23 16:00:17 1 / 29899 6077 79% 
2018-12-23 16:00:17 1 /boot 42 21 51% 
2018-12-23 16:01:17 0 disk 29941 6098 79%
2018-12-23 16:01:17 1 / 29899 6077 79% 
2018-12-23 16:01:17 1 /boot 42 21 51% 
2018-12-23 16:02:19 0 disk 29941 6097 79%
2018-12-23 16:02:19 1 / 29899 6076 79% 
2018-12-23 16:02:19 1 /boot 42 21 51% 
2018-12-23 16:03:19 0 disk 29941 6097 79%
2018-12-23 16:03:19 1 / 29899 6076 79% 
2018-12-23 16:03:19 1 /boot 42 21 51% 
2018-12-23 16:04:19 0 disk 29941 6097 79%
2018-12-23 16:04:19 1 / 29899 6076 79% 
2018-12-23 16:04:19 1 /boot 42 21 51% 
2018-12-23 16:05:19 0 disk 29941 6097 79%
2018-12-23 16:05:19 1 / 29899 6076 79% 
2018-12-23 16:05:19 1 /boot 42 21 51% 
2018-12-23 16:06:19 0 disk 29941 6097 79%
2018-12-23 16:06:19 1 / 29899 6076 79% 
2018-12-23 16:06:19 1 /boot 42 21 51% 
2018-12-23 16:07:19 0 disk 29941 6097 79%
2018-12-23 16:07:19 1 / 29899 6076 79% 
2018-12-23 16:07:19 1 /boot 42 21 51% 
2018-12-23 16:08:19 0 disk 29941 6097 79%
2018-12-23 16:08:19 1 / 29899 6076 79% 
2018-12-23 16:08:19 1 /boot 42 21 51% 
2018-12-23 16:09:19 0 disk 29941 6097 79%
2018-12-23 16:09:19 1 / 29899 6076 79% 
2018-12-23 16:09:19 1 /boot 42 21 51% 
2018-12-23 16:10:19 0 disk 29941 6096 79%
2018-12-23 16:10:19 1 / 29899 6075 79% 
2018-12-23 16:10:19 1 /boot 42 21 51% 
2018-12-23 16:11:19 0 disk 29941 6096 79%
2018-12-23 16:11:19 1 / 29899 6075 79% 
2018-12-23 16:11:19 1 /boot 42 21 51% 
2018-12-23 16:12:19 0 disk 29941 6096 79%
2018-12-23 16:12:19 1 / 29899 6075 79% 
2018-12-23 16:12:19 1 /boot 42 21 51% 
2018-12-23 16:13:19 0 disk 29941 6096 79%
2018-12-23 16:13:19 1 / 29899 6075 79% 
2018-12-23 16:13:19 1 /boot 42 21 51% 
2018-12-23 16:14:19 0 disk 29941 6096 79%
2018-12-23 16:14:19 1 / 29899 6075 79% 
2018-12-23 16:14:19 1 /boot 42 21 51% 
2018-12-23 16:15:19 0 disk 29941 6096 79%
2018-12-23 16:15:19 1 / 29899 6075 79% 
2018-12-23 16:15:19 1 /boot 42 21 51% 
2018-12-23 16:16:19 0 disk 29941 6096 79%
2018-12-23 16:16:19 1 / 29899 6075 79% 
2018-12-23 16:16:19 1 /boot 42 21 51% 
2018-12-23 16:17:20 0 disk 29941 6096 79%
2018-12-23 16:17:20 1 / 29899 6075 79% 
2018-12-23 16:17:20 1 /boot 42 21 51% 
2018-12-23 16:18:20 0 disk 29941 6096 79%
2018-12-23 16:18:20 1 / 29899 6075 79% 
2018-12-23 16:18:20 1 /boot 42 21 51% 
2018-12-23 16:19:20 0 disk 29941 6096 79%
2018-12-23 16:19:20 1 / 29899 6075 79% 
2018-12-23 16:19:20 1 /boot 42 21 51% 
2018-12-23 16:20:20 0 disk 29941 6096 79%
2018-12-23 16:20:20 1 / 29899 6075 79% 
2018-12-23 16:20:20 1 /boot 42 21 51% 
2018-12-23 16:21:20 0 disk 29941 6095 79%
2018-12-23 16:21:20 1 / 29899 6074 79% 
2018-12-23 16:21:20 1 /boot 42 21 51% 
2018-12-23 16:22:20 0 disk 29941 6095 79%
2018-12-23 16:22:20 1 / 29899 6074 79% 
2018-12-23 16:22:20 1 /boot 42 21 51% 
2018-12-23 16:23:20 0 disk 29941 6095 79%
2018-12-23 16:23:20 1 / 29899 6074 79% 
2018-12-23 16:23:20 1 /boot 42 21 51% 
2018-12-23 16:24:20 0 disk 29941 6095 79%
2018-12-23 16:24:20 1 / 29899 6074 79% 
2018-12-23 16:24:20 1 /boot 42 21 51% 
2018-12-23 16:25:20 0 disk 29941 6095 79%
2018-12-23 16:25:20 1 / 29899 6074 79% 
2018-12-23 16:25:20 1 /boot 42 21 51% 
2018-12-23 16:26:20 0 disk 29941 6095 79%
2018-12-23 16:26:20 1 / 29899 6074 79% 
2018-12-23 16:26:20 1 /boot 42 21 51% 
2018-12-23 16:27:20 0 disk 29941 6095 79%
2018-12-23 16:27:20 1 / 29899 6074 79% 
2018-12-23 16:27:20 1 /boot 42 21 51% 
2018-12-23 16:28:20 0 disk 29941 6095 79%
2018-12-23 16:28:20 1 / 29899 6074 79% 
2018-12-23 16:28:20 1 /boot 42 21 51% 
2018-12-23 16:29:20 0 disk 29941 6095 79%
2018-12-23 16:29:20 1 / 29899 6074 79% 
2018-12-23 16:29:20 1 /boot 42 21 51% 
2018-12-23 16:30:20 0 disk 29941 6094 79%
2018-12-23 16:30:20 1 / 29899 6073 79% 
2018-12-23 16:30:20 1 /boot 42 21 51% 
2018-12-23 16:31:20 0 disk 29941 6094 79%
2018-12-23 16:31:20 1 / 29899 6073 79% 
2018-12-23 16:31:20 1 /boot 42 21 51% 
2018-12-23 16:32:21 0 disk 29941 6094 79%
2018-12-23 16:32:21 1 / 29899 6073 79% 
2018-12-23 16:32:21 1 /boot 42 21 51% 
2018-12-23 16:33:21 0 disk 29941 6094 79%
2018-12-23 16:33:21 1 / 29899 6073 79% 
2018-12-23 16:33:21 1 /boot 42 21 51% 
2018-12-23 16:34:21 0 disk 29941 6094 79%
2018-12-23 16:34:21 1 / 29899 6073 79% 
2018-12-23 16:34:21 1 /boot 42 21 51% 
2018-12-23 16:35:21 0 disk 29941 6094 79%
2018-12-23 16:35:21 1 / 29899 6073 79% 
2018-12-23 16:35:21 1 /boot 42 21 51% 
