2018-12-22__20:36:25 yuxiaowei GNU/Linux 4.13.0-45-generic up_11_hours,_47_minutes 0.66 95426 12% 3805 40% normal normal normal 
2018-12-23__09:24:03 yuxiaowei GNU/Linux 4.13.0-45-generic up_1_day,_34_minutes average:0.65 0.73  95426 12% 3805 37% normal normal normal 
2018-12-23__10:05:44 yuxiaowei GNU/Linux 4.9.41-v7+ up_3_weeks,_1_day,_1_hour,_2_minutes 1.38 0.88 0.77 29941 75% 927 14% normal normal normal 
2018-12-23__10:06:45 yuxiaowei GNU/Linux 4.9.41-v7+ up_3_weeks,_1_day,_1_hour,_3_minutes 1.39 1.01 0.82 29941 75% 927 14% normal normal normal 
2018-12-23__10:07:45 yuxiaowei GNU/Linux 4.9.41-v7+ up_3_weeks,_1_day,_1_hour,_4_minutes 1.08 0.99 0.83 29941 75% 927 14% normal normal normal 
2018-12-23__10:08:45 yuxiaowei GNU/Linux 4.9.41-v7+ up_3_weeks,_1_day,_1_hour,_5_minutes 1.13 1.02 0.85 29941 75% 927 15% normal normal normal 
2018-12-23__10:09:26 yuxiaowei GNU/Linux 4.9.41-v7+ up_3_weeks,_1_day,_1_hour,_6_minutes 1.01 1.00 0.85 29941 75% 927 14% normal normal normal 
2018-12-23__10:10:26 yuxiaowei GNU/Linux 4.9.41-v7+ up_3_weeks,_1_day,_1_hour,_7_minutes 1.54 1.15 0.91 29941 75% 927 14% normal normal normal 
2018-12-23__10:11:26 yuxiaowei GNU/Linux 4.9.41-v7+ up_3_weeks,_1_day,_1_hour,_8_minutes 1.65 1.26 0.97 29941 75% 927 14% normal normal normal 
2018-12-23__10:12:27 yuxiaowei GNU/Linux 4.9.41-v7+ up_3_weeks,_1_day,_1_hour,_9_minutes 1.19 1.20 0.96 29941 75% 927 15% normal note normal 
2018-12-23__10:13:27 yuxiaowei GNU/Linux 4.9.41-v7+ up_3_weeks,_1_day,_1_hour,_10_minutes 0.81 1.10 0.94 29941 75% 927 14% normal normal normal 
2018-12-23__10:14:27 yuxiaowei GNU/Linux 4.9.41-v7+ up_3_weeks,_1_day,_1_hour,_11_minutes 1.18 1.15 0.98 29941 75% 927 15% normal note normal 
2018-12-23__10:15:27 yuxiaowei GNU/Linux 4.9.41-v7+ up_3_weeks,_1_day,_1_hour,_12_minutes 1.46 1.24 1.02 29941 75% 927 12% normal normal normal 
2018-12-23__10:16:30 yuxiaowei GNU/Linux 4.9.41-v7+ up_3_weeks,_1_day,_1_hour,_13_minutes 1.00 1.14 1.00 29941 75% 927 13% normal normal normal 
2018-12-23__10:17:30 yuxiaowei GNU/Linux 4.9.41-v7+ up_3_weeks,_1_day,_1_hour,_14_minutes 1.05 1.10 0.99 29941 75% 927 12% normal normal normal 
2018-12-23__10:18:30 yuxiaowei GNU/Linux 4.9.41-v7+ up_3_weeks,_1_day,_1_hour,_15_minutes 0.69 0.99 0.96 29941 75% 927 12% normal normal normal 
2018-12-23__10:19:30 yuxiaowei GNU/Linux 4.9.41-v7+ up_3_weeks,_1_day,_1_hour,_16_minutes 0.73 0.93 0.94 29941 75% 927 12% normal normal normal 
2018-12-23__10:34:09 yuxiaowei GNU/Linux 4.9.41-v7+ up_3_weeks,_1_day,_1_hour,_30_minutes 2.01 1.68 1.31 29941 75% 927 13% normal note normal 
2018-12-23__10:35:09 yuxiaowei GNU/Linux 4.9.41-v7+ up_3_weeks,_1_day,_1_hour,_31_minutes 1.84 1.69 1.33 29941 75% 927 13% normal note normal 
2018-12-23__10:36:09 yuxiaowei GNU/Linux 4.9.41-v7+ up_3_weeks,_1_day,_1_hour,_32_minutes 1.56 1.64 1.34 29941 75% 927 13% normal note normal 
2018-12-23__10:37:09 yuxiaowei GNU/Linux 4.9.41-v7+ up_3_weeks,_1_day,_1_hour,_33_minutes 1.65 1.66 1.36 29941 75% 927 12% normal note normal 
2018-12-23__10:38:10 yuxiaowei GNU/Linux 4.9.41-v7+ up_3_weeks,_1_day,_1_hour,_34_minutes 1.64 1.65 1.38 29941 75% 927 13% normal note normal 
2018-12-23__10:51:29 yuxiaowei GNU/Linux 4.13.0-45-generic up_1_day,_2_hours,_2_minutes 1.85 1.84 1.77 95426 12% 3805 50% normal normal normal 
2018-12-23__10:51:36 yuxiaowei GNU/Linux 4.13.0-45-generic up_1_day,_2_hours,_2_minutes 1.86 1.84 1.77 95426 12% 3805 50% normal normal normal 
2018-12-23__10:53:22 yuxiaowei GNU/Linux 4.13.0-45-generic up_1_day,_2_hours,_4_minutes 1.60 1.81 1.77 95426 12% 3805 50% normal normal normal 
2018-12-23__10:54:33 yuxiaowei GNU/Linux 4.13.0-45-generic up_1_day,_2_hours,_5_minutes 1.86 1.85 1.79 95426 12% 3805 50% normal normal normal 
2018-12-23__10:54:47 yuxiaowei GNU/Linux 4.13.0-45-generic up_1_day,_2_hours,_5_minutes 1.51 1.78 1.77 95426 12% 3805 50% normal normal normal 
2018-12-23__11:30:39 yuxiaowei GNU/Linux 4.9.41-v7+ up_3_weeks,_1_day,_2_hours,_27_minutes 0.83 1.00 1.02 29941 75% 927 14% normal normal normal 
2018-12-23__11:31:20 yuxiaowei GNU/Linux 4.9.41-v7+ up_3_weeks,_1_day,_2_hours,_27_minutes 0.93 0.99 1.01 29941 75% 927 13% normal normal normal 
2018-12-23__11:32:20 yuxiaowei GNU/Linux 4.9.41-v7+ up_3_weeks,_1_day,_2_hours,_28_minutes 0.61 0.91 0.98 29941 75% 927 13% normal normal normal 
2018-12-23__11:33:20 yuxiaowei GNU/Linux 4.9.41-v7+ up_3_weeks,_1_day,_2_hours,_29_minutes 1.43 1.12 1.05 29941 75% 927 14% normal normal normal 
2018-12-23__11:34:20 yuxiaowei GNU/Linux 4.9.41-v7+ up_3_weeks,_1_day,_2_hours,_30_minutes 0.76 1.00 1.01 29941 75% 927 14% normal normal normal 
2018-12-23__11:35:21 yuxiaowei GNU/Linux 4.9.41-v7+ up_3_weeks,_1_day,_2_hours,_31_minutes 1.16 1.05 1.03 29941 75% 927 14% normal normal normal 
2018-12-23__11:36:21 yuxiaowei GNU/Linux 4.9.41-v7+ up_3_weeks,_1_day,_2_hours,_32_minutes 1.29 1.11 1.05 29941 75% 927 14% normal note normal 
2018-12-23__11:37:21 yuxiaowei GNU/Linux 4.9.41-v7+ up_3_weeks,_1_day,_2_hours,_33_minutes 1.12 1.08 1.04 29941 75% 927 14% normal note normal 
2018-12-23__10:51:29 yuxiaowei GNU/Linux 4.13.0-45-generic up_1_day,_2_hours,_2_minutes 1.85 1.84 1.77 95426 12% 3805 50% normal normal normal 
2018-12-23__10:51:36 yuxiaowei GNU/Linux 4.13.0-45-generic up_1_day,_2_hours,_2_minutes 1.86 1.84 1.77 95426 12% 3805 50% normal normal normal 
2018-12-23__10:53:22 yuxiaowei GNU/Linux 4.13.0-45-generic up_1_day,_2_hours,_4_minutes 1.60 1.81 1.77 95426 12% 3805 50% normal normal normal 
2018-12-23__10:54:33 yuxiaowei GNU/Linux 4.13.0-45-generic up_1_day,_2_hours,_5_minutes 1.86 1.85 1.79 95426 12% 3805 50% normal normal normal 
2018-12-23__10:54:47 yuxiaowei GNU/Linux 4.13.0-45-generic up_1_day,_2_hours,_5_minutes 1.51 1.78 1.77 95426 12% 3805 50% normal normal normal 
2018-12-23__13:34:39 yuxiaowei GNU/Linux 4.9.41-v7+ up_1_hour,_53_minutes 0.26 29941 75% 927 11% normal normal normal 
2018-12-23__13:35:40 yuxiaowei GNU/Linux 4.9.41-v7+ up_1_hour,_54_minutes 0.26 29941 75% 927 11% normal normal normal 
2018-12-23__13:36:40 yuxiaowei GNU/Linux 4.9.41-v7+ up_1_hour,_55_minutes 0.26 29941 75% 927 12% normal normal normal 
2018-12-23__13:37:41 yuxiaowei GNU/Linux 4.9.41-v7+ up_1_hour,_56_minutes 0.28 29941 75% 927 12% normal normal normal 
2018-12-23__13:38:41 yuxiaowei GNU/Linux 4.9.41-v7+ up_1_hour,_57_minutes 0.30 29941 75% 927 12% normal normal normal 
2018-12-23__13:39:41 yuxiaowei GNU/Linux 4.9.41-v7+ up_1_hour,_58_minutes 0.30 29941 75% 927 11% normal normal normal 
2018-12-23__13:40:41 yuxiaowei GNU/Linux 4.9.41-v7+ up_1_hour,_59_minutes 0.30 29941 75% 927 11% normal normal normal 
2018-12-23__13:41:41 yuxiaowei GNU/Linux 4.9.41-v7+ up_2_hours 0.30 29941 75% 927 11% normal normal normal 
2018-12-23__13:42:41 yuxiaowei GNU/Linux 4.9.41-v7+ up_2_hours,_1_minute 0.32 29941 75% 927 11% normal normal normal 
2018-12-23__13:43:41 yuxiaowei GNU/Linux 4.9.41-v7+ up_2_hours,_2_minutes 0.35 29941 75% 927 11% normal normal normal 
2018-12-23__13:44:42 yuxiaowei GNU/Linux 4.9.41-v7+ up_2_hours,_3_minutes 0.37 29941 75% 927 11% normal normal normal 
2018-12-23__13:45:42 yuxiaowei GNU/Linux 4.9.41-v7+ up_2_hours,_4_minutes 0.36 29941 75% 927 12% normal normal normal 
2018-12-23__13:46:42 yuxiaowei GNU/Linux 4.9.41-v7+ up_2_hours,_5_minutes 0.36 29941 75% 927 11% normal normal normal 
2018-12-23__13:47:42 yuxiaowei GNU/Linux 4.9.41-v7+ up_2_hours,_6_minutes 0.38 29941 75% 927 11% normal normal normal 
2018-12-23__13:48:42 yuxiaowei GNU/Linux 4.9.41-v7+ up_2_hours,_7_minutes 0.37 29941 75% 927 11% normal normal normal 
2018-12-23__13:49:42 yuxiaowei GNU/Linux 4.9.41-v7+ up_2_hours,_8_minutes 0.37 29941 75% 927 12% normal normal normal 
2018-12-23__13:50:42 yuxiaowei GNU/Linux 4.9.41-v7+ up_2_hours,_9_minutes 0.38 29941 75% 927 12% normal normal normal 
2018-12-23__13:51:42 yuxiaowei GNU/Linux 4.9.41-v7+ up_2_hours,_10_minutes 0.38 29941 75% 927 11% normal normal normal 
2018-12-23__13:52:43 yuxiaowei GNU/Linux 4.9.41-v7+ up_2_hours,_11_minutes 0.41 29941 75% 927 12% normal normal normal 
2018-12-23__13:53:43 yuxiaowei GNU/Linux 4.9.41-v7+ up_2_hours,_12_minutes 0.41 29941 75% 927 12% normal normal normal 
2018-12-23__13:54:43 yuxiaowei GNU/Linux 4.9.41-v7+ up_2_hours,_13_minutes 0.42 29941 75% 927 12% normal normal normal 
2018-12-23__13:55:43 yuxiaowei GNU/Linux 4.9.41-v7+ up_2_hours,_14_minutes 0.40 29941 75% 927 12% normal normal normal 
2018-12-23__13:56:43 yuxiaowei GNU/Linux 4.9.41-v7+ up_2_hours,_15_minutes 0.41 29941 75% 927 12% normal normal normal 
2018-12-23__13:57:43 yuxiaowei GNU/Linux 4.9.41-v7+ up_2_hours,_16_minutes 0.41 29941 75% 927 12% normal normal normal 
2018-12-23__13:58:43 yuxiaowei GNU/Linux 4.9.41-v7+ up_2_hours,_17_minutes 0.43 29941 75% 927 12% normal normal normal 
2018-12-23__13:59:46 yuxiaowei GNU/Linux 4.9.41-v7+ up_2_hours,_18_minutes 0.41 29941 75% 927 12% normal normal normal 
2018-12-23__14:00:46 yuxiaowei GNU/Linux 4.9.41-v7+ up_2_hours,_19_minutes 0.43 29941 75% 927 12% normal normal normal 
2018-12-23__14:01:47 yuxiaowei GNU/Linux 4.9.41-v7+ up_2_hours,_20_minutes 0.44 29941 75% 927 12% normal normal normal 
2018-12-23__14:02:47 yuxiaowei GNU/Linux 4.9.41-v7+ up_2_hours,_21_minutes 0.44 29941 75% 927 12% normal normal normal 
2018-12-23__14:03:48 yuxiaowei GNU/Linux 4.9.41-v7+ up_2_hours,_22_minutes 0.44 29941 75% 927 12% normal normal normal 
2018-12-23__14:04:48 yuxiaowei GNU/Linux 4.9.41-v7+ up_2_hours,_23_minutes 0.44 29941 75% 927 12% normal normal normal 
2018-12-23__14:05:48 yuxiaowei GNU/Linux 4.9.41-v7+ up_2_hours,_24_minutes 0.44 29941 75% 927 12% normal normal normal 
2018-12-23__14:06:48 yuxiaowei GNU/Linux 4.9.41-v7+ up_2_hours,_25_minutes 0.45 29941 75% 927 11% normal normal normal 
2018-12-23__14:07:49 yuxiaowei GNU/Linux 4.9.41-v7+ up_2_hours,_26_minutes 0.43 29941 75% 927 11% normal normal normal 
2018-12-23__14:08:49 yuxiaowei GNU/Linux 4.9.41-v7+ up_2_hours,_27_minutes 0.42 29941 75% 927 11% normal normal normal 
2018-12-23__14:09:49 yuxiaowei GNU/Linux 4.9.41-v7+ up_2_hours,_28_minutes 0.43 29941 75% 927 11% normal normal normal 
2018-12-23__14:10:49 yuxiaowei GNU/Linux 4.9.41-v7+ up_2_hours,_29_minutes 0.41 29941 75% 927 12% normal normal normal 
2018-12-23__14:11:49 yuxiaowei GNU/Linux 4.9.41-v7+ up_2_hours,_30_minutes 0.43 29941 75% 927 12% normal normal normal 
2018-12-23__14:12:49 yuxiaowei GNU/Linux 4.9.41-v7+ up_2_hours,_31_minutes 0.44 29941 75% 927 12% normal normal normal 
2018-12-23__14:13:49 yuxiaowei GNU/Linux 4.9.41-v7+ up_2_hours,_32_minutes 0.46 29941 75% 927 12% normal note normal 
2018-12-23__14:14:49 yuxiaowei GNU/Linux 4.9.41-v7+ up_2_hours,_33_minutes 0.48 29941 75% 927 12% normal note normal 
2018-12-23__14:15:49 yuxiaowei GNU/Linux 4.9.41-v7+ up_2_hours,_34_minutes 0.47 29941 75% 927 12% normal normal normal 
2018-12-23__14:16:50 yuxiaowei GNU/Linux 4.9.41-v7+ up_2_hours,_35_minutes 0.47 29941 75% 927 12% normal note normal 
2018-12-23__14:17:50 yuxiaowei GNU/Linux 4.9.41-v7+ up_2_hours,_36_minutes 0.51 29941 75% 927 12% normal note normal 
2018-12-23__14:18:50 yuxiaowei GNU/Linux 4.9.41-v7+ up_2_hours,_37_minutes 0.53 29941 75% 927 12% normal note normal 
2018-12-23__14:19:50 yuxiaowei GNU/Linux 4.9.41-v7+ up_2_hours,_38_minutes 0.53 29941 75% 927 12% normal note normal 
2018-12-23__14:20:50 yuxiaowei GNU/Linux 4.9.41-v7+ up_2_hours,_39_minutes 0.52 29941 75% 927 12% normal note normal 
2018-12-23__14:21:50 yuxiaowei GNU/Linux 4.9.41-v7+ up_2_hours,_40_minutes 0.57 29941 75% 927 12% normal note normal 
2018-12-23__14:22:50 yuxiaowei GNU/Linux 4.9.41-v7+ up_2_hours,_41_minutes 0.60 29941 75% 927 12% normal note normal 
2018-12-23__14:23:50 yuxiaowei GNU/Linux 4.9.41-v7+ up_2_hours,_42_minutes 0.58 29941 75% 927 12% normal normal normal 
2018-12-23__14:24:51 yuxiaowei GNU/Linux 4.9.41-v7+ up_2_hours,_43_minutes 0.56 29941 75% 927 11% normal normal normal 
2018-12-23__14:25:51 yuxiaowei GNU/Linux 4.9.41-v7+ up_2_hours,_44_minutes 0.71 29941 75% 927 11% normal normal normal 
2018-12-23__14:26:51 yuxiaowei GNU/Linux 4.9.41-v7+ up_2_hours,_45_minutes 0.72 29941 75% 927 11% normal normal normal 
2018-12-23__14:27:51 yuxiaowei GNU/Linux 4.9.41-v7+ up_2_hours,_46_minutes 0.67 29941 75% 927 11% normal normal normal 
2018-12-23__14:28:51 yuxiaowei GNU/Linux 4.9.41-v7+ up_2_hours,_47_minutes 0.64 29941 75% 927 11% normal normal normal 
2018-12-23__14:29:51 yuxiaowei GNU/Linux 4.9.41-v7+ up_2_hours,_48_minutes 0.64 29941 75% 927 11% normal normal normal 
2018-12-23__14:30:51 yuxiaowei GNU/Linux 4.9.41-v7+ up_2_hours,_49_minutes 0.63 29941 75% 927 11% normal normal normal 
2018-12-23__14:31:52 yuxiaowei GNU/Linux 4.9.41-v7+ up_2_hours,_50_minutes 0.61 29941 75% 927 11% normal normal normal 
2018-12-23__14:32:52 yuxiaowei GNU/Linux 4.9.41-v7+ up_2_hours,_51_minutes 0.59 29941 75% 927 11% normal normal normal 
2018-12-23__14:33:52 yuxiaowei GNU/Linux 4.9.41-v7+ up_2_hours,_52_minutes 0.59 29941 75% 927 11% normal normal normal 
2018-12-23__14:34:52 yuxiaowei GNU/Linux 4.9.41-v7+ up_2_hours,_53_minutes 0.58 29941 75% 927 11% normal normal normal 
2018-12-23__14:35:52 yuxiaowei GNU/Linux 4.9.41-v7+ up_2_hours,_54_minutes 0.58 29941 75% 927 11% normal normal normal 
2018-12-23__15:40:59 yuxiaowei GNU/Linux 4.9.41-v7+ up_59_minutes 0.39 0.35 29941 75% 927 12% normal note normal 
2018-12-23__15:41:59 yuxiaowei GNU/Linux 4.9.41-v7+ up_1_hour 0.37 29941 75% 927 12% normal note normal 
2018-12-23__15:42:59 yuxiaowei GNU/Linux 4.9.41-v7+ up_1_hour,_1_minute 0.37 29941 75% 927 12% normal note normal 
2018-12-23__15:43:59 yuxiaowei GNU/Linux 4.9.41-v7+ up_1_hour,_2_minutes 0.43 29941 75% 927 12% normal note normal 
2018-12-23__15:45:00 yuxiaowei GNU/Linux 4.9.41-v7+ up_1_hour,_3_minutes 0.43 29941 75% 927 12% normal normal normal 
2018-12-23__15:46:00 yuxiaowei GNU/Linux 4.9.41-v7+ up_1_hour,_4_minutes 0.42 29941 75% 927 12% normal normal normal 
2018-12-23__15:47:00 yuxiaowei GNU/Linux 4.9.41-v7+ up_1_hour,_5_minutes 0.41 29941 75% 927 12% normal note normal 
2018-12-23__15:48:00 yuxiaowei GNU/Linux 4.9.41-v7+ up_1_hour,_6_minutes 0.42 29941 75% 927 12% normal note normal 
2018-12-23__15:49:00 yuxiaowei GNU/Linux 4.9.41-v7+ up_1_hour,_7_minutes 0.42 29941 75% 927 13% normal note normal 
2018-12-23__15:50:00 yuxiaowei GNU/Linux 4.9.41-v7+ up_1_hour,_8_minutes 0.42 29941 75% 927 13% normal note normal 
2018-12-23__15:51:00 yuxiaowei GNU/Linux 4.9.41-v7+ up_1_hour,_9_minutes 0.42 29941 75% 927 13% normal note normal 
2018-12-23__15:52:00 yuxiaowei GNU/Linux 4.9.41-v7+ up_1_hour,_10_minutes 0.44 29941 75% 927 13% normal note normal 
2018-12-23__15:53:00 yuxiaowei GNU/Linux 4.9.41-v7+ up_1_hour,_11_minutes 0.48 29941 75% 927 13% normal note normal 
2018-12-23__15:54:01 yuxiaowei GNU/Linux 4.9.41-v7+ up_1_hour,_12_minutes 0.53 29941 75% 927 13% normal note normal 
2018-12-23__15:55:01 yuxiaowei GNU/Linux 4.9.41-v7+ up_1_hour,_13_minutes 0.52 29941 75% 927 14% normal note normal 
2018-12-23__15:56:01 yuxiaowei GNU/Linux 4.9.41-v7+ up_1_hour,_14_minutes 0.62 29941 75% 927 14% normal note normal 
2018-12-23__15:57:14 yuxiaowei GNU/Linux 4.9.41-v7+ up_1_hour,_16_minutes 0.59 29941 75% 927 14% normal note normal 
2018-12-23__15:58:14 yuxiaowei GNU/Linux 4.9.41-v7+ up_1_hour,_17_minutes 0.60 29941 75% 927 14% normal note normal 
2018-12-23__15:59:14 yuxiaowei GNU/Linux 4.9.41-v7+ up_1_hour,_18_minutes 0.65 29941 75% 927 14% normal note normal 
2018-12-23__16:00:15 yuxiaowei GNU/Linux 4.9.41-v7+ up_1_hour,_19_minutes 0.68 29941 75% 927 14% normal note normal 
2018-12-23__16:01:15 yuxiaowei GNU/Linux 4.9.41-v7+ up_1_hour,_20_minutes 0.71 29941 75% 927 14% normal note normal 
2018-12-23__16:02:15 yuxiaowei GNU/Linux 4.9.41-v7+ up_1_hour,_21_minutes 0.72 29941 75% 927 14% normal note normal 
2018-12-23__16:03:15 yuxiaowei GNU/Linux 4.9.41-v7+ up_1_hour,_22_minutes 0.72 29941 75% 927 14% normal note normal 
2018-12-23__16:04:15 yuxiaowei GNU/Linux 4.9.41-v7+ up_1_hour,_23_minutes 0.71 29941 75% 927 14% normal note normal 
2018-12-23__16:05:15 yuxiaowei GNU/Linux 4.9.41-v7+ up_1_hour,_24_minutes 0.72 29941 75% 927 14% normal note normal 
2018-12-23__16:06:15 yuxiaowei GNU/Linux 4.9.41-v7+ up_1_hour,_25_minutes 0.75 29941 75% 927 14% normal note normal 
2018-12-23__16:07:15 yuxiaowei GNU/Linux 4.9.41-v7+ up_1_hour,_26_minutes 0.75 29941 75% 927 14% normal note normal 
2018-12-23__16:08:16 yuxiaowei GNU/Linux 4.9.41-v7+ up_1_hour,_27_minutes 0.74 29941 75% 927 13% normal note normal 
2018-12-23__16:09:20 yuxiaowei GNU/Linux 4.9.41-v7+ up_1_hour,_28_minutes 0.72 29941 75% 927 13% normal note normal 
2018-12-23__16:10:21 yuxiaowei GNU/Linux 4.9.41-v7+ up_1_hour,_29_minutes 0.71 29941 75% 927 13% normal note normal 
2018-12-23__16:11:21 yuxiaowei GNU/Linux 4.9.41-v7+ up_1_hour,_30_minutes 0.68 29941 75% 927 13% normal note normal 
2018-12-23__16:12:21 yuxiaowei GNU/Linux 4.9.41-v7+ up_1_hour,_31_minutes 0.68 29941 75% 927 13% normal note normal 
2018-12-23__16:13:21 yuxiaowei GNU/Linux 4.9.41-v7+ up_1_hour,_32_minutes 0.68 29941 75% 927 13% normal note normal 
2018-12-23__16:14:22 yuxiaowei GNU/Linux 4.9.41-v7+ up_1_hour,_33_minutes 0.67 29941 75% 927 13% normal normal normal 
2018-12-23__16:15:22 yuxiaowei GNU/Linux 4.9.41-v7+ up_1_hour,_34_minutes 0.67 29941 75% 927 12% normal normal normal 
2018-12-23__16:16:22 yuxiaowei GNU/Linux 4.9.41-v7+ up_1_hour,_35_minutes 0.66 29941 75% 927 12% normal normal normal 
2018-12-23__16:17:27 yuxiaowei GNU/Linux 4.9.41-v7+ up_1_hour,_36_minutes 0.65 29941 75% 927 12% normal normal normal 
2018-12-23__16:18:27 yuxiaowei GNU/Linux 4.9.41-v7+ up_1_hour,_37_minutes 0.64 29941 75% 927 12% normal normal normal 
2018-12-23__16:19:27 yuxiaowei GNU/Linux 4.9.41-v7+ up_1_hour,_38_minutes 0.62 29941 75% 927 12% normal normal normal 
2018-12-23__16:20:32 yuxiaowei GNU/Linux 4.9.41-v7+ up_1_hour,_39_minutes 0.58 29941 75% 927 12% normal normal normal 
2018-12-23__16:21:34 yuxiaowei GNU/Linux 4.9.41-v7+ up_1_hour,_40_minutes 0.58 29941 75% 927 12% normal normal normal 
2018-12-23__16:22:34 yuxiaowei GNU/Linux 4.9.41-v7+ up_1_hour,_41_minutes 0.60 29941 75% 927 12% normal normal normal 
2018-12-23__16:23:37 yuxiaowei GNU/Linux 4.9.41-v7+ up_1_hour,_42_minutes 0.58 29941 75% 927 12% normal normal normal 
2018-12-23__16:24:37 yuxiaowei GNU/Linux 4.9.41-v7+ up_1_hour,_43_minutes 0.56 29941 75% 927 12% normal normal normal 
2018-12-23__16:25:37 yuxiaowei GNU/Linux 4.9.41-v7+ up_1_hour,_44_minutes 0.54 29941 75% 927 12% normal normal normal 
2018-12-23__16:26:37 yuxiaowei GNU/Linux 4.9.41-v7+ up_1_hour,_45_minutes 0.52 29941 75% 927 12% normal normal normal 
2018-12-23__16:27:38 yuxiaowei GNU/Linux 4.9.41-v7+ up_1_hour,_46_minutes 0.51 29941 75% 927 12% normal normal normal 
2018-12-23__16:28:38 yuxiaowei GNU/Linux 4.9.41-v7+ up_1_hour,_47_minutes 0.51 29941 75% 927 13% normal normal normal 
2018-12-23__16:29:38 yuxiaowei GNU/Linux 4.9.41-v7+ up_1_hour,_48_minutes 0.52 29941 75% 927 13% normal note normal 
2018-12-23__16:30:38 yuxiaowei GNU/Linux 4.9.41-v7+ up_1_hour,_49_minutes 0.49 29941 75% 927 13% normal normal normal 
2018-12-23__16:31:38 yuxiaowei GNU/Linux 4.9.41-v7+ up_1_hour,_50_minutes 0.47 29941 75% 927 13% normal normal normal 
2018-12-23__16:32:38 yuxiaowei GNU/Linux 4.9.41-v7+ up_1_hour,_51_minutes 0.46 29941 75% 927 13% normal normal normal 
2018-12-23__16:33:38 yuxiaowei GNU/Linux 4.9.41-v7+ up_1_hour,_52_minutes 0.46 29941 75% 927 13% normal note normal 
2018-12-23__16:34:38 yuxiaowei GNU/Linux 4.9.41-v7+ up_1_hour,_53_minutes 0.44 29941 75% 927 14% normal note normal 
2018-12-23__16:35:38 yuxiaowei GNU/Linux 4.9.41-v7+ up_1_hour,_54_minutes 0.43 29941 75% 927 14% normal normal normal 
2018-12-23__16:36:39 yuxiaowei GNU/Linux 4.9.41-v7+ up_1_hour,_55_minutes 0.41 29941 75% 927 13% normal normal normal 
2018-12-23__16:37:39 yuxiaowei GNU/Linux 4.9.41-v7+ up_1_hour,_56_minutes 0.46 29941 75% 927 14% normal note normal 
2018-12-23__16:38:39 yuxiaowei GNU/Linux 4.9.41-v7+ up_1_hour,_57_minutes 0.44 29941 75% 927 14% normal note normal 
2018-12-23__16:39:39 yuxiaowei GNU/Linux 4.9.41-v7+ up_1_hour,_58_minutes 0.44 29941 75% 927 13% normal normal normal 
2018-12-23__16:40:39 yuxiaowei GNU/Linux 4.9.41-v7+ up_1_hour,_59_minutes 0.44 29941 75% 927 13% normal normal normal 
2018-12-23__16:41:39 yuxiaowei GNU/Linux 4.9.41-v7+ up_2_hours 0.44 29941 75% 927 14% normal normal normal 
2018-12-23__16:42:39 yuxiaowei GNU/Linux 4.9.41-v7+ up_2_hours,_1_minute 0.45 29941 75% 927 14% normal note normal 
2018-12-23__16:43:40 yuxiaowei GNU/Linux 4.9.41-v7+ up_2_hours,_2_minutes 0.47 29941 75% 927 14% normal normal normal 
2018-12-23__16:44:40 yuxiaowei GNU/Linux 4.9.41-v7+ up_2_hours,_3_minutes 0.51 29941 75% 927 14% normal normal normal 
2018-12-23__16:45:40 yuxiaowei GNU/Linux 4.9.41-v7+ up_2_hours,_4_minutes 0.50 29941 75% 927 14% normal normal normal 
2018-12-23__16:46:40 yuxiaowei GNU/Linux 4.9.41-v7+ up_2_hours,_5_minutes 0.47 29941 75% 927 14% normal normal normal 
2018-12-23__16:47:40 yuxiaowei GNU/Linux 4.9.41-v7+ up_2_hours,_6_minutes 0.44 29941 75% 927 14% normal normal normal 
2018-12-23__16:48:40 yuxiaowei GNU/Linux 4.9.41-v7+ up_2_hours,_7_minutes 0.45 29941 75% 927 14% normal normal normal 
2018-12-23__16:49:54 yuxiaowei GNU/Linux 4.13.0-45-generic up_1_day,_8_hours 1.67 1.54 1.62 95426 12% 3805 43% normal normal normal 
2018-12-23__16:50:40 yuxiaowei GNU/Linux 4.9.41-v7+ up_2_hours,_9_minutes 0.51 29941 75% 927 14% normal note normal 
2018-12-23__16:51:40 yuxiaowei GNU/Linux 4.9.41-v7+ up_2_hours,_10_minutes 0.58 29941 75% 927 14% normal note normal 
2018-12-23__16:52:40 yuxiaowei GNU/Linux 4.9.41-v7+ up_2_hours,_11_minutes 0.58 29941 75% 927 14% normal note normal 
2018-12-23__16:53:41 yuxiaowei GNU/Linux 4.9.41-v7+ up_2_hours,_12_minutes 0.56 29941 75% 927 14% normal normal normal 
2018-12-23__16:54:41 yuxiaowei GNU/Linux 4.9.41-v7+ up_2_hours,_13_minutes 0.54 29941 75% 927 13% normal note normal 
2018-12-23__16:55:41 yuxiaowei GNU/Linux 4.9.41-v7+ up_2_hours,_14_minutes 0.55 29941 75% 927 14% normal note normal 
2018-12-23__16:56:43 yuxiaowei GNU/Linux 4.9.41-v7+ up_2_hours,_15_minutes 0.54 29941 75% 927 14% normal normal normal 
2018-12-23__16:57:43 yuxiaowei GNU/Linux 4.9.41-v7+ up_2_hours,_16_minutes 0.74 29941 75% 927 14% normal normal normal 
2018-12-23__16:58:43 yuxiaowei GNU/Linux 4.9.41-v7+ up_2_hours,_17_minutes 0.72 29941 75% 927 13% normal normal normal 
2018-12-23__16:59:44 yuxiaowei GNU/Linux 4.9.41-v7+ up_2_hours,_18_minutes 0.68 29941 75% 927 13% normal normal normal 
2018-12-23__17:00:44 yuxiaowei GNU/Linux 4.9.41-v7+ up_2_hours,_19_minutes 0.67 29941 75% 927 14% normal note normal 
2018-12-23__17:01:44 yuxiaowei GNU/Linux 4.9.41-v7+ up_2_hours,_20_minutes 0.63 29941 75% 927 13% normal normal normal 
2018-12-23__17:02:44 yuxiaowei GNU/Linux 4.9.41-v7+ up_2_hours,_21_minutes 0.60 29941 75% 927 13% normal normal normal 
2018-12-23__17:03:44 yuxiaowei GNU/Linux 4.9.41-v7+ up_2_hours,_22_minutes 0.58 29941 75% 927 13% normal normal normal 
2018-12-23__17:04:44 yuxiaowei GNU/Linux 4.9.41-v7+ up_2_hours,_23_minutes 0.62 29941 75% 927 13% normal note normal 
2018-12-23__17:05:44 yuxiaowei GNU/Linux 4.9.41-v7+ up_2_hours,_24_minutes 0.60 29941 75% 927 13% normal normal normal 
2018-12-23__17:06:44 yuxiaowei GNU/Linux 4.9.41-v7+ up_2_hours,_25_minutes 0.57 29941 75% 927 13% normal normal normal 
2018-12-23__17:07:44 yuxiaowei GNU/Linux 4.9.41-v7+ up_2_hours,_26_minutes 0.59 29941 75% 927 14% normal note normal 
2018-12-23__17:08:45 yuxiaowei GNU/Linux 4.9.41-v7+ up_2_hours,_27_minutes 0.60 29941 75% 927 14% normal normal normal 
2018-12-23__17:09:45 yuxiaowei GNU/Linux 4.9.41-v7+ up_2_hours,_28_minutes 0.58 29941 75% 927 14% normal normal normal 
2018-12-23__17:10:45 yuxiaowei GNU/Linux 4.9.41-v7+ up_2_hours,_29_minutes 0.55 29941 75% 927 13% normal note normal 
2018-12-23__17:11:45 yuxiaowei GNU/Linux 4.9.41-v7+ up_2_hours,_30_minutes 0.56 29941 75% 927 14% normal normal normal 
2018-12-23__17:12:45 yuxiaowei GNU/Linux 4.9.41-v7+ up_2_hours,_31_minutes 0.60 29941 75% 927 14% normal note normal 
2018-12-23__17:13:45 yuxiaowei GNU/Linux 4.9.41-v7+ up_2_hours,_32_minutes 0.58 29941 75% 927 14% normal normal normal 
2018-12-23__17:14:45 yuxiaowei GNU/Linux 4.9.41-v7+ up_2_hours,_33_minutes 0.57 29941 75% 927 14% normal note normal 
2018-12-23__17:15:45 yuxiaowei GNU/Linux 4.9.41-v7+ up_2_hours,_34_minutes 0.55 29941 75% 927 14% normal note normal 
2018-12-23__17:16:46 yuxiaowei GNU/Linux 4.9.41-v7+ up_2_hours,_35_minutes 0.55 29941 75% 927 14% normal note normal 
2018-12-23__17:17:46 yuxiaowei GNU/Linux 4.9.41-v7+ up_2_hours,_36_minutes 0.55 29941 75% 927 14% normal note normal 
2018-12-23__17:18:46 yuxiaowei GNU/Linux 4.9.41-v7+ up_2_hours,_37_minutes 0.57 29941 75% 927 14% normal note normal 
2018-12-23__17:19:46 yuxiaowei GNU/Linux 4.9.41-v7+ up_2_hours,_38_minutes 0.63 29941 75% 927 14% normal note normal 
2018-12-23__17:20:46 yuxiaowei GNU/Linux 4.9.41-v7+ up_2_hours,_39_minutes 0.63 29941 75% 927 14% normal note normal 
2018-12-23__17:21:46 yuxiaowei GNU/Linux 4.9.41-v7+ up_2_hours,_40_minutes 0.61 29941 75% 927 14% normal normal normal 
2018-12-23__17:22:46 yuxiaowei GNU/Linux 4.9.41-v7+ up_2_hours,_41_minutes 0.83 29941 75% 927 14% normal normal normal 
2018-12-23__17:23:46 yuxiaowei GNU/Linux 4.9.41-v7+ up_2_hours,_42_minutes 0.99 29941 75% 927 14% normal normal normal 
2018-12-23__17:24:47 yuxiaowei GNU/Linux 4.9.41-v7+ up_2_hours,_43_minutes 0.95 29941 75% 927 14% normal normal normal 
2018-12-23__17:25:47 yuxiaowei GNU/Linux 4.9.41-v7+ up_2_hours,_44_minutes 0.90 29941 75% 927 13% normal normal normal 
2018-12-23__17:26:47 yuxiaowei GNU/Linux 4.9.41-v7+ up_2_hours,_45_minutes 0.85 29941 75% 927 14% normal note normal 
2018-12-23__17:27:47 yuxiaowei GNU/Linux 4.9.41-v7+ up_2_hours,_46_minutes 0.83 29941 75% 927 14% normal normal normal 
2018-12-23__17:28:47 yuxiaowei GNU/Linux 4.9.41-v7+ up_2_hours,_47_minutes 0.79 29941 75% 927 14% normal normal normal 
2018-12-23__17:29:47 yuxiaowei GNU/Linux 4.9.41-v7+ up_2_hours,_48_minutes 0.74 29941 75% 927 14% normal normal normal 
2018-12-23__17:30:47 yuxiaowei GNU/Linux 4.9.41-v7+ up_2_hours,_49_minutes 0.73 29941 75% 927 14% normal normal normal 
2018-12-23__17:31:47 yuxiaowei GNU/Linux 4.9.41-v7+ up_2_hours,_50_minutes 0.71 29941 75% 927 14% normal normal normal 
2018-12-23__17:32:48 yuxiaowei GNU/Linux 4.9.41-v7+ up_2_hours,_51_minutes 0.68 29941 75% 927 14% normal normal normal 
2018-12-23__17:33:48 yuxiaowei GNU/Linux 4.9.41-v7+ up_2_hours,_52_minutes 0.67 29941 75% 927 14% normal note normal 
2018-12-23__17:34:48 yuxiaowei GNU/Linux 4.9.41-v7+ up_2_hours,_53_minutes 0.66 29941 75% 927 14% normal normal normal 
2018-12-23__17:35:48 yuxiaowei GNU/Linux 4.9.41-v7+ up_2_hours,_54_minutes 0.65 29941 75% 927 14% normal normal normal 
2018-12-23__17:36:48 yuxiaowei GNU/Linux 4.9.41-v7+ up_2_hours,_55_minutes 0.64 29941 75% 927 14% normal note normal 
2018-12-23__17:37:48 yuxiaowei GNU/Linux 4.9.41-v7+ up_2_hours,_56_minutes 0.61 29941 75% 927 14% normal normal normal 
2018-12-23__16:59:22 yuxiaowei GNU/Linux 4.13.0-45-generic up_1_day,_8_hours,_10_minutes 1.51 1.54 1.64 95426 12% 3805 38% normal normal normal 
2018-12-23__17:38:05 yuxiaowei GNU/Linux 4.13.0-45-generic up_1_day,_8_hours,_48_minutes 3.80 3.96 3.46 95426 12% 3805 43% normal normal normal 
2018-12-23__17:39:05 yuxiaowei GNU/Linux 4.13.0-45-generic up_1_day,_8_hours,_49_minutes 3.68 3.92 3.47 95426 12% 3805 43% normal normal normal 
2018-12-23__17:42:29 yuxiaowei GNU/Linux 4.9.41-v7+ up_3_hours,_1_minute 0.50 29941 75% 927 14% normal normal normal 
2018-12-23__17:43:29 yuxiaowei GNU/Linux 4.9.41-v7+ up_3_hours,_2_minutes 0.48 29941 75% 927 14% normal normal normal 
2018-12-23__17:44:29 yuxiaowei GNU/Linux 4.9.41-v7+ up_3_hours,_3_minutes 0.47 29941 75% 927 14% normal normal normal 
2018-12-23__17:45:29 yuxiaowei GNU/Linux 4.9.41-v7+ up_3_hours,_4_minutes 0.46 29941 75% 927 14% normal normal normal 
2018-12-23__17:46:29 yuxiaowei GNU/Linux 4.9.41-v7+ up_3_hours,_5_minutes 0.47 29941 75% 927 13% normal note normal 
2018-12-23__17:47:29 yuxiaowei GNU/Linux 4.9.41-v7+ up_3_hours,_6_minutes 0.45 29941 75% 927 13% normal normal normal 
2018-12-23__17:48:29 yuxiaowei GNU/Linux 4.9.41-v7+ up_3_hours,_7_minutes 0.47 29941 75% 927 14% normal note normal 
2018-12-23__17:49:29 yuxiaowei GNU/Linux 4.9.41-v7+ up_3_hours,_8_minutes 0.47 29941 75% 927 14% normal note normal 
2018-12-23__17:50:29 yuxiaowei GNU/Linux 4.9.41-v7+ up_3_hours,_9_minutes 0.48 29941 75% 927 14% normal note normal 
2018-12-23__17:51:30 yuxiaowei GNU/Linux 4.9.41-v7+ up_3_hours,_10_minutes 0.48 29941 75% 927 13% normal note normal 
2018-12-23__17:52:30 yuxiaowei GNU/Linux 4.9.41-v7+ up_3_hours,_11_minutes 0.45 29941 75% 927 14% normal normal normal 
2018-12-23__17:53:30 yuxiaowei GNU/Linux 4.9.41-v7+ up_3_hours,_12_minutes 0.44 29941 75% 927 14% normal normal normal 
2018-12-23__17:54:30 yuxiaowei GNU/Linux 4.9.41-v7+ up_3_hours,_13_minutes 0.41 29941 75% 927 14% normal note normal 
2018-12-23__17:55:30 yuxiaowei GNU/Linux 4.9.41-v7+ up_3_hours,_14_minutes 0.42 29941 75% 927 14% normal normal normal 
2018-12-23__17:56:33 yuxiaowei GNU/Linux 4.9.41-v7+ up_3_hours,_15_minutes 0.43 29941 75% 927 15% normal normal normal 
2018-12-23__17:57:33 yuxiaowei GNU/Linux 4.9.41-v7+ up_3_hours,_16_minutes 0.45 29941 75% 927 15% normal note normal 
2018-12-23__17:58:33 yuxiaowei GNU/Linux 4.9.41-v7+ up_3_hours,_17_minutes 0.44 29941 75% 927 15% normal normal normal 
2018-12-23__17:59:33 yuxiaowei GNU/Linux 4.9.41-v7+ up_3_hours,_18_minutes 0.45 29941 75% 927 15% normal note normal 
2018-12-23__18:00:34 yuxiaowei GNU/Linux 4.9.41-v7+ up_3_hours,_19_minutes 0.45 29941 75% 927 15% normal note normal 
2018-12-23__18:01:34 yuxiaowei GNU/Linux 4.9.41-v7+ up_3_hours,_20_minutes 0.51 29941 75% 927 15% normal note normal 
2018-12-23__18:02:34 yuxiaowei GNU/Linux 4.9.41-v7+ up_3_hours,_21_minutes 0.51 29941 75% 927 15% normal note normal 
2018-12-23__18:03:34 yuxiaowei GNU/Linux 4.9.41-v7+ up_3_hours,_22_minutes 0.51 29941 75% 927 15% normal normal normal 
2018-12-23__18:04:34 yuxiaowei GNU/Linux 4.9.41-v7+ up_3_hours,_23_minutes 0.51 29941 75% 927 16% normal normal normal 
2018-12-23__18:05:34 yuxiaowei GNU/Linux 4.9.41-v7+ up_3_hours,_24_minutes 0.53 29941 75% 927 16% normal normal normal 
2018-12-23__18:06:34 yuxiaowei GNU/Linux 4.9.41-v7+ up_3_hours,_25_minutes 0.51 29941 75% 927 16% normal normal normal 
2018-12-23__18:07:35 yuxiaowei GNU/Linux 4.9.41-v7+ up_3_hours,_26_minutes 0.53 29941 75% 927 16% normal normal normal 
2018-12-23__18:08:35 yuxiaowei GNU/Linux 4.9.41-v7+ up_3_hours,_27_minutes 0.51 29941 75% 927 16% normal normal normal 
2018-12-23__18:09:35 yuxiaowei GNU/Linux 4.9.41-v7+ up_3_hours,_28_minutes 0.54 29941 75% 927 16% normal note normal 
2018-12-23__18:10:35 yuxiaowei GNU/Linux 4.9.41-v7+ up_3_hours,_29_minutes 0.60 29941 75% 927 16% normal note normal 
2018-12-23__18:11:35 yuxiaowei GNU/Linux 4.9.41-v7+ up_3_hours,_30_minutes 0.58 29941 75% 927 16% normal normal normal 
2018-12-23__18:12:35 yuxiaowei GNU/Linux 4.9.41-v7+ up_3_hours,_31_minutes 0.59 29941 75% 927 16% normal normal normal 
2018-12-23__18:13:35 yuxiaowei GNU/Linux 4.9.41-v7+ up_3_hours,_32_minutes 0.59 29941 75% 927 16% normal normal normal 
2018-12-23__18:14:36 yuxiaowei GNU/Linux 4.9.41-v7+ up_3_hours,_33_minutes 0.58 29941 75% 927 16% normal note normal 
2018-12-23__18:15:36 yuxiaowei GNU/Linux 4.9.41-v7+ up_3_hours,_34_minutes 0.55 29941 75% 927 16% normal normal normal 
2018-12-23__18:16:36 yuxiaowei GNU/Linux 4.9.41-v7+ up_3_hours,_35_minutes 0.54 29941 75% 927 16% normal normal normal 
2018-12-23__18:17:36 yuxiaowei GNU/Linux 4.9.41-v7+ up_3_hours,_36_minutes 0.64 29941 75% 927 16% normal note normal 
2018-12-23__18:18:36 yuxiaowei GNU/Linux 4.9.41-v7+ up_3_hours,_37_minutes 0.62 29941 75% 927 15% normal normal normal 
2018-12-23__18:19:36 yuxiaowei GNU/Linux 4.9.41-v7+ up_3_hours,_38_minutes 0.60 29941 75% 927 16% normal normal normal 
2018-12-23__18:20:36 yuxiaowei GNU/Linux 4.9.41-v7+ up_3_hours,_39_minutes 0.59 29941 75% 927 16% normal normal normal 
2018-12-23__18:21:37 yuxiaowei GNU/Linux 4.9.41-v7+ up_3_hours,_40_minutes 0.57 29941 75% 927 15% normal normal normal 
2018-12-23__18:22:37 yuxiaowei GNU/Linux 4.9.41-v7+ up_3_hours,_41_minutes 0.57 29941 75% 927 14% normal normal normal 
2018-12-23__18:23:37 yuxiaowei GNU/Linux 4.9.41-v7+ up_3_hours,_42_minutes 0.55 29941 75% 927 14% normal normal normal 
2018-12-23__16:59:22 yuxiaowei GNU/Linux 4.13.0-45-generic up_1_day,_8_hours,_10_minutes 1.51 1.54 1.64 95426 12% 3805 38% normal normal normal 
2018-12-23__17:38:05 yuxiaowei GNU/Linux 4.13.0-45-generic up_1_day,_8_hours,_48_minutes 3.80 3.96 3.46 95426 12% 3805 43% normal normal normal 
2018-12-23__17:39:05 yuxiaowei GNU/Linux 4.13.0-45-generic up_1_day,_8_hours,_49_minutes 3.68 3.92 3.47 95426 12% 3805 43% normal normal normal 
2018-12-23__18:26:25 yuxiaowei GNU/Linux 4.9.41-v7+ up_3_hours,_45_minutes 0.53 29941 75% 927 14% normal normal normal 
2018-12-23__18:27:25 yuxiaowei GNU/Linux 4.9.41-v7+ up_3_hours,_46_minutes 0.52 29941 75% 927 14% normal normal normal 
2018-12-23__18:28:25 yuxiaowei GNU/Linux 4.9.41-v7+ up_3_hours,_47_minutes 0.51 29941 75% 927 14% normal note normal 
2018-12-23__18:29:25 yuxiaowei GNU/Linux 4.9.41-v7+ up_3_hours,_48_minutes 0.49 29941 75% 927 14% normal normal normal 
2018-12-23__18:30:25 yuxiaowei GNU/Linux 4.9.41-v7+ up_3_hours,_49_minutes 0.50 29941 75% 927 14% normal normal normal 
2018-12-23__18:31:27 yuxiaowei GNU/Linux 4.9.41-v7+ up_3_hours,_50_minutes 0.50 29941 75% 927 14% normal normal normal 
2018-12-23__18:32:27 yuxiaowei GNU/Linux 4.9.41-v7+ up_3_hours,_51_minutes 0.50 29941 75% 927 14% normal normal normal 
2018-12-23__18:33:27 yuxiaowei GNU/Linux 4.9.41-v7+ up_3_hours,_52_minutes 0.48 29941 75% 927 14% normal normal normal 
2018-12-23__18:34:27 yuxiaowei GNU/Linux 4.9.41-v7+ up_3_hours,_53_minutes 0.47 29941 75% 927 14% normal normal normal 
2018-12-23__18:35:27 yuxiaowei GNU/Linux 4.9.41-v7+ up_3_hours,_54_minutes 0.45 29941 75% 927 14% normal normal normal 
2018-12-23__18:36:27 yuxiaowei GNU/Linux 4.9.41-v7+ up_3_hours,_55_minutes 0.45 29941 75% 927 14% normal normal normal 
2018-12-23__18:37:27 yuxiaowei GNU/Linux 4.9.41-v7+ up_3_hours,_56_minutes 0.47 29941 75% 927 14% normal note normal 
2018-12-23__18:38:27 yuxiaowei GNU/Linux 4.9.41-v7+ up_3_hours,_57_minutes 0.46 29941 75% 927 14% normal normal normal 
2018-12-23__18:39:28 yuxiaowei GNU/Linux 4.9.41-v7+ up_3_hours,_58_minutes 0.44 29941 75% 927 14% normal normal normal 
2018-12-23__18:40:28 yuxiaowei GNU/Linux 4.9.41-v7+ up_3_hours,_59_minutes 0.44 29941 75% 927 14% normal normal normal 
2018-12-23__18:41:28 yuxiaowei GNU/Linux 4.9.41-v7+ up_4_hours 0.43 29941 75% 927 14% normal note normal 
2018-12-23__18:42:28 yuxiaowei GNU/Linux 4.9.41-v7+ up_4_hours,_1_minute 0.40 29941 75% 927 15% normal normal normal 
2018-12-23__18:43:28 yuxiaowei GNU/Linux 4.9.41-v7+ up_4_hours,_2_minutes 0.45 29941 75% 927 14% normal note normal 
2018-12-23__18:44:28 yuxiaowei GNU/Linux 4.9.41-v7+ up_4_hours,_3_minutes 0.45 29941 75% 927 15% normal normal normal 
2018-12-23__18:45:28 yuxiaowei GNU/Linux 4.9.41-v7+ up_4_hours,_4_minutes 0.45 29941 75% 927 15% normal note normal 
2018-12-23__18:46:28 yuxiaowei GNU/Linux 4.9.41-v7+ up_4_hours,_5_minutes 0.45 29941 75% 927 15% normal note normal 
2018-12-23__18:47:28 yuxiaowei GNU/Linux 4.9.41-v7+ up_4_hours,_6_minutes 0.47 29941 75% 927 16% normal note normal 
2018-12-23__18:48:29 yuxiaowei GNU/Linux 4.9.41-v7+ up_4_hours,_7_minutes 0.47 29941 75% 927 16% normal normal normal 
2018-12-23__18:49:39 yuxiaowei GNU/Linux 4.9.41-v7+ up_4_hours,_8_minutes 0.47 29941 75% 927 16% normal note normal 
2018-12-23__18:50:39 yuxiaowei GNU/Linux 4.9.41-v7+ up_4_hours,_9_minutes 0.48 29941 75% 927 16% normal note normal 
2018-12-23__18:51:40 yuxiaowei GNU/Linux 4.9.41-v7+ up_4_hours,_10_minutes 0.52 29941 75% 927 15% normal normal normal 
2018-12-23__18:52:40 yuxiaowei GNU/Linux 4.9.41-v7+ up_4_hours,_11_minutes 0.53 29941 75% 927 16% normal note normal 
2018-12-23__18:53:40 yuxiaowei GNU/Linux 4.9.41-v7+ up_4_hours,_12_minutes 0.53 29941 75% 927 16% normal normal normal 
2018-12-23__18:54:40 yuxiaowei GNU/Linux 4.9.41-v7+ up_4_hours,_13_minutes 0.56 29941 75% 927 16% normal note normal 
2018-12-23__18:55:40 yuxiaowei GNU/Linux 4.9.41-v7+ up_4_hours,_14_minutes 0.55 29941 75% 927 16% normal normal normal 
2018-12-23__18:56:44 yuxiaowei GNU/Linux 4.9.41-v7+ up_4_hours,_15_minutes 0.57 29941 75% 927 16% normal normal normal 
2018-12-23__18:57:44 yuxiaowei GNU/Linux 4.9.41-v7+ up_4_hours,_16_minutes 0.55 29941 75% 927 15% normal note normal 
2018-12-23__18:58:44 yuxiaowei GNU/Linux 4.9.41-v7+ up_4_hours,_17_minutes 0.53 29941 75% 927 15% normal normal normal 
2018-12-23__18:59:45 yuxiaowei GNU/Linux 4.9.41-v7+ up_4_hours,_18_minutes 0.54 29941 75% 927 15% normal normal normal 
2018-12-23__19:00:45 yuxiaowei GNU/Linux 4.9.41-v7+ up_4_hours,_19_minutes 0.53 29941 75% 927 15% normal normal normal 
2018-12-23__19:01:45 yuxiaowei GNU/Linux 4.9.41-v7+ up_4_hours,_20_minutes 0.51 29941 75% 927 15% normal normal normal 
2018-12-23__19:02:45 yuxiaowei GNU/Linux 4.9.41-v7+ up_4_hours,_21_minutes 0.48 29941 75% 927 15% normal normal normal 
2018-12-23__19:03:45 yuxiaowei GNU/Linux 4.9.41-v7+ up_4_hours,_22_minutes 0.48 29941 75% 927 15% normal normal normal 
2018-12-23__19:04:45 yuxiaowei GNU/Linux 4.9.41-v7+ up_4_hours,_23_minutes 0.49 29941 75% 927 15% normal normal normal 
2018-12-23__19:05:45 yuxiaowei GNU/Linux 4.9.41-v7+ up_4_hours,_24_minutes 0.50 29941 75% 927 15% normal normal normal 
2018-12-23__19:06:45 yuxiaowei GNU/Linux 4.9.41-v7+ up_4_hours,_25_minutes 0.48 29941 75% 927 14% normal normal normal 
2018-12-23__19:07:45 yuxiaowei GNU/Linux 4.9.41-v7+ up_4_hours,_26_minutes 0.47 29941 75% 927 15% normal note normal 
2018-12-23__19:08:46 yuxiaowei GNU/Linux 4.9.41-v7+ up_4_hours,_27_minutes 0.48 29941 75% 927 16% normal normal normal 
2018-12-23__19:09:46 yuxiaowei GNU/Linux 4.9.41-v7+ up_4_hours,_28_minutes 0.45 29941 75% 927 15% normal normal normal 
2018-12-23__19:10:46 yuxiaowei GNU/Linux 4.9.41-v7+ up_4_hours,_29_minutes 0.46 29941 75% 927 16% normal note normal 
2018-12-23__19:11:46 yuxiaowei GNU/Linux 4.9.41-v7+ up_4_hours,_30_minutes 0.49 29941 75% 927 15% normal normal normal 
2018-12-23__19:12:46 yuxiaowei GNU/Linux 4.9.41-v7+ up_4_hours,_31_minutes 0.49 29941 75% 927 15% normal normal normal 
2018-12-23__19:13:46 yuxiaowei GNU/Linux 4.9.41-v7+ up_4_hours,_32_minutes 0.49 29941 75% 927 16% normal note normal 
2018-12-23__19:14:46 yuxiaowei GNU/Linux 4.9.41-v7+ up_4_hours,_33_minutes 0.46 29941 75% 927 16% normal normal normal 
2018-12-23__19:15:46 yuxiaowei GNU/Linux 4.9.41-v7+ up_4_hours,_34_minutes 0.44 29941 75% 927 16% normal normal normal 
2018-12-23__19:16:47 yuxiaowei GNU/Linux 4.9.41-v7+ up_4_hours,_35_minutes 0.43 29941 75% 927 15% normal normal normal 
2018-12-23__19:17:47 yuxiaowei GNU/Linux 4.9.41-v7+ up_4_hours,_36_minutes 0.42 29941 75% 927 15% normal normal normal 
2018-12-23__19:18:47 yuxiaowei GNU/Linux 4.9.41-v7+ up_4_hours,_37_minutes 0.40 29941 75% 927 16% normal note normal 
2018-12-23__19:19:47 yuxiaowei GNU/Linux 4.9.41-v7+ up_4_hours,_38_minutes 0.44 29941 75% 927 17% normal normal normal 
2018-12-23__19:20:47 yuxiaowei GNU/Linux 4.9.41-v7+ up_4_hours,_39_minutes 0.42 29941 75% 927 16% normal normal normal 
2018-12-23__19:21:47 yuxiaowei GNU/Linux 4.9.41-v7+ up_4_hours,_40_minutes 0.42 29941 75% 927 16% normal normal normal 
2018-12-23__19:22:47 yuxiaowei GNU/Linux 4.9.41-v7+ up_4_hours,_41_minutes 0.43 29941 75% 927 16% normal normal normal 
2018-12-23__19:23:47 yuxiaowei GNU/Linux 4.9.41-v7+ up_4_hours,_42_minutes 0.44 29941 75% 927 16% normal normal normal 
2018-12-23__19:24:47 yuxiaowei GNU/Linux 4.9.41-v7+ up_4_hours,_43_minutes 0.51 29941 75% 927 16% normal normal normal 
2018-12-23__19:25:48 yuxiaowei GNU/Linux 4.9.41-v7+ up_4_hours,_44_minutes 0.61 29941 75% 927 16% normal normal normal 
2018-12-23__19:26:49 yuxiaowei GNU/Linux 4.9.41-v7+ up_4_hours,_45_minutes 0.62 29941 75% 927 16% normal normal normal 
2018-12-23__19:27:50 yuxiaowei GNU/Linux 4.9.41-v7+ up_4_hours,_46_minutes 0.61 29941 75% 927 16% normal normal normal 
2018-12-23__19:28:50 yuxiaowei GNU/Linux 4.9.41-v7+ up_4_hours,_47_minutes 0.60 29941 75% 927 16% normal normal normal 
2018-12-23__19:29:50 yuxiaowei GNU/Linux 4.9.41-v7+ up_4_hours,_48_minutes 0.61 29941 75% 927 16% normal normal normal 
2018-12-23__19:30:50 yuxiaowei GNU/Linux 4.9.41-v7+ up_4_hours,_49_minutes 0.61 29941 75% 927 15% normal note normal 
2018-12-23__19:31:50 yuxiaowei GNU/Linux 4.9.41-v7+ up_4_hours,_50_minutes 0.60 29941 75% 927 15% normal normal normal 
2018-12-23__19:32:50 yuxiaowei GNU/Linux 4.9.41-v7+ up_4_hours,_51_minutes 0.58 29941 75% 927 16% normal normal normal 
2018-12-23__19:33:50 yuxiaowei GNU/Linux 4.9.41-v7+ up_4_hours,_52_minutes 0.61 29941 75% 927 16% normal normal normal 
2018-12-23__19:34:50 yuxiaowei GNU/Linux 4.9.41-v7+ up_4_hours,_53_minutes 0.65 29941 75% 927 16% normal normal normal 
2018-12-23__19:35:51 yuxiaowei GNU/Linux 4.9.41-v7+ up_4_hours,_54_minutes 0.68 29941 75% 927 15% normal normal normal 
2018-12-23__19:36:51 yuxiaowei GNU/Linux 4.9.41-v7+ up_4_hours,_55_minutes 0.67 29941 75% 927 16% normal normal normal 
2018-12-23__19:37:51 yuxiaowei GNU/Linux 4.9.41-v7+ up_4_hours,_56_minutes 0.64 29941 75% 927 16% normal normal normal 
2018-12-23__19:38:51 yuxiaowei GNU/Linux 4.9.41-v7+ up_4_hours,_57_minutes 0.63 29941 75% 927 16% normal normal normal 
2018-12-23__19:39:51 yuxiaowei GNU/Linux 4.9.41-v7+ up_4_hours,_58_minutes 0.60 29941 75% 927 16% normal normal normal 
2018-12-23__19:40:51 yuxiaowei GNU/Linux 4.9.41-v7+ up_4_hours,_59_minutes 0.58 29941 75% 927 15% normal normal normal 
2018-12-23__19:41:51 yuxiaowei GNU/Linux 4.9.41-v7+ up_5_hours 0.57 29941 75% 927 15% normal normal normal 
2018-12-23__19:42:52 yuxiaowei GNU/Linux 4.9.41-v7+ up_5_hours,_1_minute 0.58 29941 75% 927 15% normal normal normal 
2018-12-23__19:43:52 yuxiaowei GNU/Linux 4.9.41-v7+ up_5_hours,_2_minutes 0.56 29941 75% 927 16% normal normal normal 
2018-12-23__19:44:52 yuxiaowei GNU/Linux 4.9.41-v7+ up_5_hours,_3_minutes 0.53 29941 75% 927 16% normal normal normal 
2018-12-23__19:45:52 yuxiaowei GNU/Linux 4.9.41-v7+ up_5_hours,_4_minutes 0.53 29941 75% 927 16% normal normal normal 
2018-12-23__19:46:52 yuxiaowei GNU/Linux 4.9.41-v7+ up_5_hours,_5_minutes 0.53 29941 75% 927 16% normal note normal 
2018-12-23__19:47:52 yuxiaowei GNU/Linux 4.9.41-v7+ up_5_hours,_6_minutes 0.53 29941 75% 927 16% normal normal normal 
2018-12-23__19:48:52 yuxiaowei GNU/Linux 4.9.41-v7+ up_5_hours,_7_minutes 0.50 29941 75% 927 17% normal normal normal 
2018-12-23__19:49:52 yuxiaowei GNU/Linux 4.9.41-v7+ up_5_hours,_8_minutes 0.48 29941 75% 927 17% normal note normal 
2018-12-23__19:50:53 yuxiaowei GNU/Linux 4.9.41-v7+ up_5_hours,_9_minutes 0.48 29941 75% 927 17% normal normal normal 
2018-12-23__19:51:53 yuxiaowei GNU/Linux 4.9.41-v7+ up_5_hours,_10_minutes 0.46 29941 75% 927 17% normal normal normal 
2018-12-23__19:52:53 yuxiaowei GNU/Linux 4.9.41-v7+ up_5_hours,_11_minutes 0.47 29941 75% 927 16% normal normal normal 
2018-12-23__19:53:53 yuxiaowei GNU/Linux 4.9.41-v7+ up_5_hours,_12_minutes 0.52 29941 75% 927 15% normal normal normal 
2018-12-23__19:54:54 yuxiaowei GNU/Linux 4.9.41-v7+ up_5_hours,_13_minutes 0.53 29941 75% 927 16% normal normal normal 
2018-12-23__19:55:55 yuxiaowei GNU/Linux 4.9.41-v7+ up_5_hours,_14_minutes 0.54 29941 75% 927 15% normal normal normal 
2018-12-23__19:56:55 yuxiaowei GNU/Linux 4.9.41-v7+ up_5_hours,_15_minutes 0.51 29941 75% 927 16% normal normal normal 
2018-12-23__19:57:55 yuxiaowei GNU/Linux 4.9.41-v7+ up_5_hours,_16_minutes 0.49 29941 75% 927 16% normal note normal 
2018-12-23__19:58:55 yuxiaowei GNU/Linux 4.9.41-v7+ up_5_hours,_17_minutes 0.49 29941 75% 927 15% normal normal normal 
2018-12-23__19:59:55 yuxiaowei GNU/Linux 4.9.41-v7+ up_5_hours,_18_minutes 0.47 29941 75% 927 15% normal note normal 
2018-12-23__20:00:55 yuxiaowei GNU/Linux 4.9.41-v7+ up_5_hours,_19_minutes 0.54 29941 75% 927 15% normal note normal 
2018-12-23__20:01:55 yuxiaowei GNU/Linux 4.9.41-v7+ up_5_hours,_20_minutes 0.57 29941 75% 927 15% normal normal normal 
2018-12-23__20:02:55 yuxiaowei GNU/Linux 4.9.41-v7+ up_5_hours,_21_minutes 0.57 29941 75% 927 15% normal normal normal 
2018-12-23__20:03:55 yuxiaowei GNU/Linux 4.9.41-v7+ up_5_hours,_22_minutes 0.56 29941 75% 927 15% normal normal normal 
2018-12-23__20:04:56 yuxiaowei GNU/Linux 4.9.41-v7+ up_5_hours,_23_minutes 0.54 29941 75% 927 15% normal note normal 
2018-12-23__20:05:56 yuxiaowei GNU/Linux 4.9.41-v7+ up_5_hours,_24_minutes 0.54 29941 75% 927 15% normal normal normal 
2018-12-23__20:06:56 yuxiaowei GNU/Linux 4.9.41-v7+ up_5_hours,_25_minutes 0.56 29941 75% 927 15% normal normal normal 
2018-12-23__20:07:56 yuxiaowei GNU/Linux 4.9.41-v7+ up_5_hours,_26_minutes 0.53 29941 75% 927 15% normal normal normal 
