2018-12-22__15:52:01 0.90 14.00 31.00°C normal
2018-12-22__15:56:47 0.20 0.15 0.16 100.00 48.00°C warning
2018-12-22__15:56:59 3.07 0.84 0.38 96.00 49.00°C warning
2018-12-22__15:57:05 3.31 0.92 0.41 98.00 51.00°C warning
2018-12-22__15:57:11 3.04 0.91 0.41 98.00 50.00°C warning
2018-12-22__15:57:16 2.88 0.91 0.41 98.00 50.00°C warning
2018-12-22__15:57:22 2.65 0.89 0.41 90.00 49.00°C warning
2018-12-22__15:57:28 2.53 0.93 0.43 99.00 50.00°C warning
2018-12-22__15:57:34 2.33 0.91 0.43 99.00 50.00°C warning
2018-12-22__15:57:40 2.14 0.90 0.42 87.00 49.00°C warning
2018-12-22__15:57:45 1.97 0.88 0.42 80.00 49.00°C warning
2018-12-22__15:58:20 1.61 0.94 0.46 70.00 49.00°C warning
2018-12-22__16:03:24 0.39 0.63 0.45 100.00 48.00°C warning
2018-12-22__16:03:30 1.24 0.80 0.51 66.00 49.00°C note
2018-12-22__16:03:36 1.14 0.79 0.51 91.00 49.00°C warning
2018-12-22__16:03:42 1.13 0.79 0.51 95.00 50.00°C warning
2018-12-22__16:03:47 1.12 0.80 0.51 98.00 48.00°C warning
2018-12-22__16:03:53 1.39 0.87 0.54 48.00 48.00°C normal
2018-12-22__16:03:59 1.35 0.87 0.54 56.00 49.00°C note
2018-12-22__16:04:05 1.25 0.86 0.54 94.00 49.00°C warning
2018-12-22__16:04:11 1.23 0.86 0.54 98.00 51.00°C warning
2018-12-22__16:04:16 1.13 0.84 0.54 83.00 51.00°C warning
2018-12-22__16:04:22 1.04 0.83 0.54 72.00 51.00°C warning
2018-12-22__16:04:28 0.95 0.82 0.53 60.00 53.00°C note
2018-12-22__16:04:34 1.76 0.99 0.59 52.00 51.00°C note
2018-12-22__16:04:39 1.61 0.97 0.59 49.00 52.00°C normal
2018-12-22__16:04:45 1.65 0.99 0.60 50.00 50.00°C note
2018-12-22__16:04:51 1.51 0.97 0.59 70.00 49.00°C warning
2018-12-22__16:04:56 1.39 0.95 0.59 79.00 49.00°C warning
2018-12-22__19:10:33 0.52 18.00 31.00°C normal
2018-12-22__19:10:42 0.52 8.00 31.00°C normal
2018-12-22__19:10:48 0.53 6.00 31.00°C normal
2018-12-22__19:10:53 0.52 10.00 31.00°C normal
2018-12-22__19:10:59 0.54 8.00 31.00°C normal
2018-12-22__19:11:04 0.54 12.00 31.00°C normal
2018-12-22__19:14:53 0.59 0.46 0.47 100.00 48.00°C warning
2018-12-22__19:14:59 0.54 0.45 0.47 99.00 47.00°C warning
2018-12-22__19:15:11 0.46 0.44 0.46 99.00 45.00°C warning
2018-12-22__19:15:22 0.97 0.56 0.50 84.00 45.00°C warning
2018-12-22__19:15:33 0.82 0.54 0.50 80.00 45.00°C warning
2018-12-22__19:15:44 0.69 0.52 0.49 91.00 45.00°C warning
2018-12-22__19:15:50 0.96 0.58 0.51 69.00 45.00°C note
2018-12-22__19:16:02 0.95 0.60 0.52 55.00 47.00°C note
2018-12-22__19:16:07 0.88 0.59 0.52 95.00 47.00°C warning
2018-12-22__19:16:15 0.81 0.58 0.51 50.00 49.00°C note
2018-12-22__19:16:21 0.74 0.57 0.51 74.00 49.00°C warning
2018-12-22__19:16:26 0.85 0.60 0.52 63.00 49.00°C note
2018-12-22__19:16:32 1.34 0.71 0.56 60.00 50.00°C note
2018-12-22__19:16:38 1.47 0.75 0.57 48.00 49.00°C normal
2018-12-22__19:16:43 1.36 0.73 0.57 50.00 48.00°C note
2018-12-22__19:16:50 1.49 0.77 0.58 66.00 47.00°C note
2018-12-22__19:16:56 1.37 0.76 0.58 66.00 49.00°C note
2018-12-22__19:17:07 1.92 0.92 0.63 91.00 47.00°C warning
2018-12-22__19:17:18 1.63 0.89 0.62 68.00 47.00°C note
2018-12-22__19:17:24 1.50 0.87 0.62 86.00 47.00°C warning
2018-12-22__19:17:35 1.27 0.84 0.61 99.00 47.00°C warning
2018-12-22__19:17:47 1.75 0.98 0.66 98.00 46.00°C warning
2018-12-22__19:17:58 2.19 1.10 0.71 99.00 46.00°C warning
2018-12-22__19:18:05 2.01 1.08 0.70 97.00 48.00°C warning
2018-12-22__19:18:11 1.85 1.06 0.70 95.00 49.00°C warning
2018-12-22__19:18:16 2.77 1.27 0.77 94.00 49.00°C warning
2018-12-22__19:18:22 2.55 1.25 0.77 96.00 49.00°C warning
2018-12-22__19:18:28 2.34 1.23 0.76 90.00 48.00°C warning
2018-12-22__19:18:34 2.23 1.23 0.76 96.00 49.00°C warning
2018-12-22__19:18:43 2.13 1.24 0.77 70.00 47.00°C warning
2018-12-22__19:18:49 1.96 1.22 0.77 63.00 48.00°C note
2018-12-22__19:18:55 1.80 1.20 0.76 73.00 47.00°C warning
2018-12-22__19:19:06 2.41 1.35 0.82 65.00 48.00°C note
2018-12-22__19:19:11 2.22 1.33 0.81 59.00 48.00°C note
2018-12-22__19:19:17 2.61 1.45 0.86 44.00 48.00°C normal
2018-12-22__19:19:23 2.40 1.42 0.85 53.00 47.00°C note
2018-12-22__19:19:29 2.21 1.40 0.85 51.00 47.00°C note
2018-12-22__19:19:35 2.03 1.38 0.84 58.00 48.00°C note
2018-12-22__19:19:40 1.87 1.35 0.84 51.00 48.00°C note
2018-12-22__19:19:46 3.16 1.63 0.93 62.00 49.00°C note
2018-12-22__19:19:51 2.91 1.60 0.93 45.00 48.00°C normal
2018-12-22__19:19:57 2.76 1.62 0.94 52.00 48.00°C note
2018-12-22__19:20:03 3.10 1.71 0.97 89.00 51.00°C warning
2018-12-22__19:20:09 2.85 1.68 0.96 51.00 49.00°C note
2018-12-22__19:20:14 2.62 1.65 0.96 55.00 49.00°C note
2018-12-22__19:20:24 2.38 1.63 0.96 55.00 48.00°C note
2018-12-22__19:20:29 2.27 1.62 0.96 59.00 49.00°C note
2018-12-22__19:20:35 2.09 1.59 0.95 48.00 50.00°C normal
2018-12-22__19:20:41 1.92 1.56 0.95 53.00 49.00°C note
2018-12-22__19:20:46 1.77 1.54 0.94 54.00 49.00°C note
2018-12-22__19:20:52 1.86 1.57 0.96 52.00 50.00°C note
2018-12-22__19:20:58 1.71 1.54 0.96 52.00 51.00°C note
2018-12-22__19:21:03 1.74 1.55 0.96 87.00 51.00°C warning
2018-12-22__19:21:09 1.60 1.52 0.96 50.00 49.00°C note
2018-12-22__19:21:15 1.47 1.50 0.95 59.00 50.00°C note
2018-12-22__19:21:21 1.35 1.47 0.95 59.00 49.00°C note
2018-12-22__19:21:26 1.24 1.45 0.94 61.00 49.00°C note
2018-12-22__19:21:32 1.27 1.45 0.95 70.00 49.00°C warning
2018-12-22__19:21:43 1.72 1.53 0.98 76.00 49.00°C warning
2018-12-22__19:21:49 1.74 1.54 0.98 67.00 49.00°C note
2018-12-22__19:22:00 1.47 1.49 0.97 67.00 49.00°C note
2018-12-22__19:22:11 1.25 1.44 0.96 66.00 50.00°C note
2018-12-22__19:22:16 1.23 1.43 0.96 64.00 49.00°C note
2018-12-22__19:22:22 1.18 1.42 0.96 83.00 49.00°C warning
2018-12-22__19:22:33 1.47 1.47 0.99 83.00 49.00°C warning
2018-12-22__19:22:44 1.24 1.42 0.98 68.00 49.00°C note
2018-12-22__19:22:50 1.14 1.40 0.97 65.00 47.00°C note
2018-12-22__19:23:01 0.97 1.35 0.96 52.00 48.00°C note
2018-12-22__19:23:07 0.89 1.33 0.95 98.00 49.00°C warning
2018-12-22__19:23:18 2.81 1.76 1.10 98.00 50.00°C warning
2018-12-22__19:23:24 2.58 1.73 1.10 97.00 50.00°C warning
2018-12-22__19:23:30 2.61 1.75 1.11 95.00 51.00°C warning
2018-12-22__19:23:36 2.41 1.72 1.10 84.00 51.00°C warning
2018-12-22__19:23:41 2.21 1.70 1.09 90.00 50.00°C warning
2018-12-22__19:23:47 2.04 1.67 1.09 90.00 51.00°C warning
2018-12-22__19:23:53 3.05 1.91 1.17 99.00 48.00°C warning
2018-12-22__19:24:04 2.82 1.89 1.18 98.00 48.00°C warning
2018-12-22__19:24:15 2.39 1.83 1.16 100.00 48.00°C warning
2018-12-22__19:24:26 2.02 1.77 1.15 96.00 49.00°C warning
2018-12-22__19:24:32 1.86 1.74 1.14 96.00 51.00°C warning
2018-12-22__19:24:38 2.75 1.94 1.22 54.00 49.00°C note
2018-12-22__19:24:43 2.93 2.00 1.24 53.00 49.00°C note
2018-12-22__19:24:49 3.02 2.03 1.25 51.00 49.00°C note
2018-12-22__19:24:55 2.77 2.00 1.25 63.00 49.00°C note
2018-12-22__19:25:01 2.79 2.01 1.26 53.00 49.00°C note
2018-12-22__19:25:06 2.89 2.05 1.27 58.00 49.00°C note
2018-12-22__19:25:12 2.66 2.01 1.27 56.00 48.00°C note
2018-12-22__19:25:18 2.48 1.99 1.27 61.00 49.00°C note
2018-12-22__19:25:23 2.28 1.96 1.26 67.00 48.00°C note
2018-12-22__19:25:32 2.10 1.93 1.25 87.00 47.00°C warning
2018-12-22__19:25:43 2.32 1.99 1.29 99.00 47.00°C warning
2018-12-22__19:25:54 2.28 2.00 1.29 99.00 46.00°C warning
2018-12-22__19:26:06 1.93 1.93 1.28 98.00 47.00°C warning
2018-12-22__19:26:17 1.63 1.87 1.27 99.00 49.00°C warning
2018-12-22__19:26:23 1.75 1.89 1.28 96.00 49.00°C warning
2018-12-22__19:26:29 1.77 1.89 1.28 95.00 49.00°C warning
2018-12-22__19:26:34 1.63 1.86 1.28 97.00 51.00°C warning
2018-12-22__19:26:40 2.30 1.99 1.32 54.00 48.00°C note
2018-12-22__19:26:46 2.12 1.96 1.31 48.00 49.00°C normal
2018-12-22__19:26:52 1.95 1.93 1.31 59.00 49.00°C note
2018-12-22__19:26:57 1.79 1.89 1.30 55.00 49.00°C note
2018-12-22__19:27:03 1.66 1.86 1.30 46.00 49.00°C normal
2018-12-22__19:27:09 1.77 1.88 1.31 52.00 49.00°C note
2018-12-22__19:27:14 1.63 1.85 1.30 53.00 49.00°C note
2018-12-22__19:27:20 2.86 2.10 1.38 49.00 49.00°C normal
2018-12-22__19:27:26 3.35 2.22 1.42 79.00 48.00°C warning
2018-12-22__19:27:35 2.84 2.14 1.41 56.00 48.00°C note
2018-12-22__19:27:41 2.61 2.11 1.40 51.00 50.00°C note
2018-12-22__19:27:51 2.21 2.04 1.39 99.00 50.00°C warning
2018-12-22__19:27:57 2.03 2.00 1.38 90.00 50.00°C warning
2018-12-22__19:28:03 2.19 2.04 1.39 93.00 50.00°C warning
2018-12-22__19:28:08 2.15 2.04 1.40 92.00 50.00°C warning
2018-12-22__19:28:14 1.97 2.00 1.39 91.00 51.00°C warning
2018-12-22__19:28:20 1.82 1.97 1.38 93.00 50.00°C warning
2018-12-22__19:28:25 1.67 1.93 1.37 82.00 52.00°C warning
2018-12-22__19:28:31 1.54 1.90 1.37 77.00 52.00°C warning
2018-12-22__19:28:37 1.57 1.90 1.37 92.00 51.00°C warning
2018-12-22__19:28:43 1.45 1.87 1.36 53.00 48.00°C note
2018-12-22__19:28:48 1.96 1.97 1.40 53.00 49.00°C note
2018-12-22__19:28:54 2.12 2.01 1.42 65.00 49.00°C note
2018-12-22__19:29:00 1.95 1.97 1.41 67.00 49.00°C note
2018-12-22__19:29:05 1.80 1.94 1.40 72.00 48.00°C warning
2018-12-22__19:29:16 1.74 1.93 1.40 72.00 48.00°C warning
2018-12-22__19:29:22 1.68 1.91 1.40 69.00 48.00°C note
2018-12-22__19:29:28 1.79 1.93 1.41 45.00 49.00°C normal
2018-12-22__19:29:34 1.65 1.90 1.40 88.00 49.00°C warning
2018-12-22__19:29:45 1.69 1.90 1.41 70.00 50.00°C warning
2018-12-22__19:29:51 1.55 1.87 1.40 90.00 49.00°C warning
2018-12-22__19:29:57 1.43 1.84 1.39 90.00 49.00°C warning
2018-12-22__19:30:02 1.48 1.84 1.40 80.00 49.00°C warning
2018-12-22__19:30:08 1.69 1.88 1.41 85.00 49.00°C warning
2018-12-22__19:30:14 1.56 1.85 1.41 88.00 49.00°C warning
2018-12-22__19:30:20 1.43 1.82 1.40 87.00 50.00°C warning
2018-12-22__19:30:25 1.32 1.79 1.39 99.00 51.00°C warning
2018-12-22__19:30:31 1.21 1.76 1.38 100.00 52.00°C warning
2018-12-22__19:30:37 1.19 1.74 1.38 99.00 52.00°C warning
2018-12-22__19:30:44 1.53 1.80 1.40 50.00 52.00°C note
2018-12-22__19:30:49 1.56 1.80 1.41 56.00 51.00°C note
2018-12-22__19:30:55 1.60 1.81 1.41 48.00 52.00°C normal
2018-12-22__19:31:01 1.47 1.78 1.40 54.00 52.00°C note
2018-12-22__19:31:07 1.35 1.75 1.39 54.00 49.00°C note
2018-12-22__19:31:12 1.24 1.72 1.39 72.00 49.00°C warning
2018-12-22__19:31:18 1.35 1.73 1.39 79.00 48.00°C warning
2018-12-22__19:31:29 1.29 1.70 1.39 87.00 48.00°C warning
2018-12-22__19:36:50 0.86 0.95 1.13 100.00 45.00°C warning
2018-12-22__19:36:58 0.79 0.94 1.12 96.00 48.00°C warning
2018-12-22__19:37:05 1.19 1.02 1.15 50.00 49.00°C note
2018-12-22__19:37:11 1.09 1.00 1.14 50.00 50.00°C note
2018-12-22__19:37:16 1.00 0.99 1.14 54.00 50.00°C note
2018-12-22__19:37:22 0.92 0.97 1.13 86.00 50.00°C warning
2018-12-22__19:37:28 0.85 0.95 1.12 61.00 49.00°C note
2018-12-22__19:37:34 0.86 0.95 1.12 64.00 48.00°C note
2018-12-22__19:37:41 1.10 1.00 1.14 60.00 49.00°C note
2018-12-22__19:37:46 1.01 0.99 1.13 80.00 47.00°C warning
2018-12-22__19:37:52 0.93 0.97 1.12 68.00 47.00°C note
2018-12-22__19:37:59 1.73 1.14 1.18 98.00 51.00°C warning
2018-12-22__19:38:04 2.35 1.30 1.23 62.00 47.00°C note
2018-12-22__19:38:10 2.16 1.27 1.22 68.00 47.00°C note
2018-12-22__19:38:16 1.99 1.25 1.22 50.00 48.00°C note
2018-12-22__19:38:22 1.83 1.23 1.21 50.00 48.00°C note
2018-12-22__19:38:27 1.92 1.26 1.22 52.00 48.00°C note
2018-12-22__19:38:33 1.77 1.24 1.21 68.00 48.00°C note
2018-12-22__19:38:39 1.63 1.22 1.21 51.00 49.00°C note
2018-12-22__19:38:44 2.49 1.41 1.27 49.00 49.00°C normal
2018-12-22__19:38:54 2.18 1.38 1.26 99.00 48.00°C warning
2018-12-22__19:39:05 2.00 1.37 1.26 64.00 48.00°C note
2018-12-22__19:39:16 1.92 1.37 1.26 49.00 47.00°C normal
2018-12-22__19:39:22 2.00 1.40 1.27 62.00 48.00°C note
2018-12-22__19:39:27 2.08 1.43 1.28 72.00 48.00°C warning
2018-12-22__19:39:33 1.92 1.40 1.27 55.00 49.00°C note
2018-12-22__19:39:39 1.76 1.38 1.27 51.00 48.00°C note
2018-12-22__19:39:44 1.71 1.38 1.27 49.00 48.00°C normal
2018-12-22__19:39:50 1.57 1.36 1.26 51.00 48.00°C note
2018-12-22__19:39:56 1.45 1.34 1.25 78.00 49.00°C warning
2018-12-22__19:40:02 1.33 1.31 1.25 58.00 50.00°C note
2018-12-22__19:40:11 1.64 1.39 1.27 62.00 48.00°C note
2018-12-22__19:40:17 1.51 1.36 1.26 66.00 47.00°C note
2018-12-22__19:40:28 1.28 1.32 1.25 63.00 48.00°C note
2018-12-22__19:40:34 1.18 1.30 1.24 55.00 49.00°C note
2018-12-22__19:40:39 1.29 1.32 1.25 52.00 50.00°C note
2018-12-22__19:40:47 1.27 1.31 1.25 47.00 48.00°C normal
2018-12-22__19:40:52 2.45 1.56 1.33 58.00 48.00°C note
2018-12-22__19:40:58 2.25 1.53 1.32 60.00 49.00°C note
2018-12-22__19:41:04 2.07 1.50 1.32 74.00 49.00°C warning
2018-12-22__19:41:14 1.81 1.48 1.31 53.00 48.00°C note
2018-12-22__19:41:20 1.75 1.47 1.31 49.00 48.00°C normal
2018-12-22__19:41:27 1.93 1.51 1.32 49.00 49.00°C normal
2018-12-22__19:41:33 1.77 1.49 1.32 46.00 49.00°C normal
2018-12-22__19:41:38 1.63 1.46 1.31 78.00 48.00°C warning
2018-12-22__19:41:49 1.93 1.54 1.34 64.00 47.00°C note
2018-12-22__19:42:00 1.79 1.52 1.33 79.00 47.00°C warning
2018-12-22__19:42:11 2.48 1.67 1.38 78.00 48.00°C warning
2018-12-22__19:42:22 2.10 1.61 1.37 71.00 48.00°C warning
2018-12-22__19:42:34 1.77 1.56 1.35 92.00 49.00°C warning
2018-12-22__19:42:44 1.98 1.61 1.37 97.00 47.00°C warning
2018-12-22__19:42:55 2.03 1.64 1.38 98.00 47.00°C warning
2018-12-22__19:43:06 1.72 1.59 1.37 99.00 47.00°C warning
2018-12-22__19:43:17 1.45 1.54 1.35 97.00 49.00°C warning
2018-12-22__19:43:25 1.23 1.48 1.34 45.00 49.00°C normal
2018-12-22__19:43:31 2.25 1.69 1.41 45.00 49.00°C normal
2018-12-22__19:43:41 1.90 1.64 1.39 95.00 47.00°C warning
2018-12-22__19:43:52 1.61 1.58 1.38 60.00 49.00°C note
2018-12-22__19:44:00 1.36 1.53 1.36 48.00 48.00°C normal
2018-12-22__19:44:06 1.25 1.50 1.35 53.00 48.00°C note
2018-12-22__19:44:11 1.15 1.48 1.35 57.00 47.00°C note
2018-12-22__19:44:17 4.74 2.22 1.59 68.00 48.00°C note
2018-12-22__19:44:28 4.01 2.14 1.57 68.00 48.00°C note
2018-12-22__19:44:39 3.40 2.07 1.55 53.00 49.00°C note
2018-12-22__19:44:45 2.87 2.00 1.53 71.00 49.00°C warning
2018-12-22__19:44:50 3.44 2.14 1.58 66.00 48.00°C note
2018-12-22__19:44:56 3.17 2.10 1.57 63.00 47.00°C note
2018-12-22__19:45:02 2.91 2.07 1.56 78.00 47.00°C warning
2018-12-22__19:45:14 2.71 2.05 1.56 56.00 48.00°C note
2018-12-22__19:45:19 2.65 2.05 1.56 79.00 48.00°C warning
2018-12-22__19:45:30 2.75 2.09 1.59 70.00 48.00°C warning
2018-12-22__19:45:41 2.40 2.04 1.57 65.00 47.00°C note
2018-12-22__19:45:53 2.84 2.14 1.61 66.00 47.00°C note
2018-12-22__19:46:03 2.48 2.09 1.60 51.00 47.00°C note
2018-12-22__19:46:09 2.28 2.05 1.59 67.00 50.00°C note
2018-12-22__19:46:15 2.18 2.03 1.59 63.00 50.00°C note
2018-12-22__19:46:24 2.95 2.21 1.65 49.00 48.00°C normal
2018-12-22__19:46:29 2.71 2.17 1.64 50.00 49.00°C note
2018-12-22__19:46:35 2.29 2.10 1.62 48.00 48.00°C normal
2018-12-22__19:46:41 2.11 2.07 1.61 73.00 49.00°C warning
2018-12-22__19:46:46 1.94 2.03 1.60 77.00 47.00°C warning
2018-12-22__19:46:52 2.03 2.05 1.61 64.00 47.00°C note
2018-12-22__19:47:03 1.93 2.03 1.61 65.00 47.00°C note
2018-12-22__19:47:09 1.86 2.01 1.61 66.00 47.00°C note
2018-12-22__19:47:20 1.57 1.95 1.59 68.00 50.00°C note
2018-12-22__19:47:30 1.75 1.97 1.60 51.00 49.00°C note
2018-12-22__19:47:36 1.61 1.93 1.59 69.00 48.00°C note
2018-12-22__19:47:47 1.43 1.88 1.58 97.00 49.00°C warning
2018-12-22__19:47:53 1.32 1.85 1.57 72.00 47.00°C warning
2018-12-22__19:48:04 1.12 1.79 1.56 70.00 47.00°C warning
2018-12-22__19:48:15 1.75 1.91 1.60 99.00 48.00°C warning
2018-12-22__19:48:26 1.77 1.91 1.60 97.00 48.00°C warning
2018-12-22__19:48:32 1.63 1.88 1.60 99.00 47.00°C warning
2018-12-22__19:48:43 1.38 1.82 1.58 99.00 49.00°C warning
2018-12-22__19:48:49 1.27 1.79 1.57 100.00 49.00°C warning
2018-12-22__19:48:58 1.46 1.81 1.58 55.00 48.00°C note
2018-12-22__19:49:04 1.34 1.78 1.57 54.00 48.00°C note
2018-12-22__19:49:09 1.24 1.75 1.56 50.00 49.00°C note
2018-12-22__19:49:15 1.30 1.76 1.56 54.00 49.00°C note
2018-12-22__19:49:21 2.38 1.97 1.63 50.00 52.00°C note
