2018-12-22 15:51:27 0 disk 95426 78786 17%
2018-12-22 15:51:27 1 /dev 1877 1877 0% 
2018-12-22 15:51:27 1 / 92991 76839 13% 
2018-12-22 15:51:27 1 /snap/core/5897 89 0 100% 
2018-12-22 15:51:27 1 /snap/goldendictionary/1 109 0 100% 
2018-12-22 15:51:27 1 /snap/core/6130 90 0 100% 
2018-12-22 15:51:27 1 /snap/core/6034 90 0 100% 
2018-12-22 15:51:27 1 /boot 180 70 59% 
2018-12-22 15:56:47 0 disk 29941 13014 56%
2018-12-22 15:56:47 1 / 29899 12993 55% 
2018-12-22 15:56:47 1 /boot 42 21 51% 
2018-12-22 15:57:47 0 disk 29941 13014 56%
2018-12-22 15:57:47 1 / 29899 12993 55% 
2018-12-22 15:57:47 1 /boot 42 21 51% 
2018-12-22 15:58:08 0 disk 29941 13014 56%
2018-12-22 15:58:08 1 / 29899 12993 55% 
2018-12-22 15:58:08 1 /boot 42 21 51% 
2018-12-22 16:03:24 0 disk 29941 13014 56%
2018-12-22 16:03:24 1 / 29899 12993 55% 
2018-12-22 16:03:24 1 /boot 42 21 51% 
2018-12-22 19:11:01 0 disk 95426 78777 17%
2018-12-22 19:11:01 1 /dev 1877 1877 0% 
2018-12-22 19:11:01 1 / 92991 76830 13% 
2018-12-22 19:11:01 1 /snap/core/5897 89 0 100% 
2018-12-22 19:11:01 1 /snap/goldendictionary/1 109 0 100% 
2018-12-22 19:11:01 1 /snap/core/6130 90 0 100% 
2018-12-22 19:11:01 1 /snap/core/6034 90 0 100% 
2018-12-22 19:11:01 1 /boot 180 70 59% 
2018-12-22 19:14:53 0 disk 29941 13013 56%
2018-12-22 19:14:53 1 / 29899 12992 55% 
2018-12-22 19:14:53 1 /boot 42 21 51% 
2018-12-22 19:15:55 0 disk 29941 13013 56%
2018-12-22 19:15:55 1 / 29899 12992 55% 
2018-12-22 19:15:55 1 /boot 42 21 51% 
2018-12-22 19:16:55 0 disk 29941 13013 56%
2018-12-22 19:16:55 1 / 29899 12992 55% 
2018-12-22 19:16:55 1 /boot 42 21 51% 
2018-12-22 19:17:56 0 disk 29941 13013 56%
2018-12-22 19:17:56 1 / 29899 12992 55% 
2018-12-22 19:17:56 1 /boot 42 21 51% 
2018-12-22 19:18:57 0 disk 29941 13013 56%
2018-12-22 19:18:57 1 / 29899 12992 55% 
2018-12-22 19:18:57 1 /boot 42 21 51% 
2018-12-22 19:19:58 0 disk 29941 13013 56%
2018-12-22 19:19:58 1 / 29899 12992 55% 
2018-12-22 19:19:58 1 /boot 42 21 51% 
2018-12-22 19:21:04 0 disk 29941 13013 56%
2018-12-22 19:21:04 1 / 29899 12992 55% 
2018-12-22 19:21:04 1 /boot 42 21 51% 
2018-12-22 19:22:05 0 disk 29941 13013 56%
2018-12-22 19:22:05 1 / 29899 12992 55% 
2018-12-22 19:22:05 1 /boot 42 21 51% 
2018-12-22 19:23:06 0 disk 29941 13013 56%
2018-12-22 19:23:06 1 / 29899 12992 55% 
2018-12-22 19:23:06 1 /boot 42 21 51% 
2018-12-22 19:24:07 0 disk 29941 13013 56%
2018-12-22 19:24:07 1 / 29899 12992 55% 
2018-12-22 19:24:07 1 /boot 42 21 51% 
2018-12-22 19:25:14 0 disk 29941 13013 56%
2018-12-22 19:25:14 1 / 29899 12992 55% 
2018-12-22 19:25:14 1 /boot 42 21 51% 
2018-12-22 19:26:16 0 disk 29941 13013 56%
2018-12-22 19:26:16 1 / 29899 12992 55% 
2018-12-22 19:26:16 1 /boot 42 21 51% 
2018-12-22 19:27:17 0 disk 29941 13013 56%
2018-12-22 19:27:17 1 / 29899 12992 55% 
2018-12-22 19:27:17 1 /boot 42 21 51% 
2018-12-22 19:28:24 0 disk 29941 13013 56%
2018-12-22 19:28:24 1 / 29899 12992 55% 
2018-12-22 19:28:24 1 /boot 42 21 51% 
2018-12-22 19:29:24 0 disk 29941 13013 56%
2018-12-22 19:29:24 1 / 29899 12992 55% 
2018-12-22 19:29:24 1 /boot 42 21 51% 
2018-12-22 19:30:25 0 disk 29941 13013 56%
2018-12-22 19:30:25 1 / 29899 12992 55% 
2018-12-22 19:30:25 1 /boot 42 21 51% 
2018-12-22 19:31:26 0 disk 29941 13013 56%
2018-12-22 19:31:26 1 / 29899 12992 55% 
2018-12-22 19:31:26 1 /boot 42 21 51% 
2018-12-22 19:36:50 0 disk 29941 13013 56%
2018-12-22 19:36:50 1 / 29899 12992 55% 
2018-12-22 19:36:50 1 /boot 42 21 51% 
2018-12-22 19:37:53 0 disk 29941 13013 56%
2018-12-22 19:37:53 1 / 29899 12992 55% 
2018-12-22 19:37:53 1 /boot 42 21 51% 
2018-12-22 19:38:56 0 disk 29941 13013 56%
2018-12-22 19:38:56 1 / 29899 12992 55% 
2018-12-22 19:38:56 1 /boot 42 21 51% 
2018-12-22 19:39:56 0 disk 29941 13013 56%
2018-12-22 19:39:56 1 / 29899 12992 55% 
2018-12-22 19:39:56 1 /boot 42 21 51% 
2018-12-22 19:40:57 0 disk 29941 13013 56%
2018-12-22 19:40:57 1 / 29899 12992 55% 
2018-12-22 19:40:57 1 /boot 42 21 51% 
2018-12-22 19:42:02 0 disk 29941 13013 56%
2018-12-22 19:42:02 1 / 29899 12992 55% 
2018-12-22 19:42:02 1 /boot 42 21 51% 
2018-12-22 19:43:08 0 disk 29941 13013 56%
2018-12-22 19:43:08 1 / 29899 12992 55% 
2018-12-22 19:43:08 1 /boot 42 21 51% 
2018-12-22 19:44:14 0 disk 29941 13013 56%
2018-12-22 19:44:14 1 / 29899 12992 55% 
2018-12-22 19:44:14 1 /boot 42 21 51% 
2018-12-22 19:45:16 0 disk 29941 13013 56%
2018-12-22 19:45:16 1 / 29899 12992 55% 
2018-12-22 19:45:16 1 /boot 42 21 51% 
2018-12-22 19:46:17 0 disk 29941 13013 56%
2018-12-22 19:46:17 1 / 29899 12992 55% 
2018-12-22 19:46:17 1 /boot 42 21 51% 
2018-12-22 19:47:17 0 disk 29941 13013 56%
2018-12-22 19:47:17 1 / 29899 12992 55% 
2018-12-22 19:47:17 1 /boot 42 21 51% 
2018-12-22 19:48:19 0 disk 29941 13013 56%
2018-12-22 19:48:19 1 / 29899 12992 55% 
2018-12-22 19:48:19 1 /boot 42 21 51% 
2018-12-22 19:49:19 0 disk 29941 13013 56%
2018-12-22 19:49:19 1 / 29899 12992 55% 
2018-12-22 19:49:19 1 /boot 42 21 51% 
