2018-12-22__15:56:47 yuxiaowei GNU/Linux 4.9.41-v7+ up_3_weeks,_6_hours,_53_minutes 3.63 0.86 0.39 29941 52% 927 11% normal normal normal 
2018-12-22__15:57:48 yuxiaowei GNU/Linux 4.9.41-v7+ up_3_weeks,_6_hours,_54_minutes 2.30 0.97 0.45 29941 52% 927 10% normal normal normal 
2018-12-22__15:58:08 yuxiaowei GNU/Linux 4.9.41-v7+ up_3_weeks,_6_hours,_54_minutes 1.91 0.97 0.46 29941 52% 927 10% normal normal normal 
2018-12-22__16:03:24 yuxiaowei GNU/Linux 4.9.41-v7+ up_3_weeks,_7_hours 0.39 0.63 0.45 29941 52% 927 10% normal normal normal 
2018-12-22__16:04:25 yuxiaowei GNU/Linux 4.9.41-v7+ up_3_weeks,_7_hours,_1_minute 0.95 0.82 0.53 29941 52% 927 10% normal note normal 
2018-12-22__19:11:01 yuxiaowei GNU/Linux 4.13.0-45-generic up_10_hours,_21_minutes 0.54 95426 12% 3805 44% normal normal normal 
2018-12-22__19:14:53 yuxiaowei GNU/Linux 4.9.41-v7+ up_3_weeks,_10_hours,_11_minutes 0.59 0.46 0.47 29941 52% 927 10% normal normal normal 
2018-12-22__19:15:54 yuxiaowei GNU/Linux 4.9.41-v7+ up_3_weeks,_10_hours,_12_minutes 1.04 0.61 0.52 29941 52% 927 9% normal normal normal 
2018-12-22__19:16:55 yuxiaowei GNU/Linux 4.9.41-v7+ up_3_weeks,_10_hours,_13_minutes 1.37 0.76 0.58 29941 52% 927 9% normal normal normal 
2018-12-22__19:17:56 yuxiaowei GNU/Linux 4.9.41-v7+ up_3_weeks,_10_hours,_14_minutes 1.77 1.00 0.67 29941 52% 927 9% normal normal normal 
2018-12-22__19:18:57 yuxiaowei GNU/Linux 4.9.41-v7+ up_3_weeks,_10_hours,_15_minutes 2.62 1.37 0.82 29941 52% 927 10% normal normal normal 
2018-12-22__19:19:58 yuxiaowei GNU/Linux 4.9.41-v7+ up_3_weeks,_10_hours,_16_minutes 2.76 1.62 0.94 29941 52% 927 9% normal normal normal 
2018-12-22__19:20:59 yuxiaowei GNU/Linux 4.9.41-v7+ up_3_weeks,_10_hours,_17_minutes 1.71 1.54 0.96 29941 52% 927 9% normal normal normal 
2018-12-22__19:22:05 yuxiaowei GNU/Linux 4.9.41-v7+ up_3_weeks,_10_hours,_18_minutes 1.35 1.47 0.97 29941 52% 927 10% normal note normal 
2018-12-22__19:23:06 yuxiaowei GNU/Linux 4.9.41-v7+ up_3_weeks,_10_hours,_19_minutes 0.89 1.33 0.95 29941 52% 927 10% normal normal normal 
2018-12-22__19:24:08 yuxiaowei GNU/Linux 4.9.41-v7+ up_3_weeks,_10_hours,_20_minutes 2.59 1.86 1.17 29941 52% 927 10% normal normal normal 
2018-12-22__19:25:14 yuxiaowei GNU/Linux 4.9.41-v7+ up_3_weeks,_10_hours,_21_minutes 2.61 2.01 1.27 29941 52% 927 10% normal normal normal 
2018-12-22__19:26:16 yuxiaowei GNU/Linux 4.9.41-v7+ up_3_weeks,_10_hours,_22_minutes 1.63 1.87 1.27 29941 52% 927 10% normal normal normal 
2018-12-22__19:27:22 yuxiaowei GNU/Linux 4.9.41-v7+ up_3_weeks,_10_hours,_24_minutes 2.86 2.10 1.38 29941 52% 927 10% normal normal normal 
2018-12-22__19:28:29 yuxiaowei GNU/Linux 4.9.41-v7+ up_3_weeks,_10_hours,_25_minutes 1.54 1.90 1.37 29941 52% 927 9% normal note normal 
2018-12-22__19:29:29 yuxiaowei GNU/Linux 4.9.41-v7+ up_3_weeks,_10_hours,_26_minutes 1.79 1.93 1.41 29941 52% 927 9% normal note normal 
2018-12-22__19:30:30 yuxiaowei GNU/Linux 4.9.41-v7+ up_3_weeks,_10_hours,_27_minutes 1.21 1.76 1.38 29941 52% 927 9% normal normal normal 
2018-12-22__19:31:31 yuxiaowei GNU/Linux 4.9.41-v7+ up_3_weeks,_10_hours,_28_minutes 1.29 1.70 1.39 29941 52% 927 10% normal normal normal 
2018-12-22__19:36:50 yuxiaowei GNU/Linux 4.9.41-v7+ up_3_weeks,_10_hours,_33_minutes 0.86 0.95 1.13 29941 52% 927 11% normal normal normal 
2018-12-22__19:37:53 yuxiaowei GNU/Linux 4.9.41-v7+ up_3_weeks,_10_hours,_34_minutes 0.93 0.97 1.12 29941 52% 927 10% normal normal normal 
2018-12-22__19:38:54 yuxiaowei GNU/Linux 4.9.41-v7+ up_3_weeks,_10_hours,_35_minutes 2.18 1.38 1.26 29941 52% 927 10% normal normal normal 
2018-12-22__19:40:00 yuxiaowei GNU/Linux 4.9.41-v7+ up_3_weeks,_10_hours,_36_minutes 1.33 1.31 1.25 29941 52% 927 10% normal normal normal 
2018-12-22__19:41:01 yuxiaowei GNU/Linux 4.9.41-v7+ up_3_weeks,_10_hours,_37_minutes 2.07 1.50 1.32 29941 52% 927 10% normal normal normal 
2018-12-22__19:42:07 yuxiaowei GNU/Linux 4.9.41-v7+ up_3_weeks,_10_hours,_38_minutes 1.65 1.50 1.33 29941 52% 927 10% normal normal normal 
2018-12-22__19:43:13 yuxiaowei GNU/Linux 4.9.41-v7+ up_3_weeks,_10_hours,_39_minutes 1.58 1.56 1.36 29941 52% 927 10% normal normal normal 
2018-12-22__19:44:14 yuxiaowei GNU/Linux 4.9.41-v7+ up_3_weeks,_10_hours,_40_minutes 4.74 2.22 1.59 29941 52% 927 10% normal normal normal 
2018-12-22__19:45:16 yuxiaowei GNU/Linux 4.9.41-v7+ up_3_weeks,_10_hours,_41_minutes 2.65 2.05 1.56 29941 52% 927 10% normal normal normal 
2018-12-22__19:46:17 yuxiaowei GNU/Linux 4.9.41-v7+ up_3_weeks,_10_hours,_43_minutes 3.20 2.25 1.66 29941 52% 927 10% normal normal normal 
2018-12-22__19:47:17 yuxiaowei GNU/Linux 4.9.41-v7+ up_3_weeks,_10_hours,_44_minutes 1.57 1.95 1.59 29941 52% 927 11% normal normal normal 
2018-12-22__19:48:19 yuxiaowei GNU/Linux 4.9.41-v7+ up_3_weeks,_10_hours,_45_minutes 2.10 1.98 1.62 29941 52% 927 10% normal normal normal 
2018-12-22__19:49:20 yuxiaowei GNU/Linux 4.9.41-v7+ up_3_weeks,_10_hours,_46_minutes 1.19 1.73 1.56 29941 52% 927 10% normal note normal 
