2018-12-22__19:10:33 0.52 18.00 31.00°C normal
2018-12-22__19:10:42 0.52 8.00 31.00°C normal
2018-12-22__19:10:48 0.53 6.00 31.00°C normal
2018-12-22__19:10:53 0.52 10.00 31.00°C normal
2018-12-22__19:10:59 0.54 8.00 31.00°C normal
2018-12-22__19:11:04 0.54 12.00 31.00°C normal
2018-12-22__19:14:28 0.14 0.36 0.42 100.00 56.00°C warning
2018-12-22__19:14:34 0.12 0.35 0.42 100.00 57.00°C warning
2018-12-22__19:14:41 0.35 0.39 0.43 52.00 56.00°C note
2018-12-22__19:14:47 1.76 0.68 0.53 51.00 57.00°C note
2018-12-22__19:14:53 1.62 0.67 0.52 46.00 56.00°C normal
2018-12-22__19:14:58 1.49 0.66 0.52 50.00 57.00°C note
2018-12-22__19:15:04 1.37 0.65 0.52 46.00 56.00°C normal
2018-12-22__19:15:10 1.26 0.64 0.51 41.00 56.00°C normal
2018-12-22__19:15:17 1.06 0.62 0.51 49.00 57.00°C normal
2018-12-22__19:15:22 0.98 0.61 0.51 43.00 56.00°C normal
2018-12-22__19:15:28 1.22 0.66 0.52 66.00 56.00°C note
2018-12-22__19:15:39 1.25 0.69 0.54 40.00 56.00°C normal
2018-12-22__19:15:45 1.80 0.81 0.58 42.00 57.00°C normal
2018-12-22__19:15:50 1.65 0.80 0.57 37.00 56.00°C normal
2018-12-22__19:15:56 1.40 0.77 0.57 56.00 57.00°C note
2018-12-22__19:16:02 1.61 0.83 0.58 73.00 56.00°C warning
2018-12-22__19:16:13 1.36 0.80 0.58 80.00 56.00°C warning
2018-12-22__19:16:24 1.15 0.77 0.57 51.00 57.00°C note
2018-12-22__19:16:31 0.97 0.75 0.56 46.00 56.00°C normal
2018-12-22__19:16:37 2.42 1.05 0.66 40.00 60.00°C normal
2018-12-22__19:16:43 2.22 1.03 0.66 56.00 58.00°C note
2018-12-22__19:16:48 2.04 1.01 0.66 41.00 57.00°C normal
2018-12-22__19:16:54 2.12 1.05 0.67 39.00 58.00°C normal
2018-12-22__19:17:00 1.95 1.03 0.66 51.00 57.00°C note
2018-12-22__19:17:07 1.73 1.01 0.66 47.00 57.00°C normal
2018-12-22__19:17:13 1.59 0.99 0.66 62.00 56.00°C note
2018-12-22__19:17:24 1.35 0.96 0.65 46.00 57.00°C normal
2018-12-22__19:17:29 1.24 0.95 0.65 51.00 57.00°C note
2018-12-22__19:17:35 1.14 0.93 0.64 73.00 56.00°C warning
2018-12-22__19:17:46 0.96 0.90 0.63 95.00 59.00°C warning
2018-12-22__19:17:52 1.49 1.02 0.68 45.00 57.00°C normal
2018-12-22__19:17:57 1.37 1.00 0.67 44.00 58.00°C normal
2018-12-22__19:18:03 1.26 0.98 0.67 48.00 57.00°C normal
2018-12-22__19:18:09 1.16 0.97 0.66 50.00 58.00°C note
2018-12-22__19:18:18 0.98 0.93 0.66 58.00 56.00°C note
2018-12-22__19:18:24 0.90 0.92 0.65 60.00 56.00°C note
2018-12-22__19:18:35 0.76 0.89 0.65 48.00 57.00°C normal
2018-12-22__19:18:40 1.26 0.99 0.68 40.00 60.00°C normal
2018-12-22__19:18:46 1.16 0.97 0.68 46.00 60.00°C normal
2018-12-22__19:18:54 1.14 0.97 0.68 51.00 58.00°C note
2018-12-22__19:18:59 1.12 0.97 0.68 71.00 57.00°C warning
2018-12-22__19:19:05 1.03 0.96 0.68 47.00 58.00°C normal
2018-12-22__19:19:11 1.11 0.97 0.68 38.00 58.00°C normal
2018-12-22__19:19:17 1.66 1.09 0.73 38.00 58.00°C normal
2018-12-22__19:19:22 1.53 1.07 0.72 53.00 57.00°C note
2018-12-22__19:19:28 1.49 1.07 0.72 42.00 57.00°C normal
2018-12-22__19:19:34 1.37 1.05 0.72 45.00 57.00°C normal
2018-12-22__19:19:39 1.50 1.09 0.73 100.00 60.00°C warning
2018-12-22__19:19:45 1.38 1.07 0.73 42.00 59.00°C normal
2018-12-22__19:19:54 1.17 1.03 0.72 41.00 59.00°C normal
2018-12-22__19:20:00 1.07 1.02 0.72 65.00 59.00°C note
2018-12-22__19:20:06 1.07 1.02 0.72 59.00 60.00°C note
2018-12-22__19:20:11 0.98 1.00 0.71 47.00 60.00°C normal
2018-12-22__19:20:17 1.14 1.03 0.73 50.00 59.00°C note
2018-12-22__19:20:23 1.13 1.03 0.73 44.00 59.00°C normal
2018-12-22__19:20:28 1.04 1.01 0.73 42.00 59.00°C normal
2018-12-22__19:20:34 0.95 1.00 0.72 45.00 59.00°C normal
2018-12-22__19:20:40 1.36 1.08 0.75 100.00 59.00°C warning
2018-12-22__19:20:46 1.25 1.06 0.75 70.00 60.00°C warning
2018-12-22__19:20:52 1.15 1.04 0.74 48.00 60.00°C normal
2018-12-22__19:21:01 1.43 1.11 0.77 55.00 58.00°C note
2018-12-22__19:21:06 1.63 1.16 0.78 54.00 59.00°C note
2018-12-22__19:21:12 1.53 1.15 0.79 44.00 59.00°C normal
2018-12-22__19:21:18 2.61 1.38 0.86 47.00 59.00°C normal
2018-12-22__19:21:23 2.56 1.39 0.87 43.00 58.00°C normal
2018-12-22__19:21:29 2.35 1.37 0.86 42.00 59.00°C normal
2018-12-22__19:21:35 2.41 1.40 0.88 39.00 59.00°C normal
2018-12-22__19:21:40 2.21 1.37 0.87 42.00 59.00°C normal
2018-12-22__19:21:46 2.76 1.50 0.92 41.00 60.00°C normal
2018-12-22__19:21:52 2.54 1.47 0.91 51.00 59.00°C note
2018-12-22__19:22:02 2.35 1.48 0.92 54.00 58.00°C note
2018-12-22__19:22:08 2.16 1.46 0.92 40.00 59.00°C normal
2018-12-22__19:22:14 1.99 1.43 0.91 80.00 57.00°C warning
2018-12-22__19:22:24 1.92 1.44 0.92 81.00 58.00°C warning
2018-12-22__19:22:30 1.77 1.41 0.91 97.00 56.00°C warning
2018-12-22__19:22:41 1.64 1.40 0.91 84.00 59.00°C warning
2018-12-22__19:22:47 1.51 1.38 0.91 75.00 60.00°C warning
2018-12-22__19:22:53 2.24 1.54 0.97 75.00 60.00°C warning
2018-12-22__19:22:58 2.06 1.52 0.96 79.00 60.00°C warning
2018-12-22__19:23:04 1.89 1.49 0.96 93.00 60.00°C warning
2018-12-22__19:23:10 1.74 1.47 0.95 91.00 60.00°C warning
2018-12-22__19:23:15 1.60 1.44 0.95 82.00 60.00°C warning
2018-12-22__19:23:21 1.47 1.42 0.94 71.00 60.00°C warning
2018-12-22__19:23:27 1.35 1.39 0.93 70.00 60.00°C warning
2018-12-22__19:23:33 2.18 1.58 1.00 66.00 59.00°C note
2018-12-22__19:23:38 2.00 1.55 0.99 69.00 60.00°C note
2018-12-22__19:23:44 1.84 1.52 0.99 46.00 62.00°C normal
2018-12-22__19:23:50 1.93 1.55 1.00 50.00 60.00°C note
2018-12-22__19:23:55 1.78 1.52 0.99 51.00 59.00°C note
2018-12-22__19:24:01 1.64 1.50 0.99 80.00 59.00°C warning
2018-12-22__19:24:12 1.39 1.45 0.98 99.00 59.00°C warning
2018-12-22__19:24:18 2.06 1.60 1.03 99.00 57.00°C warning
2018-12-22__19:24:29 1.82 1.56 1.03 99.00 57.00°C warning
2018-12-22__19:24:40 1.69 1.54 1.03 100.00 56.00°C warning
2018-12-22__19:24:51 1.59 1.52 1.02 94.00 58.00°C warning
2018-12-22__19:24:57 1.46 1.50 1.02 89.00 59.00°C warning
2018-12-22__19:25:03 2.49 1.73 1.10 99.00 60.00°C warning
2018-12-22__19:25:09 2.29 1.70 1.09 82.00 60.00°C warning
2018-12-22__19:25:15 2.10 1.67 1.09 98.00 59.00°C warning
2018-12-22__19:25:20 1.94 1.64 1.08 92.00 60.00°C warning
2018-12-22__19:25:26 1.86 1.63 1.08 84.00 60.00°C warning
2018-12-22__19:25:32 1.71 1.60 1.07 77.00 60.00°C warning
2018-12-22__19:25:40 1.96 1.66 1.10 77.00 59.00°C warning
2018-12-22__19:25:45 1.81 1.64 1.09 100.00 61.00°C warning
2018-12-22__19:25:51 1.66 1.61 1.09 99.00 61.00°C warning
2018-12-22__19:25:57 1.53 1.58 1.08 98.00 59.00°C warning
2018-12-22__19:26:08 1.66 1.62 1.10 98.00 59.00°C warning
2018-12-22__19:26:14 1.53 1.59 1.09 98.00 57.00°C warning
2018-12-22__19:26:25 1.37 1.55 1.09 98.00 58.00°C warning
2018-12-22__19:26:36 1.32 1.54 1.09 98.00 57.00°C warning
2018-12-22__19:26:47 1.12 1.48 1.08 100.00 58.00°C warning
2018-12-22__19:26:58 1.76 1.62 1.13 99.00 59.00°C warning
2018-12-22__19:27:09 1.65 1.60 1.13 100.00 57.00°C warning
2018-12-22__19:27:21 1.40 1.55 1.11 99.00 58.00°C warning
2018-12-22__19:27:27 1.29 1.52 1.11 97.00 58.00°C warning
2018-12-22__19:27:32 1.18 1.50 1.10 97.00 60.00°C warning
2018-12-22__19:27:38 2.72 1.82 1.21 98.00 60.00°C warning
2018-12-22__19:27:44 2.50 1.79 1.20 98.00 60.00°C warning
2018-12-22__19:27:50 2.38 1.78 1.20 93.00 60.00°C warning
2018-12-22__19:27:56 2.27 1.77 1.20 100.00 60.00°C warning
2018-12-22__19:28:02 2.09 1.74 1.20 99.00 59.00°C warning
2018-12-22__19:28:13 2.11 1.77 1.21 83.00 59.00°C warning
2018-12-22__19:28:19 1.94 1.74 1.21 94.00 59.00°C warning
2018-12-22__19:28:24 1.79 1.71 1.20 95.00 60.00°C warning
2018-12-22__19:28:30 1.64 1.68 1.19 91.00 60.00°C warning
2018-12-22__19:28:36 1.51 1.65 1.19 90.00 60.00°C warning
2018-12-22__19:28:42 1.39 1.62 1.18 91.00 59.00°C warning
2018-12-22__19:28:47 1.28 1.59 1.17 77.00 61.00°C warning
2018-12-22__19:28:57 1.89 1.72 1.22 51.00 61.00°C note
2018-12-22__19:29:03 1.75 1.70 1.22 45.00 60.00°C normal
2018-12-22__19:29:09 2.02 1.75 1.24 41.00 60.00°C normal
2018-12-22__19:29:14 1.85 1.72 1.23 47.00 59.00°C normal
2018-12-22__19:29:20 1.70 1.69 1.22 46.00 60.00°C normal
2018-12-22__19:29:26 1.57 1.66 1.22 39.00 60.00°C normal
2018-12-22__19:29:31 1.44 1.64 1.21 39.00 59.00°C normal
2018-12-22__19:29:37 1.33 1.61 1.20 50.00 60.00°C note
2018-12-22__19:29:43 1.22 1.58 1.20 41.00 60.00°C normal
2018-12-22__19:29:48 1.18 1.56 1.19 41.00 61.00°C normal
2018-12-22__19:29:54 1.08 1.54 1.19 52.00 60.00°C note
2018-12-22__19:29:59 1.16 1.54 1.19 62.00 61.00°C note
2018-12-22__19:30:05 1.23 1.55 1.19 51.00 61.00°C note
2018-12-22__19:30:11 1.21 1.54 1.19 40.00 60.00°C normal
2018-12-22__19:30:16 1.11 1.52 1.19 44.00 60.00°C normal
2018-12-22__19:30:22 1.02 1.49 1.18 38.00 60.00°C normal
2018-12-22__19:30:28 1.02 1.48 1.18 41.00 60.00°C normal
2018-12-22__19:30:34 1.91 1.66 1.24 77.00 59.00°C warning
2018-12-22__19:30:44 1.62 1.61 1.23 57.00 59.00°C note
2018-12-22__19:30:50 2.05 1.70 1.26 52.00 60.00°C note
