2018-12-22 19:11:01 0 disk 95426 78777 17%
2018-12-22 19:11:01 1 /dev 1877 1877 0% 
2018-12-22 19:11:01 1 / 92991 76830 13% 
2018-12-22 19:11:01 1 /snap/core/5897 89 0 100% 
2018-12-22 19:11:01 1 /snap/goldendictionary/1 109 0 100% 
2018-12-22 19:11:01 1 /snap/core/6130 90 0 100% 
2018-12-22 19:11:01 1 /snap/core/6034 90 0 100% 
2018-12-22 19:11:01 1 /boot 180 70 59% 
2018-12-22 19:14:28 0 disk 29941 15122 49%
2018-12-22 19:14:28 1 / 29899 15101 48% 
2018-12-22 19:14:28 1 /boot 42 21 51% 
2018-12-22 19:15:29 0 disk 29941 15122 49%
2018-12-22 19:15:29 1 / 29899 15101 48% 
2018-12-22 19:15:29 1 /boot 42 21 51% 
2018-12-22 19:16:36 0 disk 29941 15122 49%
2018-12-22 19:16:36 1 / 29899 15101 48% 
2018-12-22 19:16:36 1 /boot 42 21 51% 
2018-12-22 19:17:37 0 disk 29941 15122 49%
2018-12-22 19:17:37 1 / 29899 15101 48% 
2018-12-22 19:17:37 1 /boot 42 21 51% 
2018-12-22 19:18:38 0 disk 29941 15122 49%
2018-12-22 19:18:38 1 / 29899 15101 48% 
2018-12-22 19:18:38 1 /boot 42 21 51% 
2018-12-22 19:19:39 0 disk 29941 15122 49%
2018-12-22 19:19:39 1 / 29899 15101 48% 
2018-12-22 19:19:39 1 /boot 42 21 51% 
2018-12-22 19:20:40 0 disk 29941 15122 49%
2018-12-22 19:20:40 1 / 29899 15101 48% 
2018-12-22 19:20:40 1 /boot 42 21 51% 
2018-12-22 19:21:41 0 disk 29941 15122 49%
2018-12-22 19:21:41 1 / 29899 15101 48% 
2018-12-22 19:21:41 1 /boot 42 21 51% 
2018-12-22 19:22:42 0 disk 29941 15122 49%
2018-12-22 19:22:42 1 / 29899 15101 48% 
2018-12-22 19:22:42 1 /boot 42 21 51% 
2018-12-22 19:23:43 0 disk 29941 15122 49%
2018-12-22 19:23:43 1 / 29899 15101 48% 
2018-12-22 19:23:43 1 /boot 42 21 51% 
2018-12-22 19:24:44 0 disk 29941 15122 49%
2018-12-22 19:24:44 1 / 29899 15101 48% 
2018-12-22 19:24:44 1 /boot 42 21 51% 
2018-12-22 19:25:44 0 disk 29941 15122 49%
2018-12-22 19:25:44 1 / 29899 15101 48% 
2018-12-22 19:25:44 1 /boot 42 21 51% 
2018-12-22 19:26:45 0 disk 29941 15122 49%
2018-12-22 19:26:45 1 / 29899 15101 48% 
2018-12-22 19:26:45 1 /boot 42 21 51% 
2018-12-22 19:27:46 0 disk 29941 15122 49%
2018-12-22 19:27:46 1 / 29899 15101 48% 
2018-12-22 19:27:46 1 /boot 42 21 51% 
2018-12-22 19:28:46 0 disk 29941 15122 49%
2018-12-22 19:28:46 1 / 29899 15101 48% 
2018-12-22 19:28:46 1 /boot 42 21 51% 
2018-12-22 19:29:47 0 disk 29941 15122 49%
2018-12-22 19:29:47 1 / 29899 15101 48% 
2018-12-22 19:29:47 1 /boot 42 21 51% 
