2018-12-22__19:11:01 yuxiaowei GNU/Linux 4.13.0-45-generic up_10_hours,_21_minutes 0.54 95426 12% 3805 44% normal normal normal 
2018-12-22__19:14:28 yuxiaowei GNU/Linux 4.9.41-v7+ up_3_weeks,_10_hours,_11_minutes 0.14 0.36 0.42 29941 45% 927 9% normal note normal 
2018-12-22__19:15:29 yuxiaowei GNU/Linux 4.9.41-v7+ up_3_weeks,_10_hours,_12_minutes 1.22 0.66 0.52 29941 45% 927 9% normal note normal 
2018-12-22__19:16:36 yuxiaowei GNU/Linux 4.9.41-v7+ up_3_weeks,_10_hours,_13_minutes 2.42 1.05 0.66 29941 45% 927 9% normal note normal 
2018-12-22__19:17:37 yuxiaowei GNU/Linux 4.9.41-v7+ up_3_weeks,_10_hours,_14_minutes 1.05 0.91 0.64 29941 45% 927 9% normal note normal 
2018-12-22__19:18:38 yuxiaowei GNU/Linux 4.9.41-v7+ up_3_weeks,_10_hours,_15_minutes 1.26 0.99 0.68 29941 45% 927 9% normal note normal 
2018-12-22__19:19:39 yuxiaowei GNU/Linux 4.9.41-v7+ up_3_weeks,_10_hours,_16_minutes 1.50 1.09 0.73 29941 45% 927 9% normal note normal 
2018-12-22__19:20:40 yuxiaowei GNU/Linux 4.9.41-v7+ up_3_weeks,_10_hours,_17_minutes 1.36 1.08 0.75 29941 45% 927 9% normal note normal 
2018-12-22__19:21:41 yuxiaowei GNU/Linux 4.9.41-v7+ up_3_weeks,_10_hours,_18_minutes 2.21 1.37 0.87 29941 45% 927 9% normal note normal 
2018-12-22__19:22:42 yuxiaowei GNU/Linux 4.9.41-v7+ up_3_weeks,_10_hours,_19_minutes 1.51 1.38 0.91 29941 45% 927 9% normal note normal 
2018-12-22__19:23:43 yuxiaowei GNU/Linux 4.9.41-v7+ up_3_weeks,_10_hours,_20_minutes 1.84 1.52 0.99 29941 45% 927 8% normal note normal 
2018-12-22__19:24:43 yuxiaowei GNU/Linux 4.9.41-v7+ up_3_weeks,_10_hours,_21_minutes 1.55 1.51 1.02 29941 45% 927 9% normal note normal 
2018-12-22__19:25:49 yuxiaowei GNU/Linux 4.9.41-v7+ up_3_weeks,_10_hours,_22_minutes 1.66 1.61 1.09 29941 45% 927 8% normal note normal 
2018-12-22__19:26:50 yuxiaowei GNU/Linux 4.9.41-v7+ up_3_weeks,_10_hours,_23_minutes 1.91 1.64 1.13 29941 45% 927 9% normal note normal 
2018-12-22__19:27:56 yuxiaowei GNU/Linux 4.9.41-v7+ up_3_weeks,_10_hours,_24_minutes 2.27 1.77 1.20 29941 45% 927 9% normal note normal 
2018-12-22__19:28:57 yuxiaowei GNU/Linux 4.9.41-v7+ up_3_weeks,_10_hours,_25_minutes 1.89 1.72 1.22 29941 45% 927 8% normal note normal 
2018-12-22__19:29:57 yuxiaowei GNU/Linux 4.9.41-v7+ up_3_weeks,_10_hours,_26_minutes 1.08 1.54 1.19 29941 45% 927 8% normal note normal 
2018-12-22__20:36:25 yuxiaowei GNU/Linux 4.13.0-45-generic up_11_hours,_47_minutes 0.66 95426 12% 3805 40% normal normal normal 
2018-12-23__09:24:03 yuxiaowei GNU/Linux 4.13.0-45-generic up_1_day,_34_minutes average:0.65 0.73  95426 12% 3805 37% normal normal normal 
2018-12-23__10:11:41 yuxiaowei GNU/Linux 4.9.41-v7+ up_3_weeks,_1_day,_1_hour,_8_minutes 0.78 0.51 0.42 29941 45% 927 12% normal note normal 
2018-12-23__10:12:41 yuxiaowei GNU/Linux 4.9.41-v7+ up_3_weeks,_1_day,_1_hour,_9_minutes 0.55 0.50 0.42 29941 45% 927 12% normal note normal 
2018-12-23__10:13:41 yuxiaowei GNU/Linux 4.9.41-v7+ up_3_weeks,_1_day,_1_hour,_10_minutes 0.79 0.60 0.46 29941 45% 927 12% normal note normal 
2018-12-23__10:14:41 yuxiaowei GNU/Linux 4.9.41-v7+ up_3_weeks,_1_day,_1_hour,_11_minutes 0.51 0.55 0.45 29941 45% 927 12% normal note normal 
2018-12-23__10:34:29 yuxiaowei GNU/Linux 4.9.41-v7+ up_3_weeks,_1_day,_1_hour,_31_minutes 0.48 0.53 0.51 29941 45% 927 11% normal normal normal 
2018-12-23__10:35:29 yuxiaowei GNU/Linux 4.9.41-v7+ up_3_weeks,_1_day,_1_hour,_32_minutes 0.47 0.51 0.50 29941 45% 927 11% normal note normal 
2018-12-23__10:36:29 yuxiaowei GNU/Linux 4.9.41-v7+ up_3_weeks,_1_day,_1_hour,_33_minutes 0.52 0.53 0.51 29941 45% 927 11% normal note normal 
2018-12-23__10:37:29 yuxiaowei GNU/Linux 4.9.41-v7+ up_3_weeks,_1_day,_1_hour,_34_minutes 0.36 0.48 0.50 29941 45% 927 11% normal normal normal 
2018-12-23__10:51:29 yuxiaowei GNU/Linux 4.13.0-45-generic up_1_day,_2_hours,_2_minutes 1.85 1.84 1.77 95426 12% 3805 50% normal normal normal 
2018-12-23__10:51:36 yuxiaowei GNU/Linux 4.13.0-45-generic up_1_day,_2_hours,_2_minutes 1.86 1.84 1.77 95426 12% 3805 50% normal normal normal 
2018-12-23__10:53:22 yuxiaowei GNU/Linux 4.13.0-45-generic up_1_day,_2_hours,_4_minutes 1.60 1.81 1.77 95426 12% 3805 50% normal normal normal 
2018-12-23__10:54:33 yuxiaowei GNU/Linux 4.13.0-45-generic up_1_day,_2_hours,_5_minutes 1.86 1.85 1.79 95426 12% 3805 50% normal normal normal 
2018-12-23__10:54:47 yuxiaowei GNU/Linux 4.13.0-45-generic up_1_day,_2_hours,_5_minutes 1.51 1.78 1.77 95426 12% 3805 50% normal normal normal 
2018-12-23__11:36:18 yuxiaowei GNU/Linux 4.9.41-v7+ up_3_weeks,_1_day,_2_hours,_33_minutes 0.73 0.69 0.66 29941 45% 927 11% normal note normal 
2018-12-23__11:37:18 yuxiaowei GNU/Linux 4.9.41-v7+ up_3_weeks,_1_day,_2_hours,_34_minutes 1.10 0.81 0.71 29941 45% 927 11% normal note normal 
2018-12-23__11:38:18 yuxiaowei GNU/Linux 4.9.41-v7+ up_3_weeks,_1_day,_2_hours,_35_minutes 0.84 0.79 0.71 29941 45% 927 11% normal note normal 
2018-12-23__11:39:19 yuxiaowei GNU/Linux 4.9.41-v7+ up_3_weeks,_1_day,_2_hours,_36_minutes 1.08 0.90 0.76 29941 45% 927 11% normal note normal 
2018-12-23__11:40:19 yuxiaowei GNU/Linux 4.9.41-v7+ up_3_weeks,_1_day,_2_hours,_37_minutes 1.16 0.95 0.78 29941 45% 927 11% normal note normal 
2018-12-23__11:41:19 yuxiaowei GNU/Linux 4.9.41-v7+ up_3_weeks,_1_day,_2_hours,_38_minutes 0.97 0.94 0.79 29941 45% 927 11% normal note normal 
2018-12-23__11:42:19 yuxiaowei GNU/Linux 4.9.41-v7+ up_3_weeks,_1_day,_2_hours,_39_minutes 0.57 0.83 0.76 29941 45% 927 11% normal note normal 
2018-12-23__10:51:29 yuxiaowei GNU/Linux 4.13.0-45-generic up_1_day,_2_hours,_2_minutes 1.85 1.84 1.77 95426 12% 3805 50% normal normal normal 
2018-12-23__10:51:36 yuxiaowei GNU/Linux 4.13.0-45-generic up_1_day,_2_hours,_2_minutes 1.86 1.84 1.77 95426 12% 3805 50% normal normal normal 
2018-12-23__10:53:22 yuxiaowei GNU/Linux 4.13.0-45-generic up_1_day,_2_hours,_4_minutes 1.60 1.81 1.77 95426 12% 3805 50% normal normal normal 
2018-12-23__10:54:33 yuxiaowei GNU/Linux 4.13.0-45-generic up_1_day,_2_hours,_5_minutes 1.86 1.85 1.79 95426 12% 3805 50% normal normal normal 
2018-12-23__10:54:47 yuxiaowei GNU/Linux 4.13.0-45-generic up_1_day,_2_hours,_5_minutes 1.51 1.78 1.77 95426 12% 3805 50% normal normal normal 
2018-12-23__13:35:19 yuxiaowei GNU/Linux 4.9.41-v7+ up_3_weeks,_1_day,_4_hours,_32_minutes 0.61 0.66 0.61 29941 45% 927 11% normal note normal 
2018-12-23__13:36:19 yuxiaowei GNU/Linux 4.9.41-v7+ up_3_weeks,_1_day,_4_hours,_33_minutes 0.61 0.66 0.62 29941 45% 927 11% normal note normal 
2018-12-23__13:37:19 yuxiaowei GNU/Linux 4.9.41-v7+ up_3_weeks,_1_day,_4_hours,_34_minutes 0.84 0.70 0.63 29941 45% 927 11% normal note normal 
2018-12-23__13:38:19 yuxiaowei GNU/Linux 4.9.41-v7+ up_3_weeks,_1_day,_4_hours,_35_minutes 0.40 0.60 0.60 29941 45% 927 11% normal note normal 
2018-12-23__13:39:19 yuxiaowei GNU/Linux 4.9.41-v7+ up_3_weeks,_1_day,_4_hours,_36_minutes 0.53 0.61 0.61 29941 45% 927 11% normal note normal 
2018-12-23__13:40:19 yuxiaowei GNU/Linux 4.9.41-v7+ up_3_weeks,_1_day,_4_hours,_37_minutes 0.58 0.60 0.61 29941 45% 927 11% normal note normal 
2018-12-23__13:41:19 yuxiaowei GNU/Linux 4.9.41-v7+ up_3_weeks,_1_day,_4_hours,_38_minutes 0.84 0.68 0.63 29941 45% 927 11% normal note normal 
2018-12-23__13:42:24 yuxiaowei GNU/Linux 4.9.41-v7+ up_3_weeks,_1_day,_4_hours,_39_minutes 0.61 0.68 0.63 29941 45% 927 11% normal note normal 
2018-12-23__13:43:24 yuxiaowei GNU/Linux 4.9.41-v7+ up_3_weeks,_1_day,_4_hours,_40_minutes 0.38 0.60 0.61 29941 45% 927 11% normal note normal 
2018-12-23__13:44:24 yuxiaowei GNU/Linux 4.9.41-v7+ up_3_weeks,_1_day,_4_hours,_41_minutes 0.40 0.55 0.59 29941 45% 927 11% normal note normal 
2018-12-23__13:45:25 yuxiaowei GNU/Linux 4.9.41-v7+ up_3_weeks,_1_day,_4_hours,_42_minutes 1.05 0.71 0.64 29941 45% 927 11% normal note normal 
2018-12-23__13:46:25 yuxiaowei GNU/Linux 4.9.41-v7+ up_3_weeks,_1_day,_4_hours,_43_minutes 0.54 0.64 0.62 29941 45% 927 11% normal note normal 
2018-12-23__13:47:25 yuxiaowei GNU/Linux 4.9.41-v7+ up_3_weeks,_1_day,_4_hours,_44_minutes 0.37 0.58 0.60 29941 45% 927 11% normal note normal 
2018-12-23__13:48:25 yuxiaowei GNU/Linux 4.9.41-v7+ up_3_weeks,_1_day,_4_hours,_45_minutes 0.36 0.53 0.59 29941 45% 927 11% normal note normal 
2018-12-23__13:49:28 yuxiaowei GNU/Linux 4.9.41-v7+ up_3_weeks,_1_day,_4_hours,_46_minutes 0.35 0.51 0.57 29941 45% 927 11% normal note normal 
2018-12-23__13:50:28 yuxiaowei GNU/Linux 4.9.41-v7+ up_3_weeks,_1_day,_4_hours,_47_minutes 0.68 0.58 0.59 29941 45% 927 11% normal note normal 
2018-12-23__13:51:28 yuxiaowei GNU/Linux 4.9.41-v7+ up_3_weeks,_1_day,_4_hours,_48_minutes 0.63 0.58 0.59 29941 45% 927 11% normal note normal 
2018-12-23__13:52:28 yuxiaowei GNU/Linux 4.9.41-v7+ up_3_weeks,_1_day,_4_hours,_49_minutes 1.11 0.71 0.64 29941 45% 927 11% normal note normal 
2018-12-23__13:54:28 yuxiaowei GNU/Linux 4.9.41-v7+ up_3_weeks,_1_day,_4_hours,_51_minutes 0.45 0.62 0.61 29941 45% 927 11% normal note normal 
2018-12-23__13:55:28 yuxiaowei GNU/Linux 4.9.41-v7+ up_3_weeks,_1_day,_4_hours,_52_minutes 0.73 0.66 0.63 29941 45% 927 11% normal note normal 
2018-12-23__13:56:29 yuxiaowei GNU/Linux 4.9.41-v7+ up_3_weeks,_1_day,_4_hours,_53_minutes 0.73 0.66 0.63 29941 45% 927 11% normal note normal 
2018-12-23__13:57:29 yuxiaowei GNU/Linux 4.9.41-v7+ up_3_weeks,_1_day,_4_hours,_54_minutes 0.66 0.65 0.63 29941 45% 927 11% normal note normal 
2018-12-23__13:58:29 yuxiaowei GNU/Linux 4.9.41-v7+ up_3_weeks,_1_day,_4_hours,_55_minutes 1.02 0.75 0.67 29941 45% 927 11% normal note normal 
2018-12-23__13:59:29 yuxiaowei GNU/Linux 4.9.41-v7+ up_3_weeks,_1_day,_4_hours,_56_minutes 1.00 0.79 0.69 29941 45% 927 11% normal note normal 
2018-12-23__14:00:29 yuxiaowei GNU/Linux 4.9.41-v7+ up_3_weeks,_1_day,_4_hours,_57_minutes 0.53 0.69 0.66 29941 45% 927 11% normal note normal 
2018-12-23__14:01:29 yuxiaowei GNU/Linux 4.9.41-v7+ up_3_weeks,_1_day,_4_hours,_58_minutes 0.86 0.75 0.68 29941 45% 927 11% normal note normal 
2018-12-23__14:02:29 yuxiaowei GNU/Linux 4.9.41-v7+ up_3_weeks,_1_day,_4_hours,_59_minutes 1.14 0.84 0.71 29941 45% 927 11% normal note normal 
2018-12-23__14:03:29 yuxiaowei GNU/Linux 4.9.41-v7+ up_3_weeks,_1_day,_5_hours 0.67 0.77 0.70 29941 45% 927 11% normal note normal 
2018-12-23__14:04:29 yuxiaowei GNU/Linux 4.9.41-v7+ up_3_weeks,_1_day,_5_hours,_1_minute 1.12 0.87 0.74 29941 45% 927 11% normal note normal 
2018-12-23__14:05:30 yuxiaowei GNU/Linux 4.9.41-v7+ up_3_weeks,_1_day,_5_hours,_2_minutes 0.75 0.81 0.72 29941 45% 927 11% normal note normal 
2018-12-23__14:06:30 yuxiaowei GNU/Linux 4.9.41-v7+ up_3_weeks,_1_day,_5_hours,_3_minutes 1.19 0.96 0.78 29941 45% 927 11% normal note normal 
2018-12-23__14:07:30 yuxiaowei GNU/Linux 4.9.41-v7+ up_3_weeks,_1_day,_5_hours,_4_minutes 1.05 0.99 0.81 29941 45% 927 11% normal note normal 
2018-12-23__14:08:30 yuxiaowei GNU/Linux 4.9.41-v7+ up_3_weeks,_1_day,_5_hours,_5_minutes 0.71 0.89 0.79 29941 45% 927 11% normal note normal 
2018-12-23__14:09:30 yuxiaowei GNU/Linux 4.9.41-v7+ up_3_weeks,_1_day,_5_hours,_6_minutes 0.40 0.77 0.75 29941 45% 927 11% normal note normal 
2018-12-23__14:10:30 yuxiaowei GNU/Linux 4.9.41-v7+ up_3_weeks,_1_day,_5_hours,_7_minutes 0.52 0.76 0.75 29941 45% 927 11% normal note normal 
2018-12-23__14:11:30 yuxiaowei GNU/Linux 4.9.41-v7+ up_3_weeks,_1_day,_5_hours,_8_minutes 0.56 0.73 0.73 29941 45% 927 11% normal note normal 
2018-12-23__14:12:30 yuxiaowei GNU/Linux 4.9.41-v7+ up_3_weeks,_1_day,_5_hours,_9_minutes 0.98 0.81 0.76 29941 45% 927 11% normal note normal 
2018-12-23__14:13:30 yuxiaowei GNU/Linux 4.9.41-v7+ up_3_weeks,_1_day,_5_hours,_10_minutes 0.74 0.78 0.75 29941 45% 927 12% normal note normal 
2018-12-23__14:14:31 yuxiaowei GNU/Linux 4.9.41-v7+ up_3_weeks,_1_day,_5_hours,_11_minutes 0.96 0.85 0.78 29941 45% 927 11% normal note normal 
2018-12-23__14:15:31 yuxiaowei GNU/Linux 4.9.41-v7+ up_3_weeks,_1_day,_5_hours,_12_minutes 1.29 0.96 0.82 29941 45% 927 12% normal note normal 
2018-12-23__14:16:31 yuxiaowei GNU/Linux 4.9.41-v7+ up_3_weeks,_1_day,_5_hours,_13_minutes 0.82 0.89 0.81 29941 45% 927 11% normal note normal 
2018-12-23__14:17:31 yuxiaowei GNU/Linux 4.9.41-v7+ up_3_weeks,_1_day,_5_hours,_14_minutes 0.64 0.85 0.80 29941 45% 927 11% normal note normal 
2018-12-23__14:18:31 yuxiaowei GNU/Linux 4.9.41-v7+ up_3_weeks,_1_day,_5_hours,_15_minutes 1.07 0.93 0.83 29941 45% 927 11% normal note normal 
2018-12-23__14:19:31 yuxiaowei GNU/Linux 4.9.41-v7+ up_3_weeks,_1_day,_5_hours,_16_minutes 0.78 0.88 0.82 29941 45% 927 12% normal note normal 
2018-12-23__14:20:31 yuxiaowei GNU/Linux 4.9.41-v7+ up_3_weeks,_1_day,_5_hours,_17_minutes 0.62 0.83 0.81 29941 45% 927 12% normal note normal 
2018-12-23__14:21:31 yuxiaowei GNU/Linux 4.9.41-v7+ up_3_weeks,_1_day,_5_hours,_18_minutes 0.89 0.90 0.83 29941 45% 927 12% normal note normal 
2018-12-23__14:22:31 yuxiaowei GNU/Linux 4.9.41-v7+ up_3_weeks,_1_day,_5_hours,_19_minutes 0.83 0.91 0.84 29941 45% 927 12% normal note normal 
2018-12-23__14:23:32 yuxiaowei GNU/Linux 4.9.41-v7+ up_3_weeks,_1_day,_5_hours,_20_minutes 0.97 0.95 0.86 29941 45% 927 12% normal note normal 
2018-12-23__14:24:32 yuxiaowei GNU/Linux 4.9.41-v7+ up_3_weeks,_1_day,_5_hours,_21_minutes 1.40 1.09 0.92 29941 45% 927 11% normal note normal 
2018-12-23__14:25:32 yuxiaowei GNU/Linux 4.9.41-v7+ up_3_weeks,_1_day,_5_hours,_22_minutes 1.60 1.15 0.94 29941 45% 927 11% normal note normal 
2018-12-23__14:26:32 yuxiaowei GNU/Linux 4.9.41-v7+ up_3_weeks,_1_day,_5_hours,_23_minutes 0.73 0.98 0.90 29941 45% 927 11% normal note normal 
2018-12-23__14:27:32 yuxiaowei GNU/Linux 4.9.41-v7+ up_3_weeks,_1_day,_5_hours,_24_minutes 0.88 0.97 0.90 29941 45% 927 11% normal note normal 
2018-12-23__14:28:32 yuxiaowei GNU/Linux 4.9.41-v7+ up_3_weeks,_1_day,_5_hours,_25_minutes 1.04 0.97 0.90 29941 45% 927 11% normal note normal 
2018-12-23__14:29:32 yuxiaowei GNU/Linux 4.9.41-v7+ up_3_weeks,_1_day,_5_hours,_26_minutes 0.72 0.89 0.88 29941 45% 927 11% normal note normal 
2018-12-23__14:30:32 yuxiaowei GNU/Linux 4.9.41-v7+ up_3_weeks,_1_day,_5_hours,_27_minutes 0.60 0.84 0.86 29941 45% 927 11% normal note normal 
2018-12-23__14:31:33 yuxiaowei GNU/Linux 4.9.41-v7+ up_3_weeks,_1_day,_5_hours,_28_minutes 0.59 0.80 0.85 29941 45% 927 11% normal note normal 
2018-12-23__14:32:33 yuxiaowei GNU/Linux 4.9.41-v7+ up_3_weeks,_1_day,_5_hours,_29_minutes 0.81 0.80 0.84 29941 45% 927 11% normal note normal 
2018-12-23__14:33:33 yuxiaowei GNU/Linux 4.9.41-v7+ up_3_weeks,_1_day,_5_hours,_30_minutes 0.76 0.84 0.86 29941 45% 927 11% normal note normal 
2018-12-23__14:34:33 yuxiaowei GNU/Linux 4.9.41-v7+ up_3_weeks,_1_day,_5_hours,_31_minutes 0.85 0.84 0.85 29941 45% 927 11% normal note normal 
2018-12-23__14:35:33 yuxiaowei GNU/Linux 4.9.41-v7+ up_3_weeks,_1_day,_5_hours,_32_minutes 0.50 0.74 0.82 29941 45% 927 11% normal note normal 
2018-12-23__14:36:33 yuxiaowei GNU/Linux 4.9.41-v7+ up_3_weeks,_1_day,_5_hours,_33_minutes 1.05 0.86 0.85 29941 45% 927 11% normal note normal 
2018-12-23__14:37:33 yuxiaowei GNU/Linux 4.9.41-v7+ up_3_weeks,_1_day,_5_hours,_34_minutes 0.81 0.82 0.84 29941 45% 927 11% normal note normal 
2018-12-23__14:38:36 yuxiaowei GNU/Linux 4.9.41-v7+ up_3_weeks,_1_day,_5_hours,_35_minutes 0.41 0.70 0.79 29941 45% 927 11% normal note normal 
2018-12-23__14:39:36 yuxiaowei GNU/Linux 4.9.41-v7+ up_3_weeks,_1_day,_5_hours,_36_minutes 0.63 0.72 0.80 29941 45% 927 11% normal note normal 
2018-12-23__14:40:36 yuxiaowei GNU/Linux 4.9.41-v7+ up_3_weeks,_1_day,_5_hours,_37_minutes 1.06 0.83 0.83 29941 45% 927 11% normal note normal 
2018-12-23__14:41:36 yuxiaowei GNU/Linux 4.9.41-v7+ up_3_weeks,_1_day,_5_hours,_38_minutes 0.77 0.81 0.82 29941 45% 927 11% normal note normal 
2018-12-23__14:42:36 yuxiaowei GNU/Linux 4.9.41-v7+ up_3_weeks,_1_day,_5_hours,_39_minutes 0.91 0.88 0.85 29941 45% 927 11% normal note normal 
2018-12-23__14:43:37 yuxiaowei GNU/Linux 4.9.41-v7+ up_3_weeks,_1_day,_5_hours,_40_minutes 0.91 0.87 0.85 29941 45% 927 11% normal note normal 
2018-12-23__14:44:37 yuxiaowei GNU/Linux 4.9.41-v7+ up_3_weeks,_1_day,_5_hours,_41_minutes 0.66 0.81 0.82 29941 45% 927 11% normal note normal 
2018-12-23__14:45:37 yuxiaowei GNU/Linux 4.9.41-v7+ up_3_weeks,_1_day,_5_hours,_42_minutes 0.57 0.75 0.80 29941 45% 927 11% normal note normal 
2018-12-23__14:46:37 yuxiaowei GNU/Linux 4.9.41-v7+ up_3_weeks,_1_day,_5_hours,_43_minutes 0.56 0.72 0.79 29941 45% 927 11% normal note normal 
2018-12-23__14:47:37 yuxiaowei GNU/Linux 4.9.41-v7+ up_3_weeks,_1_day,_5_hours,_44_minutes 0.41 0.65 0.76 29941 45% 927 11% normal note normal 
2018-12-23__14:48:37 yuxiaowei GNU/Linux 4.9.41-v7+ up_3_weeks,_1_day,_5_hours,_45_minutes 0.64 0.68 0.76 29941 45% 927 11% normal note normal 
2018-12-23__14:49:37 yuxiaowei GNU/Linux 4.9.41-v7+ up_3_weeks,_1_day,_5_hours,_46_minutes 0.75 0.72 0.77 29941 45% 927 11% normal note normal 
2018-12-23__14:50:37 yuxiaowei GNU/Linux 4.9.41-v7+ up_3_weeks,_1_day,_5_hours,_47_minutes 0.81 0.73 0.77 29941 45% 927 11% normal note normal 
2018-12-23__14:51:37 yuxiaowei GNU/Linux 4.9.41-v7+ up_3_weeks,_1_day,_5_hours,_48_minutes 0.50 0.66 0.74 29941 45% 927 11% normal note normal 
2018-12-23__14:52:37 yuxiaowei GNU/Linux 4.9.41-v7+ up_3_weeks,_1_day,_5_hours,_49_minutes 0.97 0.79 0.78 29941 45% 927 11% normal note normal 
2018-12-23__14:53:38 yuxiaowei GNU/Linux 4.9.41-v7+ up_3_weeks,_1_day,_5_hours,_50_minutes 0.44 0.67 0.74 29941 45% 927 11% normal note normal 
2018-12-23__14:54:38 yuxiaowei GNU/Linux 4.9.41-v7+ up_3_weeks,_1_day,_5_hours,_51_minutes 0.69 0.73 0.76 29941 45% 927 11% normal note normal 
2018-12-23__14:55:38 yuxiaowei GNU/Linux 4.9.41-v7+ up_3_weeks,_1_day,_5_hours,_52_minutes 0.64 0.69 0.74 29941 45% 927 12% normal note normal 
2018-12-23__14:56:38 yuxiaowei GNU/Linux 4.9.41-v7+ up_3_weeks,_1_day,_5_hours,_53_minutes 0.61 0.65 0.72 29941 45% 927 12% normal note normal 
2018-12-23__14:57:38 yuxiaowei GNU/Linux 4.9.41-v7+ up_3_weeks,_1_day,_5_hours,_54_minutes 0.75 0.68 0.73 29941 45% 927 12% normal note normal 
2018-12-23__14:58:38 yuxiaowei GNU/Linux 4.9.41-v7+ up_3_weeks,_1_day,_5_hours,_55_minutes 0.89 0.77 0.76 29941 45% 927 12% normal note normal 
2018-12-23__14:59:38 yuxiaowei GNU/Linux 4.9.41-v7+ up_3_weeks,_1_day,_5_hours,_56_minutes 0.45 0.67 0.72 29941 45% 927 12% normal note normal 
2018-12-23__15:00:38 yuxiaowei GNU/Linux 4.9.41-v7+ up_3_weeks,_1_day,_5_hours,_57_minutes 0.68 0.69 0.73 29941 45% 927 12% normal note normal 
2018-12-23__15:01:39 yuxiaowei GNU/Linux 4.9.41-v7+ up_3_weeks,_1_day,_5_hours,_58_minutes 0.68 0.70 0.73 29941 45% 927 12% normal note normal 
2018-12-23__15:38:03 yuxiaowei GNU/Linux 4.9.41-v7+ up_3_weeks,_1_day,_6_hours,_34_minutes 0.40 0.45 0.52 29941 45% 927 11% normal note normal 
2018-12-23__15:39:03 yuxiaowei GNU/Linux 4.9.41-v7+ up_3_weeks,_1_day,_6_hours,_35_minutes 0.41 0.44 0.52 29941 45% 927 10% normal note normal 
2018-12-23__15:40:04 yuxiaowei GNU/Linux 4.9.41-v7+ up_3_weeks,_1_day,_6_hours,_36_minutes 0.42 0.44 0.51 29941 45% 927 11% normal note normal 
2018-12-23__15:41:04 yuxiaowei GNU/Linux 4.9.41-v7+ up_3_weeks,_1_day,_6_hours,_37_minutes 0.53 0.48 0.52 29941 45% 927 10% normal note normal 
2018-12-23__15:42:04 yuxiaowei GNU/Linux 4.9.41-v7+ up_3_weeks,_1_day,_6_hours,_38_minutes 0.43 0.46 0.51 29941 45% 927 11% normal note normal 
2018-12-23__15:43:04 yuxiaowei GNU/Linux 4.9.41-v7+ up_3_weeks,_1_day,_6_hours,_39_minutes 0.64 0.52 0.53 29941 45% 927 11% normal note normal 
2018-12-23__15:44:05 yuxiaowei GNU/Linux 4.9.41-v7+ up_3_weeks,_1_day,_6_hours,_40_minutes 0.41 0.47 0.51 29941 45% 927 10% normal note normal 
2018-12-23__15:45:06 yuxiaowei GNU/Linux 4.9.41-v7+ up_3_weeks,_1_day,_6_hours,_41_minutes 0.23 0.41 0.49 29941 45% 927 10% normal note normal 
2018-12-23__15:46:06 yuxiaowei GNU/Linux 4.9.41-v7+ up_3_weeks,_1_day,_6_hours,_42_minutes 0.51 0.46 0.50 29941 45% 927 10% normal note normal 
2018-12-23__15:47:06 yuxiaowei GNU/Linux 4.9.41-v7+ up_3_weeks,_1_day,_6_hours,_43_minutes 0.51 0.48 0.50 29941 45% 927 11% normal note normal 
2018-12-23__15:48:06 yuxiaowei GNU/Linux 4.9.41-v7+ up_3_weeks,_1_day,_6_hours,_44_minutes 0.59 0.53 0.52 29941 45% 927 11% normal note normal 
2018-12-23__15:49:06 yuxiaowei GNU/Linux 4.9.41-v7+ up_3_weeks,_1_day,_6_hours,_45_minutes 0.52 0.51 0.52 29941 45% 927 11% normal note normal 
2018-12-23__15:50:06 yuxiaowei GNU/Linux 4.9.41-v7+ up_3_weeks,_1_day,_6_hours,_46_minutes 0.50 0.50 0.51 29941 45% 927 10% normal note normal 
2018-12-23__15:51:06 yuxiaowei GNU/Linux 4.9.41-v7+ up_3_weeks,_1_day,_6_hours,_47_minutes 0.72 0.55 0.53 29941 45% 927 11% normal note normal 
2018-12-23__15:52:06 yuxiaowei GNU/Linux 4.9.41-v7+ up_3_weeks,_1_day,_6_hours,_48_minutes 1.01 0.65 0.56 29941 45% 927 11% normal note normal 
2018-12-23__15:53:06 yuxiaowei GNU/Linux 4.9.41-v7+ up_3_weeks,_1_day,_6_hours,_49_minutes 0.91 0.67 0.57 29941 45% 927 11% normal note normal 
2018-12-23__15:54:09 yuxiaowei GNU/Linux 4.9.41-v7+ up_3_weeks,_1_day,_6_hours,_50_minutes 0.87 0.71 0.59 29941 45% 927 11% normal note normal 
2018-12-23__15:55:09 yuxiaowei GNU/Linux 4.9.41-v7+ up_3_weeks,_1_day,_6_hours,_51_minutes 0.85 0.71 0.60 29941 45% 927 11% normal note normal 
2018-12-23__15:56:51 yuxiaowei GNU/Linux 4.9.41-v7+ up_3_weeks,_1_day,_6_hours,_53_minutes 0.81 0.69 0.60 29941 45% 927 11% normal note normal 
2018-12-23__15:57:51 yuxiaowei GNU/Linux 4.9.41-v7+ up_3_weeks,_1_day,_6_hours,_54_minutes 0.93 0.73 0.62 29941 45% 927 11% normal note normal 
2018-12-23__15:58:51 yuxiaowei GNU/Linux 4.9.41-v7+ up_3_weeks,_1_day,_6_hours,_55_minutes 1.02 0.81 0.65 29941 45% 927 11% normal note normal 
2018-12-23__15:59:51 yuxiaowei GNU/Linux 4.9.41-v7+ up_3_weeks,_1_day,_6_hours,_56_minutes 1.12 0.88 0.69 29941 45% 927 11% normal note normal 
2018-12-23__16:00:51 yuxiaowei GNU/Linux 4.9.41-v7+ up_3_weeks,_1_day,_6_hours,_57_minutes 1.02 0.90 0.70 29941 45% 927 11% normal note normal 
2018-12-23__16:01:51 yuxiaowei GNU/Linux 4.9.41-v7+ up_3_weeks,_1_day,_6_hours,_58_minutes 0.63 0.81 0.69 29941 45% 927 11% normal note normal 
2018-12-23__16:02:52 yuxiaowei GNU/Linux 4.9.41-v7+ up_3_weeks,_1_day,_6_hours,_59_minutes 0.89 0.87 0.72 29941 45% 927 11% normal note normal 
2018-12-23__16:03:55 yuxiaowei GNU/Linux 4.9.41-v7+ up_3_weeks,_1_day,_7_hours 1.20 0.98 0.77 29941 45% 927 11% normal note normal 
2018-12-23__16:04:55 yuxiaowei GNU/Linux 4.9.41-v7+ up_3_weeks,_1_day,_7_hours,_1_minute 1.11 1.05 0.80 29941 45% 927 11% normal note normal 
2018-12-23__16:05:56 yuxiaowei GNU/Linux 4.9.41-v7+ up_3_weeks,_1_day,_7_hours,_2_minutes 1.29 1.11 0.84 29941 45% 927 11% normal note normal 
2018-12-23__16:06:56 yuxiaowei GNU/Linux 4.9.41-v7+ up_3_weeks,_1_day,_7_hours,_3_minutes 0.94 1.07 0.85 29941 45% 927 11% normal note normal 
2018-12-23__16:07:56 yuxiaowei GNU/Linux 4.9.41-v7+ up_3_weeks,_1_day,_7_hours,_4_minutes 1.01 1.08 0.87 29941 45% 927 11% normal note normal 
2018-12-23__16:08:57 yuxiaowei GNU/Linux 4.9.41-v7+ up_3_weeks,_1_day,_7_hours,_5_minutes 0.92 1.01 0.85 29941 45% 927 12% normal note normal 
2018-12-23__16:09:58 yuxiaowei GNU/Linux 4.9.41-v7+ up_3_weeks,_1_day,_7_hours,_6_minutes 0.70 0.93 0.83 29941 45% 927 12% normal note normal 
2018-12-23__16:10:58 yuxiaowei GNU/Linux 4.9.41-v7+ up_3_weeks,_1_day,_7_hours,_7_minutes 0.55 0.86 0.82 29941 45% 927 12% normal note normal 
2018-12-23__16:11:58 yuxiaowei GNU/Linux 4.9.41-v7+ up_3_weeks,_1_day,_7_hours,_8_minutes 1.09 1.00 0.87 29941 45% 927 12% normal note normal 
2018-12-23__16:12:58 yuxiaowei GNU/Linux 4.9.41-v7+ up_3_weeks,_1_day,_7_hours,_9_minutes 1.03 1.01 0.88 29941 45% 927 11% normal note normal 
2018-12-23__16:13:59 yuxiaowei GNU/Linux 4.9.41-v7+ up_3_weeks,_1_day,_7_hours,_10_minutes 0.72 0.94 0.87 29941 45% 927 11% normal note normal 
2018-12-23__16:14:59 yuxiaowei GNU/Linux 4.9.41-v7+ up_3_weeks,_1_day,_7_hours,_11_minutes 0.81 0.93 0.87 29941 45% 927 11% normal note normal 
2018-12-23__16:15:59 yuxiaowei GNU/Linux 4.9.41-v7+ up_3_weeks,_1_day,_7_hours,_12_minutes 0.70 0.90 0.87 29941 45% 927 11% normal note normal 
2018-12-23__16:17:00 yuxiaowei GNU/Linux 4.9.41-v7+ up_3_weeks,_1_day,_7_hours,_13_minutes 0.63 0.84 0.85 29941 45% 927 11% normal note normal 
2018-12-23__16:18:00 yuxiaowei GNU/Linux 4.9.41-v7+ up_3_weeks,_1_day,_7_hours,_14_minutes 0.85 0.87 0.86 29941 45% 927 11% normal note normal 
2018-12-23__16:19:01 yuxiaowei GNU/Linux 4.9.41-v7+ up_3_weeks,_1_day,_7_hours,_15_minutes 1.50 1.00 0.90 29941 45% 927 11% normal note normal 
2018-12-23__16:20:01 yuxiaowei GNU/Linux 4.9.41-v7+ up_3_weeks,_1_day,_7_hours,_16_minutes 0.95 0.91 0.87 29941 45% 927 11% normal note normal 
2018-12-23__16:21:02 yuxiaowei GNU/Linux 4.9.41-v7+ up_3_weeks,_1_day,_7_hours,_17_minutes 0.87 0.90 0.87 29941 45% 927 11% normal note normal 
2018-12-23__16:22:04 yuxiaowei GNU/Linux 4.9.41-v7+ up_3_weeks,_1_day,_7_hours,_18_minutes 0.59 0.81 0.84 29941 45% 927 11% normal note normal 
2018-12-23__16:23:07 yuxiaowei GNU/Linux 4.9.41-v7+ up_3_weeks,_1_day,_7_hours,_19_minutes 0.83 0.87 0.86 29941 45% 927 11% normal note normal 
2018-12-23__16:24:07 yuxiaowei GNU/Linux 4.9.41-v7+ up_3_weeks,_1_day,_7_hours,_20_minutes 0.46 0.75 0.82 29941 45% 927 11% normal note normal 
2018-12-23__16:25:07 yuxiaowei GNU/Linux 4.9.41-v7+ up_3_weeks,_1_day,_7_hours,_21_minutes 0.46 0.70 0.80 29941 45% 927 11% normal note normal 
2018-12-23__16:26:07 yuxiaowei GNU/Linux 4.9.41-v7+ up_3_weeks,_1_day,_7_hours,_22_minutes 0.91 0.78 0.82 29941 45% 927 11% normal note normal 
2018-12-23__16:27:08 yuxiaowei GNU/Linux 4.9.41-v7+ up_3_weeks,_1_day,_7_hours,_23_minutes 1.13 0.89 0.86 29941 45% 927 11% normal note normal 
2018-12-23__16:28:09 yuxiaowei GNU/Linux 4.9.41-v7+ up_3_weeks,_1_day,_7_hours,_24_minutes 1.16 0.90 0.86 29941 45% 927 11% normal note normal 
2018-12-23__16:29:09 yuxiaowei GNU/Linux 4.9.41-v7+ up_3_weeks,_1_day,_7_hours,_25_minutes 0.61 0.80 0.82 29941 45% 927 11% normal note normal 
2018-12-23__16:30:10 yuxiaowei GNU/Linux 4.9.41-v7+ up_3_weeks,_1_day,_7_hours,_26_minutes 0.45 0.74 0.80 29941 45% 927 11% normal note normal 
2018-12-23__16:31:10 yuxiaowei GNU/Linux 4.9.41-v7+ up_3_weeks,_1_day,_7_hours,_27_minutes 0.36 0.66 0.77 29941 45% 927 11% normal note normal 
2018-12-23__16:32:10 yuxiaowei GNU/Linux 4.9.41-v7+ up_3_weeks,_1_day,_7_hours,_28_minutes 0.45 0.64 0.76 29941 45% 927 11% normal note normal 
2018-12-23__16:33:14 yuxiaowei GNU/Linux 4.9.41-v7+ up_3_weeks,_1_day,_7_hours,_30_minutes 0.63 0.66 0.76 29941 45% 927 11% normal note normal 
2018-12-23__16:34:15 yuxiaowei GNU/Linux 4.9.41-v7+ up_3_weeks,_1_day,_7_hours,_31_minutes 0.33 0.57 0.72 29941 45% 927 11% normal note normal 
2018-12-23__16:35:18 yuxiaowei GNU/Linux 4.9.41-v7+ up_3_weeks,_1_day,_7_hours,_32_minutes 0.60 0.60 0.72 29941 45% 927 11% normal note normal 
2018-12-23__16:36:18 yuxiaowei GNU/Linux 4.9.41-v7+ up_3_weeks,_1_day,_7_hours,_33_minutes 0.81 0.65 0.73 29941 45% 927 11% normal note normal 
2018-12-23__16:37:18 yuxiaowei GNU/Linux 4.9.41-v7+ up_3_weeks,_1_day,_7_hours,_34_minutes 0.66 0.64 0.72 29941 45% 927 11% normal note normal 
2018-12-23__16:38:19 yuxiaowei GNU/Linux 4.9.41-v7+ up_3_weeks,_1_day,_7_hours,_35_minutes 0.69 0.67 0.73 29941 45% 927 11% normal note normal 
2018-12-23__16:39:22 yuxiaowei GNU/Linux 4.9.41-v7+ up_3_weeks,_1_day,_7_hours,_36_minutes 0.52 0.64 0.71 29941 45% 927 11% normal note normal 
2018-12-23__16:40:27 yuxiaowei GNU/Linux 4.9.41-v7+ up_3_weeks,_1_day,_7_hours,_37_minutes 0.55 0.63 0.71 29941 45% 927 11% normal note normal 
2018-12-23__16:41:29 yuxiaowei GNU/Linux 4.9.41-v7+ up_3_weeks,_1_day,_7_hours,_38_minutes 0.48 0.60 0.69 29941 45% 927 11% normal note normal 
2018-12-23__16:42:30 yuxiaowei GNU/Linux 4.9.41-v7+ up_3_weeks,_1_day,_7_hours,_39_minutes 0.88 0.69 0.72 29941 45% 927 11% normal note normal 
2018-12-23__16:43:30 yuxiaowei GNU/Linux 4.9.41-v7+ up_3_weeks,_1_day,_7_hours,_40_minutes 0.66 0.67 0.71 29941 45% 927 11% normal note normal 
2018-12-23__16:44:32 yuxiaowei GNU/Linux 4.9.41-v7+ up_3_weeks,_1_day,_7_hours,_41_minutes 0.51 0.64 0.70 29941 45% 927 11% normal note normal 
2018-12-23__16:45:33 yuxiaowei GNU/Linux 4.9.41-v7+ up_3_weeks,_1_day,_7_hours,_42_minutes 0.46 0.62 0.69 29941 45% 927 11% normal note normal 
2018-12-23__16:46:33 yuxiaowei GNU/Linux 4.9.41-v7+ up_3_weeks,_1_day,_7_hours,_43_minutes 0.80 0.69 0.71 29941 45% 927 11% normal note normal 
2018-12-23__16:47:33 yuxiaowei GNU/Linux 4.9.41-v7+ up_3_weeks,_1_day,_7_hours,_44_minutes 1.13 0.79 0.75 29941 45% 927 11% normal note normal 
2018-12-23__16:48:33 yuxiaowei GNU/Linux 4.9.41-v7+ up_3_weeks,_1_day,_7_hours,_45_minutes 0.74 0.75 0.73 29941 45% 927 11% normal note normal 
2018-12-23__16:49:54 yuxiaowei GNU/Linux 4.13.0-45-generic up_1_day,_8_hours 1.67 1.54 1.62 95426 12% 3805 43% normal normal normal 
2018-12-23__16:50:34 yuxiaowei GNU/Linux 4.9.41-v7+ up_3_weeks,_1_day,_7_hours,_47_minutes 0.52 0.65 0.70 29941 45% 927 11% normal note normal 
2018-12-23__16:51:34 yuxiaowei GNU/Linux 4.9.41-v7+ up_3_weeks,_1_day,_7_hours,_48_minutes 0.66 0.68 0.71 29941 45% 927 11% normal note normal 
2018-12-23__16:52:34 yuxiaowei GNU/Linux 4.9.41-v7+ up_3_weeks,_1_day,_7_hours,_49_minutes 0.65 0.66 0.70 29941 45% 927 11% normal note normal 
2018-12-23__16:53:34 yuxiaowei GNU/Linux 4.9.41-v7+ up_3_weeks,_1_day,_7_hours,_50_minutes 0.49 0.63 0.69 29941 45% 927 11% normal note normal 
2018-12-23__16:54:34 yuxiaowei GNU/Linux 4.9.41-v7+ up_3_weeks,_1_day,_7_hours,_51_minutes 0.60 0.62 0.68 29941 45% 927 11% normal note normal 
2018-12-23__16:55:34 yuxiaowei GNU/Linux 4.9.41-v7+ up_3_weeks,_1_day,_7_hours,_52_minutes 0.70 0.66 0.69 29941 45% 927 11% normal note normal 
2018-12-23__16:56:35 yuxiaowei GNU/Linux 4.9.41-v7+ up_3_weeks,_1_day,_7_hours,_53_minutes 1.27 0.78 0.72 29941 45% 927 11% normal note normal 
2018-12-23__16:57:35 yuxiaowei GNU/Linux 4.9.41-v7+ up_3_weeks,_1_day,_7_hours,_54_minutes 0.92 0.76 0.72 29941 45% 927 11% normal note normal 
2018-12-23__16:58:35 yuxiaowei GNU/Linux 4.9.41-v7+ up_3_weeks,_1_day,_7_hours,_55_minutes 1.10 0.82 0.74 29941 45% 927 11% normal note normal 
2018-12-23__16:59:35 yuxiaowei GNU/Linux 4.9.41-v7+ up_3_weeks,_1_day,_7_hours,_56_minutes 0.86 0.78 0.73 29941 45% 927 11% normal note normal 
2018-12-23__17:00:35 yuxiaowei GNU/Linux 4.9.41-v7+ up_3_weeks,_1_day,_7_hours,_57_minutes 0.83 0.80 0.74 29941 45% 927 11% normal note normal 
2018-12-23__17:01:35 yuxiaowei GNU/Linux 4.9.41-v7+ up_3_weeks,_1_day,_7_hours,_58_minutes 0.62 0.75 0.72 29941 45% 927 11% normal note normal 
2018-12-23__17:02:35 yuxiaowei GNU/Linux 4.9.41-v7+ up_3_weeks,_1_day,_7_hours,_59_minutes 1.27 0.90 0.78 29941 45% 927 11% normal note normal 
2018-12-23__17:03:35 yuxiaowei GNU/Linux 4.9.41-v7+ up_3_weeks,_1_day,_8_hours 0.93 0.89 0.78 29941 45% 927 11% normal note normal 
2018-12-23__17:04:35 yuxiaowei GNU/Linux 4.9.41-v7+ up_3_weeks,_1_day,_8_hours,_1_minute 0.77 0.83 0.77 29941 45% 927 11% normal note normal 
2018-12-23__17:05:35 yuxiaowei GNU/Linux 4.9.41-v7+ up_3_weeks,_1_day,_8_hours,_2_minutes 0.74 0.82 0.77 29941 45% 927 11% normal note normal 
2018-12-23__17:06:36 yuxiaowei GNU/Linux 4.9.41-v7+ up_3_weeks,_1_day,_8_hours,_3_minutes 0.65 0.78 0.76 29941 45% 927 11% normal note normal 
2018-12-23__17:07:36 yuxiaowei GNU/Linux 4.9.41-v7+ up_3_weeks,_1_day,_8_hours,_4_minutes 0.89 0.79 0.76 29941 45% 927 11% normal note normal 
2018-12-23__17:08:36 yuxiaowei GNU/Linux 4.9.41-v7+ up_3_weeks,_1_day,_8_hours,_5_minutes 0.75 0.77 0.75 29941 45% 927 11% normal note normal 
2018-12-23__17:09:36 yuxiaowei GNU/Linux 4.9.41-v7+ up_3_weeks,_1_day,_8_hours,_6_minutes 0.73 0.74 0.74 29941 45% 927 11% normal note normal 
2018-12-23__17:10:36 yuxiaowei GNU/Linux 4.9.41-v7+ up_3_weeks,_1_day,_8_hours,_7_minutes 0.76 0.75 0.74 29941 45% 927 11% normal note normal 
2018-12-23__17:11:36 yuxiaowei GNU/Linux 4.9.41-v7+ up_3_weeks,_1_day,_8_hours,_8_minutes 0.72 0.73 0.73 29941 45% 927 11% normal note normal 
2018-12-23__17:12:36 yuxiaowei GNU/Linux 4.9.41-v7+ up_3_weeks,_1_day,_8_hours,_9_minutes 1.03 0.81 0.76 29941 45% 927 11% normal note normal 
2018-12-23__17:13:36 yuxiaowei GNU/Linux 4.9.41-v7+ up_3_weeks,_1_day,_8_hours,_10_minutes 1.07 0.85 0.77 29941 45% 927 11% normal note normal 
2018-12-23__17:14:36 yuxiaowei GNU/Linux 4.9.41-v7+ up_3_weeks,_1_day,_8_hours,_11_minutes 0.97 0.86 0.78 29941 45% 927 11% normal note normal 
2018-12-23__17:15:37 yuxiaowei GNU/Linux 4.9.41-v7+ up_3_weeks,_1_day,_8_hours,_12_minutes 0.82 0.86 0.79 29941 45% 927 11% normal note normal 
2018-12-23__17:16:37 yuxiaowei GNU/Linux 4.9.41-v7+ up_3_weeks,_1_day,_8_hours,_13_minutes 0.93 0.87 0.80 29941 45% 927 12% normal note normal 
2018-12-23__17:17:37 yuxiaowei GNU/Linux 4.9.41-v7+ up_3_weeks,_1_day,_8_hours,_14_minutes 1.01 0.91 0.82 29941 45% 927 11% normal note normal 
2018-12-23__17:18:37 yuxiaowei GNU/Linux 4.9.41-v7+ up_3_weeks,_1_day,_8_hours,_15_minutes 1.17 0.95 0.84 29941 45% 927 11% normal note normal 
2018-12-23__17:19:37 yuxiaowei GNU/Linux 4.9.41-v7+ up_3_weeks,_1_day,_8_hours,_16_minutes 0.92 0.93 0.83 29941 45% 927 12% normal note normal 
2018-12-23__17:20:37 yuxiaowei GNU/Linux 4.9.41-v7+ up_3_weeks,_1_day,_8_hours,_17_minutes 0.73 0.89 0.83 29941 45% 927 11% normal note normal 
2018-12-23__17:21:37 yuxiaowei GNU/Linux 4.9.41-v7+ up_3_weeks,_1_day,_8_hours,_18_minutes 0.77 0.87 0.82 29941 45% 927 11% normal note normal 
2018-12-23__17:22:37 yuxiaowei GNU/Linux 4.9.41-v7+ up_3_weeks,_1_day,_8_hours,_19_minutes 0.73 0.83 0.81 29941 45% 927 11% normal note normal 
2018-12-23__17:23:37 yuxiaowei GNU/Linux 4.9.41-v7+ up_3_weeks,_1_day,_8_hours,_20_minutes 1.02 0.92 0.84 29941 45% 927 11% normal note normal 
2018-12-23__17:24:38 yuxiaowei GNU/Linux 4.9.41-v7+ up_3_weeks,_1_day,_8_hours,_21_minutes 1.37 1.00 0.87 29941 45% 927 11% normal note normal 
2018-12-23__17:25:38 yuxiaowei GNU/Linux 4.9.41-v7+ up_3_weeks,_1_day,_8_hours,_22_minutes 0.83 0.92 0.85 29941 45% 927 11% normal note normal 
2018-12-23__17:26:38 yuxiaowei GNU/Linux 4.9.41-v7+ up_3_weeks,_1_day,_8_hours,_23_minutes 0.51 0.81 0.82 29941 45% 927 11% normal note normal 
2018-12-23__17:27:38 yuxiaowei GNU/Linux 4.9.41-v7+ up_3_weeks,_1_day,_8_hours,_24_minutes 0.70 0.84 0.83 29941 45% 927 11% normal note normal 
2018-12-23__17:28:38 yuxiaowei GNU/Linux 4.9.41-v7+ up_3_weeks,_1_day,_8_hours,_25_minutes 1.28 0.97 0.87 29941 45% 927 12% normal note normal 
2018-12-23__17:29:38 yuxiaowei GNU/Linux 4.9.41-v7+ up_3_weeks,_1_day,_8_hours,_26_minutes 0.69 0.86 0.84 29941 45% 927 11% normal note normal 
2018-12-23__17:30:38 yuxiaowei GNU/Linux 4.9.41-v7+ up_3_weeks,_1_day,_8_hours,_27_minutes 0.73 0.85 0.84 29941 45% 927 12% normal note normal 
2018-12-23__17:31:38 yuxiaowei GNU/Linux 4.9.41-v7+ up_3_weeks,_1_day,_8_hours,_28_minutes 0.61 0.79 0.82 29941 45% 927 12% normal note normal 
2018-12-23__17:32:39 yuxiaowei GNU/Linux 4.9.41-v7+ up_3_weeks,_1_day,_8_hours,_29_minutes 0.61 0.75 0.80 29941 45% 927 12% normal note normal 
2018-12-23__17:33:39 yuxiaowei GNU/Linux 4.9.41-v7+ up_3_weeks,_1_day,_8_hours,_30_minutes 1.22 0.87 0.84 29941 45% 927 12% normal note normal 
2018-12-23__17:34:39 yuxiaowei GNU/Linux 4.9.41-v7+ up_3_weeks,_1_day,_8_hours,_31_minutes 0.91 0.86 0.84 29941 45% 927 11% normal note normal 
2018-12-23__17:35:39 yuxiaowei GNU/Linux 4.9.41-v7+ up_3_weeks,_1_day,_8_hours,_32_minutes 0.96 0.87 0.84 29941 45% 927 11% normal note normal 
2018-12-23__17:36:39 yuxiaowei GNU/Linux 4.9.41-v7+ up_3_weeks,_1_day,_8_hours,_33_minutes 0.82 0.85 0.83 29941 45% 927 11% normal note normal 
2018-12-23__17:37:39 yuxiaowei GNU/Linux 4.9.41-v7+ up_3_weeks,_1_day,_8_hours,_34_minutes 0.53 0.77 0.81 29941 45% 927 11% normal note normal 
2018-12-23__16:59:22 yuxiaowei GNU/Linux 4.13.0-45-generic up_1_day,_8_hours,_10_minutes 1.51 1.54 1.64 95426 12% 3805 38% normal normal normal 
2018-12-23__17:38:05 yuxiaowei GNU/Linux 4.13.0-45-generic up_1_day,_8_hours,_48_minutes 3.80 3.96 3.46 95426 12% 3805 43% normal normal normal 
2018-12-23__17:39:05 yuxiaowei GNU/Linux 4.13.0-45-generic up_1_day,_8_hours,_49_minutes 3.68 3.92 3.47 95426 12% 3805 43% normal normal normal 
2018-12-23__17:42:47 yuxiaowei GNU/Linux 4.9.41-v7+ up_3_weeks,_1_day,_8_hours,_39_minutes 0.72 0.70 0.77 29941 45% 927 11% normal note normal 
2018-12-23__17:43:48 yuxiaowei GNU/Linux 4.9.41-v7+ up_3_weeks,_1_day,_8_hours,_40_minutes 0.88 0.76 0.78 29941 45% 927 11% normal note normal 
2018-12-23__17:44:48 yuxiaowei GNU/Linux 4.9.41-v7+ up_3_weeks,_1_day,_8_hours,_41_minutes 0.61 0.71 0.76 29941 45% 927 11% normal note normal 
2018-12-23__17:45:48 yuxiaowei GNU/Linux 4.9.41-v7+ up_3_weeks,_1_day,_8_hours,_42_minutes 1.00 0.81 0.80 29941 45% 927 11% normal note normal 
2018-12-23__17:46:48 yuxiaowei GNU/Linux 4.9.41-v7+ up_3_weeks,_1_day,_8_hours,_43_minutes 0.73 0.75 0.78 29941 45% 927 11% normal note normal 
2018-12-23__17:47:48 yuxiaowei GNU/Linux 4.9.41-v7+ up_3_weeks,_1_day,_8_hours,_44_minutes 0.80 0.76 0.78 29941 45% 927 11% normal note normal 
2018-12-23__17:48:48 yuxiaowei GNU/Linux 4.9.41-v7+ up_3_weeks,_1_day,_8_hours,_45_minutes 0.62 0.72 0.76 29941 45% 927 11% normal note normal 
2018-12-23__17:49:48 yuxiaowei GNU/Linux 4.9.41-v7+ up_3_weeks,_1_day,_8_hours,_46_minutes 0.84 0.76 0.77 29941 45% 927 11% normal note normal 
2018-12-23__17:50:48 yuxiaowei GNU/Linux 4.9.41-v7+ up_3_weeks,_1_day,_8_hours,_47_minutes 0.68 0.75 0.77 29941 45% 927 11% normal note normal 
2018-12-23__17:51:49 yuxiaowei GNU/Linux 4.9.41-v7+ up_3_weeks,_1_day,_8_hours,_48_minutes 0.49 0.69 0.75 29941 45% 927 11% normal note normal 
2018-12-23__17:52:49 yuxiaowei GNU/Linux 4.9.41-v7+ up_3_weeks,_1_day,_8_hours,_49_minutes 0.78 0.73 0.76 29941 45% 927 11% normal note normal 
2018-12-23__17:53:49 yuxiaowei GNU/Linux 4.9.41-v7+ up_3_weeks,_1_day,_8_hours,_50_minutes 1.04 0.82 0.79 29941 45% 927 11% normal note normal 
2018-12-23__17:54:49 yuxiaowei GNU/Linux 4.9.41-v7+ up_3_weeks,_1_day,_8_hours,_51_minutes 0.79 0.78 0.77 29941 45% 927 11% normal note normal 
2018-12-23__17:55:49 yuxiaowei GNU/Linux 4.9.41-v7+ up_3_weeks,_1_day,_8_hours,_52_minutes 0.92 0.83 0.79 29941 45% 927 11% normal note normal 
2018-12-23__17:56:49 yuxiaowei GNU/Linux 4.9.41-v7+ up_3_weeks,_1_day,_8_hours,_53_minutes 0.90 0.86 0.81 29941 45% 927 11% normal note normal 
2018-12-23__17:57:49 yuxiaowei GNU/Linux 4.9.41-v7+ up_3_weeks,_1_day,_8_hours,_54_minutes 0.63 0.80 0.80 29941 45% 927 11% normal note normal 
2018-12-23__17:58:49 yuxiaowei GNU/Linux 4.9.41-v7+ up_3_weeks,_1_day,_8_hours,_55_minutes 0.75 0.81 0.80 29941 45% 927 11% normal note normal 
2018-12-23__17:59:49 yuxiaowei GNU/Linux 4.9.41-v7+ up_3_weeks,_1_day,_8_hours,_56_minutes 0.79 0.82 0.81 29941 45% 927 11% normal note normal 
2018-12-23__18:00:50 yuxiaowei GNU/Linux 4.9.41-v7+ up_3_weeks,_1_day,_8_hours,_57_minutes 0.99 0.87 0.82 29941 45% 927 11% normal note normal 
2018-12-23__18:01:50 yuxiaowei GNU/Linux 4.9.41-v7+ up_3_weeks,_1_day,_8_hours,_58_minutes 0.71 0.83 0.81 29941 45% 927 11% normal note normal 
2018-12-23__18:02:50 yuxiaowei GNU/Linux 4.9.41-v7+ up_3_weeks,_1_day,_8_hours,_59_minutes 0.69 0.79 0.80 29941 45% 927 11% normal note normal 
2018-12-23__18:03:50 yuxiaowei GNU/Linux 4.9.41-v7+ up_3_weeks,_1_day,_9_hours 0.59 0.74 0.78 29941 45% 927 11% normal note normal 
2018-12-23__18:04:50 yuxiaowei GNU/Linux 4.9.41-v7+ up_3_weeks,_1_day,_9_hours,_1_minute 0.72 0.73 0.77 29941 45% 927 11% normal note normal 
2018-12-23__18:05:50 yuxiaowei GNU/Linux 4.9.41-v7+ up_3_weeks,_1_day,_9_hours,_2_minutes 0.55 0.67 0.75 29941 45% 927 11% normal note normal 
2018-12-23__18:06:50 yuxiaowei GNU/Linux 4.9.41-v7+ up_3_weeks,_1_day,_9_hours,_3_minutes 0.54 0.63 0.73 29941 45% 927 12% normal note normal 
2018-12-23__18:07:54 yuxiaowei GNU/Linux 4.9.41-v7+ up_3_weeks,_1_day,_9_hours,_4_minutes 0.56 0.64 0.73 29941 45% 927 11% normal note normal 
2018-12-23__18:08:55 yuxiaowei GNU/Linux 4.9.41-v7+ up_3_weeks,_1_day,_9_hours,_5_minutes 1.06 0.75 0.76 29941 45% 927 11% normal note normal 
2018-12-23__18:09:55 yuxiaowei GNU/Linux 4.9.41-v7+ up_3_weeks,_1_day,_9_hours,_6_minutes 0.70 0.70 0.74 29941 45% 927 11% normal note normal 
2018-12-23__18:10:55 yuxiaowei GNU/Linux 4.9.41-v7+ up_3_weeks,_1_day,_9_hours,_7_minutes 1.01 0.77 0.76 29941 45% 927 11% normal note normal 
2018-12-23__18:11:55 yuxiaowei GNU/Linux 4.9.41-v7+ up_3_weeks,_1_day,_9_hours,_8_minutes 1.21 0.89 0.80 29941 45% 927 11% normal note normal 
2018-12-23__18:12:55 yuxiaowei GNU/Linux 4.9.41-v7+ up_3_weeks,_1_day,_9_hours,_9_minutes 0.98 0.87 0.80 29941 45% 927 11% normal note normal 
2018-12-23__18:13:55 yuxiaowei GNU/Linux 4.9.41-v7+ up_3_weeks,_1_day,_9_hours,_10_minutes 0.90 0.87 0.81 29941 45% 927 11% normal note normal 
2018-12-23__18:14:56 yuxiaowei GNU/Linux 4.9.41-v7+ up_3_weeks,_1_day,_9_hours,_11_minutes 0.45 0.75 0.77 29941 45% 927 12% normal note normal 
2018-12-23__18:15:56 yuxiaowei GNU/Linux 4.9.41-v7+ up_3_weeks,_1_day,_9_hours,_12_minutes 0.63 0.74 0.76 29941 45% 927 12% normal note normal 
2018-12-23__18:16:57 yuxiaowei GNU/Linux 4.9.41-v7+ up_3_weeks,_1_day,_9_hours,_13_minutes 0.75 0.76 0.77 29941 45% 927 11% normal note normal 
2018-12-23__18:17:57 yuxiaowei GNU/Linux 4.9.41-v7+ up_3_weeks,_1_day,_9_hours,_14_minutes 0.84 0.80 0.78 29941 45% 927 12% normal note normal 
2018-12-23__18:18:57 yuxiaowei GNU/Linux 4.9.41-v7+ up_3_weeks,_1_day,_9_hours,_15_minutes 0.86 0.83 0.80 29941 45% 927 12% normal note normal 
2018-12-23__18:19:57 yuxiaowei GNU/Linux 4.9.41-v7+ up_3_weeks,_1_day,_9_hours,_16_minutes 0.76 0.81 0.79 29941 45% 927 12% normal note normal 
2018-12-23__18:20:57 yuxiaowei GNU/Linux 4.9.41-v7+ up_3_weeks,_1_day,_9_hours,_17_minutes 0.62 0.77 0.78 29941 45% 927 12% normal note normal 
2018-12-23__18:21:57 yuxiaowei GNU/Linux 4.9.41-v7+ up_3_weeks,_1_day,_9_hours,_18_minutes 0.82 0.80 0.79 29941 45% 927 12% normal note normal 
2018-12-23__18:22:57 yuxiaowei GNU/Linux 4.9.41-v7+ up_3_weeks,_1_day,_9_hours,_19_minutes 0.65 0.76 0.78 29941 45% 927 12% normal note normal 
2018-12-23__16:59:22 yuxiaowei GNU/Linux 4.13.0-45-generic up_1_day,_8_hours,_10_minutes 1.51 1.54 1.64 95426 12% 3805 38% normal normal normal 
2018-12-23__17:38:05 yuxiaowei GNU/Linux 4.13.0-45-generic up_1_day,_8_hours,_48_minutes 3.80 3.96 3.46 95426 12% 3805 43% normal normal normal 
2018-12-23__17:39:05 yuxiaowei GNU/Linux 4.13.0-45-generic up_1_day,_8_hours,_49_minutes 3.68 3.92 3.47 95426 12% 3805 43% normal normal normal 
2018-12-23__18:25:58 yuxiaowei GNU/Linux 4.9.41-v7+ up_3_weeks,_1_day,_9_hours,_22_minutes 0.71 0.74 0.77 29941 45% 927 12% normal note normal 
2018-12-23__18:26:51 yuxiaowei GNU/Linux 4.9.41-v7+ up_3_weeks,_1_day,_9_hours,_23_minutes 0.46 0.68 0.75 29941 45% 927 12% normal note normal 
2018-12-23__18:27:52 yuxiaowei GNU/Linux 4.9.41-v7+ up_3_weeks,_1_day,_9_hours,_24_minutes 0.51 0.65 0.73 29941 45% 927 11% normal note normal 
2018-12-23__18:28:52 yuxiaowei GNU/Linux 4.9.41-v7+ up_3_weeks,_1_day,_9_hours,_25_minutes 0.60 0.65 0.72 29941 45% 927 11% normal note normal 
2018-12-23__18:29:52 yuxiaowei GNU/Linux 4.9.41-v7+ up_3_weeks,_1_day,_9_hours,_26_minutes 0.80 0.70 0.74 29941 45% 927 11% normal note normal 
2018-12-23__18:30:52 yuxiaowei GNU/Linux 4.9.41-v7+ up_3_weeks,_1_day,_9_hours,_27_minutes 0.99 0.76 0.75 29941 45% 927 11% normal note normal 
2018-12-23__18:31:52 yuxiaowei GNU/Linux 4.9.41-v7+ up_3_weeks,_1_day,_9_hours,_28_minutes 0.73 0.71 0.73 29941 45% 927 11% normal note normal 
2018-12-23__18:32:52 yuxiaowei GNU/Linux 4.9.41-v7+ up_3_weeks,_1_day,_9_hours,_29_minutes 0.65 0.68 0.72 29941 45% 927 11% normal note normal 
2018-12-23__18:33:52 yuxiaowei GNU/Linux 4.9.41-v7+ up_3_weeks,_1_day,_9_hours,_30_minutes 1.22 0.79 0.75 29941 45% 927 11% normal note normal 
2018-12-23__18:34:52 yuxiaowei GNU/Linux 4.9.41-v7+ up_3_weeks,_1_day,_9_hours,_31_minutes 0.67 0.71 0.72 29941 45% 927 11% normal note normal 
2018-12-23__18:35:54 yuxiaowei GNU/Linux 4.9.41-v7+ up_3_weeks,_1_day,_9_hours,_32_minutes 0.41 0.64 0.70 29941 45% 927 11% normal note normal 
2018-12-23__18:36:54 yuxiaowei GNU/Linux 4.9.41-v7+ up_3_weeks,_1_day,_9_hours,_33_minutes 0.84 0.73 0.73 29941 45% 927 11% normal note normal 
2018-12-23__18:37:54 yuxiaowei GNU/Linux 4.9.41-v7+ up_3_weeks,_1_day,_9_hours,_34_minutes 0.64 0.69 0.72 29941 45% 927 11% normal note normal 
2018-12-23__18:38:54 yuxiaowei GNU/Linux 4.9.41-v7+ up_3_weeks,_1_day,_9_hours,_35_minutes 0.85 0.73 0.73 29941 45% 927 11% normal note normal 
2018-12-23__18:39:54 yuxiaowei GNU/Linux 4.9.41-v7+ up_3_weeks,_1_day,_9_hours,_36_minutes 0.81 0.72 0.73 29941 45% 927 11% normal note normal 
2018-12-23__18:40:54 yuxiaowei GNU/Linux 4.9.41-v7+ up_3_weeks,_1_day,_9_hours,_37_minutes 0.87 0.76 0.74 29941 45% 927 11% normal note normal 
2018-12-23__18:41:54 yuxiaowei GNU/Linux 4.9.41-v7+ up_3_weeks,_1_day,_9_hours,_38_minutes 0.85 0.75 0.73 29941 45% 927 11% normal note normal 
2018-12-23__18:42:54 yuxiaowei GNU/Linux 4.9.41-v7+ up_3_weeks,_1_day,_9_hours,_39_minutes 1.11 0.83 0.76 29941 45% 927 11% normal note normal 
2018-12-23__18:43:54 yuxiaowei GNU/Linux 4.9.41-v7+ up_3_weeks,_1_day,_9_hours,_40_minutes 0.44 0.69 0.72 29941 45% 927 11% normal note normal 
2018-12-23__18:44:55 yuxiaowei GNU/Linux 4.9.41-v7+ up_3_weeks,_1_day,_9_hours,_41_minutes 0.57 0.68 0.71 29941 45% 927 11% normal note normal 
2018-12-23__18:45:55 yuxiaowei GNU/Linux 4.9.41-v7+ up_3_weeks,_1_day,_9_hours,_42_minutes 0.51 0.65 0.70 29941 45% 927 11% normal note normal 
2018-12-23__18:46:55 yuxiaowei GNU/Linux 4.9.41-v7+ up_3_weeks,_1_day,_9_hours,_43_minutes 0.54 0.64 0.69 29941 45% 927 11% normal note normal 
2018-12-23__18:47:55 yuxiaowei GNU/Linux 4.9.41-v7+ up_3_weeks,_1_day,_9_hours,_44_minutes 0.43 0.59 0.68 29941 45% 927 11% normal note normal 
2018-12-23__18:48:55 yuxiaowei GNU/Linux 4.9.41-v7+ up_3_weeks,_1_day,_9_hours,_45_minutes 0.64 0.63 0.69 29941 45% 927 11% normal note normal 
2018-12-23__18:56:14 yuxiaowei GNU/Linux 4.9.41-v7+ up_3_weeks,_1_day,_9_hours,_53_minutes 0.77 0.62 0.64 29941 45% 927 11% normal note normal 
2018-12-23__18:57:14 yuxiaowei GNU/Linux 4.9.41-v7+ up_3_weeks,_1_day,_9_hours,_54_minutes 0.60 0.59 0.63 29941 45% 927 11% normal note normal 
2018-12-23__18:58:14 yuxiaowei GNU/Linux 4.9.41-v7+ up_3_weeks,_1_day,_9_hours,_55_minutes 1.01 0.71 0.67 29941 45% 927 11% normal note normal 
2018-12-23__18:59:14 yuxiaowei GNU/Linux 4.9.41-v7+ up_3_weeks,_1_day,_9_hours,_56_minutes 0.76 0.71 0.67 29941 45% 927 11% normal note normal 
2018-12-23__19:00:14 yuxiaowei GNU/Linux 4.9.41-v7+ up_3_weeks,_1_day,_9_hours,_57_minutes 0.71 0.69 0.67 29941 45% 927 11% normal note normal 
2018-12-23__19:01:14 yuxiaowei GNU/Linux 4.9.41-v7+ up_3_weeks,_1_day,_9_hours,_58_minutes 0.76 0.69 0.66 29941 45% 927 11% normal note normal 
2018-12-23__19:02:14 yuxiaowei GNU/Linux 4.9.41-v7+ up_3_weeks,_1_day,_9_hours,_59_minutes 0.64 0.66 0.65 29941 45% 927 11% normal note normal 
2018-12-23__19:03:14 yuxiaowei GNU/Linux 4.9.41-v7+ up_3_weeks,_1_day,_10_hours 0.77 0.67 0.65 29941 45% 927 11% normal note normal 
2018-12-23__19:04:14 yuxiaowei GNU/Linux 4.9.41-v7+ up_3_weeks,_1_day,_10_hours,_1_minute 0.69 0.67 0.65 29941 45% 927 11% normal note normal 
2018-12-23__19:05:15 yuxiaowei GNU/Linux 4.9.41-v7+ up_3_weeks,_1_day,_10_hours,_2_minutes 0.90 0.72 0.67 29941 45% 927 11% normal note normal 
2018-12-23__19:06:15 yuxiaowei GNU/Linux 4.9.41-v7+ up_3_weeks,_1_day,_10_hours,_3_minutes 0.77 0.73 0.68 29941 45% 927 12% normal note normal 
2018-12-23__19:07:15 yuxiaowei GNU/Linux 4.9.41-v7+ up_3_weeks,_1_day,_10_hours,_4_minutes 0.93 0.77 0.69 29941 45% 927 11% normal note normal 
2018-12-23__19:08:15 yuxiaowei GNU/Linux 4.9.41-v7+ up_3_weeks,_1_day,_10_hours,_5_minutes 1.17 0.83 0.72 29941 45% 927 11% normal note normal 
2018-12-23__19:09:15 yuxiaowei GNU/Linux 4.9.41-v7+ up_3_weeks,_1_day,_10_hours,_6_minutes 0.77 0.78 0.71 29941 45% 927 11% normal note normal 
2018-12-23__19:10:15 yuxiaowei GNU/Linux 4.9.41-v7+ up_3_weeks,_1_day,_10_hours,_7_minutes 0.78 0.77 0.71 29941 45% 927 11% normal note normal 
2018-12-23__19:11:15 yuxiaowei GNU/Linux 4.9.41-v7+ up_3_weeks,_1_day,_10_hours,_8_minutes 0.85 0.79 0.72 29941 45% 927 11% normal note normal 
2018-12-23__19:12:15 yuxiaowei GNU/Linux 4.9.41-v7+ up_3_weeks,_1_day,_10_hours,_9_minutes 1.26 0.94 0.78 29941 45% 927 11% normal note normal 
2018-12-23__19:13:15 yuxiaowei GNU/Linux 4.9.41-v7+ up_3_weeks,_1_day,_10_hours,_10_minutes 0.96 0.91 0.78 29941 45% 927 11% normal note normal 
2018-12-23__19:14:16 yuxiaowei GNU/Linux 4.9.41-v7+ up_3_weeks,_1_day,_10_hours,_11_minutes 0.85 0.88 0.78 29941 45% 927 11% normal note normal 
2018-12-23__19:15:16 yuxiaowei GNU/Linux 4.9.41-v7+ up_3_weeks,_1_day,_10_hours,_12_minutes 0.67 0.81 0.76 29941 45% 927 11% normal note normal 
2018-12-23__19:16:16 yuxiaowei GNU/Linux 4.9.41-v7+ up_3_weeks,_1_day,_10_hours,_13_minutes 0.89 0.86 0.78 29941 45% 927 11% normal note normal 
2018-12-23__19:17:16 yuxiaowei GNU/Linux 4.9.41-v7+ up_3_weeks,_1_day,_10_hours,_14_minutes 0.69 0.80 0.76 29941 45% 927 11% normal note normal 
2018-12-23__19:18:16 yuxiaowei GNU/Linux 4.9.41-v7+ up_3_weeks,_1_day,_10_hours,_15_minutes 0.59 0.74 0.74 29941 45% 927 11% normal note normal 
2018-12-23__19:19:16 yuxiaowei GNU/Linux 4.9.41-v7+ up_3_weeks,_1_day,_10_hours,_16_minutes 0.52 0.71 0.73 29941 45% 927 11% normal note normal 
2018-12-23__19:20:16 yuxiaowei GNU/Linux 4.9.41-v7+ up_3_weeks,_1_day,_10_hours,_17_minutes 0.58 0.70 0.72 29941 45% 927 11% normal note normal 
2018-12-23__19:21:16 yuxiaowei GNU/Linux 4.9.41-v7+ up_3_weeks,_1_day,_10_hours,_18_minutes 0.48 0.65 0.71 29941 45% 927 11% normal note normal 
2018-12-23__19:22:17 yuxiaowei GNU/Linux 4.9.41-v7+ up_3_weeks,_1_day,_10_hours,_19_minutes 1.08 0.80 0.76 29941 45% 927 11% normal note normal 
2018-12-23__19:23:17 yuxiaowei GNU/Linux 4.9.41-v7+ up_3_weeks,_1_day,_10_hours,_20_minutes 0.73 0.77 0.75 29941 45% 927 11% normal note normal 
2018-12-23__19:24:17 yuxiaowei GNU/Linux 4.9.41-v7+ up_3_weeks,_1_day,_10_hours,_21_minutes 0.68 0.75 0.74 29941 45% 927 11% normal note normal 
2018-12-23__19:25:17 yuxiaowei GNU/Linux 4.9.41-v7+ up_3_weeks,_1_day,_10_hours,_22_minutes 0.86 0.83 0.77 29941 45% 927 11% normal note normal 
2018-12-23__19:26:17 yuxiaowei GNU/Linux 4.9.41-v7+ up_3_weeks,_1_day,_10_hours,_23_minutes 0.57 0.75 0.75 29941 45% 927 11% normal note normal 
2018-12-23__19:27:17 yuxiaowei GNU/Linux 4.9.41-v7+ up_3_weeks,_1_day,_10_hours,_24_minutes 0.88 0.78 0.75 29941 45% 927 12% normal note normal 
2018-12-23__19:28:17 yuxiaowei GNU/Linux 4.9.41-v7+ up_3_weeks,_1_day,_10_hours,_25_minutes 0.73 0.75 0.74 29941 45% 927 11% normal note normal 
2018-12-23__19:29:17 yuxiaowei GNU/Linux 4.9.41-v7+ up_3_weeks,_1_day,_10_hours,_26_minutes 0.46 0.67 0.72 29941 45% 927 11% normal note normal 
2018-12-23__19:30:17 yuxiaowei GNU/Linux 4.9.41-v7+ up_3_weeks,_1_day,_10_hours,_27_minutes 1.67 1.00 0.83 29941 45% 927 11% normal note normal 
2018-12-23__19:31:18 yuxiaowei GNU/Linux 4.9.41-v7+ up_3_weeks,_1_day,_10_hours,_28_minutes 0.73 0.86 0.79 29941 45% 927 11% normal note normal 
2018-12-23__19:32:18 yuxiaowei GNU/Linux 4.9.41-v7+ up_3_weeks,_1_day,_10_hours,_29_minutes 0.85 0.85 0.79 29941 45% 927 11% normal note normal 
2018-12-23__19:33:18 yuxiaowei GNU/Linux 4.9.41-v7+ up_3_weeks,_1_day,_10_hours,_30_minutes 0.94 0.86 0.79 29941 45% 927 11% normal note normal 
2018-12-23__19:34:18 yuxiaowei GNU/Linux 4.9.41-v7+ up_3_weeks,_1_day,_10_hours,_31_minutes 1.30 0.93 0.82 29941 45% 927 11% normal note normal 
2018-12-23__19:35:18 yuxiaowei GNU/Linux 4.9.41-v7+ up_3_weeks,_1_day,_10_hours,_32_minutes 0.84 0.85 0.80 29941 45% 927 11% normal note normal 
2018-12-23__19:36:18 yuxiaowei GNU/Linux 4.9.41-v7+ up_3_weeks,_1_day,_10_hours,_33_minutes 0.73 0.81 0.79 29941 45% 927 11% normal note normal 
2018-12-23__19:37:18 yuxiaowei GNU/Linux 4.9.41-v7+ up_3_weeks,_1_day,_10_hours,_34_minutes 0.51 0.72 0.76 29941 45% 927 11% normal note normal 
2018-12-23__19:38:18 yuxiaowei GNU/Linux 4.9.41-v7+ up_3_weeks,_1_day,_10_hours,_35_minutes 0.44 0.66 0.73 29941 45% 927 11% normal note normal 
2018-12-23__19:39:18 yuxiaowei GNU/Linux 4.9.41-v7+ up_3_weeks,_1_day,_10_hours,_36_minutes 0.54 0.66 0.73 29941 45% 927 11% normal note normal 
2018-12-23__19:40:19 yuxiaowei GNU/Linux 4.9.41-v7+ up_3_weeks,_1_day,_10_hours,_37_minutes 0.64 0.70 0.73 29941 45% 927 11% normal note normal 
2018-12-23__19:41:19 yuxiaowei GNU/Linux 4.9.41-v7+ up_3_weeks,_1_day,_10_hours,_38_minutes 0.58 0.69 0.73 29941 45% 927 11% normal note normal 
2018-12-23__19:42:19 yuxiaowei GNU/Linux 4.9.41-v7+ up_3_weeks,_1_day,_10_hours,_39_minutes 0.52 0.66 0.72 29941 45% 927 11% normal note normal 
2018-12-23__19:43:19 yuxiaowei GNU/Linux 4.9.41-v7+ up_3_weeks,_1_day,_10_hours,_40_minutes 0.57 0.65 0.71 29941 45% 927 11% normal note normal 
2018-12-23__19:44:19 yuxiaowei GNU/Linux 4.9.41-v7+ up_3_weeks,_1_day,_10_hours,_41_minutes 0.63 0.64 0.70 29941 45% 927 11% normal note normal 
2018-12-23__19:45:19 yuxiaowei GNU/Linux 4.9.41-v7+ up_3_weeks,_1_day,_10_hours,_42_minutes 0.72 0.70 0.72 29941 45% 927 11% normal note normal 
2018-12-23__19:46:19 yuxiaowei GNU/Linux 4.9.41-v7+ up_3_weeks,_1_day,_10_hours,_43_minutes 0.41 0.63 0.69 29941 45% 927 11% normal note normal 
2018-12-23__19:47:19 yuxiaowei GNU/Linux 4.9.41-v7+ up_3_weeks,_1_day,_10_hours,_44_minutes 0.42 0.59 0.68 29941 45% 927 11% normal note normal 
2018-12-23__19:48:20 yuxiaowei GNU/Linux 4.9.41-v7+ up_3_weeks,_1_day,_10_hours,_45_minutes 0.55 0.62 0.68 29941 45% 927 11% normal note normal 
2018-12-23__19:49:20 yuxiaowei GNU/Linux 4.9.41-v7+ up_3_weeks,_1_day,_10_hours,_46_minutes 0.55 0.61 0.68 29941 45% 927 11% normal note normal 
2018-12-23__19:50:20 yuxiaowei GNU/Linux 4.9.41-v7+ up_3_weeks,_1_day,_10_hours,_47_minutes 1.36 0.77 0.72 29941 45% 927 11% normal note normal 
2018-12-23__19:51:20 yuxiaowei GNU/Linux 4.9.41-v7+ up_3_weeks,_1_day,_10_hours,_48_minutes 1.20 0.82 0.74 29941 45% 927 11% normal note normal 
2018-12-23__19:52:20 yuxiaowei GNU/Linux 4.9.41-v7+ up_3_weeks,_1_day,_10_hours,_49_minutes 0.98 0.85 0.76 29941 45% 927 11% normal note normal 
2018-12-23__19:53:20 yuxiaowei GNU/Linux 4.9.41-v7+ up_3_weeks,_1_day,_10_hours,_50_minutes 1.27 0.97 0.81 29941 45% 927 11% normal note normal 
2018-12-23__19:54:20 yuxiaowei GNU/Linux 4.9.41-v7+ up_3_weeks,_1_day,_10_hours,_51_minutes 0.63 0.84 0.77 29941 45% 927 11% normal note normal 
2018-12-23__19:55:20 yuxiaowei GNU/Linux 4.9.41-v7+ up_3_weeks,_1_day,_10_hours,_52_minutes 0.40 0.73 0.74 29941 45% 927 11% normal note normal 
2018-12-23__19:56:21 yuxiaowei GNU/Linux 4.9.41-v7+ up_3_weeks,_1_day,_10_hours,_53_minutes 1.02 0.84 0.77 29941 45% 927 11% normal note normal 
2018-12-23__19:57:21 yuxiaowei GNU/Linux 4.9.41-v7+ up_3_weeks,_1_day,_10_hours,_54_minutes 0.63 0.75 0.74 29941 45% 927 11% normal note normal 
2018-12-23__19:58:21 yuxiaowei GNU/Linux 4.9.41-v7+ up_3_weeks,_1_day,_10_hours,_55_minutes 0.53 0.70 0.72 29941 45% 927 11% normal note normal 
2018-12-23__19:59:21 yuxiaowei GNU/Linux 4.9.41-v7+ up_3_weeks,_1_day,_10_hours,_56_minutes 1.64 1.02 0.84 29941 45% 927 11% normal note normal 
2018-12-23__20:00:21 yuxiaowei GNU/Linux 4.9.41-v7+ up_3_weeks,_1_day,_10_hours,_57_minutes 0.96 0.93 0.81 29941 45% 927 11% normal note normal 
2018-12-23__20:01:21 yuxiaowei GNU/Linux 4.9.41-v7+ up_3_weeks,_1_day,_10_hours,_58_minutes 0.77 0.87 0.80 29941 45% 927 11% normal note normal 
2018-12-23__20:02:21 yuxiaowei GNU/Linux 4.9.41-v7+ up_3_weeks,_1_day,_10_hours,_59_minutes 0.80 0.88 0.81 29941 45% 927 11% normal note normal 
2018-12-23__20:03:21 yuxiaowei GNU/Linux 4.9.41-v7+ up_3_weeks,_1_day,_11_hours 1.20 0.97 0.84 29941 45% 927 11% normal note normal 
2018-12-23__20:04:21 yuxiaowei GNU/Linux 4.9.41-v7+ up_3_weeks,_1_day,_11_hours,_1_minute 0.67 0.87 0.81 29941 45% 927 11% normal note normal 
2018-12-23__20:05:21 yuxiaowei GNU/Linux 4.9.41-v7+ up_3_weeks,_1_day,_11_hours,_2_minutes 0.67 0.83 0.81 29941 45% 927 11% normal note normal 
2018-12-23__20:06:22 yuxiaowei GNU/Linux 4.9.41-v7+ up_3_weeks,_1_day,_11_hours,_3_minutes 0.45 0.74 0.78 29941 45% 927 11% normal note normal 
2018-12-23__20:07:22 yuxiaowei GNU/Linux 4.9.41-v7+ up_3_weeks,_1_day,_11_hours,_4_minutes 0.54 0.72 0.77 29941 45% 927 11% normal note normal 
2018-12-23__20:08:22 yuxiaowei GNU/Linux 4.9.41-v7+ up_3_weeks,_1_day,_11_hours,_5_minutes 0.67 0.74 0.77 29941 45% 927 11% normal note normal 
2018-12-23__20:09:22 yuxiaowei GNU/Linux 4.9.41-v7+ up_3_weeks,_1_day,_11_hours,_6_minutes 0.51 0.68 0.75 29941 45% 927 11% normal note normal 
2018-12-30__10:29:35 yuxiaowei GNU/Linux 4.9.41-v7+ up_4_weeks,_1_day,_1_hour,_26_minutes 0.41 0.31 0.28 29941 45% 927 9% normal normal normal 
2018-12-30__10:31:47 yuxiaowei GNU/Linux 4.9.41-v7+ up_4_weeks,_1_day,_1_hour,_28_minutes 0.24 0.29 0.27 29941 45% 927 9% normal normal normal 
2018-12-30__10:34:16 yuxiaowei GNU/Linux 4.9.41-v7+ up_4_weeks,_1_day,_1_hour,_31_minutes 0.45 0.36 0.30 29941 45% 927 8% normal note normal 
2018-12-30__10:35:16 yuxiaowei GNU/Linux 4.9.41-v7+ up_4_weeks,_1_day,_1_hour,_32_minutes 0.77 0.46 0.34 29941 45% 927 8% normal normal normal 
2018-12-30__10:36:16 yuxiaowei GNU/Linux 4.9.41-v7+ up_4_weeks,_1_day,_1_hour,_33_minutes 0.70 0.49 0.35 29941 45% 927 8% normal note normal 
2018-12-30__10:37:16 yuxiaowei GNU/Linux 4.9.41-v7+ up_4_weeks,_1_day,_1_hour,_34_minutes 0.40 0.44 0.35 29941 45% 927 8% normal normal normal 
2018-12-30__10:38:16 yuxiaowei GNU/Linux 4.9.41-v7+ up_4_weeks,_1_day,_1_hour,_35_minutes 0.57 0.50 0.37 29941 45% 927 8% normal normal normal 
2018-12-30__10:39:17 yuxiaowei GNU/Linux 4.9.41-v7+ up_4_weeks,_1_day,_1_hour,_36_minutes 0.45 0.50 0.38 29941 45% 927 8% normal note normal 
2018-12-30__10:40:17 yuxiaowei GNU/Linux 4.9.41-v7+ up_4_weeks,_1_day,_1_hour,_37_minutes 0.30 0.45 0.37 29941 45% 927 8% normal normal normal 
2018-12-30__10:41:17 yuxiaowei GNU/Linux 4.9.41-v7+ up_4_weeks,_1_day,_1_hour,_38_minutes 0.30 0.43 0.36 29941 45% 927 8% normal normal normal 
2018-12-30__10:42:17 yuxiaowei GNU/Linux 4.9.41-v7+ up_4_weeks,_1_day,_1_hour,_39_minutes 0.53 0.46 0.38 29941 45% 927 8% normal note normal 
2018-12-30__10:43:17 yuxiaowei GNU/Linux 4.9.41-v7+ up_4_weeks,_1_day,_1_hour,_40_minutes 0.35 0.42 0.36 29941 45% 927 8% normal normal normal 
2018-12-30__10:44:17 yuxiaowei GNU/Linux 4.9.41-v7+ up_4_weeks,_1_day,_1_hour,_41_minutes 0.28 0.39 0.36 29941 45% 927 8% normal note normal 
2018-12-30__10:45:17 yuxiaowei GNU/Linux 4.9.41-v7+ up_4_weeks,_1_day,_1_hour,_42_minutes 0.54 0.45 0.38 29941 45% 927 8% normal normal normal 
2018-12-30__10:46:17 yuxiaowei GNU/Linux 4.9.41-v7+ up_4_weeks,_1_day,_1_hour,_43_minutes 0.58 0.49 0.40 29941 45% 927 8% normal normal normal 
2018-12-30__10:47:17 yuxiaowei GNU/Linux 4.9.41-v7+ up_4_weeks,_1_day,_1_hour,_44_minutes 0.47 0.47 0.39 29941 45% 927 9% normal note normal 
2018-12-30__10:48:18 yuxiaowei GNU/Linux 4.9.41-v7+ up_4_weeks,_1_day,_1_hour,_45_minutes 0.70 0.52 0.41 29941 45% 927 8% normal normal normal 
2018-12-30__10:49:19 yuxiaowei GNU/Linux 4.9.41-v7+ up_4_weeks,_1_day,_1_hour,_46_minutes 0.86 0.61 0.45 29941 45% 927 8% normal normal normal 
2018-12-30__10:50:19 yuxiaowei GNU/Linux 4.9.41-v7+ up_4_weeks,_1_day,_1_hour,_47_minutes 0.50 0.54 0.44 29941 45% 927 8% normal note normal 
2018-12-30__10:51:19 yuxiaowei GNU/Linux 4.9.41-v7+ up_4_weeks,_1_day,_1_hour,_48_minutes 0.36 0.49 0.43 29941 45% 927 8% normal normal normal 
2018-12-30__10:52:19 yuxiaowei GNU/Linux 4.9.41-v7+ up_4_weeks,_1_day,_1_hour,_49_minutes 1.08 0.63 0.48 29941 45% 927 8% normal normal normal 
2018-12-30__10:53:19 yuxiaowei GNU/Linux 4.9.41-v7+ up_4_weeks,_1_day,_1_hour,_50_minutes 0.68 0.59 0.47 29941 45% 927 8% normal note normal 
2018-12-30__10:54:19 yuxiaowei GNU/Linux 4.9.41-v7+ up_4_weeks,_1_day,_1_hour,_51_minutes 0.28 0.49 0.44 29941 45% 927 8% normal note normal 
2018-12-30__10:55:19 yuxiaowei GNU/Linux 4.9.41-v7+ up_4_weeks,_1_day,_1_hour,_52_minutes 0.43 0.49 0.45 29941 45% 927 8% normal normal normal 
2018-12-30__10:56:24 yuxiaowei GNU/Linux 4.9.41-v7+ up_4_weeks,_1_day,_1_hour,_53_minutes 0.57 0.54 0.47 29941 45% 927 8% normal note normal 
2018-12-30__10:57:24 yuxiaowei GNU/Linux 4.9.41-v7+ up_4_weeks,_1_day,_1_hour,_54_minutes 0.72 0.58 0.48 29941 45% 927 8% normal note normal 
2018-12-30__10:58:24 yuxiaowei GNU/Linux 4.9.41-v7+ up_4_weeks,_1_day,_1_hour,_55_minutes 0.69 0.60 0.49 29941 45% 927 8% normal normal normal 
2018-12-30__10:59:25 yuxiaowei GNU/Linux 4.9.41-v7+ up_4_weeks,_1_day,_1_hour,_56_minutes 0.49 0.56 0.48 29941 45% 927 8% normal note normal 
2018-12-30__11:00:25 yuxiaowei GNU/Linux 4.9.41-v7+ up_4_weeks,_1_day,_1_hour,_57_minutes 0.43 0.53 0.48 29941 45% 927 8% normal note normal 
2018-12-30__11:01:25 yuxiaowei GNU/Linux 4.9.41-v7+ up_4_weeks,_1_day,_1_hour,_58_minutes 0.63 0.55 0.48 29941 45% 927 8% normal note normal 
2018-12-30__11:02:25 yuxiaowei GNU/Linux 4.9.41-v7+ up_4_weeks,_1_day,_1_hour,_59_minutes 0.42 0.49 0.46 29941 45% 927 8% normal note normal 
2018-12-30__11:03:25 yuxiaowei GNU/Linux 4.9.41-v7+ up_4_weeks,_1_day,_2_hours 0.57 0.52 0.47 29941 45% 927 8% normal note normal 
2018-12-30__11:04:25 yuxiaowei GNU/Linux 4.9.41-v7+ up_4_weeks,_1_day,_2_hours,_1_minute 0.94 0.63 0.51 29941 45% 927 8% normal note normal 
2018-12-30__11:05:25 yuxiaowei GNU/Linux 4.9.41-v7+ up_4_weeks,_1_day,_2_hours,_2_minutes 0.58 0.60 0.51 29941 45% 927 8% normal normal normal 
2018-12-30__11:06:25 yuxiaowei GNU/Linux 4.9.41-v7+ up_4_weeks,_1_day,_2_hours,_3_minutes 0.44 0.56 0.50 29941 45% 927 8% normal note normal 
2018-12-30__11:07:25 yuxiaowei GNU/Linux 4.9.41-v7+ up_4_weeks,_1_day,_2_hours,_4_minutes 0.47 0.54 0.50 29941 45% 927 8% normal note normal 
2018-12-30__11:08:26 yuxiaowei GNU/Linux 4.9.41-v7+ up_4_weeks,_1_day,_2_hours,_5_minutes 0.43 0.53 0.50 29941 45% 927 8% normal normal normal 
2018-12-30__11:09:27 yuxiaowei GNU/Linux 4.9.41-v7+ up_4_weeks,_1_day,_2_hours,_6_minutes 0.47 0.51 0.49 29941 45% 927 8% normal normal normal 
2018-12-30__11:10:27 yuxiaowei GNU/Linux 4.9.41-v7+ up_4_weeks,_1_day,_2_hours,_7_minutes 0.92 0.60 0.52 29941 45% 927 8% normal note normal 
2018-12-30__11:11:27 yuxiaowei GNU/Linux 4.9.41-v7+ up_4_weeks,_1_day,_2_hours,_8_minutes 0.59 0.57 0.52 29941 45% 927 8% normal note normal 
2018-12-30__11:12:27 yuxiaowei GNU/Linux 4.9.41-v7+ up_4_weeks,_1_day,_2_hours,_9_minutes 0.36 0.51 0.50 29941 45% 927 8% normal normal normal 
2018-12-30__11:13:27 yuxiaowei GNU/Linux 4.9.41-v7+ up_4_weeks,_1_day,_2_hours,_10_minutes 0.81 0.57 0.52 29941 45% 927 8% normal note normal 
2018-12-30__11:14:27 yuxiaowei GNU/Linux 4.9.41-v7+ up_4_weeks,_1_day,_2_hours,_11_minutes 0.50 0.53 0.51 29941 45% 927 8% normal note normal 
2018-12-30__11:15:27 yuxiaowei GNU/Linux 4.9.41-v7+ up_4_weeks,_1_day,_2_hours,_12_minutes 0.45 0.52 0.50 29941 45% 927 8% normal note normal 
2018-12-30__11:16:30 yuxiaowei GNU/Linux 4.9.41-v7+ up_4_weeks,_1_day,_2_hours,_13_minutes 0.52 0.51 0.50 29941 45% 927 8% normal note normal 
2018-12-30__11:17:31 yuxiaowei GNU/Linux 4.9.41-v7+ up_4_weeks,_1_day,_2_hours,_14_minutes 0.31 0.46 0.48 29941 45% 927 8% normal normal normal 
2018-12-30__11:18:31 yuxiaowei GNU/Linux 4.9.41-v7+ up_4_weeks,_1_day,_2_hours,_15_minutes 0.55 0.53 0.51 29941 45% 927 8% normal normal normal 
2018-12-30__11:19:31 yuxiaowei GNU/Linux 4.9.41-v7+ up_4_weeks,_1_day,_2_hours,_16_minutes 0.78 0.60 0.53 29941 45% 927 9% normal note normal 
2018-12-30__11:20:31 yuxiaowei GNU/Linux 4.9.41-v7+ up_4_weeks,_1_day,_2_hours,_17_minutes 0.49 0.56 0.53 29941 45% 927 8% normal normal normal 
2018-12-30__11:21:31 yuxiaowei GNU/Linux 4.9.41-v7+ up_4_weeks,_1_day,_2_hours,_18_minutes 0.59 0.57 0.53 29941 45% 927 8% normal note normal 
2018-12-30__11:22:31 yuxiaowei GNU/Linux 4.9.41-v7+ up_4_weeks,_1_day,_2_hours,_19_minutes 0.54 0.57 0.54 29941 45% 927 8% normal normal normal 
2018-12-30__11:23:34 yuxiaowei GNU/Linux 4.9.41-v7+ up_4_weeks,_1_day,_2_hours,_20_minutes 0.47 0.54 0.53 29941 45% 927 8% normal normal normal 
2018-12-30__11:24:34 yuxiaowei GNU/Linux 4.9.41-v7+ up_4_weeks,_1_day,_2_hours,_21_minutes 0.38 0.51 0.52 29941 45% 927 9% normal note normal 
2018-12-30__11:25:34 yuxiaowei GNU/Linux 4.9.41-v7+ up_4_weeks,_1_day,_2_hours,_22_minutes 0.33 0.49 0.52 29941 45% 927 9% normal note normal 
2018-12-30__11:26:34 yuxiaowei GNU/Linux 4.9.41-v7+ up_4_weeks,_1_day,_2_hours,_23_minutes 0.73 0.57 0.54 29941 45% 927 8% normal note normal 
2018-12-30__11:27:35 yuxiaowei GNU/Linux 4.9.41-v7+ up_4_weeks,_1_day,_2_hours,_24_minutes 1.05 0.64 0.57 29941 45% 927 8% normal note normal 
2018-12-30__11:28:35 yuxiaowei GNU/Linux 4.9.41-v7+ up_4_weeks,_1_day,_2_hours,_25_minutes 0.68 0.60 0.56 29941 45% 927 8% normal note normal 
2018-12-30__11:29:35 yuxiaowei GNU/Linux 4.9.41-v7+ up_4_weeks,_1_day,_2_hours,_26_minutes 0.37 0.52 0.53 29941 45% 927 8% normal note normal 
2018-12-30__11:30:35 yuxiaowei GNU/Linux 4.9.41-v7+ up_4_weeks,_1_day,_2_hours,_27_minutes 0.72 0.59 0.56 29941 45% 927 9% normal note normal 
2018-12-30__11:31:35 yuxiaowei GNU/Linux 4.9.41-v7+ up_4_weeks,_1_day,_2_hours,_28_minutes 0.36 0.51 0.53 29941 45% 927 9% normal note normal 
2018-12-30__11:32:35 yuxiaowei GNU/Linux 4.9.41-v7+ up_4_weeks,_1_day,_2_hours,_29_minutes 0.35 0.49 0.52 29941 45% 927 8% normal note normal 
2018-12-30__11:33:35 yuxiaowei GNU/Linux 4.9.41-v7+ up_4_weeks,_1_day,_2_hours,_30_minutes 0.58 0.53 0.53 29941 45% 927 9% normal note normal 
2018-12-30__11:34:35 yuxiaowei GNU/Linux 4.9.41-v7+ up_4_weeks,_1_day,_2_hours,_31_minutes 0.77 0.58 0.55 29941 45% 927 9% normal normal normal 
2018-12-30__11:35:35 yuxiaowei GNU/Linux 4.9.41-v7+ up_4_weeks,_1_day,_2_hours,_32_minutes 0.44 0.52 0.53 29941 45% 927 9% normal note normal 
2018-12-30__11:36:38 yuxiaowei GNU/Linux 4.9.41-v7+ up_4_weeks,_1_day,_2_hours,_33_minutes 0.34 0.48 0.52 29941 45% 927 9% normal note normal 
2018-12-30__11:37:38 yuxiaowei GNU/Linux 4.9.41-v7+ up_4_weeks,_1_day,_2_hours,_34_minutes 0.45 0.48 0.52 29941 45% 927 9% normal note normal 
2018-12-30__11:38:38 yuxiaowei GNU/Linux 4.9.41-v7+ up_4_weeks,_1_day,_2_hours,_35_minutes 0.47 0.48 0.52 29941 45% 927 9% normal note normal 
2018-12-30__11:39:38 yuxiaowei GNU/Linux 4.9.41-v7+ up_4_weeks,_1_day,_2_hours,_36_minutes 0.40 0.48 0.51 29941 45% 927 8% normal note normal 
