2018-12-22__19:10:33 0.52 18.00 31.00°C normal
2018-12-22__19:10:42 0.52 8.00 31.00°C normal
2018-12-22__19:10:48 0.53 6.00 31.00°C normal
2018-12-22__19:10:53 0.52 10.00 31.00°C normal
2018-12-22__19:10:59 0.54 8.00 31.00°C normal
2018-12-22__19:11:04 0.54 12.00 31.00°C normal
2018-12-22__19:18:10 0.18 0.26 0.35 99.00 57.00°C warning
2018-12-22__19:18:17 0.17 0.26 0.35 99.00 58.00°C warning
2018-12-22__19:18:23 0.66 0.37 0.38 97.00 57.00°C warning
2018-12-22__19:18:28 0.60 0.36 0.38 100.00 59.00°C warning
2018-12-22__19:18:34 0.56 0.35 0.38 99.00 59.00°C warning
2018-12-22__19:18:40 0.51 0.35 0.37 99.00 57.00°C warning
2018-12-22__19:18:46 0.47 0.34 0.37 98.00 56.00°C warning
2018-12-22__19:18:58 1.30 0.54 0.43 98.00 55.00°C warning
2018-12-22__19:19:04 1.20 0.53 0.43 99.00 56.00°C warning
2018-12-22__19:19:15 1.57 0.63 0.47 98.00 58.00°C warning
2018-12-22__19:19:24 1.33 0.60 0.46 62.00 56.00°C note
2018-12-22__19:19:30 1.30 0.61 0.46 45.00 56.00°C normal
2018-12-22__19:19:36 1.20 0.60 0.46 73.00 57.00°C warning
2018-12-22__19:19:41 1.10 0.59 0.46 84.00 57.00°C warning
2018-12-22__19:19:52 0.93 0.57 0.45 56.00 58.00°C note
2018-12-22__19:19:58 1.63 0.73 0.51 64.00 57.00°C note
2018-12-22__19:20:04 1.50 0.72 0.50 71.00 57.00°C warning
2018-12-22__19:20:15 1.27 0.70 0.50 68.00 60.00°C note
2018-12-22__19:20:25 1.22 0.71 0.50 81.00 59.00°C warning
2018-12-22__19:20:31 1.12 0.69 0.50 86.00 59.00°C warning
2018-12-22__19:20:42 0.95 0.67 0.49 53.00 58.00°C note
2018-12-22__19:20:48 1.02 0.70 0.50 63.00 58.00°C note
2018-12-22__19:20:59 0.94 0.69 0.50 50.00 58.00°C note
2018-12-22__19:21:04 0.94 0.70 0.51 67.00 57.00°C note
2018-12-22__19:21:15 1.04 0.72 0.52 70.00 60.00°C warning
2018-12-22__19:21:21 1.04 0.73 0.52 44.00 59.00°C normal
2018-12-22__19:21:26 0.95 0.72 0.52 67.00 58.00°C note
2018-12-22__19:21:37 0.81 0.69 0.51 97.00 59.00°C warning
2018-12-22__19:21:43 1.12 0.77 0.54 97.00 57.00°C warning
2018-12-22__19:21:54 1.02 0.76 0.54 93.00 57.00°C warning
2018-12-22__19:22:05 1.01 0.77 0.54 93.00 56.00°C warning
2018-12-22__19:22:16 0.86 0.74 0.54 96.00 59.00°C warning
2018-12-22__19:22:27 1.17 0.81 0.56 99.00 57.00°C warning
2018-12-22__19:22:39 1.93 1.01 0.63 98.00 57.00°C warning
2018-12-22__19:22:45 1.77 1.00 0.63 44.00 57.00°C normal
2018-12-22__19:22:51 1.63 0.98 0.63 76.00 57.00°C warning
2018-12-22__19:23:02 1.46 0.96 0.63 43.00 59.00°C normal
2018-12-22__19:23:07 1.34 0.95 0.62 45.00 59.00°C normal
2018-12-22__19:23:13 1.29 0.95 0.63 86.00 57.00°C warning
2018-12-22__19:23:24 1.55 1.02 0.65 84.00 57.00°C warning
2018-12-22__19:23:35 1.31 0.98 0.65 97.00 57.00°C warning
2018-12-22__19:23:46 1.11 0.95 0.64 62.00 57.00°C note
2018-12-22__19:23:52 1.02 0.93 0.63 91.00 57.00°C warning
2018-12-22__19:24:03 1.14 0.97 0.65 78.00 58.00°C warning
2018-12-22__19:24:09 1.05 0.95 0.65 96.00 57.00°C warning
2018-12-22__19:24:20 1.13 0.97 0.66 98.00 58.00°C warning
2018-12-22__19:24:31 0.95 0.94 0.65 99.00 59.00°C warning
2018-12-22__19:24:37 0.96 0.94 0.65 98.00 58.00°C warning
2018-12-22__19:24:48 1.57 1.09 0.70 99.00 59.00°C warning
2018-12-22__19:24:54 1.44 1.07 0.70 89.00 59.00°C warning
2018-12-22__19:25:00 1.33 1.05 0.70 85.00 59.00°C warning
2018-12-22__19:25:06 1.22 1.03 0.69 80.00 59.00°C warning
2018-12-22__19:25:11 1.20 1.03 0.69 78.00 59.00°C warning
2018-12-22__19:25:17 1.59 1.12 0.72 100.00 61.00°C warning
2018-12-22__19:25:23 2.38 1.31 0.79 95.00 60.00°C warning
2018-12-22__19:25:29 2.18 1.29 0.79 91.00 59.00°C warning
2018-12-22__19:25:35 2.01 1.26 0.78 99.00 59.00°C warning
2018-12-22__19:25:46 1.92 1.27 0.79 84.00 56.00°C warning
2018-12-22__19:25:57 1.99 1.31 0.81 81.00 57.00°C warning
2018-12-22__19:26:03 1.83 1.29 0.80 69.00 56.00°C note
2018-12-22__19:26:10 1.77 1.30 0.81 66.00 59.00°C note
2018-12-22__19:26:16 1.63 1.27 0.81 74.00 60.00°C warning
2018-12-22__19:26:22 1.50 1.25 0.80 99.00 61.00°C warning
2018-12-22__19:26:27 1.38 1.23 0.80 99.00 60.00°C warning
2018-12-22__19:26:33 2.05 1.39 0.85 91.00 60.00°C warning
2018-12-22__19:26:39 1.89 1.36 0.85 90.00 60.00°C warning
2018-12-22__19:26:45 1.98 1.39 0.86 83.00 61.00°C warning
2018-12-22__19:26:50 1.82 1.37 0.85 84.00 60.00°C warning
2018-12-22__19:26:56 1.67 1.35 0.85 78.00 60.00°C warning
2018-12-22__19:27:02 1.54 1.32 0.85 81.00 60.00°C warning
2018-12-22__19:27:08 1.41 1.30 0.84 87.00 60.00°C warning
2018-12-22__19:27:13 1.83 1.39 0.87 81.00 60.00°C warning
2018-12-22__19:27:19 1.68 1.37 0.87 95.00 61.00°C warning
2018-12-22__19:27:25 2.19 1.48 0.91 91.00 61.00°C warning
2018-12-22__19:27:31 2.01 1.45 0.90 80.00 60.00°C warning
2018-12-22__19:27:36 1.85 1.43 0.90 95.00 60.00°C warning
2018-12-22__19:27:42 1.70 1.40 0.89 97.00 58.00°C warning
2018-12-22__19:27:53 1.60 1.39 0.89 70.00 56.00°C warning
2018-12-22__19:27:59 1.65 1.41 0.91 96.00 57.00°C warning
2018-12-22__19:28:10 1.40 1.36 0.90 98.00 57.00°C warning
2018-12-22__19:28:21 1.42 1.37 0.90 94.00 57.00°C warning
2018-12-22__19:28:33 1.20 1.32 0.89 99.00 58.00°C warning
2018-12-22__19:28:44 3.01 1.72 1.03 75.00 59.00°C warning
2018-12-22__19:28:50 2.77 1.69 1.02 43.00 59.00°C normal
2018-12-22__19:28:55 2.55 1.66 1.02 44.00 60.00°C normal
2018-12-22__19:29:01 2.58 1.68 1.03 44.00 60.00°C normal
2018-12-22__19:29:06 2.46 1.67 1.03 52.00 60.00°C note
2018-12-22__19:29:12 2.34 1.66 1.03 44.00 60.00°C normal
2018-12-22__19:29:18 2.15 1.63 1.02 47.00 60.00°C normal
2018-12-22__19:29:23 2.06 1.63 1.03 47.00 61.00°C normal
2018-12-22__19:29:29 1.90 1.60 1.02 91.00 63.00°C warning
2018-12-22__19:29:35 1.74 1.57 1.02 68.00 60.00°C note
2018-12-22__19:29:41 1.60 1.55 1.01 44.00 60.00°C normal
2018-12-22__19:29:46 1.64 1.55 1.02 44.00 60.00°C normal
2018-12-22__19:29:52 1.50 1.53 1.01 60.00 58.00°C note
2018-12-22__19:29:58 1.62 1.55 1.02 52.00 59.00°C note
2018-12-22__19:30:03 1.49 1.53 1.01 43.00 60.00°C normal
2018-12-22__19:30:09 1.41 1.51 1.01 44.00 60.00°C normal
2018-12-22__19:30:15 1.30 1.48 1.01 42.00 59.00°C normal
