2018-12-22 19:11:01 0 disk 95426 78777 17%
2018-12-22 19:11:01 1 /dev 1877 1877 0% 
2018-12-22 19:11:01 1 / 92991 76830 13% 
2018-12-22 19:11:01 1 /snap/core/5897 89 0 100% 
2018-12-22 19:11:01 1 /snap/goldendictionary/1 109 0 100% 
2018-12-22 19:11:01 1 /snap/core/6130 90 0 100% 
2018-12-22 19:11:01 1 /snap/core/6034 90 0 100% 
2018-12-22 19:11:01 1 /boot 180 70 59% 
2018-12-22 19:18:10 0 disk 29941 14683 50%
2018-12-22 19:18:10 1 / 29899 14662 49% 
2018-12-22 19:18:10 1 /boot 42 21 51% 
2018-12-22 19:19:12 0 disk 29941 14683 50%
2018-12-22 19:19:12 1 / 29899 14662 49% 
2018-12-22 19:19:12 1 /boot 42 21 51% 
2018-12-22 19:20:13 0 disk 29941 14683 50%
2018-12-22 19:20:13 1 / 29899 14662 49% 
2018-12-22 19:20:13 1 /boot 42 21 51% 
2018-12-22 19:21:14 0 disk 29941 14683 50%
2018-12-22 19:21:14 1 / 29899 14662 49% 
2018-12-22 19:21:14 1 /boot 42 21 51% 
2018-12-22 19:22:14 0 disk 29941 14683 50%
2018-12-22 19:22:14 1 / 29899 14662 49% 
2018-12-22 19:22:14 1 /boot 42 21 51% 
2018-12-22 19:23:15 0 disk 29941 14683 50%
2018-12-22 19:23:15 1 / 29899 14662 49% 
2018-12-22 19:23:15 1 /boot 42 21 51% 
2018-12-22 19:24:16 0 disk 29941 14683 50%
2018-12-22 19:24:16 1 / 29899 14662 49% 
2018-12-22 19:24:16 1 /boot 42 21 51% 
2018-12-22 19:25:17 0 disk 29941 14683 50%
2018-12-22 19:25:17 1 / 29899 14662 49% 
2018-12-22 19:25:17 1 /boot 42 21 51% 
2018-12-22 19:26:21 0 disk 29941 14683 50%
2018-12-22 19:26:21 1 / 29899 14662 49% 
2018-12-22 19:26:21 1 /boot 42 21 51% 
2018-12-22 19:27:22 0 disk 29941 14683 50%
2018-12-22 19:27:22 1 / 29899 14662 49% 
2018-12-22 19:27:22 1 /boot 42 21 51% 
2018-12-22 19:28:28 0 disk 29941 14683 50%
2018-12-22 19:28:28 1 / 29899 14662 49% 
2018-12-22 19:28:28 1 /boot 42 21 51% 
2018-12-22 19:29:29 0 disk 29941 14683 50%
2018-12-22 19:29:29 1 / 29899 14662 49% 
2018-12-22 19:29:29 1 /boot 42 21 51% 
2018-12-22 19:30:30 0 disk 29941 14683 50%
2018-12-22 19:30:30 1 / 29899 14662 49% 
2018-12-22 19:30:30 1 /boot 42 21 51% 
