2018-12-22__19:11:01 yuxiaowei GNU/Linux 4.13.0-45-generic up_10_hours,_21_minutes 0.54 95426 12% 3805 44% normal normal normal 
2018-12-22__19:18:10 yuxiaowei GNU/Linux 4.9.41-v7+ up_3_weeks,_10_hours,_15_minutes 0.18 0.26 0.35 29941 46% 927 9% normal note normal 
2018-12-22__19:19:12 yuxiaowei GNU/Linux 4.9.41-v7+ up_3_weeks,_10_hours,_16_minutes 1.10 0.52 0.43 29941 46% 927 9% normal note normal 
2018-12-22__19:20:13 yuxiaowei GNU/Linux 4.9.41-v7+ up_3_weeks,_10_hours,_17_minutes 1.27 0.70 0.50 29941 46% 927 9% normal note normal 
2018-12-22__19:21:14 yuxiaowei GNU/Linux 4.9.41-v7+ up_3_weeks,_10_hours,_18_minutes 1.04 0.72 0.52 29941 46% 927 9% normal note normal 
2018-12-22__19:22:14 yuxiaowei GNU/Linux 4.9.41-v7+ up_3_weeks,_10_hours,_19_minutes 0.86 0.74 0.54 29941 46% 927 9% normal note normal 
2018-12-22__19:23:15 yuxiaowei GNU/Linux 4.9.41-v7+ up_3_weeks,_10_hours,_20_minutes 1.29 0.95 0.63 29941 46% 927 9% normal note normal 
2018-12-22__19:24:16 yuxiaowei GNU/Linux 4.9.41-v7+ up_3_weeks,_10_hours,_21_minutes 0.96 0.94 0.64 29941 46% 927 9% normal note normal 
2018-12-22__19:25:17 yuxiaowei GNU/Linux 4.9.41-v7+ up_3_weeks,_10_hours,_23_minutes 1.59 1.12 0.72 29941 46% 927 10% normal note normal 
2018-12-22__19:26:18 yuxiaowei GNU/Linux 4.9.41-v7+ up_3_weeks,_10_hours,_24_minutes 1.50 1.25 0.80 29941 46% 927 9% normal note normal 
2018-12-22__19:27:19 yuxiaowei GNU/Linux 4.9.41-v7+ up_3_weeks,_10_hours,_25_minutes 1.68 1.37 0.87 29941 46% 927 9% normal note normal 
2018-12-22__19:28:20 yuxiaowei GNU/Linux 4.9.41-v7+ up_3_weeks,_10_hours,_26_minutes 1.42 1.37 0.90 29941 46% 927 8% normal note normal 
2018-12-22__19:29:20 yuxiaowei GNU/Linux 4.9.41-v7+ up_3_weeks,_10_hours,_27_minutes 1.98 1.60 1.02 29941 46% 927 9% normal note normal 
2018-12-22__19:30:21 yuxiaowei GNU/Linux 4.9.41-v7+ up_3_weeks,_10_hours,_28_minutes 2.00 1.63 1.06 29941 46% 927 9% normal note normal 
2018-12-23__10:51:29 yuxiaowei GNU/Linux 4.13.0-45-generic up_1_day,_2_hours,_2_minutes 1.85 1.84 1.77 95426 12% 3805 50% normal normal normal 
2018-12-23__10:51:36 yuxiaowei GNU/Linux 4.13.0-45-generic up_1_day,_2_hours,_2_minutes 1.86 1.84 1.77 95426 12% 3805 50% normal normal normal 
2018-12-23__10:53:22 yuxiaowei GNU/Linux 4.13.0-45-generic up_1_day,_2_hours,_4_minutes 1.60 1.81 1.77 95426 12% 3805 50% normal normal normal 
2018-12-23__10:54:33 yuxiaowei GNU/Linux 4.13.0-45-generic up_1_day,_2_hours,_5_minutes 1.86 1.85 1.79 95426 12% 3805 50% normal normal normal 
2018-12-23__10:54:47 yuxiaowei GNU/Linux 4.13.0-45-generic up_1_day,_2_hours,_5_minutes 1.51 1.78 1.77 95426 12% 3805 50% normal normal normal 
2018-12-23__11:36:46 yuxiaowei GNU/Linux 4.9.41-v7+ up_3_weeks,_1_day,_2_hours,_34_minutes 1.13 0.61 0.56 29941 46% 927 11% normal note normal 
2018-12-23__11:37:46 yuxiaowei GNU/Linux 4.9.41-v7+ up_3_weeks,_1_day,_2_hours,_35_minutes 0.55 0.54 0.54 29941 46% 927 11% normal note normal 
2018-12-23__11:38:46 yuxiaowei GNU/Linux 4.9.41-v7+ up_3_weeks,_1_day,_2_hours,_36_minutes 0.56 0.55 0.54 29941 46% 927 11% normal note normal 
2018-12-23__11:39:47 yuxiaowei GNU/Linux 4.9.41-v7+ up_3_weeks,_1_day,_2_hours,_37_minutes 0.32 0.48 0.52 29941 46% 927 11% normal note normal 
2018-12-23__11:40:47 yuxiaowei GNU/Linux 4.9.41-v7+ up_3_weeks,_1_day,_2_hours,_38_minutes 0.53 0.51 0.53 29941 46% 927 11% normal note normal 
2018-12-23__11:41:47 yuxiaowei GNU/Linux 4.9.41-v7+ up_3_weeks,_1_day,_2_hours,_39_minutes 0.35 0.47 0.52 29941 46% 927 11% normal note normal 
2018-12-23__10:51:29 yuxiaowei GNU/Linux 4.13.0-45-generic up_1_day,_2_hours,_2_minutes 1.85 1.84 1.77 95426 12% 3805 50% normal normal normal 
2018-12-23__10:51:36 yuxiaowei GNU/Linux 4.13.0-45-generic up_1_day,_2_hours,_2_minutes 1.86 1.84 1.77 95426 12% 3805 50% normal normal normal 
2018-12-23__10:53:22 yuxiaowei GNU/Linux 4.13.0-45-generic up_1_day,_2_hours,_4_minutes 1.60 1.81 1.77 95426 12% 3805 50% normal normal normal 
2018-12-23__10:54:33 yuxiaowei GNU/Linux 4.13.0-45-generic up_1_day,_2_hours,_5_minutes 1.86 1.85 1.79 95426 12% 3805 50% normal normal normal 
2018-12-23__10:54:47 yuxiaowei GNU/Linux 4.13.0-45-generic up_1_day,_2_hours,_5_minutes 1.51 1.78 1.77 95426 12% 3805 50% normal normal normal 
2018-12-23__13:52:08 yuxiaowei GNU/Linux 4.9.41-v7+ up_3_weeks,_1_day,_4_hours,_49_minutes 0.78 0.60 0.54 29941 46% 927 11% normal note normal 
2018-12-23__13:53:08 yuxiaowei GNU/Linux 4.9.41-v7+ up_3_weeks,_1_day,_4_hours,_50_minutes 0.42 0.53 0.52 29941 46% 927 11% normal note normal 
2018-12-23__13:54:08 yuxiaowei GNU/Linux 4.9.41-v7+ up_3_weeks,_1_day,_4_hours,_51_minutes 0.53 0.53 0.52 29941 46% 927 11% normal note normal 
2018-12-23__13:55:08 yuxiaowei GNU/Linux 4.9.41-v7+ up_3_weeks,_1_day,_4_hours,_52_minutes 0.72 0.58 0.54 29941 46% 927 11% normal note normal 
2018-12-23__13:56:08 yuxiaowei GNU/Linux 4.9.41-v7+ up_3_weeks,_1_day,_4_hours,_53_minutes 0.54 0.55 0.54 29941 46% 927 11% normal note normal 
2018-12-23__13:57:09 yuxiaowei GNU/Linux 4.9.41-v7+ up_3_weeks,_1_day,_4_hours,_54_minutes 0.66 0.58 0.55 29941 46% 927 11% normal note normal 
2018-12-23__13:58:09 yuxiaowei GNU/Linux 4.9.41-v7+ up_3_weeks,_1_day,_4_hours,_55_minutes 0.98 0.66 0.57 29941 46% 927 11% normal note normal 
2018-12-23__13:59:09 yuxiaowei GNU/Linux 4.9.41-v7+ up_3_weeks,_1_day,_4_hours,_56_minutes 0.56 0.61 0.56 29941 46% 927 11% normal note normal 
2018-12-23__14:00:09 yuxiaowei GNU/Linux 4.9.41-v7+ up_3_weeks,_1_day,_4_hours,_57_minutes 0.59 0.63 0.57 29941 46% 927 11% normal note normal 
2018-12-23__14:01:09 yuxiaowei GNU/Linux 4.9.41-v7+ up_3_weeks,_1_day,_4_hours,_58_minutes 0.40 0.57 0.55 29941 46% 927 11% normal note normal 
2018-12-23__14:02:09 yuxiaowei GNU/Linux 4.9.41-v7+ up_3_weeks,_1_day,_4_hours,_59_minutes 0.41 0.57 0.55 29941 46% 927 11% normal note normal 
2018-12-23__14:03:09 yuxiaowei GNU/Linux 4.9.41-v7+ up_3_weeks,_1_day,_5_hours 0.38 0.52 0.54 29941 46% 927 11% normal note normal 
2018-12-23__14:04:09 yuxiaowei GNU/Linux 4.9.41-v7+ up_3_weeks,_1_day,_5_hours,_1_minute 0.32 0.49 0.52 29941 46% 927 11% normal note normal 
2018-12-23__14:05:10 yuxiaowei GNU/Linux 4.9.41-v7+ up_3_weeks,_1_day,_5_hours,_2_minutes 0.52 0.52 0.53 29941 46% 927 11% normal note normal 
2018-12-23__14:06:10 yuxiaowei GNU/Linux 4.9.41-v7+ up_3_weeks,_1_day,_5_hours,_3_minutes 0.56 0.53 0.54 29941 46% 927 11% normal note normal 
2018-12-23__14:07:10 yuxiaowei GNU/Linux 4.9.41-v7+ up_3_weeks,_1_day,_5_hours,_4_minutes 0.78 0.60 0.56 29941 46% 927 11% normal note normal 
2018-12-23__14:08:10 yuxiaowei GNU/Linux 4.9.41-v7+ up_3_weeks,_1_day,_5_hours,_5_minutes 0.42 0.52 0.53 29941 46% 927 11% normal note normal 
2018-12-23__14:09:10 yuxiaowei GNU/Linux 4.9.41-v7+ up_3_weeks,_1_day,_5_hours,_6_minutes 1.12 0.70 0.59 29941 46% 927 11% normal note normal 
2018-12-23__14:10:14 yuxiaowei GNU/Linux 4.9.41-v7+ up_3_weeks,_1_day,_5_hours,_7_minutes 0.52 0.59 0.56 29941 46% 927 11% normal note normal 
2018-12-23__14:11:15 yuxiaowei GNU/Linux 4.9.41-v7+ up_3_weeks,_1_day,_5_hours,_8_minutes 0.54 0.57 0.55 29941 46% 927 11% normal note normal 
2018-12-23__14:12:16 yuxiaowei GNU/Linux 4.9.41-v7+ up_3_weeks,_1_day,_5_hours,_9_minutes 0.62 0.58 0.56 29941 46% 927 11% normal note normal 
2018-12-23__14:13:16 yuxiaowei GNU/Linux 4.9.41-v7+ up_3_weeks,_1_day,_5_hours,_10_minutes 0.56 0.56 0.55 29941 46% 927 11% normal note normal 
2018-12-23__14:14:16 yuxiaowei GNU/Linux 4.9.41-v7+ up_3_weeks,_1_day,_5_hours,_11_minutes 0.89 0.63 0.57 29941 46% 927 11% normal note normal 
2018-12-23__14:15:16 yuxiaowei GNU/Linux 4.9.41-v7+ up_3_weeks,_1_day,_5_hours,_12_minutes 0.98 0.68 0.59 29941 46% 927 11% normal note normal 
2018-12-23__14:16:16 yuxiaowei GNU/Linux 4.9.41-v7+ up_3_weeks,_1_day,_5_hours,_13_minutes 1.11 0.75 0.62 29941 46% 927 11% normal note normal 
2018-12-23__14:17:16 yuxiaowei GNU/Linux 4.9.41-v7+ up_3_weeks,_1_day,_5_hours,_14_minutes 0.50 0.64 0.59 29941 46% 927 11% normal note normal 
2018-12-23__14:18:17 yuxiaowei GNU/Linux 4.9.41-v7+ up_3_weeks,_1_day,_5_hours,_15_minutes 0.65 0.65 0.59 29941 46% 927 11% normal note normal 
2018-12-23__14:19:17 yuxiaowei GNU/Linux 4.9.41-v7+ up_3_weeks,_1_day,_5_hours,_17_minutes 0.66 0.65 0.60 29941 46% 927 11% normal note normal 
2018-12-23__14:20:17 yuxiaowei GNU/Linux 4.9.41-v7+ up_3_weeks,_1_day,_5_hours,_18_minutes 0.61 0.66 0.61 29941 46% 927 11% normal note normal 
2018-12-23__14:21:17 yuxiaowei GNU/Linux 4.9.41-v7+ up_3_weeks,_1_day,_5_hours,_19_minutes 0.37 0.59 0.58 29941 46% 927 11% normal note normal 
2018-12-23__14:22:17 yuxiaowei GNU/Linux 4.9.41-v7+ up_3_weeks,_1_day,_5_hours,_20_minutes 0.58 0.60 0.59 29941 46% 927 11% normal note normal 
2018-12-23__14:23:17 yuxiaowei GNU/Linux 4.9.41-v7+ up_3_weeks,_1_day,_5_hours,_21_minutes 0.45 0.57 0.58 29941 46% 927 11% normal note normal 
2018-12-23__14:24:17 yuxiaowei GNU/Linux 4.9.41-v7+ up_3_weeks,_1_day,_5_hours,_22_minutes 0.65 0.60 0.59 29941 46% 927 11% normal note normal 
2018-12-23__14:25:18 yuxiaowei GNU/Linux 4.9.41-v7+ up_3_weeks,_1_day,_5_hours,_23_minutes 0.75 0.63 0.60 29941 46% 927 11% normal note normal 
2018-12-23__14:26:18 yuxiaowei GNU/Linux 4.9.41-v7+ up_3_weeks,_1_day,_5_hours,_24_minutes 0.54 0.59 0.58 29941 46% 927 11% normal note normal 
2018-12-23__14:27:18 yuxiaowei GNU/Linux 4.9.41-v7+ up_3_weeks,_1_day,_5_hours,_25_minutes 0.57 0.60 0.59 29941 46% 927 11% normal note normal 
2018-12-23__14:28:18 yuxiaowei GNU/Linux 4.9.41-v7+ up_3_weeks,_1_day,_5_hours,_26_minutes 0.31 0.52 0.56 29941 46% 927 10% normal note normal 
2018-12-23__14:29:18 yuxiaowei GNU/Linux 4.9.41-v7+ up_3_weeks,_1_day,_5_hours,_27_minutes 0.25 0.47 0.54 29941 46% 927 10% normal note normal 
2018-12-23__14:30:18 yuxiaowei GNU/Linux 4.9.41-v7+ up_3_weeks,_1_day,_5_hours,_28_minutes 0.35 0.46 0.53 29941 46% 927 10% normal note normal 
2018-12-23__14:31:18 yuxiaowei GNU/Linux 4.9.41-v7+ up_3_weeks,_1_day,_5_hours,_29_minutes 0.33 0.43 0.52 29941 46% 927 10% normal note normal 
2018-12-23__14:32:19 yuxiaowei GNU/Linux 4.9.41-v7+ up_3_weeks,_1_day,_5_hours,_30_minutes 0.27 0.40 0.50 29941 46% 927 10% normal note normal 
2018-12-23__14:33:19 yuxiaowei GNU/Linux 4.9.41-v7+ up_3_weeks,_1_day,_5_hours,_31_minutes 0.37 0.40 0.49 29941 46% 927 10% normal note normal 
2018-12-23__14:34:21 yuxiaowei GNU/Linux 4.9.41-v7+ up_3_weeks,_1_day,_5_hours,_32_minutes 0.25 0.36 0.47 29941 46% 927 10% normal note normal 
2018-12-23__14:35:21 yuxiaowei GNU/Linux 4.9.41-v7+ up_3_weeks,_1_day,_5_hours,_33_minutes 0.29 0.36 0.46 29941 46% 927 10% normal note normal 
2018-12-23__14:36:21 yuxiaowei GNU/Linux 4.9.41-v7+ up_3_weeks,_1_day,_5_hours,_34_minutes 0.30 0.34 0.45 29941 46% 927 10% normal note normal 
2018-12-23__14:37:21 yuxiaowei GNU/Linux 4.9.41-v7+ up_3_weeks,_1_day,_5_hours,_35_minutes 0.53 0.40 0.46 29941 46% 927 10% normal note normal 
2018-12-23__14:38:21 yuxiaowei GNU/Linux 4.9.41-v7+ up_3_weeks,_1_day,_5_hours,_36_minutes 0.49 0.42 0.47 29941 46% 927 10% normal note normal 
2018-12-23__14:39:22 yuxiaowei GNU/Linux 4.9.41-v7+ up_3_weeks,_1_day,_5_hours,_37_minutes 0.59 0.44 0.47 29941 46% 927 10% normal note normal 
2018-12-23__14:40:22 yuxiaowei GNU/Linux 4.9.41-v7+ up_3_weeks,_1_day,_5_hours,_38_minutes 0.72 0.51 0.49 29941 46% 927 11% normal note normal 
2018-12-23__14:41:22 yuxiaowei GNU/Linux 4.9.41-v7+ up_3_weeks,_1_day,_5_hours,_39_minutes 0.96 0.65 0.54 29941 46% 927 11% normal note normal 
2018-12-23__14:42:22 yuxiaowei GNU/Linux 4.9.41-v7+ up_3_weeks,_1_day,_5_hours,_40_minutes 0.39 0.55 0.51 29941 46% 927 10% normal note normal 
2018-12-23__14:43:22 yuxiaowei GNU/Linux 4.9.41-v7+ up_3_weeks,_1_day,_5_hours,_41_minutes 0.46 0.54 0.51 29941 46% 927 11% normal note normal 
2018-12-23__14:44:22 yuxiaowei GNU/Linux 4.9.41-v7+ up_3_weeks,_1_day,_5_hours,_42_minutes 0.51 0.53 0.51 29941 46% 927 11% normal note normal 
2018-12-23__15:46:29 yuxiaowei GNU/Linux 4.9.41-v7+ up_3_weeks,_1_day,_6_hours,_44_minutes 1.73 0.88 0.68 29941 46% 927 12% normal note normal 
2018-12-23__15:47:29 yuxiaowei GNU/Linux 4.9.41-v7+ up_3_weeks,_1_day,_6_hours,_45_minutes 0.89 0.79 0.66 29941 46% 927 12% normal note normal 
2018-12-23__15:48:29 yuxiaowei GNU/Linux 4.9.41-v7+ up_3_weeks,_1_day,_6_hours,_46_minutes 0.49 0.69 0.63 29941 46% 927 12% normal note normal 
2018-12-23__15:49:30 yuxiaowei GNU/Linux 4.9.41-v7+ up_3_weeks,_1_day,_6_hours,_47_minutes 0.96 0.79 0.67 29941 46% 927 12% normal note normal 
2018-12-23__15:50:30 yuxiaowei GNU/Linux 4.9.41-v7+ up_3_weeks,_1_day,_6_hours,_48_minutes 0.57 0.71 0.65 29941 46% 927 12% normal note normal 
2018-12-23__15:51:34 yuxiaowei GNU/Linux 4.9.41-v7+ up_3_weeks,_1_day,_6_hours,_49_minutes 1.10 0.83 0.69 29941 46% 927 12% normal note normal 
2018-12-23__15:52:34 yuxiaowei GNU/Linux 4.9.41-v7+ up_3_weeks,_1_day,_6_hours,_50_minutes 1.26 0.96 0.74 29941 46% 927 12% normal note normal 
2018-12-23__15:53:35 yuxiaowei GNU/Linux 4.9.41-v7+ up_3_weeks,_1_day,_6_hours,_51_minutes 0.99 0.93 0.75 29941 46% 927 12% normal note normal 
2018-12-23__15:54:35 yuxiaowei GNU/Linux 4.9.41-v7+ up_3_weeks,_1_day,_6_hours,_52_minutes 0.88 0.93 0.76 29941 46% 927 12% normal note normal 
2018-12-23__15:55:35 yuxiaowei GNU/Linux 4.9.41-v7+ up_3_weeks,_1_day,_6_hours,_53_minutes 0.95 0.96 0.78 29941 46% 927 12% normal note normal 
2018-12-23__15:57:30 yuxiaowei GNU/Linux 4.9.41-v7+ up_3_weeks,_1_day,_6_hours,_55_minutes 0.66 0.89 0.78 29941 46% 927 12% normal note normal 
2018-12-23__15:58:30 yuxiaowei GNU/Linux 4.9.41-v7+ up_3_weeks,_1_day,_6_hours,_56_minutes 1.45 1.06 0.85 29941 46% 927 12% normal note normal 
2018-12-23__15:59:30 yuxiaowei GNU/Linux 4.9.41-v7+ up_3_weeks,_1_day,_6_hours,_57_minutes 0.94 0.98 0.83 29941 46% 927 12% normal note normal 
2018-12-23__16:00:30 yuxiaowei GNU/Linux 4.9.41-v7+ up_3_weeks,_1_day,_6_hours,_58_minutes 1.41 1.07 0.87 29941 46% 927 12% normal note normal 
2018-12-23__16:01:31 yuxiaowei GNU/Linux 4.9.41-v7+ up_3_weeks,_1_day,_6_hours,_59_minutes 1.20 1.08 0.89 29941 46% 927 13% normal note normal 
2018-12-23__16:02:31 yuxiaowei GNU/Linux 4.9.41-v7+ up_3_weeks,_1_day,_7_hours 0.88 0.99 0.87 29941 46% 927 13% normal note normal 
2018-12-23__16:03:31 yuxiaowei GNU/Linux 4.9.41-v7+ up_3_weeks,_1_day,_7_hours,_1_minute 0.78 0.94 0.86 29941 46% 927 13% normal note normal 
2018-12-23__16:04:31 yuxiaowei GNU/Linux 4.9.41-v7+ up_3_weeks,_1_day,_7_hours,_2_minutes 0.75 0.90 0.85 29941 46% 927 11% normal note normal 
2018-12-23__16:05:31 yuxiaowei GNU/Linux 4.9.41-v7+ up_3_weeks,_1_day,_7_hours,_3_minutes 0.91 0.93 0.86 29941 46% 927 11% normal note normal 
2018-12-23__16:06:31 yuxiaowei GNU/Linux 4.9.41-v7+ up_3_weeks,_1_day,_7_hours,_4_minutes 0.61 0.84 0.83 29941 46% 927 11% normal note normal 
2018-12-23__16:07:31 yuxiaowei GNU/Linux 4.9.41-v7+ up_3_weeks,_1_day,_7_hours,_5_minutes 0.53 0.77 0.81 29941 46% 927 11% normal note normal 
2018-12-23__16:08:31 yuxiaowei GNU/Linux 4.9.41-v7+ up_3_weeks,_1_day,_7_hours,_6_minutes 1.02 0.86 0.84 29941 46% 927 11% normal note normal 
2018-12-23__16:09:31 yuxiaowei GNU/Linux 4.9.41-v7+ up_3_weeks,_1_day,_7_hours,_7_minutes 1.11 0.91 0.85 29941 46% 927 11% normal note normal 
2018-12-23__16:10:32 yuxiaowei GNU/Linux 4.9.41-v7+ up_3_weeks,_1_day,_7_hours,_8_minutes 1.01 0.90 0.85 29941 46% 927 11% normal note normal 
2018-12-23__16:11:32 yuxiaowei GNU/Linux 4.9.41-v7+ up_3_weeks,_1_day,_7_hours,_9_minutes 0.79 0.85 0.84 29941 46% 927 11% normal note normal 
2018-12-23__16:12:32 yuxiaowei GNU/Linux 4.9.41-v7+ up_3_weeks,_1_day,_7_hours,_10_minutes 0.53 0.77 0.81 29941 46% 927 11% normal note normal 
2018-12-23__16:13:32 yuxiaowei GNU/Linux 4.9.41-v7+ up_3_weeks,_1_day,_7_hours,_11_minutes 0.55 0.74 0.79 29941 46% 927 11% normal note normal 
2018-12-23__16:14:32 yuxiaowei GNU/Linux 4.9.41-v7+ up_3_weeks,_1_day,_7_hours,_12_minutes 0.38 0.65 0.76 29941 46% 927 11% normal note normal 
2018-12-23__16:15:32 yuxiaowei GNU/Linux 4.9.41-v7+ up_3_weeks,_1_day,_7_hours,_13_minutes 0.43 0.62 0.74 29941 46% 927 11% normal note normal 
2018-12-23__16:16:32 yuxiaowei GNU/Linux 4.9.41-v7+ up_3_weeks,_1_day,_7_hours,_14_minutes 0.80 0.69 0.76 29941 46% 927 11% normal note normal 
2018-12-23__16:17:32 yuxiaowei GNU/Linux 4.9.41-v7+ up_3_weeks,_1_day,_7_hours,_15_minutes 0.82 0.70 0.76 29941 46% 927 11% normal note normal 
2018-12-23__16:18:32 yuxiaowei GNU/Linux 4.9.41-v7+ up_3_weeks,_1_day,_7_hours,_16_minutes 0.61 0.65 0.73 29941 46% 927 11% normal note normal 
2018-12-23__16:19:33 yuxiaowei GNU/Linux 4.9.41-v7+ up_3_weeks,_1_day,_7_hours,_17_minutes 0.56 0.63 0.72 29941 46% 927 11% normal note normal 
2018-12-23__16:20:33 yuxiaowei GNU/Linux 4.9.41-v7+ up_3_weeks,_1_day,_7_hours,_18_minutes 0.57 0.62 0.71 29941 46% 927 11% normal note normal 
2018-12-23__16:21:34 yuxiaowei GNU/Linux 4.9.41-v7+ up_3_weeks,_1_day,_7_hours,_19_minutes 0.48 0.58 0.69 29941 46% 927 11% normal note normal 
2018-12-23__16:22:34 yuxiaowei GNU/Linux 4.9.41-v7+ up_3_weeks,_1_day,_7_hours,_20_minutes 0.32 0.53 0.67 29941 46% 927 11% normal note normal 
2018-12-23__16:23:37 yuxiaowei GNU/Linux 4.9.41-v7+ up_3_weeks,_1_day,_7_hours,_21_minutes 0.45 0.54 0.66 29941 46% 927 11% normal note normal 
2018-12-23__16:24:37 yuxiaowei GNU/Linux 4.9.41-v7+ up_3_weeks,_1_day,_7_hours,_22_minutes 0.43 0.52 0.65 29941 46% 927 11% normal note normal 
2018-12-23__16:25:37 yuxiaowei GNU/Linux 4.9.41-v7+ up_3_weeks,_1_day,_7_hours,_23_minutes 0.86 0.61 0.67 29941 46% 927 11% normal note normal 
2018-12-23__16:26:37 yuxiaowei GNU/Linux 4.9.41-v7+ up_3_weeks,_1_day,_7_hours,_24_minutes 0.48 0.54 0.64 29941 46% 927 11% normal note normal 
2018-12-23__16:27:39 yuxiaowei GNU/Linux 4.9.41-v7+ up_3_weeks,_1_day,_7_hours,_25_minutes 0.54 0.54 0.63 29941 46% 927 11% normal note normal 
2018-12-23__16:28:39 yuxiaowei GNU/Linux 4.9.41-v7+ up_3_weeks,_1_day,_7_hours,_26_minutes 0.98 0.64 0.66 29941 46% 927 11% normal note normal 
2018-12-23__16:29:39 yuxiaowei GNU/Linux 4.9.41-v7+ up_3_weeks,_1_day,_7_hours,_27_minutes 0.45 0.56 0.63 29941 46% 927 11% normal note normal 
2018-12-23__16:30:40 yuxiaowei GNU/Linux 4.9.41-v7+ up_3_weeks,_1_day,_7_hours,_28_minutes 0.76 0.63 0.65 29941 46% 927 11% normal note normal 
2018-12-23__16:31:40 yuxiaowei GNU/Linux 4.9.41-v7+ up_3_weeks,_1_day,_7_hours,_29_minutes 0.56 0.60 0.63 29941 46% 927 11% normal note normal 
2018-12-23__16:32:40 yuxiaowei GNU/Linux 4.9.41-v7+ up_3_weeks,_1_day,_7_hours,_30_minutes 0.51 0.56 0.62 29941 46% 927 11% normal note normal 
2018-12-23__16:33:45 yuxiaowei GNU/Linux 4.9.41-v7+ up_3_weeks,_1_day,_7_hours,_31_minutes 0.40 0.53 0.61 29941 46% 927 11% normal note normal 
2018-12-23__16:34:48 yuxiaowei GNU/Linux 4.9.41-v7+ up_3_weeks,_1_day,_7_hours,_32_minutes 0.79 0.62 0.63 29941 46% 927 11% normal note normal 
