2018-12-22__19:10:33 0.52 18.00 31.00°C normal
2018-12-22__19:10:42 0.52 8.00 31.00°C normal
2018-12-22__19:10:48 0.53 6.00 31.00°C normal
2018-12-22__19:10:53 0.52 10.00 31.00°C normal
2018-12-22__19:10:59 0.54 8.00 31.00°C normal
2018-12-22__19:11:04 0.54 12.00 31.00°C normal
2018-12-22__19:15:33 0.22 0.32 0.40 100.00 51.00°C warning
2018-12-22__19:15:39 2.10 0.73 0.54 99.00 51.00°C warning
2018-12-22__19:15:45 1.93 0.72 0.53 100.00 50.00°C warning
2018-12-22__19:15:52 1.78 0.71 0.53 100.00 49.00°C warning
2018-12-22__19:16:03 1.66 0.72 0.54 100.00 51.00°C warning
2018-12-22__19:16:09 1.53 0.70 0.53 97.00 50.00°C warning
2018-12-22__19:16:15 2.10 0.86 0.59 98.00 51.00°C warning
2018-12-22__19:16:21 1.93 0.85 0.58 42.00 50.00°C normal
2018-12-22__19:16:27 1.86 0.85 0.59 44.00 51.00°C normal
2018-12-22__19:16:33 1.71 0.84 0.58 41.00 50.00°C normal
2018-12-22__19:16:38 1.57 0.82 0.58 61.00 52.00°C note
2018-12-22__19:16:44 1.45 0.81 0.58 52.00 51.00°C note
2018-12-22__19:16:49 1.62 0.86 0.60 50.00 52.00°C note
2018-12-22__19:16:57 1.65 0.88 0.61 40.00 49.00°C normal
2018-12-22__19:17:02 1.52 0.87 0.60 45.00 49.00°C normal
2018-12-22__19:17:08 1.39 0.85 0.60 40.00 50.00°C normal
2018-12-22__19:17:14 1.28 0.84 0.60 41.00 50.00°C normal
2018-12-22__19:17:19 1.34 0.86 0.60 41.00 50.00°C normal
2018-12-22__19:17:25 2.09 1.04 0.67 99.00 49.00°C warning
2018-12-22__19:17:36 1.85 1.02 0.66 100.00 50.00°C warning
2018-12-22__19:17:48 1.87 1.06 0.68 98.00 50.00°C warning
2018-12-22__19:17:53 1.80 1.06 0.68 97.00 51.00°C warning
2018-12-22__19:17:59 1.65 1.04 0.68 92.00 51.00°C warning
2018-12-22__19:18:05 2.36 1.22 0.74 87.00 52.00°C warning
2018-12-22__19:18:11 2.17 1.19 0.73 81.00 52.00°C warning
2018-12-22__19:18:20 1.83 1.16 0.73 41.00 50.00°C normal
2018-12-22__19:18:26 1.69 1.14 0.72 58.00 50.00°C note
2018-12-22__19:18:31 1.55 1.12 0.72 63.00 49.00°C note
2018-12-22__19:18:37 1.43 1.10 0.71 47.00 52.00°C normal
2018-12-22__19:18:43 1.31 1.08 0.71 89.00 52.00°C warning
2018-12-22__19:18:49 1.21 1.06 0.71 54.00 51.00°C note
2018-12-22__19:18:55 1.02 1.03 0.70 43.00 50.00°C normal
2018-12-22__19:19:01 1.02 1.03 0.70 42.00 50.00°C normal
2018-12-22__19:19:07 1.26 1.08 0.72 49.00 51.00°C normal
2018-12-22__19:19:12 1.16 1.06 0.71 40.00 51.00°C normal
2018-12-22__19:19:18 1.06 1.04 0.71 45.00 51.00°C normal
2018-12-22__19:19:24 0.98 1.02 0.71 42.00 51.00°C normal
2018-12-22__19:19:31 0.90 1.00 0.70 39.00 51.00°C normal
2018-12-22__19:19:36 0.83 0.99 0.70 63.00 52.00°C note
2018-12-22__19:19:42 0.76 0.97 0.70 51.00 52.00°C note
2018-12-22__19:19:48 0.70 0.95 0.69 41.00 52.00°C normal
2018-12-22__19:19:53 0.73 0.95 0.69 44.00 51.00°C normal
2018-12-22__19:19:59 0.75 0.96 0.70 49.00 51.00°C normal
2018-12-22__19:20:06 0.63 0.92 0.69 98.00 50.00°C warning
2018-12-22__19:20:17 0.54 0.89 0.68 98.00 50.00°C warning
2018-12-22__19:20:28 0.45 0.86 0.67 99.00 49.00°C warning
2018-12-22__19:20:40 0.46 0.85 0.67 82.00 52.00°C warning
2018-12-22__19:20:45 1.06 0.97 0.71 99.00 50.00°C warning
2018-12-22__19:20:57 1.04 0.97 0.72 99.00 50.00°C warning
2018-12-22__19:21:08 0.88 0.94 0.71 99.00 51.00°C warning
2018-12-22__19:21:14 1.29 1.02 0.74 44.00 50.00°C normal
2018-12-22__19:21:20 1.19 1.01 0.73 52.00 51.00°C note
2018-12-22__19:21:25 1.23 1.02 0.74 46.00 51.00°C normal
2018-12-22__19:21:31 1.13 1.00 0.74 44.00 50.00°C normal
2018-12-22__19:21:37 1.28 1.04 0.75 54.00 51.00°C note
2018-12-22__19:21:42 1.18 1.02 0.74 44.00 52.00°C normal
2018-12-22__19:21:51 1.22 1.04 0.75 93.00 52.00°C warning
2018-12-22__19:21:57 1.28 1.05 0.76 48.00 51.00°C normal
2018-12-22__19:22:02 1.18 1.03 0.75 38.00 51.00°C normal
2018-12-22__19:22:08 1.08 1.02 0.75 44.00 51.00°C normal
2018-12-22__19:22:14 1.00 1.00 0.75 69.00 50.00°C note
2018-12-22__19:22:25 0.92 0.98 0.74 44.00 52.00°C normal
2018-12-22__19:22:30 1.09 1.02 0.76 47.00 52.00°C normal
2018-12-22__19:22:36 1.08 1.02 0.76 42.00 52.00°C normal
2018-12-22__19:22:42 1.31 1.07 0.78 100.00 52.00°C warning
2018-12-22__19:22:53 1.19 1.05 0.77 92.00 51.00°C warning
2018-12-22__19:23:04 1.00 1.01 0.76 68.00 52.00°C note
2018-12-22__19:23:10 0.92 1.00 0.76 84.00 52.00°C warning
2018-12-22__19:23:16 1.74 1.17 0.82 57.00 52.00°C note
2018-12-22__19:23:21 2.24 1.29 0.86 49.00 52.00°C normal
2018-12-22__19:23:27 2.06 1.27 0.85 49.00 52.00°C normal
2018-12-22__19:23:33 1.97 1.26 0.85 46.00 53.00°C normal
2018-12-22__19:23:38 1.82 1.24 0.85 44.00 52.00°C normal
2018-12-22__19:23:44 1.67 1.22 0.85 64.00 53.00°C note
2018-12-22__19:23:50 1.54 1.20 0.84 60.00 53.00°C note
2018-12-22__19:23:55 2.81 1.48 0.93 51.00 52.00°C note
2018-12-22__19:24:01 2.58 1.45 0.93 57.00 53.00°C note
2018-12-22__19:24:07 3.02 1.56 0.97 42.00 52.00°C normal
2018-12-22__19:24:12 2.78 1.53 0.96 44.00 52.00°C normal
2018-12-22__19:24:18 2.55 1.51 0.96 55.00 52.00°C note
2018-12-22__19:24:24 2.35 1.48 0.95 55.00 52.00°C note
2018-12-22__19:24:29 2.16 1.46 0.94 57.00 52.00°C note
2018-12-22__19:24:35 2.07 1.45 0.95 51.00 52.00°C note
2018-12-22__19:24:41 2.73 1.62 1.01 51.00 53.00°C note
2018-12-22__19:24:47 2.51 1.59 1.00 60.00 52.00°C note
2018-12-22__19:24:52 2.31 1.56 0.99 48.00 53.00°C normal
2018-12-22__19:24:58 2.13 1.54 0.99 41.00 52.00°C normal
2018-12-22__19:25:04 2.04 1.53 0.99 69.00 53.00°C note
2018-12-22__19:25:09 1.87 1.50 0.98 41.00 51.00°C normal
2018-12-22__19:25:15 1.72 1.47 0.98 41.00 52.00°C normal
2018-12-22__19:25:21 1.68 1.47 0.98 53.00 51.00°C note
2018-12-22__19:25:26 1.54 1.45 0.98 42.00 51.00°C normal
2018-12-22__19:25:32 2.46 1.64 1.04 53.00 52.00°C note
2018-12-22__19:25:38 2.26 1.61 1.04 42.00 52.00°C normal
2018-12-22__19:25:43 2.08 1.59 1.03 59.00 53.00°C note
2018-12-22__19:25:49 2.40 1.66 1.06 48.00 52.00°C normal
2018-12-22__19:25:55 2.20 1.63 1.05 44.00 52.00°C normal
2018-12-22__19:26:04 1.94 1.60 1.05 99.00 52.00°C warning
2018-12-22__19:26:15 1.64 1.54 1.04 98.00 51.00°C warning
2018-12-22__19:26:26 1.75 1.58 1.06 98.00 52.00°C warning
2018-12-22__19:26:32 1.61 1.55 1.05 99.00 52.00°C warning
2018-12-22__19:26:38 1.48 1.53 1.04 77.00 52.00°C warning
2018-12-22__19:26:44 1.60 1.55 1.05 71.00 52.00°C warning
2018-12-22__19:26:50 1.47 1.53 1.05 75.00 53.00°C warning
2018-12-22__19:26:55 1.60 1.55 1.06 63.00 53.00°C note
2018-12-22__19:27:01 1.87 1.61 1.09 99.00 54.00°C warning
2018-12-22__19:27:07 1.72 1.59 1.08 58.00 53.00°C note
2018-12-22__19:27:13 1.82 1.61 1.09 46.00 52.00°C normal
2018-12-22__19:27:18 1.67 1.58 1.08 69.00 50.00°C note
2018-12-22__19:27:29 1.42 1.53 1.07 70.00 49.00°C warning
2018-12-22__19:27:40 1.20 1.48 1.06 43.00 51.00°C normal
2018-12-22__19:27:46 1.01 1.43 1.05 71.00 50.00°C warning
2018-12-22__19:27:57 1.42 1.50 1.08 38.00 52.00°C normal
2018-12-22__19:28:02 1.39 1.49 1.08 59.00 53.00°C note
2018-12-22__19:28:08 1.27 1.47 1.07 46.00 52.00°C normal
2018-12-22__19:28:14 1.17 1.44 1.06 58.00 52.00°C note
2018-12-22__19:28:20 1.08 1.42 1.06 41.00 52.00°C normal
2018-12-22__19:28:25 0.99 1.39 1.05 45.00 52.00°C normal
2018-12-22__19:28:31 0.91 1.36 1.05 46.00 51.00°C normal
2018-12-22__19:28:37 0.92 1.36 1.04 50.00 51.00°C note
2018-12-22__19:28:42 0.85 1.33 1.04 75.00 52.00°C warning
2018-12-22__19:28:48 0.78 1.31 1.03 47.00 52.00°C normal
2018-12-22__19:28:53 1.04 1.36 1.05 40.00 51.00°C normal
2018-12-22__19:28:59 0.95 1.33 1.04 41.00 51.00°C normal
2018-12-22__19:29:08 0.81 1.29 1.03 40.00 51.00°C normal
2018-12-22__19:29:14 0.82 1.29 1.03 68.00 51.00°C note
2018-12-22__19:29:20 0.92 1.30 1.04 78.00 51.00°C warning
2018-12-22__19:29:25 0.84 1.28 1.03 87.00 52.00°C warning
2018-12-22__19:29:31 1.16 1.33 1.05 100.00 51.00°C warning
2018-12-22__19:29:42 0.98 1.29 1.04 98.00 50.00°C warning
2018-12-22__19:29:48 1.46 1.38 1.07 91.00 52.00°C warning
2018-12-22__19:29:54 1.34 1.36 1.07 88.00 52.00°C warning
2018-12-22__19:30:00 1.31 1.35 1.07 91.00 52.00°C warning
2018-12-22__19:30:06 1.21 1.33 1.06 92.00 52.00°C warning
2018-12-22__19:30:12 1.98 1.50 1.12 82.00 52.00°C warning
2018-12-22__19:30:17 1.82 1.47 1.11 45.00 52.00°C normal
2018-12-22__19:30:23 2.64 1.65 1.17 41.00 51.00°C normal
2018-12-22__19:30:29 2.43 1.62 1.16 64.00 52.00°C note
2018-12-22__19:30:34 2.31 1.61 1.16 42.00 52.00°C normal
2018-12-22__19:30:40 2.13 1.58 1.16 46.00 51.00°C normal
2018-12-22__19:30:46 1.96 1.56 1.15 46.00 52.00°C normal
2018-12-22__19:30:51 1.88 1.55 1.15 47.00 52.00°C normal
2018-12-22__19:30:57 1.73 1.53 1.15 50.00 52.00°C note
