2018-12-22 19:11:01 0 disk 95426 78777 17%
2018-12-22 19:11:01 1 /dev 1877 1877 0% 
2018-12-22 19:11:01 1 / 92991 76830 13% 
2018-12-22 19:11:01 1 /snap/core/5897 89 0 100% 
2018-12-22 19:11:01 1 /snap/goldendictionary/1 109 0 100% 
2018-12-22 19:11:01 1 /snap/core/6130 90 0 100% 
2018-12-22 19:11:01 1 /snap/core/6034 90 0 100% 
2018-12-22 19:11:01 1 /boot 180 70 59% 
2018-12-22 19:15:33 0 disk 29941 13949 53%
2018-12-22 19:15:33 1 / 29899 13928 52% 
2018-12-22 19:15:33 1 /boot 42 21 51% 
2018-12-22 19:16:34 0 disk 29941 13949 53%
2018-12-22 19:16:34 1 / 29899 13928 52% 
2018-12-22 19:16:34 1 /boot 42 21 51% 
2018-12-22 19:17:37 0 disk 29941 13949 53%
2018-12-22 19:17:37 1 / 29899 13928 52% 
2018-12-22 19:17:37 1 /boot 42 21 51% 
2018-12-22 19:18:43 0 disk 29941 13949 53%
2018-12-22 19:18:43 1 / 29899 13928 52% 
2018-12-22 19:18:43 1 /boot 42 21 51% 
2018-12-22 19:19:44 0 disk 29941 13949 53%
2018-12-22 19:19:44 1 / 29899 13928 52% 
2018-12-22 19:19:44 1 /boot 42 21 51% 
2018-12-22 19:20:46 0 disk 29941 13949 53%
2018-12-22 19:20:46 1 / 29899 13928 52% 
2018-12-22 19:20:46 1 /boot 42 21 51% 
2018-12-22 19:21:52 0 disk 29941 13949 53%
2018-12-22 19:21:52 1 / 29899 13928 52% 
2018-12-22 19:21:52 1 /boot 42 21 51% 
2018-12-22 19:22:53 0 disk 29941 13949 53%
2018-12-22 19:22:53 1 / 29899 13928 52% 
2018-12-22 19:22:53 1 /boot 42 21 51% 
2018-12-22 19:23:59 0 disk 29941 13949 53%
2018-12-22 19:23:59 1 / 29899 13928 52% 
2018-12-22 19:23:59 1 /boot 42 21 51% 
2018-12-22 19:25:00 0 disk 29941 13949 53%
2018-12-22 19:25:00 1 / 29899 13928 52% 
2018-12-22 19:25:00 1 /boot 42 21 51% 
2018-12-22 19:26:00 0 disk 29941 13949 53%
2018-12-22 19:26:00 1 / 29899 13928 52% 
2018-12-22 19:26:00 1 /boot 42 21 51% 
2018-12-22 19:27:01 0 disk 29941 13949 53%
2018-12-22 19:27:01 1 / 29899 13928 52% 
2018-12-22 19:27:01 1 /boot 42 21 51% 
2018-12-22 19:28:02 0 disk 29941 13949 53%
2018-12-22 19:28:02 1 / 29899 13928 52% 
2018-12-22 19:28:02 1 /boot 42 21 51% 
2018-12-22 19:29:03 0 disk 29941 13949 53%
2018-12-22 19:29:03 1 / 29899 13928 52% 
2018-12-22 19:29:03 1 /boot 42 21 51% 
2018-12-22 19:30:09 0 disk 29941 13949 53%
2018-12-22 19:30:09 1 / 29899 13928 52% 
2018-12-22 19:30:09 1 /boot 42 21 51% 
