2018-12-22__19:11:01 yuxiaowei GNU/Linux 4.13.0-45-generic up_10_hours,_21_minutes 0.54 95426 12% 3805 44% normal normal normal 
2018-12-22__19:15:33 yuxiaowei GNU/Linux 4.9.41-v7+ up_3_weeks,_10_hours,_12_minutes 0.22 0.32 0.40 29941 49% 927 10% normal normal normal 
2018-12-22__19:16:35 yuxiaowei GNU/Linux 4.9.41-v7+ up_3_weeks,_10_hours,_13_minutes 1.57 0.82 0.58 29941 49% 927 9% normal note normal 
2018-12-22__19:17:35 yuxiaowei GNU/Linux 4.9.41-v7+ up_3_weeks,_10_hours,_14_minutes 1.85 1.02 0.66 29941 49% 927 8% normal normal normal 
2018-12-22__19:18:36 yuxiaowei GNU/Linux 4.9.41-v7+ up_3_weeks,_10_hours,_15_minutes 1.43 1.10 0.71 29941 49% 927 9% normal note normal 
2018-12-22__19:19:37 yuxiaowei GNU/Linux 4.9.41-v7+ up_3_weeks,_10_hours,_16_minutes 0.83 0.99 0.70 29941 49% 927 8% normal note normal 
2018-12-22__19:20:37 yuxiaowei GNU/Linux 4.9.41-v7+ up_3_weeks,_10_hours,_17_minutes 0.46 0.85 0.67 29941 49% 927 8% normal normal normal 
2018-12-22__19:21:38 yuxiaowei GNU/Linux 4.9.41-v7+ up_3_weeks,_10_hours,_18_minutes 1.28 1.04 0.75 29941 49% 927 8% normal note normal 
2018-12-22__19:22:39 yuxiaowei GNU/Linux 4.9.41-v7+ up_3_weeks,_10_hours,_19_minutes 1.08 1.02 0.76 29941 49% 927 8% normal note normal 
2018-12-22__19:23:39 yuxiaowei GNU/Linux 4.9.41-v7+ up_3_weeks,_10_hours,_20_minutes 1.82 1.24 0.85 29941 49% 927 9% normal note normal 
2018-12-22__19:24:40 yuxiaowei GNU/Linux 4.9.41-v7+ up_3_weeks,_10_hours,_21_minutes 2.62 1.57 0.99 29941 49% 927 8% normal note normal 
2018-12-22__19:25:41 yuxiaowei GNU/Linux 4.9.41-v7+ up_3_weeks,_10_hours,_22_minutes 2.08 1.59 1.03 29941 49% 927 8% normal note normal 
2018-12-22__19:26:41 yuxiaowei GNU/Linux 4.9.41-v7+ up_3_weeks,_10_hours,_23_minutes 1.60 1.55 1.05 29941 49% 927 8% normal note normal 
2018-12-22__19:27:42 yuxiaowei GNU/Linux 4.9.41-v7+ up_3_weeks,_10_hours,_24_minutes 1.10 1.46 1.06 29941 49% 927 8% normal note normal 
2018-12-22__19:28:43 yuxiaowei GNU/Linux 4.9.41-v7+ up_3_weeks,_10_hours,_25_minutes 0.85 1.33 1.04 29941 49% 927 9% normal note normal 
2018-12-22__19:29:43 yuxiaowei GNU/Linux 4.9.41-v7+ up_3_weeks,_10_hours,_26_minutes 0.98 1.29 1.04 29941 49% 927 9% normal note normal 
2018-12-22__20:36:25 yuxiaowei GNU/Linux 4.13.0-45-generic up_11_hours,_47_minutes 0.66 95426 12% 3805 40% normal normal normal 
2018-12-23__09:24:03 yuxiaowei GNU/Linux 4.13.0-45-generic up_1_day,_34_minutes average:0.65 0.73  95426 12% 3805 37% normal normal normal 
2018-12-23__10:11:21 yuxiaowei GNU/Linux 4.9.41-v7+ up_3_weeks,_1_day,_1_hour,_8_minutes 1.31 0.71 0.48 29941 49% 927 12% normal note normal 
2018-12-23__10:12:21 yuxiaowei GNU/Linux 4.9.41-v7+ up_3_weeks,_1_day,_1_hour,_9_minutes 1.85 0.98 0.59 29941 49% 927 12% normal note normal 
2018-12-23__10:13:21 yuxiaowei GNU/Linux 4.9.41-v7+ up_3_weeks,_1_day,_1_hour,_10_minutes 1.77 1.14 0.67 29941 49% 927 12% normal note normal 
2018-12-23__10:14:21 yuxiaowei GNU/Linux 4.9.41-v7+ up_3_weeks,_1_day,_1_hour,_11_minutes 1.74 1.27 0.75 29941 49% 927 12% normal note normal 
2018-12-23__10:15:21 yuxiaowei GNU/Linux 4.9.41-v7+ up_3_weeks,_1_day,_1_hour,_12_minutes 2.06 1.42 0.83 29941 49% 927 13% normal note normal 
2018-12-23__10:16:21 yuxiaowei GNU/Linux 4.9.41-v7+ up_3_weeks,_1_day,_1_hour,_13_minutes 1.87 1.47 0.89 29941 49% 927 12% normal note normal 
2018-12-23__10:19:03 yuxiaowei GNU/Linux 4.9.41-v7+ up_3_weeks,_1_day,_1_hour,_15_minutes 3.90 2.40 1.33 29941 49% 927 11% normal note normal 
2018-12-23__10:34:25 yuxiaowei GNU/Linux 4.9.41-v7+ up_3_weeks,_1_day,_1_hour,_31_minutes 0.46 1.82 2.18 29941 49% 927 11% normal normal normal 
2018-12-23__10:35:25 yuxiaowei GNU/Linux 4.9.41-v7+ up_3_weeks,_1_day,_1_hour,_32_minutes 0.37 1.53 2.06 29941 49% 927 11% normal normal normal 
2018-12-23__10:36:25 yuxiaowei GNU/Linux 4.9.41-v7+ up_3_weeks,_1_day,_1_hour,_33_minutes 0.40 1.33 1.95 29941 49% 927 11% normal normal normal 
2018-12-23__10:37:25 yuxiaowei GNU/Linux 4.9.41-v7+ up_3_weeks,_1_day,_1_hour,_34_minutes 0.37 1.16 1.85 29941 49% 927 11% normal normal normal 
2018-12-23__10:51:29 yuxiaowei GNU/Linux 4.13.0-45-generic up_1_day,_2_hours,_2_minutes 1.85 1.84 1.77 95426 12% 3805 50% normal normal normal 
2018-12-23__10:51:36 yuxiaowei GNU/Linux 4.13.0-45-generic up_1_day,_2_hours,_2_minutes 1.86 1.84 1.77 95426 12% 3805 50% normal normal normal 
2018-12-23__10:53:22 yuxiaowei GNU/Linux 4.13.0-45-generic up_1_day,_2_hours,_4_minutes 1.60 1.81 1.77 95426 12% 3805 50% normal normal normal 
2018-12-23__10:54:33 yuxiaowei GNU/Linux 4.13.0-45-generic up_1_day,_2_hours,_5_minutes 1.86 1.85 1.79 95426 12% 3805 50% normal normal normal 
2018-12-23__10:54:47 yuxiaowei GNU/Linux 4.13.0-45-generic up_1_day,_2_hours,_5_minutes 1.51 1.78 1.77 95426 12% 3805 50% normal normal normal 
2018-12-23__11:31:01 yuxiaowei GNU/Linux 4.9.41-v7+ up_3_weeks,_1_day,_2_hours,_27_minutes 0.93 0.88 0.77 29941 49% 927 12% normal normal normal 
2018-12-23__11:32:01 yuxiaowei GNU/Linux 4.9.41-v7+ up_3_weeks,_1_day,_2_hours,_28_minutes 0.84 0.86 0.77 29941 49% 927 11% normal normal normal 
2018-12-23__11:33:01 yuxiaowei GNU/Linux 4.9.41-v7+ up_3_weeks,_1_day,_2_hours,_29_minutes 0.79 0.84 0.77 29941 49% 927 11% normal normal normal 
2018-12-23__11:34:01 yuxiaowei GNU/Linux 4.9.41-v7+ up_3_weeks,_1_day,_2_hours,_30_minutes 0.57 0.76 0.74 29941 49% 927 11% normal normal normal 
2018-12-23__11:35:01 yuxiaowei GNU/Linux 4.9.41-v7+ up_3_weeks,_1_day,_2_hours,_31_minutes 0.78 0.78 0.75 29941 49% 927 11% normal normal normal 
2018-12-23__11:36:02 yuxiaowei GNU/Linux 4.9.41-v7+ up_3_weeks,_1_day,_2_hours,_32_minutes 0.89 0.80 0.76 29941 49% 927 11% normal normal normal 
2018-12-23__11:37:02 yuxiaowei GNU/Linux 4.9.41-v7+ up_3_weeks,_1_day,_2_hours,_33_minutes 0.72 0.78 0.75 29941 49% 927 11% normal normal normal 
2018-12-23__11:38:02 yuxiaowei GNU/Linux 4.9.41-v7+ up_3_weeks,_1_day,_2_hours,_34_minutes 0.43 0.69 0.72 29941 49% 927 11% normal normal normal 
2018-12-23__11:39:02 yuxiaowei GNU/Linux 4.9.41-v7+ up_3_weeks,_1_day,_2_hours,_35_minutes 0.74 0.75 0.74 29941 49% 927 11% normal normal normal 
2018-12-23__11:40:02 yuxiaowei GNU/Linux 4.9.41-v7+ up_3_weeks,_1_day,_2_hours,_36_minutes 0.69 0.74 0.73 29941 49% 927 11% normal normal normal 
2018-12-23__11:41:02 yuxiaowei GNU/Linux 4.9.41-v7+ up_3_weeks,_1_day,_2_hours,_37_minutes 0.40 0.65 0.70 29941 49% 927 11% normal normal normal 
2018-12-23__11:42:02 yuxiaowei GNU/Linux 4.9.41-v7+ up_3_weeks,_1_day,_2_hours,_38_minutes 0.51 0.63 0.69 29941 49% 927 11% normal normal normal 
2018-12-23__10:51:29 yuxiaowei GNU/Linux 4.13.0-45-generic up_1_day,_2_hours,_2_minutes 1.85 1.84 1.77 95426 12% 3805 50% normal normal normal 
2018-12-23__10:51:36 yuxiaowei GNU/Linux 4.13.0-45-generic up_1_day,_2_hours,_2_minutes 1.86 1.84 1.77 95426 12% 3805 50% normal normal normal 
2018-12-23__10:53:22 yuxiaowei GNU/Linux 4.13.0-45-generic up_1_day,_2_hours,_4_minutes 1.60 1.81 1.77 95426 12% 3805 50% normal normal normal 
2018-12-23__10:54:33 yuxiaowei GNU/Linux 4.13.0-45-generic up_1_day,_2_hours,_5_minutes 1.86 1.85 1.79 95426 12% 3805 50% normal normal normal 
2018-12-23__10:54:47 yuxiaowei GNU/Linux 4.13.0-45-generic up_1_day,_2_hours,_5_minutes 1.51 1.78 1.77 95426 12% 3805 50% normal normal normal 
2018-12-23__13:35:08 yuxiaowei GNU/Linux 4.9.41-v7+ up_3_weeks,_1_day,_4_hours,_31_minutes 0.37 0.44 0.50 29941 49% 927 11% normal normal normal 
2018-12-23__13:36:08 yuxiaowei GNU/Linux 4.9.41-v7+ up_3_weeks,_1_day,_4_hours,_32_minutes 0.42 0.44 0.49 29941 49% 927 11% normal normal normal 
2018-12-23__13:37:08 yuxiaowei GNU/Linux 4.9.41-v7+ up_3_weeks,_1_day,_4_hours,_33_minutes 0.56 0.48 0.50 29941 49% 927 11% normal normal normal 
2018-12-23__13:38:08 yuxiaowei GNU/Linux 4.9.41-v7+ up_3_weeks,_1_day,_4_hours,_34_minutes 0.37 0.43 0.49 29941 49% 927 11% normal normal normal 
2018-12-23__13:39:08 yuxiaowei GNU/Linux 4.9.41-v7+ up_3_weeks,_1_day,_4_hours,_35_minutes 0.46 0.46 0.49 29941 49% 927 11% normal normal normal 
2018-12-23__13:40:09 yuxiaowei GNU/Linux 4.9.41-v7+ up_3_weeks,_1_day,_4_hours,_36_minutes 0.61 0.50 0.50 29941 49% 927 11% normal normal normal 
2018-12-23__13:41:09 yuxiaowei GNU/Linux 4.9.41-v7+ up_3_weeks,_1_day,_4_hours,_37_minutes 0.91 0.63 0.55 29941 49% 927 11% normal normal normal 
2018-12-23__13:42:09 yuxiaowei GNU/Linux 4.9.41-v7+ up_3_weeks,_1_day,_4_hours,_38_minutes 0.63 0.60 0.54 29941 49% 927 11% normal normal normal 
2018-12-23__13:43:09 yuxiaowei GNU/Linux 4.9.41-v7+ up_3_weeks,_1_day,_4_hours,_39_minutes 0.64 0.62 0.55 29941 49% 927 11% normal normal normal 
2018-12-23__13:44:09 yuxiaowei GNU/Linux 4.9.41-v7+ up_3_weeks,_1_day,_4_hours,_40_minutes 0.93 0.68 0.58 29941 49% 927 11% normal normal normal 
2018-12-23__13:45:13 yuxiaowei GNU/Linux 4.9.41-v7+ up_3_weeks,_1_day,_4_hours,_41_minutes 0.69 0.69 0.59 29941 49% 927 11% normal normal normal 
2018-12-23__13:46:13 yuxiaowei GNU/Linux 4.9.41-v7+ up_3_weeks,_1_day,_4_hours,_42_minutes 0.35 0.60 0.56 29941 49% 927 11% normal normal normal 
2018-12-23__13:47:13 yuxiaowei GNU/Linux 4.9.41-v7+ up_3_weeks,_1_day,_4_hours,_43_minutes 0.29 0.53 0.54 29941 49% 927 11% normal normal normal 
2018-12-23__13:48:13 yuxiaowei GNU/Linux 4.9.41-v7+ up_3_weeks,_1_day,_4_hours,_44_minutes 1.12 0.69 0.59 29941 49% 927 11% normal normal normal 
2018-12-23__13:49:13 yuxiaowei GNU/Linux 4.9.41-v7+ up_3_weeks,_1_day,_4_hours,_45_minutes 0.80 0.67 0.59 29941 49% 927 11% normal normal normal 
2018-12-23__13:50:14 yuxiaowei GNU/Linux 4.9.41-v7+ up_3_weeks,_1_day,_4_hours,_46_minutes 0.45 0.59 0.56 29941 49% 927 11% normal normal normal 
2018-12-23__13:51:14 yuxiaowei GNU/Linux 4.9.41-v7+ up_3_weeks,_1_day,_4_hours,_47_minutes 0.70 0.65 0.58 29941 49% 927 11% normal normal normal 
2018-12-23__13:52:16 yuxiaowei GNU/Linux 4.9.41-v7+ up_3_weeks,_1_day,_4_hours,_49_minutes 0.58 0.64 0.59 29941 49% 927 11% normal normal normal 
2018-12-23__13:53:17 yuxiaowei GNU/Linux 4.9.41-v7+ up_3_weeks,_1_day,_4_hours,_50_minutes 0.97 0.75 0.63 29941 49% 927 11% normal normal normal 
2018-12-23__13:54:17 yuxiaowei GNU/Linux 4.9.41-v7+ up_3_weeks,_1_day,_4_hours,_51_minutes 0.59 0.69 0.62 29941 49% 927 11% normal normal normal 
2018-12-23__13:55:17 yuxiaowei GNU/Linux 4.9.41-v7+ up_3_weeks,_1_day,_4_hours,_52_minutes 0.73 0.73 0.64 29941 49% 927 11% normal normal normal 
2018-12-23__13:56:17 yuxiaowei GNU/Linux 4.9.41-v7+ up_3_weeks,_1_day,_4_hours,_53_minutes 0.35 0.62 0.61 29941 49% 927 11% normal normal normal 
2018-12-23__13:57:17 yuxiaowei GNU/Linux 4.9.41-v7+ up_3_weeks,_1_day,_4_hours,_54_minutes 0.79 0.70 0.64 29941 49% 927 11% normal normal normal 
2018-12-23__13:58:17 yuxiaowei GNU/Linux 4.9.41-v7+ up_3_weeks,_1_day,_4_hours,_55_minutes 0.95 0.78 0.67 29941 49% 927 11% normal normal normal 
2018-12-23__13:59:17 yuxiaowei GNU/Linux 4.9.41-v7+ up_3_weeks,_1_day,_4_hours,_56_minutes 0.86 0.77 0.67 29941 49% 927 11% normal normal normal 
2018-12-23__14:00:17 yuxiaowei GNU/Linux 4.9.41-v7+ up_3_weeks,_1_day,_4_hours,_57_minutes 0.41 0.65 0.63 29941 49% 927 11% normal normal normal 
2018-12-23__14:01:17 yuxiaowei GNU/Linux 4.9.41-v7+ up_3_weeks,_1_day,_4_hours,_58_minutes 0.67 0.69 0.64 29941 49% 927 11% normal normal normal 
2018-12-23__14:02:18 yuxiaowei GNU/Linux 4.9.41-v7+ up_3_weeks,_1_day,_4_hours,_59_minutes 0.44 0.62 0.62 29941 49% 927 11% normal normal normal 
2018-12-23__14:03:18 yuxiaowei GNU/Linux 4.9.41-v7+ up_3_weeks,_1_day,_5_hours 0.29 0.54 0.59 29941 49% 927 11% normal normal normal 
2018-12-23__14:04:18 yuxiaowei GNU/Linux 4.9.41-v7+ up_3_weeks,_1_day,_5_hours,_1_minute 0.37 0.51 0.58 29941 49% 927 11% normal normal normal 
2018-12-23__14:05:18 yuxiaowei GNU/Linux 4.9.41-v7+ up_3_weeks,_1_day,_5_hours,_2_minutes 0.78 0.60 0.61 29941 49% 927 11% normal normal normal 
2018-12-23__14:06:18 yuxiaowei GNU/Linux 4.9.41-v7+ up_3_weeks,_1_day,_5_hours,_3_minutes 0.39 0.52 0.58 29941 49% 927 11% normal normal normal 
2018-12-23__14:07:18 yuxiaowei GNU/Linux 4.9.41-v7+ up_3_weeks,_1_day,_5_hours,_4_minutes 0.66 0.56 0.59 29941 49% 927 11% normal normal normal 
2018-12-23__14:08:18 yuxiaowei GNU/Linux 4.9.41-v7+ up_3_weeks,_1_day,_5_hours,_5_minutes 0.56 0.54 0.58 29941 49% 927 11% normal normal normal 
2018-12-23__14:09:18 yuxiaowei GNU/Linux 4.9.41-v7+ up_3_weeks,_1_day,_5_hours,_6_minutes 0.62 0.56 0.58 29941 49% 927 11% normal normal normal 
2018-12-23__14:10:18 yuxiaowei GNU/Linux 4.9.41-v7+ up_3_weeks,_1_day,_5_hours,_7_minutes 0.92 0.65 0.61 29941 49% 927 11% normal normal normal 
2018-12-23__14:11:19 yuxiaowei GNU/Linux 4.9.41-v7+ up_3_weeks,_1_day,_5_hours,_8_minutes 0.64 0.63 0.60 29941 49% 927 11% normal normal normal 
2018-12-23__14:12:19 yuxiaowei GNU/Linux 4.9.41-v7+ up_3_weeks,_1_day,_5_hours,_9_minutes 0.72 0.64 0.61 29941 49% 927 11% normal normal normal 
2018-12-23__14:13:22 yuxiaowei GNU/Linux 4.9.41-v7+ up_3_weeks,_1_day,_5_hours,_10_minutes 0.61 0.62 0.60 29941 49% 927 11% normal normal normal 
2018-12-23__14:14:22 yuxiaowei GNU/Linux 4.9.41-v7+ up_3_weeks,_1_day,_5_hours,_11_minutes 0.52 0.60 0.60 29941 49% 927 11% normal normal normal 
2018-12-23__14:15:23 yuxiaowei GNU/Linux 4.9.41-v7+ up_3_weeks,_1_day,_5_hours,_12_minutes 0.98 0.70 0.64 29941 49% 927 11% normal normal normal 
2018-12-23__14:16:24 yuxiaowei GNU/Linux 4.9.41-v7+ up_3_weeks,_1_day,_5_hours,_13_minutes 0.62 0.66 0.63 29941 49% 927 12% normal normal normal 
2018-12-23__14:17:28 yuxiaowei GNU/Linux 4.9.41-v7+ up_3_weeks,_1_day,_5_hours,_14_minutes 0.68 0.66 0.63 29941 49% 927 11% normal normal normal 
2018-12-23__14:18:28 yuxiaowei GNU/Linux 4.9.41-v7+ up_3_weeks,_1_day,_5_hours,_15_minutes 0.74 0.66 0.63 29941 49% 927 11% normal normal normal 
2018-12-23__14:19:28 yuxiaowei GNU/Linux 4.9.41-v7+ up_3_weeks,_1_day,_5_hours,_16_minutes 0.62 0.67 0.63 29941 49% 927 12% normal normal normal 
2018-12-23__14:20:28 yuxiaowei GNU/Linux 4.9.41-v7+ up_3_weeks,_1_day,_5_hours,_17_minutes 0.75 0.69 0.64 29941 49% 927 12% normal normal normal 
2018-12-23__14:21:28 yuxiaowei GNU/Linux 4.9.41-v7+ up_3_weeks,_1_day,_5_hours,_18_minutes 0.66 0.67 0.64 29941 49% 927 11% normal normal normal 
2018-12-23__14:22:28 yuxiaowei GNU/Linux 4.9.41-v7+ up_3_weeks,_1_day,_5_hours,_19_minutes 0.75 0.73 0.66 29941 49% 927 11% normal normal normal 
2018-12-23__14:23:29 yuxiaowei GNU/Linux 4.9.41-v7+ up_3_weeks,_1_day,_5_hours,_20_minutes 0.63 0.70 0.66 29941 49% 927 11% normal normal normal 
2018-12-23__14:24:29 yuxiaowei GNU/Linux 4.9.41-v7+ up_3_weeks,_1_day,_5_hours,_21_minutes 0.32 0.60 0.62 29941 49% 927 11% normal normal normal 
2018-12-23__14:25:29 yuxiaowei GNU/Linux 4.9.41-v7+ up_3_weeks,_1_day,_5_hours,_22_minutes 0.61 0.64 0.64 29941 49% 927 11% normal normal normal 
2018-12-23__14:26:29 yuxiaowei GNU/Linux 4.9.41-v7+ up_3_weeks,_1_day,_5_hours,_23_minutes 0.83 0.73 0.67 29941 49% 927 11% normal normal normal 
2018-12-23__14:27:29 yuxiaowei GNU/Linux 4.9.41-v7+ up_3_weeks,_1_day,_5_hours,_24_minutes 0.45 0.64 0.64 29941 49% 927 11% normal normal normal 
2018-12-23__14:28:29 yuxiaowei GNU/Linux 4.9.41-v7+ up_3_weeks,_1_day,_5_hours,_25_minutes 0.76 0.70 0.66 29941 49% 927 11% normal normal normal 
2018-12-23__14:29:29 yuxiaowei GNU/Linux 4.9.41-v7+ up_3_weeks,_1_day,_5_hours,_26_minutes 0.75 0.71 0.66 29941 49% 927 11% normal normal normal 
2018-12-23__14:30:29 yuxiaowei GNU/Linux 4.9.41-v7+ up_3_weeks,_1_day,_5_hours,_27_minutes 0.59 0.68 0.66 29941 49% 927 11% normal normal normal 
2018-12-23__14:31:29 yuxiaowei GNU/Linux 4.9.41-v7+ up_3_weeks,_1_day,_5_hours,_28_minutes 0.50 0.66 0.65 29941 49% 927 11% normal normal normal 
2018-12-23__14:32:30 yuxiaowei GNU/Linux 4.9.41-v7+ up_3_weeks,_1_day,_5_hours,_29_minutes 0.54 0.63 0.64 29941 49% 927 11% normal normal normal 
2018-12-23__14:33:30 yuxiaowei GNU/Linux 4.9.41-v7+ up_3_weeks,_1_day,_5_hours,_30_minutes 0.42 0.58 0.62 29941 49% 927 11% normal normal normal 
2018-12-23__14:34:30 yuxiaowei GNU/Linux 4.9.41-v7+ up_3_weeks,_1_day,_5_hours,_31_minutes 0.59 0.61 0.63 29941 49% 927 11% normal normal normal 
2018-12-23__14:35:30 yuxiaowei GNU/Linux 4.9.41-v7+ up_3_weeks,_1_day,_5_hours,_32_minutes 0.61 0.60 0.63 29941 49% 927 11% normal normal normal 
2018-12-23__14:36:35 yuxiaowei GNU/Linux 4.9.41-v7+ up_3_weeks,_1_day,_5_hours,_33_minutes 0.41 0.57 0.61 29941 49% 927 11% normal normal normal 
2018-12-23__14:37:35 yuxiaowei GNU/Linux 4.9.41-v7+ up_3_weeks,_1_day,_5_hours,_34_minutes 0.30 0.51 0.59 29941 49% 927 11% normal normal normal 
2018-12-23__14:38:40 yuxiaowei GNU/Linux 4.9.41-v7+ up_3_weeks,_1_day,_5_hours,_35_minutes 0.63 0.57 0.61 29941 49% 927 11% normal normal normal 
2018-12-23__14:39:40 yuxiaowei GNU/Linux 4.9.41-v7+ up_3_weeks,_1_day,_5_hours,_36_minutes 0.55 0.57 0.61 29941 49% 927 11% normal normal normal 
2018-12-23__14:40:40 yuxiaowei GNU/Linux 4.9.41-v7+ up_3_weeks,_1_day,_5_hours,_37_minutes 0.41 0.53 0.59 29941 49% 927 11% normal normal normal 
2018-12-23__14:41:40 yuxiaowei GNU/Linux 4.9.41-v7+ up_3_weeks,_1_day,_5_hours,_38_minutes 0.25 0.46 0.56 29941 49% 927 11% normal normal normal 
2018-12-23__14:42:40 yuxiaowei GNU/Linux 4.9.41-v7+ up_3_weeks,_1_day,_5_hours,_39_minutes 0.76 0.58 0.60 29941 49% 927 11% normal normal normal 
2018-12-23__14:43:40 yuxiaowei GNU/Linux 4.9.41-v7+ up_3_weeks,_1_day,_5_hours,_40_minutes 0.79 0.65 0.62 29941 49% 927 11% normal normal normal 
2018-12-23__14:44:40 yuxiaowei GNU/Linux 4.9.41-v7+ up_3_weeks,_1_day,_5_hours,_41_minutes 0.76 0.68 0.63 29941 49% 927 11% normal normal normal 
2018-12-23__14:45:40 yuxiaowei GNU/Linux 4.9.41-v7+ up_3_weeks,_1_day,_5_hours,_42_minutes 0.60 0.65 0.63 29941 49% 927 11% normal normal normal 
2018-12-23__14:46:40 yuxiaowei GNU/Linux 4.9.41-v7+ up_3_weeks,_1_day,_5_hours,_43_minutes 0.81 0.68 0.64 29941 49% 927 11% normal normal normal 
2018-12-23__14:47:41 yuxiaowei GNU/Linux 4.9.41-v7+ up_3_weeks,_1_day,_5_hours,_44_minutes 0.58 0.66 0.63 29941 49% 927 11% normal normal normal 
2018-12-23__14:48:41 yuxiaowei GNU/Linux 4.9.41-v7+ up_3_weeks,_1_day,_5_hours,_45_minutes 0.56 0.66 0.63 29941 49% 927 11% normal normal normal 
2018-12-23__14:49:41 yuxiaowei GNU/Linux 4.9.41-v7+ up_3_weeks,_1_day,_5_hours,_46_minutes 0.81 0.70 0.65 29941 49% 927 11% normal normal normal 
2018-12-23__14:50:41 yuxiaowei GNU/Linux 4.9.41-v7+ up_3_weeks,_1_day,_5_hours,_47_minutes 0.78 0.71 0.66 29941 49% 927 11% normal normal normal 
2018-12-23__14:51:41 yuxiaowei GNU/Linux 4.9.41-v7+ up_3_weeks,_1_day,_5_hours,_48_minutes 0.71 0.73 0.67 29941 49% 927 11% normal normal normal 
2018-12-23__14:52:41 yuxiaowei GNU/Linux 4.9.41-v7+ up_3_weeks,_1_day,_5_hours,_49_minutes 0.41 0.64 0.64 29941 49% 927 11% normal normal normal 
2018-12-23__14:53:41 yuxiaowei GNU/Linux 4.9.41-v7+ up_3_weeks,_1_day,_5_hours,_50_minutes 0.86 0.76 0.68 29941 49% 927 12% normal normal normal 
2018-12-23__14:54:41 yuxiaowei GNU/Linux 4.9.41-v7+ up_3_weeks,_1_day,_5_hours,_51_minutes 0.74 0.76 0.69 29941 49% 927 12% normal normal normal 
2018-12-23__14:55:41 yuxiaowei GNU/Linux 4.9.41-v7+ up_3_weeks,_1_day,_5_hours,_52_minutes 1.14 0.89 0.74 29941 49% 927 12% normal normal normal 
2018-12-23__14:56:42 yuxiaowei GNU/Linux 4.9.41-v7+ up_3_weeks,_1_day,_5_hours,_53_minutes 0.94 0.87 0.74 29941 49% 927 12% normal normal normal 
2018-12-23__14:57:42 yuxiaowei GNU/Linux 4.9.41-v7+ up_3_weeks,_1_day,_5_hours,_54_minutes 0.54 0.77 0.71 29941 49% 927 12% normal normal normal 
2018-12-23__14:58:42 yuxiaowei GNU/Linux 4.9.41-v7+ up_3_weeks,_1_day,_5_hours,_55_minutes 0.48 0.72 0.70 29941 49% 927 12% normal normal normal 
2018-12-23__14:59:42 yuxiaowei GNU/Linux 4.9.41-v7+ up_3_weeks,_1_day,_5_hours,_56_minutes 0.64 0.74 0.71 29941 49% 927 12% normal normal normal 
2018-12-23__15:00:42 yuxiaowei GNU/Linux 4.9.41-v7+ up_3_weeks,_1_day,_5_hours,_57_minutes 0.49 0.69 0.70 29941 49% 927 12% normal normal normal 
2018-12-23__15:01:42 yuxiaowei GNU/Linux 4.9.41-v7+ up_3_weeks,_1_day,_5_hours,_58_minutes 1.10 0.81 0.74 29941 49% 927 12% normal normal normal 
2018-12-23__15:02:42 yuxiaowei GNU/Linux 4.9.41-v7+ up_3_weeks,_1_day,_5_hours,_59_minutes 0.69 0.75 0.72 29941 49% 927 12% normal normal normal 
2018-12-23__15:37:58 yuxiaowei GNU/Linux 4.9.41-v7+ up_3_weeks,_1_day,_6_hours,_34_minutes 0.93 0.82 0.78 29941 49% 927 12% normal normal normal 
2018-12-23__15:38:58 yuxiaowei GNU/Linux 4.9.41-v7+ up_3_weeks,_1_day,_6_hours,_35_minutes 1.33 0.95 0.83 29941 49% 927 12% normal normal normal 
2018-12-23__15:39:59 yuxiaowei GNU/Linux 4.9.41-v7+ up_3_weeks,_1_day,_6_hours,_36_minutes 0.83 0.87 0.81 29941 49% 927 12% normal normal normal 
2018-12-23__15:41:00 yuxiaowei GNU/Linux 4.9.41-v7+ up_3_weeks,_1_day,_6_hours,_37_minutes 0.66 0.80 0.79 29941 49% 927 12% normal normal normal 
2018-12-23__15:42:00 yuxiaowei GNU/Linux 4.9.41-v7+ up_3_weeks,_1_day,_6_hours,_38_minutes 1.02 0.87 0.82 29941 49% 927 12% normal normal normal 
2018-12-23__15:43:00 yuxiaowei GNU/Linux 4.9.41-v7+ up_3_weeks,_1_day,_6_hours,_39_minutes 0.73 0.82 0.80 29941 49% 927 12% normal normal normal 
2018-12-23__15:44:01 yuxiaowei GNU/Linux 4.9.41-v7+ up_3_weeks,_1_day,_6_hours,_40_minutes 0.60 0.78 0.79 29941 49% 927 12% normal normal normal 
2018-12-23__15:45:01 yuxiaowei GNU/Linux 4.9.41-v7+ up_3_weeks,_1_day,_6_hours,_41_minutes 0.76 0.79 0.80 29941 49% 927 12% normal normal normal 
2018-12-23__15:46:01 yuxiaowei GNU/Linux 4.9.41-v7+ up_3_weeks,_1_day,_6_hours,_42_minutes 0.71 0.79 0.80 29941 49% 927 12% normal normal normal 
2018-12-23__15:47:01 yuxiaowei GNU/Linux 4.9.41-v7+ up_3_weeks,_1_day,_6_hours,_43_minutes 1.11 0.90 0.84 29941 49% 927 12% normal normal normal 
2018-12-23__15:48:01 yuxiaowei GNU/Linux 4.9.41-v7+ up_3_weeks,_1_day,_6_hours,_44_minutes 1.05 0.92 0.85 29941 49% 927 12% normal normal normal 
2018-12-23__15:49:01 yuxiaowei GNU/Linux 4.9.41-v7+ up_3_weeks,_1_day,_6_hours,_45_minutes 0.73 0.87 0.83 29941 49% 927 12% normal normal normal 
2018-12-23__15:50:01 yuxiaowei GNU/Linux 4.9.41-v7+ up_3_weeks,_1_day,_6_hours,_46_minutes 0.97 0.91 0.85 29941 49% 927 12% normal normal normal 
2018-12-23__15:51:01 yuxiaowei GNU/Linux 4.9.41-v7+ up_3_weeks,_1_day,_6_hours,_47_minutes 0.96 0.90 0.84 29941 49% 927 12% normal normal normal 
2018-12-23__15:52:01 yuxiaowei GNU/Linux 4.9.41-v7+ up_3_weeks,_1_day,_6_hours,_48_minutes 0.62 0.81 0.81 29941 49% 927 12% normal normal normal 
2018-12-23__15:53:01 yuxiaowei GNU/Linux 4.9.41-v7+ up_3_weeks,_1_day,_6_hours,_49_minutes 0.64 0.79 0.81 29941 49% 927 12% normal normal normal 
2018-12-23__15:54:02 yuxiaowei GNU/Linux 4.9.41-v7+ up_3_weeks,_1_day,_6_hours,_50_minutes 0.89 0.84 0.82 29941 49% 927 12% normal normal normal 
2018-12-23__15:55:02 yuxiaowei GNU/Linux 4.9.41-v7+ up_3_weeks,_1_day,_6_hours,_51_minutes 0.86 0.87 0.84 29941 49% 927 12% normal normal normal 
2018-12-23__15:56:33 yuxiaowei GNU/Linux 4.9.41-v7+ up_3_weeks,_1_day,_6_hours,_53_minutes 0.76 0.80 0.81 29941 49% 927 12% normal normal normal 
2018-12-23__15:57:33 yuxiaowei GNU/Linux 4.9.41-v7+ up_3_weeks,_1_day,_6_hours,_54_minutes 0.69 0.80 0.81 29941 49% 927 12% normal note normal 
2018-12-23__15:58:33 yuxiaowei GNU/Linux 4.9.41-v7+ up_3_weeks,_1_day,_6_hours,_55_minutes 0.75 0.82 0.82 29941 49% 927 12% normal normal normal 
2018-12-23__15:59:33 yuxiaowei GNU/Linux 4.9.41-v7+ up_3_weeks,_1_day,_6_hours,_56_minutes 0.98 0.88 0.84 29941 49% 927 13% normal normal normal 
2018-12-23__16:00:33 yuxiaowei GNU/Linux 4.9.41-v7+ up_3_weeks,_1_day,_6_hours,_57_minutes 0.86 0.87 0.84 29941 49% 927 13% normal normal normal 
2018-12-23__16:01:33 yuxiaowei GNU/Linux 4.9.41-v7+ up_3_weeks,_1_day,_6_hours,_58_minutes 1.04 0.91 0.85 29941 49% 927 12% normal normal normal 
2018-12-23__16:02:33 yuxiaowei GNU/Linux 4.9.41-v7+ up_3_weeks,_1_day,_6_hours,_59_minutes 0.97 0.94 0.86 29941 49% 927 13% normal note normal 
2018-12-23__16:03:33 yuxiaowei GNU/Linux 4.9.41-v7+ up_3_weeks,_1_day,_7_hours 1.54 1.14 0.94 29941 49% 927 13% normal normal normal 
2018-12-23__16:04:34 yuxiaowei GNU/Linux 4.9.41-v7+ up_3_weeks,_1_day,_7_hours,_1_minute 1.11 1.07 0.93 29941 49% 927 12% normal normal normal 
2018-12-23__16:05:34 yuxiaowei GNU/Linux 4.9.41-v7+ up_3_weeks,_1_day,_7_hours,_2_minutes 0.75 0.97 0.90 29941 49% 927 11% normal normal normal 
2018-12-23__16:06:34 yuxiaowei GNU/Linux 4.9.41-v7+ up_3_weeks,_1_day,_7_hours,_3_minutes 0.69 0.92 0.89 29941 49% 927 11% normal normal normal 
2018-12-23__16:07:34 yuxiaowei GNU/Linux 4.9.41-v7+ up_3_weeks,_1_day,_7_hours,_4_minutes 0.63 0.90 0.89 29941 49% 927 11% normal normal normal 
2018-12-23__16:08:34 yuxiaowei GNU/Linux 4.9.41-v7+ up_3_weeks,_1_day,_7_hours,_5_minutes 0.91 0.94 0.90 29941 49% 927 11% normal normal normal 
2018-12-23__16:09:34 yuxiaowei GNU/Linux 4.9.41-v7+ up_3_weeks,_1_day,_7_hours,_6_minutes 0.59 0.84 0.87 29941 49% 927 11% normal normal normal 
2018-12-23__16:10:34 yuxiaowei GNU/Linux 4.9.41-v7+ up_3_weeks,_1_day,_7_hours,_7_minutes 0.51 0.78 0.85 29941 49% 927 11% normal normal normal 
2018-12-23__16:11:34 yuxiaowei GNU/Linux 4.9.41-v7+ up_3_weeks,_1_day,_7_hours,_8_minutes 0.47 0.73 0.83 29941 49% 927 11% normal normal normal 
2018-12-23__16:12:34 yuxiaowei GNU/Linux 4.9.41-v7+ up_3_weeks,_1_day,_7_hours,_9_minutes 0.69 0.76 0.83 29941 49% 927 11% normal normal normal 
2018-12-23__16:13:35 yuxiaowei GNU/Linux 4.9.41-v7+ up_3_weeks,_1_day,_7_hours,_10_minutes 0.82 0.82 0.85 29941 49% 927 11% normal normal normal 
2018-12-23__16:14:35 yuxiaowei GNU/Linux 4.9.41-v7+ up_3_weeks,_1_day,_7_hours,_11_minutes 0.93 0.86 0.86 29941 49% 927 11% normal normal normal 
2018-12-23__16:15:35 yuxiaowei GNU/Linux 4.9.41-v7+ up_3_weeks,_1_day,_7_hours,_12_minutes 0.88 0.83 0.84 29941 49% 927 11% normal normal normal 
2018-12-23__16:16:35 yuxiaowei GNU/Linux 4.9.41-v7+ up_3_weeks,_1_day,_7_hours,_13_minutes 0.72 0.80 0.83 29941 49% 927 11% normal normal normal 
2018-12-23__16:17:35 yuxiaowei GNU/Linux 4.9.41-v7+ up_3_weeks,_1_day,_7_hours,_14_minutes 0.98 0.86 0.85 29941 49% 927 11% normal normal normal 
2018-12-23__16:18:35 yuxiaowei GNU/Linux 4.9.41-v7+ up_3_weeks,_1_day,_7_hours,_15_minutes 0.90 0.86 0.85 29941 49% 927 11% normal normal normal 
2018-12-23__16:19:35 yuxiaowei GNU/Linux 4.9.41-v7+ up_3_weeks,_1_day,_7_hours,_16_minutes 0.73 0.82 0.84 29941 49% 927 11% normal normal normal 
2018-12-23__16:20:35 yuxiaowei GNU/Linux 4.9.41-v7+ up_3_weeks,_1_day,_7_hours,_17_minutes 0.70 0.81 0.83 29941 49% 927 11% normal normal normal 
2018-12-23__16:21:35 yuxiaowei GNU/Linux 4.9.41-v7+ up_3_weeks,_1_day,_7_hours,_18_minutes 0.69 0.78 0.82 29941 49% 927 11% normal normal normal 
2018-12-23__16:22:36 yuxiaowei GNU/Linux 4.9.41-v7+ up_3_weeks,_1_day,_7_hours,_19_minutes 0.50 0.71 0.79 29941 49% 927 11% normal normal normal 
2018-12-23__16:23:36 yuxiaowei GNU/Linux 4.9.41-v7+ up_3_weeks,_1_day,_7_hours,_20_minutes 0.82 0.76 0.81 29941 49% 927 11% normal normal normal 
2018-12-23__16:24:36 yuxiaowei GNU/Linux 4.9.41-v7+ up_3_weeks,_1_day,_7_hours,_21_minutes 0.41 0.65 0.76 29941 49% 927 11% normal normal normal 
2018-12-23__16:25:36 yuxiaowei GNU/Linux 4.9.41-v7+ up_3_weeks,_1_day,_7_hours,_22_minutes 0.96 0.72 0.78 29941 49% 927 11% normal normal normal 
2018-12-23__16:26:36 yuxiaowei GNU/Linux 4.9.41-v7+ up_3_weeks,_1_day,_7_hours,_23_minutes 0.88 0.72 0.77 29941 49% 927 11% normal normal normal 
2018-12-23__16:27:36 yuxiaowei GNU/Linux 4.9.41-v7+ up_3_weeks,_1_day,_7_hours,_24_minutes 0.52 0.65 0.74 29941 49% 927 11% normal normal normal 
2018-12-23__16:28:36 yuxiaowei GNU/Linux 4.9.41-v7+ up_3_weeks,_1_day,_7_hours,_25_minutes 1.04 0.81 0.79 29941 49% 927 11% normal normal normal 
2018-12-23__16:29:36 yuxiaowei GNU/Linux 4.9.41-v7+ up_3_weeks,_1_day,_7_hours,_26_minutes 0.97 0.84 0.81 29941 49% 927 11% normal normal normal 
2018-12-23__16:30:36 yuxiaowei GNU/Linux 4.9.41-v7+ up_3_weeks,_1_day,_7_hours,_27_minutes 1.05 0.89 0.83 29941 49% 927 11% normal normal normal 
2018-12-23__16:31:37 yuxiaowei GNU/Linux 4.9.41-v7+ up_3_weeks,_1_day,_7_hours,_28_minutes 0.64 0.80 0.80 29941 49% 927 11% normal normal normal 
2018-12-23__16:32:37 yuxiaowei GNU/Linux 4.9.41-v7+ up_3_weeks,_1_day,_7_hours,_29_minutes 0.60 0.76 0.79 29941 49% 927 11% normal normal normal 
2018-12-23__16:33:37 yuxiaowei GNU/Linux 4.9.41-v7+ up_3_weeks,_1_day,_7_hours,_30_minutes 0.66 0.74 0.78 29941 49% 927 11% normal normal normal 
2018-12-23__16:34:37 yuxiaowei GNU/Linux 4.9.41-v7+ up_3_weeks,_1_day,_7_hours,_31_minutes 0.48 0.67 0.75 29941 49% 927 11% normal normal normal 
2018-12-23__16:35:37 yuxiaowei GNU/Linux 4.9.41-v7+ up_3_weeks,_1_day,_7_hours,_32_minutes 1.02 0.74 0.76 29941 49% 927 11% normal normal normal 
