2018-12-22__19:10:33 0.52 18.00 31.00°C normal
2018-12-22__19:10:42 0.52 8.00 31.00°C normal
2018-12-22__19:10:48 0.53 6.00 31.00°C normal
2018-12-22__19:10:53 0.52 10.00 31.00°C normal
2018-12-22__19:10:59 0.54 8.00 31.00°C normal
2018-12-22__19:11:04 0.54 12.00 31.00°C normal
2018-12-22__19:15:16 0.15 0.38 0.43 100.00 42.00°C warning
2018-12-22__19:15:25 1.55 0.68 0.53 98.00 45.00°C warning
2018-12-22__19:15:31 1.43 0.67 0.52 99.00 45.00°C warning
2018-12-22__19:15:36 1.31 0.66 0.52 80.00 45.00°C warning
2018-12-22__19:15:42 1.21 0.65 0.52 79.00 44.00°C warning
2018-12-22__19:15:48 1.19 0.66 0.52 90.00 45.00°C warning
2018-12-22__19:15:54 1.37 0.72 0.54 58.00 44.00°C note
2018-12-22__19:15:59 1.26 0.70 0.54 53.00 44.00°C note
2018-12-22__19:16:05 1.16 0.69 0.54 52.00 42.00°C note
2018-12-22__19:16:11 1.07 0.68 0.53 40.00 44.00°C normal
2018-12-22__19:16:16 1.94 0.87 0.60 51.00 43.00°C note
2018-12-22__19:16:22 1.79 0.85 0.59 44.00 45.00°C normal
2018-12-22__19:16:28 1.81 0.87 0.60 46.00 44.00°C normal
2018-12-22__19:16:33 1.53 0.84 0.59 77.00 42.00°C warning
2018-12-22__19:16:44 1.37 0.83 0.59 78.00 41.00°C warning
2018-12-22__19:16:56 1.16 0.80 0.59 71.00 42.00°C warning
2018-12-22__19:17:01 1.06 0.79 0.58 74.00 42.00°C warning
2018-12-22__19:17:07 0.98 0.78 0.58 99.00 41.00°C warning
2018-12-22__19:17:19 1.87 1.00 0.65 97.00 43.00°C warning
2018-12-22__19:17:27 1.72 0.98 0.65 43.00 44.00°C normal
2018-12-22__19:17:33 1.74 1.00 0.66 47.00 44.00°C normal
2018-12-22__19:17:39 1.62 1.00 0.66 53.00 44.00°C note
2018-12-22__19:17:44 1.49 0.98 0.66 39.00 44.00°C normal
2018-12-22__19:17:50 1.37 0.96 0.65 46.00 45.00°C normal
2018-12-22__19:17:56 1.74 1.05 0.68 43.00 44.00°C normal
2018-12-22__19:18:01 1.60 1.03 0.68 42.00 44.00°C normal
2018-12-22__19:18:07 1.47 1.01 0.67 85.00 44.00°C warning
2018-12-22__19:18:13 1.36 1.00 0.67 93.00 44.00°C warning
2018-12-22__19:18:24 2.07 1.19 0.74 77.00 44.00°C warning
2018-12-22__19:18:30 1.91 1.17 0.73 72.00 43.00°C warning
2018-12-22__19:18:41 1.61 1.13 0.73 78.00 42.00°C warning
2018-12-22__19:18:52 1.99 1.22 0.76 85.00 42.00°C warning
2018-12-22__19:19:03 1.69 1.18 0.75 69.00 42.00°C note
2018-12-22__19:19:14 1.52 1.17 0.76 78.00 42.00°C warning
2018-12-22__19:19:25 1.28 1.13 0.75 72.00 44.00°C warning
2018-12-22__19:19:36 1.49 1.18 0.77 77.00 42.00°C warning
2018-12-22__19:19:47 1.26 1.14 0.76 99.00 42.00°C warning
2018-12-22__19:19:58 1.06 1.10 0.75 98.00 42.00°C warning
2018-12-22__19:20:10 1.57 1.22 0.79 99.00 44.00°C warning
2018-12-22__19:20:15 1.53 1.22 0.80 98.00 45.00°C warning
2018-12-22__19:20:21 1.40 1.20 0.79 96.00 45.00°C warning
2018-12-22__19:20:27 1.29 1.18 0.79 99.00 44.00°C warning
2018-12-22__19:20:34 1.98 1.34 0.84 98.00 45.00°C warning
2018-12-22__19:20:40 1.82 1.31 0.84 67.00 45.00°C note
2018-12-22__19:20:46 1.67 1.29 0.83 83.00 45.00°C warning
2018-12-22__19:20:51 1.54 1.27 0.83 93.00 45.00°C warning
2018-12-22__19:20:57 1.58 1.28 0.83 90.00 45.00°C warning
2018-12-22__19:21:03 1.45 1.26 0.83 95.00 45.00°C warning
2018-12-22__19:21:09 1.49 1.27 0.84 98.00 45.00°C warning
2018-12-22__19:21:16 1.85 1.36 0.87 93.00 44.00°C warning
2018-12-22__19:21:27 1.57 1.32 0.86 88.00 44.00°C warning
2018-12-22__19:21:38 1.33 1.27 0.85 86.00 45.00°C warning
2018-12-22__19:21:49 2.73 1.57 0.95 99.00 44.00°C warning
2018-12-22__19:21:56 2.51 1.55 0.95 66.00 43.00°C note
2018-12-22__19:22:07 2.61 1.60 0.97 52.00 45.00°C note
2018-12-22__19:22:12 2.40 1.57 0.97 48.00 45.00°C normal
2018-12-22__19:22:18 2.21 1.54 0.96 52.00 45.00°C note
2018-12-22__19:22:24 2.03 1.52 0.95 53.00 45.00°C note
2018-12-22__19:22:29 2.26 1.58 0.98 49.00 46.00°C normal
2018-12-22__19:22:35 2.08 1.56 0.98 43.00 46.00°C normal
2018-12-22__19:22:41 1.91 1.53 0.97 96.00 45.00°C warning
2018-12-22__19:22:52 1.84 1.53 0.98 90.00 44.00°C warning
2018-12-22__19:23:03 1.56 1.48 0.97 75.00 45.00°C warning
2018-12-22__19:23:09 1.43 1.45 0.96 96.00 45.00°C warning
2018-12-22__19:23:20 1.52 1.48 0.98 99.00 43.00°C warning
2018-12-22__19:23:31 1.45 1.46 0.98 100.00 44.00°C warning
2018-12-22__19:23:37 1.57 1.49 0.99 85.00 45.00°C warning
2018-12-22__19:23:43 1.44 1.46 0.98 80.00 45.00°C warning
2018-12-22__19:23:48 1.33 1.44 0.98 78.00 45.00°C warning
2018-12-22__19:23:54 1.22 1.42 0.97 90.00 45.00°C warning
2018-12-22__19:24:00 1.55 1.48 1.00 76.00 46.00°C warning
2018-12-22__19:24:05 1.43 1.46 1.00 82.00 45.00°C warning
2018-12-22__19:24:11 1.31 1.43 0.99 85.00 45.00°C warning
2018-12-22__19:24:17 1.29 1.43 0.99 87.00 45.00°C warning
2018-12-22__19:24:22 1.18 1.40 0.98 86.00 45.00°C warning
2018-12-22__19:24:28 1.09 1.38 0.98 90.00 45.00°C warning
2018-12-22__19:24:34 1.56 1.47 1.01 78.00 46.00°C warning
2018-12-22__19:24:40 1.69 1.51 1.03 97.00 46.00°C warning
2018-12-22__19:24:45 1.55 1.48 1.02 68.00 42.00°C note
2018-12-22__19:24:51 1.67 1.51 1.03 99.00 44.00°C warning
2018-12-22__19:25:03 1.56 1.49 1.03 99.00 43.00°C warning
2018-12-22__19:25:14 1.40 1.46 1.03 83.00 45.00°C warning
2018-12-22__19:25:20 1.56 1.49 1.04 81.00 46.00°C warning
2018-12-22__19:25:25 1.43 1.46 1.04 81.00 46.00°C warning
2018-12-22__19:25:31 1.32 1.44 1.03 79.00 46.00°C warning
2018-12-22__19:25:37 1.69 1.52 1.06 83.00 46.00°C warning
2018-12-22__19:25:47 1.43 1.47 1.04 49.00 45.00°C normal
2018-12-22__19:25:53 1.32 1.44 1.04 46.00 45.00°C normal
2018-12-22__19:25:58 1.21 1.42 1.03 51.00 45.00°C note
2018-12-22__19:26:04 1.60 1.49 1.06 60.00 46.00°C note
2018-12-22__19:26:10 1.67 1.51 1.07 78.00 45.00°C warning
2018-12-22__19:26:21 1.57 1.49 1.07 66.00 44.00°C note
2018-12-22__19:26:32 1.41 1.46 1.06 42.00 45.00°C normal
2018-12-22__19:26:37 1.30 1.44 1.06 72.00 45.00°C warning
2018-12-22__19:26:48 1.10 1.39 1.05 68.00 44.00°C note
2018-12-22__19:26:59 0.93 1.34 1.03 69.00 44.00°C note
2018-12-22__19:27:10 1.41 1.43 1.07 66.00 44.00°C note
2018-12-22__19:27:21 1.27 1.39 1.06 72.00 44.00°C warning
2018-12-22__19:27:32 1.07 1.35 1.05 60.00 44.00°C note
2018-12-22__19:27:38 1.71 1.48 1.09 65.00 45.00°C note
2018-12-22__19:27:49 1.44 1.43 1.08 78.00 44.00°C warning
2018-12-22__19:28:00 1.49 1.44 1.09 72.00 44.00°C warning
2018-12-22__19:28:11 1.66 1.47 1.10 73.00 44.00°C warning
2018-12-22__19:28:22 1.48 1.44 1.10 78.00 45.00°C warning
2018-12-22__19:28:33 1.57 1.46 1.11 86.00 44.00°C warning
2018-12-22__19:28:44 1.85 1.53 1.13 91.00 44.00°C warning
2018-12-22__19:28:55 1.91 1.56 1.15 88.00 45.00°C warning
2018-12-22__19:29:01 2.64 1.72 1.20 99.00 44.00°C warning
2018-12-22__19:29:07 2.51 1.71 1.20 73.00 43.00°C warning
2018-12-22__19:29:18 2.12 1.65 1.19 99.00 44.00°C warning
2018-12-22__19:29:30 1.87 1.61 1.18 98.00 43.00°C warning
2018-12-22__19:29:41 2.54 1.79 1.25 100.00 45.00°C warning
2018-12-22__19:29:47 2.34 1.76 1.24 98.00 46.00°C warning
2018-12-22__19:29:53 2.15 1.73 1.23 98.00 46.00°C warning
2018-12-22__19:29:58 1.98 1.70 1.23 88.00 46.00°C warning
2018-12-22__19:30:04 1.82 1.67 1.22 79.00 46.00°C warning
2018-12-22__19:30:12 1.69 1.65 1.22 68.00 44.00°C note
2018-12-22__19:30:23 1.43 1.60 1.20 71.00 44.00°C warning
2018-12-22__19:30:34 1.68 1.64 1.22 99.00 44.00°C warning
