2018-12-22 19:11:01 0 disk 95426 78777 17%
2018-12-22 19:11:01 1 /dev 1877 1877 0% 
2018-12-22 19:11:01 1 / 92991 76830 13% 
2018-12-22 19:11:01 1 /snap/core/5897 89 0 100% 
2018-12-22 19:11:01 1 /snap/goldendictionary/1 109 0 100% 
2018-12-22 19:11:01 1 /snap/core/6130 90 0 100% 
2018-12-22 19:11:01 1 /snap/core/6034 90 0 100% 
2018-12-22 19:11:01 1 /boot 180 70 59% 
2018-12-22 19:15:16 0 disk 29941 14186 52%
2018-12-22 19:15:16 1 / 29899 14165 51% 
2018-12-22 19:15:16 1 /boot 42 21 51% 
2018-12-22 19:16:19 0 disk 29941 14186 52%
2018-12-22 19:16:19 1 / 29899 14165 51% 
2018-12-22 19:16:19 1 /boot 42 21 51% 
2018-12-22 19:17:20 0 disk 29941 14186 52%
2018-12-22 19:17:20 1 / 29899 14165 51% 
2018-12-22 19:17:20 1 /boot 42 21 51% 
2018-12-22 19:18:21 0 disk 29941 14186 52%
2018-12-22 19:18:21 1 / 29899 14165 51% 
2018-12-22 19:18:21 1 /boot 42 21 51% 
2018-12-22 19:19:22 0 disk 29941 14186 52%
2018-12-22 19:19:22 1 / 29899 14165 51% 
2018-12-22 19:19:22 1 /boot 42 21 51% 
2018-12-22 19:20:28 0 disk 29941 14186 52%
2018-12-22 19:20:28 1 / 29899 14165 51% 
2018-12-22 19:20:28 1 /boot 42 21 51% 
2018-12-22 19:21:31 0 disk 29941 14186 52%
2018-12-22 19:21:31 1 / 29899 14165 51% 
2018-12-22 19:21:31 1 /boot 42 21 51% 
2018-12-22 19:22:31 0 disk 29941 14186 52%
2018-12-22 19:22:31 1 / 29899 14165 51% 
2018-12-22 19:22:31 1 /boot 42 21 51% 
2018-12-22 19:23:32 0 disk 29941 14186 52%
2018-12-22 19:23:32 1 / 29899 14165 51% 
2018-12-22 19:23:32 1 /boot 42 21 51% 
2018-12-22 19:24:32 0 disk 29941 14186 52%
2018-12-22 19:24:32 1 / 29899 14165 51% 
2018-12-22 19:24:32 1 /boot 42 21 51% 
2018-12-22 19:25:33 0 disk 29941 14186 52%
2018-12-22 19:25:33 1 / 29899 14165 51% 
2018-12-22 19:25:33 1 /boot 42 21 51% 
2018-12-22 19:26:34 0 disk 29941 14186 52%
2018-12-22 19:26:34 1 / 29899 14165 51% 
2018-12-22 19:26:34 1 /boot 42 21 51% 
2018-12-22 19:27:34 0 disk 29941 14186 52%
2018-12-22 19:27:34 1 / 29899 14165 51% 
2018-12-22 19:27:34 1 /boot 42 21 51% 
2018-12-22 19:28:35 0 disk 29941 14186 52%
2018-12-22 19:28:35 1 / 29899 14165 51% 
2018-12-22 19:28:35 1 /boot 42 21 51% 
2018-12-22 19:29:41 0 disk 29941 14186 52%
2018-12-22 19:29:41 1 / 29899 14165 51% 
2018-12-22 19:29:41 1 /boot 42 21 51% 
2018-12-22 19:30:42 0 disk 29941 14186 52%
2018-12-22 19:30:42 1 / 29899 14165 51% 
2018-12-22 19:30:42 1 /boot 42 21 51% 
2018-12-22 20:36:25 0 disk 95426 78793 17%
2018-12-22 20:36:25 1 /dev 1877 1877 0% 
2018-12-22 20:36:25 1 / 92991 76846 13% 
2018-12-22 20:36:25 1 /snap/core/5897 89 0 100% 
2018-12-22 20:36:25 1 /snap/goldendictionary/1 109 0 100% 
2018-12-22 20:36:25 1 /snap/core/6130 90 0 100% 
2018-12-22 20:36:25 1 /snap/core/6034 90 0 100% 
2018-12-22 20:36:25 1 /boot 180 70 59% 
2018-12-23 09:24:03 0 disk 95426 78792 17%
2018-12-23 09:24:03 1 /dev 1877 1877 0% 
2018-12-23 09:24:03 1 / 92991 76845 13% 
2018-12-23 09:24:03 1 /snap/core/5897 89 0 100% 
2018-12-23 09:24:03 1 /snap/goldendictionary/1 109 0 100% 
2018-12-23 09:24:03 1 /snap/core/6130 90 0 100% 
2018-12-23 09:24:03 1 /snap/core/6034 90 0 100% 
2018-12-23 09:24:03 1 /boot 180 70 59% 
2018-12-23 10:29:54 0 disk 95426 78789 17%
2018-12-23 10:29:54 1 /dev 1877 1877 0% 
2018-12-23 10:29:54 1 / 92991 76842 13% 
2018-12-23 10:29:54 1 /snap/core/5897 89 0 100% 
2018-12-23 10:29:54 1 /snap/goldendictionary/1 109 0 100% 
2018-12-23 10:29:54 1 /snap/core/6130 90 0 100% 
2018-12-23 10:29:54 1 /snap/core/6034 90 0 100% 
2018-12-23 10:29:54 1 /boot 180 70 59% 
2018-12-23 10:34:20 0 disk 29941 14170 52%
2018-12-23 10:34:20 1 / 29899 14149 51% 
2018-12-23 10:34:20 1 /boot 42 21 51% 
2018-12-23 10:35:20 0 disk 29941 14170 52%
2018-12-23 10:35:20 1 / 29899 14149 51% 
2018-12-23 10:35:20 1 /boot 42 21 51% 
2018-12-23 10:36:20 0 disk 29941 14170 52%
2018-12-23 10:36:20 1 / 29899 14149 51% 
2018-12-23 10:36:20 1 /boot 42 21 51% 
2018-12-23 10:37:20 0 disk 29941 14170 52%
2018-12-23 10:37:20 1 / 29899 14149 51% 
2018-12-23 10:37:20 1 /boot 42 21 51% 
2018-12-23 10:38:20 0 disk 29941 14170 52%
2018-12-23 10:38:20 1 / 29899 14149 51% 
2018-12-23 10:38:20 1 /boot 42 21 51% 
2018-12-22 20:36:25 0 disk 95426 78793 17%
2018-12-22 20:36:25 1 /dev 1877 1877 0% 
2018-12-22 20:36:25 1 / 92991 76846 13% 
2018-12-22 20:36:25 1 /snap/core/5897 89 0 100% 
2018-12-22 20:36:25 1 /snap/goldendictionary/1 109 0 100% 
2018-12-22 20:36:25 1 /snap/core/6130 90 0 100% 
2018-12-22 20:36:25 1 /snap/core/6034 90 0 100% 
2018-12-22 20:36:25 1 /boot 180 70 59% 
2018-12-23 09:24:03 0 disk 95426 78792 17%
2018-12-23 09:24:03 1 /dev 1877 1877 0% 
2018-12-23 09:24:03 1 / 92991 76845 13% 
2018-12-23 09:24:03 1 /snap/core/5897 89 0 100% 
2018-12-23 09:24:03 1 /snap/goldendictionary/1 109 0 100% 
2018-12-23 09:24:03 1 /snap/core/6130 90 0 100% 
2018-12-23 09:24:03 1 /snap/core/6034 90 0 100% 
2018-12-23 09:24:03 1 /boot 180 70 59% 
2018-12-23 10:29:54 0 disk 95426 78789 17%
2018-12-23 10:29:54 1 /dev 1877 1877 0% 
2018-12-23 10:29:54 1 / 92991 76842 13% 
2018-12-23 10:29:54 1 /snap/core/5897 89 0 100% 
2018-12-23 10:29:54 1 /snap/goldendictionary/1 109 0 100% 
2018-12-23 10:29:54 1 /snap/core/6130 90 0 100% 
2018-12-23 10:29:54 1 /snap/core/6034 90 0 100% 
2018-12-23 10:29:54 1 /boot 180 70 59% 
2018-12-23 10:44:12 0 disk 95426 78789 17%
2018-12-23 10:44:12 1 /dev 1877 1877 0% 
2018-12-23 10:44:12 1 / 92991 76842 13% 
2018-12-23 10:44:12 1 /snap/core/5897 89 0 100% 
2018-12-23 10:44:12 1 /snap/goldendictionary/1 109 0 100% 
2018-12-23 10:44:12 1 /snap/core/6130 90 0 100% 
2018-12-23 10:44:12 1 /snap/core/6034 90 0 100% 
2018-12-23 10:44:12 1 /boot 180 70 59% 
2018-12-23 10:44:21 0 disk 95426 78789 17%
2018-12-23 10:44:21 1 /dev 1877 1877 0% 
2018-12-23 10:44:21 1 / 92991 76842 13% 
2018-12-23 10:44:21 1 /snap/core/5897 89 0 100% 
2018-12-23 10:44:21 1 /snap/goldendictionary/1 109 0 100% 
2018-12-23 10:44:21 1 /snap/core/6130 90 0 100% 
2018-12-23 10:44:21 1 /snap/core/6034 90 0 100% 
2018-12-23 10:44:21 1 /boot 180 70 59% 
2018-12-23 10:44:36 0 disk 95426 78789 17%
2018-12-23 10:44:36 1 /dev 1877 1877 0% 
2018-12-23 10:44:36 1 / 92991 76842 13% 
2018-12-23 10:44:36 1 /snap/core/5897 89 0 100% 
2018-12-23 10:44:36 1 /snap/goldendictionary/1 109 0 100% 
2018-12-23 10:44:36 1 /snap/core/6130 90 0 100% 
2018-12-23 10:44:36 1 /snap/core/6034 90 0 100% 
2018-12-23 10:44:36 1 /boot 180 70 59% 
2018-12-23 10:44:43 0 disk 95426 78789 17%
2018-12-23 10:44:43 1 /dev 1877 1877 0% 
2018-12-23 10:44:43 1 / 92991 76842 13% 
2018-12-23 10:44:43 1 /snap/core/5897 89 0 100% 
2018-12-23 10:44:43 1 /snap/goldendictionary/1 109 0 100% 
2018-12-23 10:44:43 1 /snap/core/6130 90 0 100% 
2018-12-23 10:44:43 1 /snap/core/6034 90 0 100% 
2018-12-23 10:44:43 1 /boot 180 70 59% 
2018-12-23 10:51:29 0 disk 95426 78789 17%
2018-12-23 10:51:29 1 /dev 1877 1877 0% 
2018-12-23 10:51:29 1 / 92991 76842 13% 
2018-12-23 10:51:29 1 /snap/core/5897 89 0 100% 
2018-12-23 10:51:29 1 /snap/goldendictionary/1 109 0 100% 
2018-12-23 10:51:29 1 /snap/core/6130 90 0 100% 
2018-12-23 10:51:29 1 /snap/core/6034 90 0 100% 
2018-12-23 10:51:29 1 /boot 180 70 59% 
2018-12-23 10:51:36 0 disk 95426 78789 17%
2018-12-23 10:51:36 1 /dev 1877 1877 0% 
2018-12-23 10:51:36 1 / 92991 76842 13% 
2018-12-23 10:51:36 1 /snap/core/5897 89 0 100% 
2018-12-23 10:51:36 1 /snap/goldendictionary/1 109 0 100% 
2018-12-23 10:51:36 1 /snap/core/6130 90 0 100% 
2018-12-23 10:51:36 1 /snap/core/6034 90 0 100% 
2018-12-23 10:51:36 1 /boot 180 70 59% 
2018-12-23 10:53:22 0 disk 95426 78789 17%
2018-12-23 10:53:22 1 /dev 1877 1877 0% 
2018-12-23 10:53:22 1 / 92991 76842 13% 
2018-12-23 10:53:22 1 /snap/core/5897 89 0 100% 
2018-12-23 10:53:22 1 /snap/goldendictionary/1 109 0 100% 
2018-12-23 10:53:22 1 /snap/core/6130 90 0 100% 
2018-12-23 10:53:22 1 /snap/core/6034 90 0 100% 
2018-12-23 10:53:22 1 /boot 180 70 59% 
2018-12-23 10:54:33 0 disk 95426 78789 17%
2018-12-23 10:54:33 1 /dev 1877 1877 0% 
2018-12-23 10:54:33 1 / 92991 76842 13% 
2018-12-23 10:54:33 1 /snap/core/5897 89 0 100% 
2018-12-23 10:54:33 1 /snap/goldendictionary/1 109 0 100% 
2018-12-23 10:54:33 1 /snap/core/6130 90 0 100% 
2018-12-23 10:54:33 1 /snap/core/6034 90 0 100% 
2018-12-23 10:54:33 1 /boot 180 70 59% 
2018-12-23 10:54:47 0 disk 95426 78789 17%
2018-12-23 10:54:47 1 /dev 1877 1877 0% 
2018-12-23 10:54:47 1 / 92991 76842 13% 
2018-12-23 10:54:47 1 /snap/core/5897 89 0 100% 
2018-12-23 10:54:47 1 /snap/goldendictionary/1 109 0 100% 
2018-12-23 10:54:47 1 /snap/core/6130 90 0 100% 
2018-12-23 10:54:47 1 /snap/core/6034 90 0 100% 
2018-12-23 10:54:47 1 /boot 180 70 59% 
2018-12-23 11:30:54 0 disk 29941 14170 52%
2018-12-23 11:30:54 1 / 29899 14149 51% 
2018-12-23 11:30:54 1 /boot 42 21 51% 
2018-12-23 11:31:54 0 disk 29941 14170 52%
2018-12-23 11:31:54 1 / 29899 14149 51% 
2018-12-23 11:31:54 1 /boot 42 21 51% 
2018-12-23 11:32:57 0 disk 29941 14170 52%
2018-12-23 11:32:57 1 / 29899 14149 51% 
2018-12-23 11:32:57 1 /boot 42 21 51% 
2018-12-23 11:33:57 0 disk 29941 14170 52%
2018-12-23 11:33:57 1 / 29899 14149 51% 
2018-12-23 11:33:57 1 /boot 42 21 51% 
2018-12-23 11:34:57 0 disk 29941 14170 52%
2018-12-23 11:34:57 1 / 29899 14149 51% 
2018-12-23 11:34:57 1 /boot 42 21 51% 
2018-12-23 11:35:57 0 disk 29941 14170 52%
2018-12-23 11:35:57 1 / 29899 14149 51% 
2018-12-23 11:35:57 1 /boot 42 21 51% 
2018-12-23 11:36:57 0 disk 29941 14170 52%
2018-12-23 11:36:57 1 / 29899 14149 51% 
2018-12-23 11:36:57 1 /boot 42 21 51% 
2018-12-23 11:37:58 0 disk 29941 14170 52%
2018-12-23 11:37:58 1 / 29899 14149 51% 
2018-12-23 11:37:58 1 /boot 42 21 51% 
2018-12-23 11:38:58 0 disk 29941 14170 52%
2018-12-23 11:38:58 1 / 29899 14149 51% 
2018-12-23 11:38:58 1 /boot 42 21 51% 
2018-12-23 11:39:58 0 disk 29941 14170 52%
2018-12-23 11:39:58 1 / 29899 14149 51% 
2018-12-23 11:39:58 1 /boot 42 21 51% 
2018-12-23 11:40:58 0 disk 29941 14170 52%
2018-12-23 11:40:58 1 / 29899 14149 51% 
2018-12-23 11:40:58 1 /boot 42 21 51% 
2018-12-23 11:41:58 0 disk 29941 14170 52%
2018-12-23 11:41:58 1 / 29899 14149 51% 
2018-12-23 11:41:58 1 /boot 42 21 51% 
2018-12-23 11:42:58 0 disk 29941 14170 52%
2018-12-23 11:42:58 1 / 29899 14149 51% 
2018-12-23 11:42:58 1 /boot 42 21 51% 
2018-12-22 20:36:25 0 disk 95426 78793 17%
2018-12-22 20:36:25 1 /dev 1877 1877 0% 
2018-12-22 20:36:25 1 / 92991 76846 13% 
2018-12-22 20:36:25 1 /snap/core/5897 89 0 100% 
2018-12-22 20:36:25 1 /snap/goldendictionary/1 109 0 100% 
2018-12-22 20:36:25 1 /snap/core/6130 90 0 100% 
2018-12-22 20:36:25 1 /snap/core/6034 90 0 100% 
2018-12-22 20:36:25 1 /boot 180 70 59% 
2018-12-23 09:24:03 0 disk 95426 78792 17%
2018-12-23 09:24:03 1 /dev 1877 1877 0% 
2018-12-23 09:24:03 1 / 92991 76845 13% 
2018-12-23 09:24:03 1 /snap/core/5897 89 0 100% 
2018-12-23 09:24:03 1 /snap/goldendictionary/1 109 0 100% 
2018-12-23 09:24:03 1 /snap/core/6130 90 0 100% 
2018-12-23 09:24:03 1 /snap/core/6034 90 0 100% 
2018-12-23 09:24:03 1 /boot 180 70 59% 
2018-12-23 10:29:54 0 disk 95426 78789 17%
2018-12-23 10:29:54 1 /dev 1877 1877 0% 
2018-12-23 10:29:54 1 / 92991 76842 13% 
2018-12-23 10:29:54 1 /snap/core/5897 89 0 100% 
2018-12-23 10:29:54 1 /snap/goldendictionary/1 109 0 100% 
2018-12-23 10:29:54 1 /snap/core/6130 90 0 100% 
2018-12-23 10:29:54 1 /snap/core/6034 90 0 100% 
2018-12-23 10:29:54 1 /boot 180 70 59% 
2018-12-23 10:44:12 0 disk 95426 78789 17%
2018-12-23 10:44:12 1 /dev 1877 1877 0% 
2018-12-23 10:44:12 1 / 92991 76842 13% 
2018-12-23 10:44:12 1 /snap/core/5897 89 0 100% 
2018-12-23 10:44:12 1 /snap/goldendictionary/1 109 0 100% 
2018-12-23 10:44:12 1 /snap/core/6130 90 0 100% 
2018-12-23 10:44:12 1 /snap/core/6034 90 0 100% 
2018-12-23 10:44:12 1 /boot 180 70 59% 
2018-12-23 10:44:21 0 disk 95426 78789 17%
2018-12-23 10:44:21 1 /dev 1877 1877 0% 
2018-12-23 10:44:21 1 / 92991 76842 13% 
2018-12-23 10:44:21 1 /snap/core/5897 89 0 100% 
2018-12-23 10:44:21 1 /snap/goldendictionary/1 109 0 100% 
2018-12-23 10:44:21 1 /snap/core/6130 90 0 100% 
2018-12-23 10:44:21 1 /snap/core/6034 90 0 100% 
2018-12-23 10:44:21 1 /boot 180 70 59% 
2018-12-23 10:44:36 0 disk 95426 78789 17%
2018-12-23 10:44:36 1 /dev 1877 1877 0% 
2018-12-23 10:44:36 1 / 92991 76842 13% 
2018-12-23 10:44:36 1 /snap/core/5897 89 0 100% 
2018-12-23 10:44:36 1 /snap/goldendictionary/1 109 0 100% 
2018-12-23 10:44:36 1 /snap/core/6130 90 0 100% 
2018-12-23 10:44:36 1 /snap/core/6034 90 0 100% 
2018-12-23 10:44:36 1 /boot 180 70 59% 
2018-12-23 10:44:43 0 disk 95426 78789 17%
2018-12-23 10:44:43 1 /dev 1877 1877 0% 
2018-12-23 10:44:43 1 / 92991 76842 13% 
2018-12-23 10:44:43 1 /snap/core/5897 89 0 100% 
2018-12-23 10:44:43 1 /snap/goldendictionary/1 109 0 100% 
2018-12-23 10:44:43 1 /snap/core/6130 90 0 100% 
2018-12-23 10:44:43 1 /snap/core/6034 90 0 100% 
2018-12-23 10:44:43 1 /boot 180 70 59% 
2018-12-23 10:51:29 0 disk 95426 78789 17%
2018-12-23 10:51:29 1 /dev 1877 1877 0% 
2018-12-23 10:51:29 1 / 92991 76842 13% 
2018-12-23 10:51:29 1 /snap/core/5897 89 0 100% 
2018-12-23 10:51:29 1 /snap/goldendictionary/1 109 0 100% 
2018-12-23 10:51:29 1 /snap/core/6130 90 0 100% 
2018-12-23 10:51:29 1 /snap/core/6034 90 0 100% 
2018-12-23 10:51:29 1 /boot 180 70 59% 
2018-12-23 10:51:36 0 disk 95426 78789 17%
2018-12-23 10:51:36 1 /dev 1877 1877 0% 
2018-12-23 10:51:36 1 / 92991 76842 13% 
2018-12-23 10:51:36 1 /snap/core/5897 89 0 100% 
2018-12-23 10:51:36 1 /snap/goldendictionary/1 109 0 100% 
2018-12-23 10:51:36 1 /snap/core/6130 90 0 100% 
2018-12-23 10:51:36 1 /snap/core/6034 90 0 100% 
2018-12-23 10:51:36 1 /boot 180 70 59% 
2018-12-23 10:53:22 0 disk 95426 78789 17%
2018-12-23 10:53:22 1 /dev 1877 1877 0% 
2018-12-23 10:53:22 1 / 92991 76842 13% 
2018-12-23 10:53:22 1 /snap/core/5897 89 0 100% 
2018-12-23 10:53:22 1 /snap/goldendictionary/1 109 0 100% 
2018-12-23 10:53:22 1 /snap/core/6130 90 0 100% 
2018-12-23 10:53:22 1 /snap/core/6034 90 0 100% 
2018-12-23 10:53:22 1 /boot 180 70 59% 
2018-12-23 10:54:33 0 disk 95426 78789 17%
2018-12-23 10:54:33 1 /dev 1877 1877 0% 
2018-12-23 10:54:33 1 / 92991 76842 13% 
2018-12-23 10:54:33 1 /snap/core/5897 89 0 100% 
2018-12-23 10:54:33 1 /snap/goldendictionary/1 109 0 100% 
2018-12-23 10:54:33 1 /snap/core/6130 90 0 100% 
2018-12-23 10:54:33 1 /snap/core/6034 90 0 100% 
2018-12-23 10:54:33 1 /boot 180 70 59% 
2018-12-23 10:54:47 0 disk 95426 78789 17%
2018-12-23 10:54:47 1 /dev 1877 1877 0% 
2018-12-23 10:54:47 1 / 92991 76842 13% 
2018-12-23 10:54:47 1 /snap/core/5897 89 0 100% 
2018-12-23 10:54:47 1 /snap/goldendictionary/1 109 0 100% 
2018-12-23 10:54:47 1 /snap/core/6130 90 0 100% 
2018-12-23 10:54:47 1 /snap/core/6034 90 0 100% 
2018-12-23 10:54:47 1 /boot 180 70 59% 
2018-12-23 13:35:01 0 disk 29941 14180 52%
2018-12-23 13:35:01 1 / 29899 14159 51% 
2018-12-23 13:35:01 1 /boot 42 21 51% 
2018-12-23 13:36:01 0 disk 29941 14180 52%
2018-12-23 13:36:01 1 / 29899 14159 51% 
2018-12-23 13:36:01 1 /boot 42 21 51% 
2018-12-23 13:37:04 0 disk 29941 14180 52%
2018-12-23 13:37:04 1 / 29899 14159 51% 
2018-12-23 13:37:04 1 /boot 42 21 51% 
2018-12-23 13:38:04 0 disk 29941 14180 52%
2018-12-23 13:38:04 1 / 29899 14159 51% 
2018-12-23 13:38:04 1 /boot 42 21 51% 
2018-12-23 13:39:05 0 disk 29941 14180 52%
2018-12-23 13:39:05 1 / 29899 14159 51% 
2018-12-23 13:39:05 1 /boot 42 21 51% 
2018-12-23 13:40:05 0 disk 29941 14180 52%
2018-12-23 13:40:05 1 / 29899 14159 51% 
2018-12-23 13:40:05 1 /boot 42 21 51% 
2018-12-23 13:41:05 0 disk 29941 14180 52%
2018-12-23 13:41:05 1 / 29899 14159 51% 
2018-12-23 13:41:05 1 /boot 42 21 51% 
2018-12-23 13:42:05 0 disk 29941 14180 52%
2018-12-23 13:42:05 1 / 29899 14159 51% 
2018-12-23 13:42:05 1 /boot 42 21 51% 
2018-12-23 13:43:05 0 disk 29941 14180 52%
2018-12-23 13:43:05 1 / 29899 14159 51% 
2018-12-23 13:43:05 1 /boot 42 21 51% 
2018-12-23 13:44:08 0 disk 29941 14180 52%
2018-12-23 13:44:08 1 / 29899 14159 51% 
2018-12-23 13:44:08 1 /boot 42 21 51% 
2018-12-23 13:45:08 0 disk 29941 14180 52%
2018-12-23 13:45:08 1 / 29899 14159 51% 
2018-12-23 13:45:08 1 /boot 42 21 51% 
2018-12-23 13:46:08 0 disk 29941 14180 52%
2018-12-23 13:46:08 1 / 29899 14159 51% 
2018-12-23 13:46:08 1 /boot 42 21 51% 
2018-12-23 13:47:08 0 disk 29941 14180 52%
2018-12-23 13:47:08 1 / 29899 14159 51% 
2018-12-23 13:47:08 1 /boot 42 21 51% 
2018-12-23 13:48:08 0 disk 29941 14180 52%
2018-12-23 13:48:08 1 / 29899 14159 51% 
2018-12-23 13:48:08 1 /boot 42 21 51% 
2018-12-23 13:49:08 0 disk 29941 14180 52%
2018-12-23 13:49:08 1 / 29899 14159 51% 
2018-12-23 13:49:08 1 /boot 42 21 51% 
2018-12-23 13:50:08 0 disk 29941 14180 52%
2018-12-23 13:50:08 1 / 29899 14159 51% 
2018-12-23 13:50:08 1 /boot 42 21 51% 
2018-12-23 13:51:11 0 disk 29941 14180 52%
2018-12-23 13:51:11 1 / 29899 14159 51% 
2018-12-23 13:51:11 1 /boot 42 21 51% 
2018-12-23 13:52:11 0 disk 29941 14180 52%
2018-12-23 13:52:11 1 / 29899 14159 51% 
2018-12-23 13:52:11 1 /boot 42 21 51% 
2018-12-23 13:53:11 0 disk 29941 14180 52%
2018-12-23 13:53:11 1 / 29899 14159 51% 
2018-12-23 13:53:11 1 /boot 42 21 51% 
2018-12-23 13:54:11 0 disk 29941 14180 52%
2018-12-23 13:54:11 1 / 29899 14159 51% 
2018-12-23 13:54:11 1 /boot 42 21 51% 
2018-12-23 13:55:11 0 disk 29941 14180 52%
2018-12-23 13:55:11 1 / 29899 14159 51% 
2018-12-23 13:55:11 1 /boot 42 21 51% 
2018-12-23 13:56:11 0 disk 29941 14180 52%
2018-12-23 13:56:11 1 / 29899 14159 51% 
2018-12-23 13:56:11 1 /boot 42 21 51% 
2018-12-23 13:57:11 0 disk 29941 14180 52%
2018-12-23 13:57:11 1 / 29899 14159 51% 
2018-12-23 13:57:11 1 /boot 42 21 51% 
2018-12-23 13:58:11 0 disk 29941 14180 52%
2018-12-23 13:58:11 1 / 29899 14159 51% 
2018-12-23 13:58:11 1 /boot 42 21 51% 
2018-12-23 13:59:11 0 disk 29941 14180 52%
2018-12-23 13:59:11 1 / 29899 14159 51% 
2018-12-23 13:59:11 1 /boot 42 21 51% 
2018-12-23 14:00:11 0 disk 29941 14180 52%
2018-12-23 14:00:11 1 / 29899 14159 51% 
2018-12-23 14:00:11 1 /boot 42 21 51% 
2018-12-23 14:01:11 0 disk 29941 14180 52%
2018-12-23 14:01:11 1 / 29899 14159 51% 
2018-12-23 14:01:11 1 /boot 42 21 51% 
2018-12-23 14:02:11 0 disk 29941 14180 52%
2018-12-23 14:02:11 1 / 29899 14159 51% 
2018-12-23 14:02:11 1 /boot 42 21 51% 
2018-12-23 14:03:11 0 disk 29941 14180 52%
2018-12-23 14:03:11 1 / 29899 14159 51% 
2018-12-23 14:03:11 1 /boot 42 21 51% 
2018-12-23 14:04:11 0 disk 29941 14180 52%
2018-12-23 14:04:11 1 / 29899 14159 51% 
2018-12-23 14:04:11 1 /boot 42 21 51% 
2018-12-23 14:05:12 0 disk 29941 14180 52%
2018-12-23 14:05:12 1 / 29899 14159 51% 
2018-12-23 14:05:12 1 /boot 42 21 51% 
2018-12-23 14:06:12 0 disk 29941 14180 52%
2018-12-23 14:06:12 1 / 29899 14159 51% 
2018-12-23 14:06:12 1 /boot 42 21 51% 
2018-12-23 14:07:12 0 disk 29941 14180 52%
2018-12-23 14:07:12 1 / 29899 14159 51% 
2018-12-23 14:07:12 1 /boot 42 21 51% 
2018-12-23 14:08:12 0 disk 29941 14180 52%
2018-12-23 14:08:12 1 / 29899 14159 51% 
2018-12-23 14:08:12 1 /boot 42 21 51% 
2018-12-23 14:09:12 0 disk 29941 14180 52%
2018-12-23 14:09:12 1 / 29899 14159 51% 
2018-12-23 14:09:12 1 /boot 42 21 51% 
2018-12-23 14:10:12 0 disk 29941 14180 52%
2018-12-23 14:10:12 1 / 29899 14159 51% 
2018-12-23 14:10:12 1 /boot 42 21 51% 
2018-12-23 14:11:12 0 disk 29941 14180 52%
2018-12-23 14:11:12 1 / 29899 14159 51% 
2018-12-23 14:11:12 1 /boot 42 21 51% 
2018-12-23 14:12:12 0 disk 29941 14180 52%
2018-12-23 14:12:12 1 / 29899 14159 51% 
2018-12-23 14:12:12 1 /boot 42 21 51% 
2018-12-23 14:13:12 0 disk 29941 14180 52%
2018-12-23 14:13:12 1 / 29899 14159 51% 
2018-12-23 14:13:12 1 /boot 42 21 51% 
2018-12-23 14:14:16 0 disk 29941 14180 52%
2018-12-23 14:14:16 1 / 29899 14159 51% 
2018-12-23 14:14:16 1 /boot 42 21 51% 
2018-12-23 14:15:16 0 disk 29941 14180 52%
2018-12-23 14:15:16 1 / 29899 14159 51% 
2018-12-23 14:15:16 1 /boot 42 21 51% 
2018-12-23 14:16:07 0 disk 29941 14180 52%
2018-12-23 14:16:07 1 / 29899 14159 51% 
2018-12-23 14:16:07 1 /boot 42 21 51% 
2018-12-23 14:16:17 0 disk 29941 14180 52%
2018-12-23 14:16:17 1 / 29899 14159 51% 
2018-12-23 14:16:17 1 /boot 42 21 51% 
2018-12-23 14:17:17 0 disk 29941 14180 52%
2018-12-23 14:17:17 1 / 29899 14159 51% 
2018-12-23 14:17:17 1 /boot 42 21 51% 
2018-12-23 14:18:21 0 disk 29941 14180 52%
2018-12-23 14:18:21 1 / 29899 14159 51% 
2018-12-23 14:18:21 1 /boot 42 21 51% 
2018-12-23 14:19:21 0 disk 29941 14180 52%
2018-12-23 14:19:21 1 / 29899 14159 51% 
2018-12-23 14:19:21 1 /boot 42 21 51% 
2018-12-23 14:20:22 0 disk 29941 14180 52%
2018-12-23 14:20:22 1 / 29899 14159 51% 
2018-12-23 14:20:22 1 /boot 42 21 51% 
2018-12-23 14:21:22 0 disk 29941 14180 52%
2018-12-23 14:21:22 1 / 29899 14159 51% 
2018-12-23 14:21:22 1 /boot 42 21 51% 
2018-12-23 14:22:23 0 disk 29941 14180 52%
2018-12-23 14:22:23 1 / 29899 14159 51% 
2018-12-23 14:22:23 1 /boot 42 21 51% 
2018-12-23 14:23:23 0 disk 29941 14180 52%
2018-12-23 14:23:23 1 / 29899 14159 51% 
2018-12-23 14:23:23 1 /boot 42 21 51% 
2018-12-23 14:24:24 0 disk 29941 14180 52%
2018-12-23 14:24:24 1 / 29899 14159 51% 
2018-12-23 14:24:24 1 /boot 42 21 51% 
2018-12-23 14:25:24 0 disk 29941 14180 52%
2018-12-23 14:25:24 1 / 29899 14159 51% 
2018-12-23 14:25:24 1 /boot 42 21 51% 
2018-12-23 14:26:25 0 disk 29941 14180 52%
2018-12-23 14:26:25 1 / 29899 14159 51% 
2018-12-23 14:26:25 1 /boot 42 21 51% 
2018-12-23 14:27:25 0 disk 29941 14180 52%
2018-12-23 14:27:25 1 / 29899 14159 51% 
2018-12-23 14:27:25 1 /boot 42 21 51% 
2018-12-23 14:28:26 0 disk 29941 14180 52%
2018-12-23 14:28:26 1 / 29899 14159 51% 
2018-12-23 14:28:26 1 /boot 42 21 51% 
2018-12-23 14:29:26 0 disk 29941 14180 52%
2018-12-23 14:29:26 1 / 29899 14159 51% 
2018-12-23 14:29:26 1 /boot 42 21 51% 
2018-12-23 14:30:28 0 disk 29941 14180 52%
2018-12-23 14:30:28 1 / 29899 14159 51% 
2018-12-23 14:30:28 1 /boot 42 21 51% 
2018-12-23 14:31:28 0 disk 29941 14180 52%
2018-12-23 14:31:28 1 / 29899 14159 51% 
2018-12-23 14:31:28 1 /boot 42 21 51% 
2018-12-23 14:32:29 0 disk 29941 14180 52%
2018-12-23 14:32:29 1 / 29899 14159 51% 
2018-12-23 14:32:29 1 /boot 42 21 51% 
2018-12-23 14:33:29 0 disk 29941 14180 52%
2018-12-23 14:33:29 1 / 29899 14159 51% 
2018-12-23 14:33:29 1 /boot 42 21 51% 
2018-12-23 14:34:29 0 disk 29941 14180 52%
2018-12-23 14:34:29 1 / 29899 14159 51% 
2018-12-23 14:34:29 1 /boot 42 21 51% 
2018-12-23 14:35:29 0 disk 29941 14180 52%
2018-12-23 14:35:29 1 / 29899 14159 51% 
2018-12-23 14:35:29 1 /boot 42 21 51% 
2018-12-23 14:36:29 0 disk 29941 14180 52%
2018-12-23 14:36:29 1 / 29899 14159 51% 
2018-12-23 14:36:29 1 /boot 42 21 51% 
2018-12-23 14:37:29 0 disk 29941 14180 52%
2018-12-23 14:37:29 1 / 29899 14159 51% 
2018-12-23 14:37:29 1 /boot 42 21 51% 
2018-12-23 14:38:30 0 disk 29941 14180 52%
2018-12-23 14:38:30 1 / 29899 14159 51% 
2018-12-23 14:38:30 1 /boot 42 21 51% 
2018-12-23 14:39:30 0 disk 29941 14180 52%
2018-12-23 14:39:30 1 / 29899 14159 51% 
2018-12-23 14:39:30 1 /boot 42 21 51% 
2018-12-23 14:40:30 0 disk 29941 14180 52%
2018-12-23 14:40:30 1 / 29899 14159 51% 
2018-12-23 14:40:30 1 /boot 42 21 51% 
2018-12-23 14:41:30 0 disk 29941 14180 52%
2018-12-23 14:41:30 1 / 29899 14159 51% 
2018-12-23 14:41:30 1 /boot 42 21 51% 
2018-12-23 14:42:30 0 disk 29941 14180 52%
2018-12-23 14:42:30 1 / 29899 14159 51% 
2018-12-23 14:42:30 1 /boot 42 21 51% 
2018-12-23 14:43:30 0 disk 29941 14180 52%
2018-12-23 14:43:30 1 / 29899 14159 51% 
2018-12-23 14:43:30 1 /boot 42 21 51% 
2018-12-23 14:44:30 0 disk 29941 14180 52%
2018-12-23 14:44:30 1 / 29899 14159 51% 
2018-12-23 14:44:30 1 /boot 42 21 51% 
2018-12-23 14:45:30 0 disk 29941 14180 52%
2018-12-23 14:45:30 1 / 29899 14159 51% 
2018-12-23 14:45:30 1 /boot 42 21 51% 
2018-12-23 14:46:30 0 disk 29941 14180 52%
2018-12-23 14:46:30 1 / 29899 14159 51% 
2018-12-23 14:46:30 1 /boot 42 21 51% 
2018-12-23 14:47:30 0 disk 29941 14180 52%
2018-12-23 14:47:30 1 / 29899 14159 51% 
2018-12-23 14:47:30 1 /boot 42 21 51% 
2018-12-23 14:48:30 0 disk 29941 14180 52%
2018-12-23 14:48:30 1 / 29899 14159 51% 
2018-12-23 14:48:30 1 /boot 42 21 51% 
2018-12-23 14:49:30 0 disk 29941 14180 52%
2018-12-23 14:49:30 1 / 29899 14159 51% 
2018-12-23 14:49:30 1 /boot 42 21 51% 
2018-12-23 14:50:30 0 disk 29941 14180 52%
2018-12-23 14:50:30 1 / 29899 14159 51% 
2018-12-23 14:50:30 1 /boot 42 21 51% 
2018-12-23 14:51:31 0 disk 29941 14180 52%
2018-12-23 14:51:31 1 / 29899 14159 51% 
2018-12-23 14:51:31 1 /boot 42 21 51% 
2018-12-23 14:52:31 0 disk 29941 14180 52%
2018-12-23 14:52:31 1 / 29899 14159 51% 
2018-12-23 14:52:31 1 /boot 42 21 51% 
2018-12-23 14:53:31 0 disk 29941 14180 52%
2018-12-23 14:53:31 1 / 29899 14159 51% 
2018-12-23 14:53:31 1 /boot 42 21 51% 
2018-12-23 14:54:31 0 disk 29941 14180 52%
2018-12-23 14:54:31 1 / 29899 14159 51% 
2018-12-23 14:54:31 1 /boot 42 21 51% 
2018-12-23 14:55:31 0 disk 29941 14180 52%
2018-12-23 14:55:31 1 / 29899 14159 51% 
2018-12-23 14:55:31 1 /boot 42 21 51% 
2018-12-23 14:56:31 0 disk 29941 14180 52%
2018-12-23 14:56:31 1 / 29899 14159 51% 
2018-12-23 14:56:31 1 /boot 42 21 51% 
2018-12-23 14:57:31 0 disk 29941 14180 52%
2018-12-23 14:57:31 1 / 29899 14159 51% 
2018-12-23 14:57:31 1 /boot 42 21 51% 
2018-12-23 14:58:31 0 disk 29941 14180 52%
2018-12-23 14:58:31 1 / 29899 14159 51% 
2018-12-23 14:58:31 1 /boot 42 21 51% 
2018-12-23 14:59:31 0 disk 29941 14180 52%
2018-12-23 14:59:31 1 / 29899 14159 51% 
2018-12-23 14:59:31 1 /boot 42 21 51% 
2018-12-23 15:00:31 0 disk 29941 14180 52%
2018-12-23 15:00:31 1 / 29899 14159 51% 
2018-12-23 15:00:31 1 /boot 42 21 51% 
2018-12-23 15:01:31 0 disk 29941 14180 52%
2018-12-23 15:01:31 1 / 29899 14159 51% 
2018-12-23 15:01:31 1 /boot 42 21 51% 
2018-12-23 15:37:53 0 disk 29941 14179 52%
2018-12-23 15:37:53 1 / 29899 14158 51% 
2018-12-23 15:37:53 1 /boot 42 21 51% 
2018-12-23 15:38:53 0 disk 29941 14179 52%
2018-12-23 15:38:53 1 / 29899 14158 51% 
2018-12-23 15:38:53 1 /boot 42 21 51% 
2018-12-23 15:39:53 0 disk 29941 14179 52%
2018-12-23 15:39:53 1 / 29899 14158 51% 
2018-12-23 15:39:53 1 /boot 42 21 51% 
2018-12-23 15:40:53 0 disk 29941 14179 52%
2018-12-23 15:40:53 1 / 29899 14158 51% 
2018-12-23 15:40:53 1 /boot 42 21 51% 
2018-12-23 15:41:53 0 disk 29941 14179 52%
2018-12-23 15:41:53 1 / 29899 14158 51% 
2018-12-23 15:41:53 1 /boot 42 21 51% 
2018-12-23 15:42:57 0 disk 29941 14179 52%
2018-12-23 15:42:57 1 / 29899 14158 51% 
2018-12-23 15:42:57 1 /boot 42 21 51% 
2018-12-23 15:43:57 0 disk 29941 14179 52%
2018-12-23 15:43:57 1 / 29899 14158 51% 
2018-12-23 15:43:57 1 /boot 42 21 51% 
2018-12-23 15:44:57 0 disk 29941 14179 52%
2018-12-23 15:44:57 1 / 29899 14158 51% 
2018-12-23 15:44:57 1 /boot 42 21 51% 
2018-12-23 15:45:57 0 disk 29941 14179 52%
2018-12-23 15:45:57 1 / 29899 14158 51% 
2018-12-23 15:45:57 1 /boot 42 21 51% 
2018-12-23 15:46:57 0 disk 29941 14179 52%
2018-12-23 15:46:57 1 / 29899 14158 51% 
2018-12-23 15:46:57 1 /boot 42 21 51% 
2018-12-23 15:47:57 0 disk 29941 14179 52%
2018-12-23 15:47:57 1 / 29899 14158 51% 
2018-12-23 15:47:57 1 /boot 42 21 51% 
2018-12-23 15:48:57 0 disk 29941 14179 52%
2018-12-23 15:48:57 1 / 29899 14158 51% 
2018-12-23 15:48:57 1 /boot 42 21 51% 
2018-12-23 15:49:57 0 disk 29941 14179 52%
2018-12-23 15:49:57 1 / 29899 14158 51% 
2018-12-23 15:49:57 1 /boot 42 21 51% 
2018-12-23 15:50:57 0 disk 29941 14179 52%
2018-12-23 15:50:57 1 / 29899 14158 51% 
2018-12-23 15:50:57 1 /boot 42 21 51% 
2018-12-23 15:51:57 0 disk 29941 14179 52%
2018-12-23 15:51:57 1 / 29899 14158 51% 
2018-12-23 15:51:57 1 /boot 42 21 51% 
2018-12-23 15:52:57 0 disk 29941 14179 52%
2018-12-23 15:52:57 1 / 29899 14158 51% 
2018-12-23 15:52:57 1 /boot 42 21 51% 
2018-12-23 15:53:57 0 disk 29941 14179 52%
2018-12-23 15:53:57 1 / 29899 14158 51% 
2018-12-23 15:53:57 1 /boot 42 21 51% 
2018-12-23 15:54:57 0 disk 29941 14179 52%
2018-12-23 15:54:57 1 / 29899 14158 51% 
2018-12-23 15:54:57 1 /boot 42 21 51% 
2018-12-23 15:57:21 0 disk 29941 14179 52%
2018-12-23 15:57:21 1 / 29899 14158 51% 
2018-12-23 15:57:21 1 /boot 42 21 51% 
2018-12-23 15:58:21 0 disk 29941 14179 52%
2018-12-23 15:58:21 1 / 29899 14158 51% 
2018-12-23 15:58:21 1 /boot 42 21 51% 
2018-12-23 15:59:21 0 disk 29941 14179 52%
2018-12-23 15:59:21 1 / 29899 14158 51% 
2018-12-23 15:59:21 1 /boot 42 21 51% 
2018-12-23 16:00:21 0 disk 29941 14179 52%
2018-12-23 16:00:21 1 / 29899 14158 51% 
2018-12-23 16:00:21 1 /boot 42 21 51% 
2018-12-23 16:01:21 0 disk 29941 14179 52%
2018-12-23 16:01:21 1 / 29899 14158 51% 
2018-12-23 16:01:21 1 /boot 42 21 51% 
2018-12-23 16:02:21 0 disk 29941 14179 52%
2018-12-23 16:02:21 1 / 29899 14158 51% 
2018-12-23 16:02:21 1 /boot 42 21 51% 
2018-12-23 16:03:21 0 disk 29941 14179 52%
2018-12-23 16:03:21 1 / 29899 14158 51% 
2018-12-23 16:03:21 1 /boot 42 21 51% 
2018-12-23 16:04:21 0 disk 29941 14179 52%
2018-12-23 16:04:21 1 / 29899 14158 51% 
2018-12-23 16:04:21 1 /boot 42 21 51% 
2018-12-23 16:05:21 0 disk 29941 14178 52%
2018-12-23 16:05:21 1 / 29899 14157 51% 
2018-12-23 16:05:21 1 /boot 42 21 51% 
2018-12-23 16:06:22 0 disk 29941 14178 52%
2018-12-23 16:06:22 1 / 29899 14157 51% 
2018-12-23 16:06:22 1 /boot 42 21 51% 
2018-12-23 16:07:22 0 disk 29941 14178 52%
2018-12-23 16:07:22 1 / 29899 14157 51% 
2018-12-23 16:07:22 1 /boot 42 21 51% 
2018-12-23 16:08:22 0 disk 29941 14178 52%
2018-12-23 16:08:22 1 / 29899 14157 51% 
2018-12-23 16:08:22 1 /boot 42 21 51% 
2018-12-23 16:09:22 0 disk 29941 14178 52%
2018-12-23 16:09:22 1 / 29899 14157 51% 
2018-12-23 16:09:22 1 /boot 42 21 51% 
2018-12-23 16:10:22 0 disk 29941 14178 52%
2018-12-23 16:10:22 1 / 29899 14157 51% 
2018-12-23 16:10:22 1 /boot 42 21 51% 
2018-12-23 16:11:22 0 disk 29941 14178 52%
2018-12-23 16:11:22 1 / 29899 14157 51% 
2018-12-23 16:11:22 1 /boot 42 21 51% 
2018-12-23 16:12:22 0 disk 29941 14178 52%
2018-12-23 16:12:22 1 / 29899 14157 51% 
2018-12-23 16:12:22 1 /boot 42 21 51% 
2018-12-23 16:13:22 0 disk 29941 14178 52%
2018-12-23 16:13:22 1 / 29899 14157 51% 
2018-12-23 16:13:22 1 /boot 42 21 51% 
2018-12-23 16:14:22 0 disk 29941 14178 52%
2018-12-23 16:14:22 1 / 29899 14157 51% 
2018-12-23 16:14:22 1 /boot 42 21 51% 
2018-12-23 16:15:22 0 disk 29941 14178 52%
2018-12-23 16:15:22 1 / 29899 14157 51% 
2018-12-23 16:15:22 1 /boot 42 21 51% 
2018-12-23 16:16:22 0 disk 29941 14178 52%
2018-12-23 16:16:22 1 / 29899 14157 51% 
2018-12-23 16:16:22 1 /boot 42 21 51% 
2018-12-23 16:17:22 0 disk 29941 14178 52%
2018-12-23 16:17:22 1 / 29899 14157 51% 
2018-12-23 16:17:22 1 /boot 42 21 51% 
2018-12-23 16:18:22 0 disk 29941 14178 52%
2018-12-23 16:18:22 1 / 29899 14157 51% 
2018-12-23 16:18:22 1 /boot 42 21 51% 
2018-12-23 16:19:22 0 disk 29941 14178 52%
2018-12-23 16:19:22 1 / 29899 14157 51% 
2018-12-23 16:19:22 1 /boot 42 21 51% 
2018-12-23 16:20:22 0 disk 29941 14178 52%
2018-12-23 16:20:22 1 / 29899 14157 51% 
2018-12-23 16:20:22 1 /boot 42 21 51% 
2018-12-23 16:21:22 0 disk 29941 14178 52%
2018-12-23 16:21:22 1 / 29899 14157 51% 
2018-12-23 16:21:22 1 /boot 42 21 51% 
2018-12-23 16:22:22 0 disk 29941 14178 52%
2018-12-23 16:22:22 1 / 29899 14157 51% 
2018-12-23 16:22:22 1 /boot 42 21 51% 
2018-12-23 16:23:22 0 disk 29941 14178 52%
2018-12-23 16:23:22 1 / 29899 14157 51% 
2018-12-23 16:23:22 1 /boot 42 21 51% 
2018-12-23 16:24:22 0 disk 29941 14178 52%
2018-12-23 16:24:22 1 / 29899 14157 51% 
2018-12-23 16:24:22 1 /boot 42 21 51% 
2018-12-23 16:25:22 0 disk 29941 14178 52%
2018-12-23 16:25:22 1 / 29899 14157 51% 
2018-12-23 16:25:22 1 /boot 42 21 51% 
2018-12-23 16:26:22 0 disk 29941 14178 52%
2018-12-23 16:26:22 1 / 29899 14157 51% 
2018-12-23 16:26:22 1 /boot 42 21 51% 
2018-12-23 16:27:22 0 disk 29941 14178 52%
2018-12-23 16:27:22 1 / 29899 14157 51% 
2018-12-23 16:27:22 1 /boot 42 21 51% 
2018-12-23 16:28:23 0 disk 29941 14178 52%
2018-12-23 16:28:23 1 / 29899 14157 51% 
2018-12-23 16:28:23 1 /boot 42 21 51% 
2018-12-23 16:29:23 0 disk 29941 14178 52%
2018-12-23 16:29:23 1 / 29899 14157 51% 
2018-12-23 16:29:23 1 /boot 42 21 51% 
2018-12-23 16:30:23 0 disk 29941 14178 52%
2018-12-23 16:30:23 1 / 29899 14157 51% 
2018-12-23 16:30:23 1 /boot 42 21 51% 
2018-12-23 16:31:23 0 disk 29941 14178 52%
2018-12-23 16:31:23 1 / 29899 14157 51% 
2018-12-23 16:31:23 1 /boot 42 21 51% 
2018-12-23 16:32:23 0 disk 29941 14178 52%
2018-12-23 16:32:23 1 / 29899 14157 51% 
2018-12-23 16:32:23 1 /boot 42 21 51% 
2018-12-23 16:33:23 0 disk 29941 14178 52%
2018-12-23 16:33:23 1 / 29899 14157 51% 
2018-12-23 16:33:23 1 /boot 42 21 51% 
2018-12-23 16:34:23 0 disk 29941 14178 52%
2018-12-23 16:34:23 1 / 29899 14157 51% 
2018-12-23 16:34:23 1 /boot 42 21 51% 
2018-12-23 16:35:23 0 disk 29941 14178 52%
2018-12-23 16:35:23 1 / 29899 14157 51% 
2018-12-23 16:35:23 1 /boot 42 21 51% 
