2018-12-22__19:11:01 yuxiaowei GNU/Linux 4.13.0-45-generic up_10_hours,_21_minutes 0.54 95426 12% 3805 44% normal normal normal 
2018-12-22__19:15:16 yuxiaowei GNU/Linux 4.9.41-v7+ up_3_weeks,_10_hours,_12_minutes 0.15 0.38 0.43 29941 48% 927 9% normal normal normal 
2018-12-22__19:16:19 yuxiaowei GNU/Linux 4.9.41-v7+ up_3_weeks,_10_hours,_13_minutes 1.79 0.85 0.59 29941 48% 927 8% normal normal normal 
2018-12-22__19:17:20 yuxiaowei GNU/Linux 4.9.41-v7+ up_3_weeks,_10_hours,_14_minutes 1.87 1.00 0.65 29941 48% 927 8% normal normal normal 
2018-12-22__19:18:21 yuxiaowei GNU/Linux 4.9.41-v7+ up_3_weeks,_10_hours,_15_minutes 2.25 1.21 0.74 29941 48% 927 8% normal normal normal 
2018-12-22__19:19:22 yuxiaowei GNU/Linux 4.9.41-v7+ up_3_weeks,_10_hours,_16_minutes 1.39 1.15 0.75 29941 48% 927 9% normal normal normal 
2018-12-22__19:20:28 yuxiaowei GNU/Linux 4.9.41-v7+ up_3_weeks,_10_hours,_17_minutes 1.29 1.18 0.79 29941 48% 927 9% normal normal normal 
2018-12-22__19:21:29 yuxiaowei GNU/Linux 4.9.41-v7+ up_3_weeks,_10_hours,_18_minutes 1.44 1.30 0.85 29941 48% 927 9% normal normal normal 
2018-12-22__19:22:30 yuxiaowei GNU/Linux 4.9.41-v7+ up_3_weeks,_10_hours,_19_minutes 2.26 1.58 0.98 29941 48% 927 8% normal normal normal 
2018-12-22__19:23:31 yuxiaowei GNU/Linux 4.9.41-v7+ up_3_weeks,_10_hours,_20_minutes 1.45 1.46 0.98 29941 48% 927 9% normal normal normal 
2018-12-22__19:24:32 yuxiaowei GNU/Linux 4.9.41-v7+ up_3_weeks,_10_hours,_21_minutes 1.56 1.47 1.01 29941 48% 927 9% normal normal normal 
2018-12-22__19:25:33 yuxiaowei GNU/Linux 4.9.41-v7+ up_3_weeks,_10_hours,_22_minutes 1.32 1.44 1.03 29941 48% 927 8% normal normal normal 
2018-12-22__19:26:33 yuxiaowei GNU/Linux 4.9.41-v7+ up_3_weeks,_10_hours,_23_minutes 1.41 1.46 1.06 29941 48% 927 8% normal normal normal 
2018-12-22__19:27:34 yuxiaowei GNU/Linux 4.9.41-v7+ up_3_weeks,_10_hours,_24_minutes 1.07 1.35 1.05 29941 48% 927 8% normal normal normal 
2018-12-22__19:28:35 yuxiaowei GNU/Linux 4.9.41-v7+ up_3_weeks,_10_hours,_25_minutes 1.57 1.46 1.11 29941 48% 927 9% normal normal normal 
2018-12-22__19:29:41 yuxiaowei GNU/Linux 4.9.41-v7+ up_3_weeks,_10_hours,_26_minutes 2.54 1.79 1.25 29941 48% 927 9% normal normal normal 
2018-12-22__19:30:42 yuxiaowei GNU/Linux 4.9.41-v7+ up_3_weeks,_10_hours,_27_minutes 1.73 1.66 1.23 29941 48% 927 9% normal normal normal 
2018-12-23__10:34:20 yuxiaowei GNU/Linux 4.9.41-v7+ up_3_weeks,_1_day,_1_hour,_31_minutes 0.33 0.41 0.46 29941 48% 927 11% normal normal normal 
2018-12-23__10:35:20 yuxiaowei GNU/Linux 4.9.41-v7+ up_3_weeks,_1_day,_1_hour,_32_minutes 0.27 0.37 0.44 29941 48% 927 11% normal normal normal 
2018-12-23__10:36:20 yuxiaowei GNU/Linux 4.9.41-v7+ up_3_weeks,_1_day,_1_hour,_33_minutes 0.56 0.43 0.46 29941 48% 927 11% normal normal normal 
2018-12-23__10:37:21 yuxiaowei GNU/Linux 4.9.41-v7+ up_3_weeks,_1_day,_1_hour,_34_minutes 0.83 0.55 0.50 29941 48% 927 11% normal normal normal 
2018-12-23__10:38:21 yuxiaowei GNU/Linux 4.9.41-v7+ up_3_weeks,_1_day,_1_hour,_35_minutes 0.49 0.49 0.48 29941 48% 927 11% normal normal normal 
2018-12-23__10:51:29 yuxiaowei GNU/Linux 4.13.0-45-generic up_1_day,_2_hours,_2_minutes 1.85 1.84 1.77 95426 12% 3805 50% normal normal normal 
2018-12-23__10:51:36 yuxiaowei GNU/Linux 4.13.0-45-generic up_1_day,_2_hours,_2_minutes 1.86 1.84 1.77 95426 12% 3805 50% normal normal normal 
2018-12-23__10:53:22 yuxiaowei GNU/Linux 4.13.0-45-generic up_1_day,_2_hours,_4_minutes 1.60 1.81 1.77 95426 12% 3805 50% normal normal normal 
2018-12-23__10:54:33 yuxiaowei GNU/Linux 4.13.0-45-generic up_1_day,_2_hours,_5_minutes 1.86 1.85 1.79 95426 12% 3805 50% normal normal normal 
2018-12-23__10:54:47 yuxiaowei GNU/Linux 4.13.0-45-generic up_1_day,_2_hours,_5_minutes 1.51 1.78 1.77 95426 12% 3805 50% normal normal normal 
2018-12-23__11:30:54 yuxiaowei GNU/Linux 4.9.41-v7+ up_3_weeks,_1_day,_2_hours,_27_minutes 0.68 0.80 0.71 29941 48% 927 13% normal normal normal 
2018-12-23__11:31:54 yuxiaowei GNU/Linux 4.9.41-v7+ up_3_weeks,_1_day,_2_hours,_28_minutes 0.83 0.81 0.72 29941 48% 927 12% normal normal normal 
2018-12-23__11:32:54 yuxiaowei GNU/Linux 4.9.41-v7+ up_3_weeks,_1_day,_2_hours,_29_minutes 0.74 0.75 0.71 29941 48% 927 11% normal normal normal 
2018-12-23__11:33:54 yuxiaowei GNU/Linux 4.9.41-v7+ up_3_weeks,_1_day,_2_hours,_30_minutes 0.42 0.66 0.68 29941 48% 927 12% normal normal normal 
2018-12-23__11:34:54 yuxiaowei GNU/Linux 4.9.41-v7+ up_3_weeks,_1_day,_2_hours,_31_minutes 0.65 0.67 0.68 29941 48% 927 12% normal normal normal 
2018-12-23__11:35:54 yuxiaowei GNU/Linux 4.9.41-v7+ up_3_weeks,_1_day,_2_hours,_32_minutes 1.02 0.80 0.73 29941 48% 927 12% normal normal normal 
2018-12-23__11:36:55 yuxiaowei GNU/Linux 4.9.41-v7+ up_3_weeks,_1_day,_2_hours,_33_minutes 1.23 0.89 0.76 29941 48% 927 12% normal normal normal 
2018-12-23__11:37:55 yuxiaowei GNU/Linux 4.9.41-v7+ up_3_weeks,_1_day,_2_hours,_34_minutes 1.35 0.99 0.80 29941 48% 927 12% normal normal normal 
2018-12-23__11:38:55 yuxiaowei GNU/Linux 4.9.41-v7+ up_3_weeks,_1_day,_2_hours,_35_minutes 0.71 0.87 0.78 29941 48% 927 12% normal normal normal 
2018-12-23__11:39:55 yuxiaowei GNU/Linux 4.9.41-v7+ up_3_weeks,_1_day,_2_hours,_36_minutes 0.50 0.79 0.75 29941 48% 927 11% normal normal normal 
2018-12-23__11:40:55 yuxiaowei GNU/Linux 4.9.41-v7+ up_3_weeks,_1_day,_2_hours,_37_minutes 0.36 0.70 0.72 29941 48% 927 12% normal normal normal 
2018-12-23__11:41:55 yuxiaowei GNU/Linux 4.9.41-v7+ up_3_weeks,_1_day,_2_hours,_38_minutes 0.49 0.68 0.72 29941 48% 927 12% normal normal normal 
2018-12-23__11:42:55 yuxiaowei GNU/Linux 4.9.41-v7+ up_3_weeks,_1_day,_2_hours,_39_minutes 0.59 0.69 0.72 29941 48% 927 12% normal normal normal 
2018-12-23__10:51:29 yuxiaowei GNU/Linux 4.13.0-45-generic up_1_day,_2_hours,_2_minutes 1.85 1.84 1.77 95426 12% 3805 50% normal normal normal 
2018-12-23__10:51:36 yuxiaowei GNU/Linux 4.13.0-45-generic up_1_day,_2_hours,_2_minutes 1.86 1.84 1.77 95426 12% 3805 50% normal normal normal 
2018-12-23__10:53:22 yuxiaowei GNU/Linux 4.13.0-45-generic up_1_day,_2_hours,_4_minutes 1.60 1.81 1.77 95426 12% 3805 50% normal normal normal 
2018-12-23__10:54:33 yuxiaowei GNU/Linux 4.13.0-45-generic up_1_day,_2_hours,_5_minutes 1.86 1.85 1.79 95426 12% 3805 50% normal normal normal 
2018-12-23__10:54:47 yuxiaowei GNU/Linux 4.13.0-45-generic up_1_day,_2_hours,_5_minutes 1.51 1.78 1.77 95426 12% 3805 50% normal normal normal 
2018-12-23__13:35:01 yuxiaowei GNU/Linux 4.9.41-v7+ up_3_weeks,_1_day,_4_hours,_31_minutes 0.06 0.22 0.25 29941 48% 927 11% normal normal normal 
2018-12-23__13:36:01 yuxiaowei GNU/Linux 4.9.41-v7+ up_3_weeks,_1_day,_4_hours,_32_minutes 0.37 0.26 0.26 29941 48% 927 11% normal normal normal 
2018-12-23__13:37:01 yuxiaowei GNU/Linux 4.9.41-v7+ up_3_weeks,_1_day,_4_hours,_33_minutes 0.24 0.24 0.25 29941 48% 927 11% normal normal normal 
2018-12-23__13:38:01 yuxiaowei GNU/Linux 4.9.41-v7+ up_3_weeks,_1_day,_4_hours,_34_minutes 0.19 0.24 0.25 29941 48% 927 11% normal normal normal 
2018-12-23__13:39:02 yuxiaowei GNU/Linux 4.9.41-v7+ up_3_weeks,_1_day,_4_hours,_35_minutes 0.07 0.19 0.24 29941 48% 927 11% normal normal normal 
2018-12-23__13:40:02 yuxiaowei GNU/Linux 4.9.41-v7+ up_3_weeks,_1_day,_4_hours,_36_minutes 0.07 0.17 0.22 29941 48% 927 11% normal normal normal 
2018-12-23__13:41:02 yuxiaowei GNU/Linux 4.9.41-v7+ up_3_weeks,_1_day,_4_hours,_37_minutes 0.32 0.22 0.24 29941 48% 927 11% normal normal normal 
2018-12-23__13:42:02 yuxiaowei GNU/Linux 4.9.41-v7+ up_3_weeks,_1_day,_4_hours,_38_minutes 0.12 0.17 0.22 29941 48% 927 11% normal normal normal 
2018-12-23__13:43:02 yuxiaowei GNU/Linux 4.9.41-v7+ up_3_weeks,_1_day,_4_hours,_39_minutes 0.08 0.15 0.21 29941 48% 927 11% normal normal normal 
2018-12-23__13:44:02 yuxiaowei GNU/Linux 4.9.41-v7+ up_3_weeks,_1_day,_4_hours,_40_minutes 0.37 0.20 0.22 29941 48% 927 11% normal normal normal 
2018-12-23__13:45:03 yuxiaowei GNU/Linux 4.9.41-v7+ up_3_weeks,_1_day,_4_hours,_41_minutes 0.60 0.30 0.25 29941 48% 927 11% normal normal normal 
2018-12-23__13:46:03 yuxiaowei GNU/Linux 4.9.41-v7+ up_3_weeks,_1_day,_4_hours,_42_minutes 0.27 0.26 0.24 29941 48% 927 11% normal normal normal 
2018-12-23__13:47:04 yuxiaowei GNU/Linux 4.9.41-v7+ up_3_weeks,_1_day,_4_hours,_43_minutes 0.35 0.27 0.24 29941 48% 927 11% normal normal normal 
2018-12-23__13:48:04 yuxiaowei GNU/Linux 4.9.41-v7+ up_3_weeks,_1_day,_4_hours,_44_minutes 0.78 0.39 0.29 29941 48% 927 12% normal normal normal 
2018-12-23__13:49:04 yuxiaowei GNU/Linux 4.9.41-v7+ up_3_weeks,_1_day,_4_hours,_45_minutes 0.44 0.37 0.28 29941 48% 927 11% normal normal normal 
2018-12-23__13:50:04 yuxiaowei GNU/Linux 4.9.41-v7+ up_3_weeks,_1_day,_4_hours,_46_minutes 0.27 0.33 0.27 29941 48% 927 11% normal normal normal 
2018-12-23__13:51:04 yuxiaowei GNU/Linux 4.9.41-v7+ up_3_weeks,_1_day,_4_hours,_47_minutes 0.35 0.34 0.28 29941 48% 927 11% normal normal normal 
2018-12-23__13:52:06 yuxiaowei GNU/Linux 4.9.41-v7+ up_3_weeks,_1_day,_4_hours,_48_minutes 0.33 0.34 0.28 29941 48% 927 11% normal normal normal 
2018-12-23__13:53:06 yuxiaowei GNU/Linux 4.9.41-v7+ up_3_weeks,_1_day,_4_hours,_49_minutes 0.32 0.34 0.28 29941 48% 927 11% normal normal normal 
2018-12-23__13:54:07 yuxiaowei GNU/Linux 4.9.41-v7+ up_3_weeks,_1_day,_4_hours,_50_minutes 0.44 0.38 0.29 29941 48% 927 12% normal normal normal 
2018-12-23__13:55:07 yuxiaowei GNU/Linux 4.9.41-v7+ up_3_weeks,_1_day,_4_hours,_51_minutes 0.16 0.31 0.27 29941 48% 927 12% normal normal normal 
2018-12-23__13:56:07 yuxiaowei GNU/Linux 4.9.41-v7+ up_3_weeks,_1_day,_4_hours,_52_minutes 0.10 0.26 0.26 29941 48% 927 12% normal normal normal 
2018-12-23__13:57:07 yuxiaowei GNU/Linux 4.9.41-v7+ up_3_weeks,_1_day,_4_hours,_53_minutes 0.33 0.30 0.27 29941 48% 927 12% normal normal normal 
2018-12-23__13:58:07 yuxiaowei GNU/Linux 4.9.41-v7+ up_3_weeks,_1_day,_4_hours,_54_minutes 0.28 0.29 0.27 29941 48% 927 12% normal normal normal 
2018-12-23__13:59:07 yuxiaowei GNU/Linux 4.9.41-v7+ up_3_weeks,_1_day,_4_hours,_55_minutes 0.14 0.25 0.26 29941 48% 927 12% normal normal normal 
2018-12-23__14:00:07 yuxiaowei GNU/Linux 4.9.41-v7+ up_3_weeks,_1_day,_4_hours,_56_minutes 0.48 0.35 0.29 29941 48% 927 12% normal normal normal 
2018-12-23__14:01:07 yuxiaowei GNU/Linux 4.9.41-v7+ up_3_weeks,_1_day,_4_hours,_57_minutes 0.31 0.32 0.28 29941 48% 927 11% normal normal normal 
2018-12-23__14:02:07 yuxiaowei GNU/Linux 4.9.41-v7+ up_3_weeks,_1_day,_4_hours,_58_minutes 0.29 0.32 0.28 29941 48% 927 12% normal normal normal 
2018-12-23__14:03:07 yuxiaowei GNU/Linux 4.9.41-v7+ up_3_weeks,_1_day,_4_hours,_59_minutes 0.61 0.40 0.31 29941 48% 927 12% normal normal normal 
2018-12-23__14:04:08 yuxiaowei GNU/Linux 4.9.41-v7+ up_3_weeks,_1_day,_5_hours 0.28 0.34 0.29 29941 48% 927 12% normal normal normal 
2018-12-23__14:05:08 yuxiaowei GNU/Linux 4.9.41-v7+ up_3_weeks,_1_day,_5_hours,_1_minute 0.23 0.32 0.28 29941 48% 927 12% normal normal normal 
2018-12-23__14:06:08 yuxiaowei GNU/Linux 4.9.41-v7+ up_3_weeks,_1_day,_5_hours,_2_minutes 0.26 0.32 0.28 29941 48% 927 11% normal normal normal 
2018-12-23__14:07:08 yuxiaowei GNU/Linux 4.9.41-v7+ up_3_weeks,_1_day,_5_hours,_3_minutes 0.15 0.27 0.27 29941 48% 927 11% normal normal normal 
2018-12-23__14:08:08 yuxiaowei GNU/Linux 4.9.41-v7+ up_3_weeks,_1_day,_5_hours,_4_minutes 0.05 0.22 0.25 29941 48% 927 11% normal normal normal 
2018-12-23__14:09:08 yuxiaowei GNU/Linux 4.9.41-v7+ up_3_weeks,_1_day,_5_hours,_5_minutes 0.27 0.28 0.27 29941 48% 927 11% normal normal normal 
2018-12-23__14:10:08 yuxiaowei GNU/Linux 4.9.41-v7+ up_3_weeks,_1_day,_5_hours,_6_minutes 0.52 0.34 0.29 29941 48% 927 11% normal normal normal 
2018-12-23__14:11:08 yuxiaowei GNU/Linux 4.9.41-v7+ up_3_weeks,_1_day,_5_hours,_7_minutes 0.33 0.31 0.28 29941 48% 927 12% normal normal normal 
2018-12-23__14:12:08 yuxiaowei GNU/Linux 4.9.41-v7+ up_3_weeks,_1_day,_5_hours,_8_minutes 0.46 0.37 0.30 29941 48% 927 12% normal normal normal 
2018-12-23__14:13:09 yuxiaowei GNU/Linux 4.9.41-v7+ up_3_weeks,_1_day,_5_hours,_9_minutes 0.25 0.33 0.29 29941 48% 927 12% normal normal normal 
2018-12-23__14:14:09 yuxiaowei GNU/Linux 4.9.41-v7+ up_3_weeks,_1_day,_5_hours,_10_minutes 0.30 0.33 0.29 29941 48% 927 12% normal normal normal 
2018-12-23__14:15:09 yuxiaowei GNU/Linux 4.9.41-v7+ up_3_weeks,_1_day,_5_hours,_11_minutes 0.47 0.38 0.31 29941 48% 927 12% normal normal normal 
2018-12-23__14:16:07 yuxiaowei GNU/Linux 4.9.41-v7+ up_3_weeks,_1_day,_5_hours,_12_minutes 0.33 0.35 0.30 29941 48% 927 12% normal normal normal 
2018-12-23__14:16:17 yuxiaowei GNU/Linux 4.9.41-v7+ up_3_weeks,_1_day,_5_hours,_13_minutes 0.28 0.33 0.29 29941 48% 927 12% normal normal normal 
2018-12-23__14:17:17 yuxiaowei GNU/Linux 4.9.41-v7+ up_3_weeks,_1_day,_5_hours,_14_minutes 0.45 0.36 0.30 29941 48% 927 12% normal normal normal 
2018-12-23__14:18:18 yuxiaowei GNU/Linux 4.9.41-v7+ up_3_weeks,_1_day,_5_hours,_15_minutes 0.21 0.31 0.29 29941 48% 927 12% normal normal normal 
2018-12-23__14:19:18 yuxiaowei GNU/Linux 4.9.41-v7+ up_3_weeks,_1_day,_5_hours,_16_minutes 0.37 0.34 0.30 29941 48% 927 12% normal normal normal 
2018-12-23__14:20:18 yuxiaowei GNU/Linux 4.9.41-v7+ up_3_weeks,_1_day,_5_hours,_17_minutes 0.45 0.37 0.31 29941 48% 927 12% normal normal normal 
2018-12-23__14:21:18 yuxiaowei GNU/Linux 4.9.41-v7+ up_3_weeks,_1_day,_5_hours,_18_minutes 0.21 0.32 0.29 29941 48% 927 12% normal normal normal 
2018-12-23__14:22:18 yuxiaowei GNU/Linux 4.9.41-v7+ up_3_weeks,_1_day,_5_hours,_19_minutes 0.42 0.35 0.30 29941 48% 927 12% normal normal normal 
2018-12-23__14:23:18 yuxiaowei GNU/Linux 4.9.41-v7+ up_3_weeks,_1_day,_5_hours,_20_minutes 0.24 0.31 0.29 29941 48% 927 12% normal normal normal 
2018-12-23__14:24:18 yuxiaowei GNU/Linux 4.9.41-v7+ up_3_weeks,_1_day,_5_hours,_21_minutes 0.50 0.40 0.32 29941 48% 927 11% normal normal normal 
2018-12-23__14:25:18 yuxiaowei GNU/Linux 4.9.41-v7+ up_3_weeks,_1_day,_5_hours,_22_minutes 0.45 0.39 0.32 29941 48% 927 11% normal normal normal 
2018-12-23__14:26:18 yuxiaowei GNU/Linux 4.9.41-v7+ up_3_weeks,_1_day,_5_hours,_23_minutes 0.41 0.39 0.32 29941 48% 927 11% normal normal normal 
2018-12-23__14:27:19 yuxiaowei GNU/Linux 4.9.41-v7+ up_3_weeks,_1_day,_5_hours,_24_minutes 0.30 0.38 0.32 29941 48% 927 11% normal normal normal 
2018-12-23__14:28:19 yuxiaowei GNU/Linux 4.9.41-v7+ up_3_weeks,_1_day,_5_hours,_25_minutes 0.36 0.39 0.33 29941 48% 927 11% normal normal normal 
2018-12-23__14:29:19 yuxiaowei GNU/Linux 4.9.41-v7+ up_3_weeks,_1_day,_5_hours,_26_minutes 0.21 0.34 0.31 29941 48% 927 11% normal normal normal 
2018-12-23__14:30:19 yuxiaowei GNU/Linux 4.9.41-v7+ up_3_weeks,_1_day,_5_hours,_27_minutes 0.26 0.33 0.31 29941 48% 927 11% normal normal normal 
2018-12-23__14:31:19 yuxiaowei GNU/Linux 4.9.41-v7+ up_3_weeks,_1_day,_5_hours,_28_minutes 0.18 0.30 0.30 29941 48% 927 11% normal normal normal 
2018-12-23__14:32:19 yuxiaowei GNU/Linux 4.9.41-v7+ up_3_weeks,_1_day,_5_hours,_29_minutes 0.44 0.36 0.32 29941 48% 927 11% normal normal normal 
2018-12-23__14:33:19 yuxiaowei GNU/Linux 4.9.41-v7+ up_3_weeks,_1_day,_5_hours,_30_minutes 0.47 0.39 0.33 29941 48% 927 11% normal normal normal 
2018-12-23__14:34:21 yuxiaowei GNU/Linux 4.9.41-v7+ up_3_weeks,_1_day,_5_hours,_31_minutes 0.26 0.34 0.32 29941 48% 927 11% normal normal normal 
2018-12-23__14:35:21 yuxiaowei GNU/Linux 4.9.41-v7+ up_3_weeks,_1_day,_5_hours,_32_minutes 0.48 0.37 0.33 29941 48% 927 11% normal normal normal 
2018-12-23__14:36:21 yuxiaowei GNU/Linux 4.9.41-v7+ up_3_weeks,_1_day,_5_hours,_33_minutes 0.21 0.32 0.32 29941 48% 927 12% normal normal normal 
2018-12-23__14:37:21 yuxiaowei GNU/Linux 4.9.41-v7+ up_3_weeks,_1_day,_5_hours,_34_minutes 0.11 0.27 0.30 29941 48% 927 11% normal normal normal 
2018-12-23__14:38:21 yuxiaowei GNU/Linux 4.9.41-v7+ up_3_weeks,_1_day,_5_hours,_35_minutes 0.27 0.28 0.30 29941 48% 927 11% normal normal normal 
2018-12-23__14:39:21 yuxiaowei GNU/Linux 4.9.41-v7+ up_3_weeks,_1_day,_5_hours,_36_minutes 0.36 0.31 0.30 29941 48% 927 12% normal normal normal 
2018-12-23__14:40:22 yuxiaowei GNU/Linux 4.9.41-v7+ up_3_weeks,_1_day,_5_hours,_37_minutes 0.34 0.31 0.30 29941 48% 927 11% normal normal normal 
2018-12-23__14:41:22 yuxiaowei GNU/Linux 4.9.41-v7+ up_3_weeks,_1_day,_5_hours,_38_minutes 0.32 0.31 0.30 29941 48% 927 11% normal normal normal 
2018-12-23__14:42:22 yuxiaowei GNU/Linux 4.9.41-v7+ up_3_weeks,_1_day,_5_hours,_39_minutes 0.44 0.35 0.31 29941 48% 927 11% normal normal normal 
2018-12-23__14:43:22 yuxiaowei GNU/Linux 4.9.41-v7+ up_3_weeks,_1_day,_5_hours,_40_minutes 0.33 0.33 0.31 29941 48% 927 12% normal normal normal 
2018-12-23__14:44:22 yuxiaowei GNU/Linux 4.9.41-v7+ up_3_weeks,_1_day,_5_hours,_41_minutes 0.60 0.39 0.33 29941 48% 927 12% normal normal normal 
2018-12-23__14:45:22 yuxiaowei GNU/Linux 4.9.41-v7+ up_3_weeks,_1_day,_5_hours,_42_minutes 0.35 0.35 0.32 29941 48% 927 12% normal normal normal 
2018-12-23__14:46:22 yuxiaowei GNU/Linux 4.9.41-v7+ up_3_weeks,_1_day,_5_hours,_43_minutes 0.27 0.33 0.31 29941 48% 927 12% normal normal normal 
2018-12-23__14:47:22 yuxiaowei GNU/Linux 4.9.41-v7+ up_3_weeks,_1_day,_5_hours,_44_minutes 0.21 0.31 0.30 29941 48% 927 12% normal normal normal 
2018-12-23__14:48:22 yuxiaowei GNU/Linux 4.9.41-v7+ up_3_weeks,_1_day,_5_hours,_45_minutes 0.23 0.30 0.30 29941 48% 927 12% normal normal normal 
2018-12-23__14:49:23 yuxiaowei GNU/Linux 4.9.41-v7+ up_3_weeks,_1_day,_5_hours,_46_minutes 0.72 0.40 0.33 29941 48% 927 12% normal normal normal 
2018-12-23__14:50:23 yuxiaowei GNU/Linux 4.9.41-v7+ up_3_weeks,_1_day,_5_hours,_47_minutes 0.58 0.44 0.35 29941 48% 927 12% normal normal normal 
2018-12-23__14:51:23 yuxiaowei GNU/Linux 4.9.41-v7+ up_3_weeks,_1_day,_5_hours,_48_minutes 0.61 0.47 0.37 29941 48% 927 12% normal normal normal 
2018-12-23__14:52:23 yuxiaowei GNU/Linux 4.9.41-v7+ up_3_weeks,_1_day,_5_hours,_49_minutes 0.74 0.52 0.39 29941 48% 927 12% normal normal normal 
2018-12-23__14:53:23 yuxiaowei GNU/Linux 4.9.41-v7+ up_3_weeks,_1_day,_5_hours,_50_minutes 0.51 0.50 0.39 29941 48% 927 12% normal normal normal 
2018-12-23__14:54:23 yuxiaowei GNU/Linux 4.9.41-v7+ up_3_weeks,_1_day,_5_hours,_51_minutes 0.45 0.47 0.38 29941 48% 927 12% normal normal normal 
2018-12-23__14:55:23 yuxiaowei GNU/Linux 4.9.41-v7+ up_3_weeks,_1_day,_5_hours,_52_minutes 0.38 0.46 0.38 29941 48% 927 12% normal normal normal 
2018-12-23__14:56:23 yuxiaowei GNU/Linux 4.9.41-v7+ up_3_weeks,_1_day,_5_hours,_53_minutes 0.32 0.44 0.38 29941 48% 927 12% normal normal normal 
2018-12-23__14:57:23 yuxiaowei GNU/Linux 4.9.41-v7+ up_3_weeks,_1_day,_5_hours,_54_minutes 0.66 0.50 0.40 29941 48% 927 12% normal normal normal 
2018-12-23__14:58:24 yuxiaowei GNU/Linux 4.9.41-v7+ up_3_weeks,_1_day,_5_hours,_55_minutes 0.32 0.44 0.38 29941 48% 927 12% normal normal normal 
2018-12-23__14:59:24 yuxiaowei GNU/Linux 4.9.41-v7+ up_3_weeks,_1_day,_5_hours,_56_minutes 0.44 0.44 0.38 29941 48% 927 12% normal normal normal 
2018-12-23__15:00:24 yuxiaowei GNU/Linux 4.9.41-v7+ up_3_weeks,_1_day,_5_hours,_57_minutes 0.20 0.37 0.36 29941 48% 927 13% normal normal normal 
2018-12-23__15:01:24 yuxiaowei GNU/Linux 4.9.41-v7+ up_3_weeks,_1_day,_5_hours,_58_minutes 0.34 0.39 0.37 29941 48% 927 13% normal normal normal 
2018-12-23__15:37:53 yuxiaowei GNU/Linux 4.9.41-v7+ up_3_weeks,_1_day,_6_hours,_34_minutes 0.11 0.22 0.32 29941 48% 927 12% normal normal normal 
2018-12-23__15:38:53 yuxiaowei GNU/Linux 4.9.41-v7+ up_3_weeks,_1_day,_6_hours,_35_minutes 0.66 0.36 0.36 29941 48% 927 12% normal normal normal 
2018-12-23__15:39:53 yuxiaowei GNU/Linux 4.9.41-v7+ up_3_weeks,_1_day,_6_hours,_36_minutes 0.33 0.32 0.35 29941 48% 927 12% normal normal normal 
2018-12-23__15:40:56 yuxiaowei GNU/Linux 4.9.41-v7+ up_3_weeks,_1_day,_6_hours,_37_minutes 0.11 0.26 0.32 29941 48% 927 12% normal normal normal 
2018-12-23__15:41:56 yuxiaowei GNU/Linux 4.9.41-v7+ up_3_weeks,_1_day,_6_hours,_38_minutes 0.42 0.35 0.35 29941 48% 927 11% normal normal normal 
2018-12-23__15:42:56 yuxiaowei GNU/Linux 4.9.41-v7+ up_3_weeks,_1_day,_6_hours,_39_minutes 0.34 0.34 0.35 29941 48% 927 12% normal normal normal 
2018-12-23__15:43:56 yuxiaowei GNU/Linux 4.9.41-v7+ up_3_weeks,_1_day,_6_hours,_40_minutes 0.46 0.36 0.36 29941 48% 927 12% normal normal normal 
2018-12-23__15:44:56 yuxiaowei GNU/Linux 4.9.41-v7+ up_3_weeks,_1_day,_6_hours,_41_minutes 0.51 0.41 0.38 29941 48% 927 12% normal normal normal 
2018-12-23__15:45:56 yuxiaowei GNU/Linux 4.9.41-v7+ up_3_weeks,_1_day,_6_hours,_42_minutes 0.48 0.42 0.38 29941 48% 927 12% normal normal normal 
2018-12-23__15:46:56 yuxiaowei GNU/Linux 4.9.41-v7+ up_3_weeks,_1_day,_6_hours,_43_minutes 0.57 0.45 0.39 29941 48% 927 12% normal normal normal 
2018-12-23__15:47:56 yuxiaowei GNU/Linux 4.9.41-v7+ up_3_weeks,_1_day,_6_hours,_44_minutes 0.29 0.40 0.37 29941 48% 927 12% normal normal normal 
2018-12-23__15:48:57 yuxiaowei GNU/Linux 4.9.41-v7+ up_3_weeks,_1_day,_6_hours,_45_minutes 0.17 0.34 0.35 29941 48% 927 12% normal normal normal 
2018-12-23__15:49:57 yuxiaowei GNU/Linux 4.9.41-v7+ up_3_weeks,_1_day,_6_hours,_46_minutes 0.41 0.38 0.37 29941 48% 927 12% normal normal normal 
2018-12-23__15:50:57 yuxiaowei GNU/Linux 4.9.41-v7+ up_3_weeks,_1_day,_6_hours,_47_minutes 0.24 0.34 0.35 29941 48% 927 12% normal normal normal 
2018-12-23__15:51:57 yuxiaowei GNU/Linux 4.9.41-v7+ up_3_weeks,_1_day,_6_hours,_48_minutes 0.53 0.40 0.37 29941 48% 927 12% normal normal normal 
2018-12-23__15:52:57 yuxiaowei GNU/Linux 4.9.41-v7+ up_3_weeks,_1_day,_6_hours,_49_minutes 0.86 0.55 0.43 29941 48% 927 12% normal normal normal 
2018-12-23__15:53:57 yuxiaowei GNU/Linux 4.9.41-v7+ up_3_weeks,_1_day,_6_hours,_50_minutes 0.35 0.46 0.40 29941 48% 927 12% normal normal normal 
2018-12-23__15:54:57 yuxiaowei GNU/Linux 4.9.41-v7+ up_3_weeks,_1_day,_6_hours,_51_minutes 0.36 0.45 0.40 29941 48% 927 12% normal normal normal 
2018-12-23__15:57:21 yuxiaowei GNU/Linux 4.9.41-v7+ up_3_weeks,_1_day,_6_hours,_54_minutes 0.30 0.40 0.39 29941 48% 927 12% normal normal normal 
2018-12-23__15:58:21 yuxiaowei GNU/Linux 4.9.41-v7+ up_3_weeks,_1_day,_6_hours,_55_minutes 0.85 0.54 0.43 29941 48% 927 12% normal normal normal 
2018-12-23__15:59:21 yuxiaowei GNU/Linux 4.9.41-v7+ up_3_weeks,_1_day,_6_hours,_56_minutes 0.68 0.56 0.45 29941 48% 927 12% normal normal normal 
2018-12-23__16:00:22 yuxiaowei GNU/Linux 4.9.41-v7+ up_3_weeks,_1_day,_6_hours,_57_minutes 0.69 0.60 0.47 29941 48% 927 12% normal normal normal 
2018-12-23__16:01:22 yuxiaowei GNU/Linux 4.9.41-v7+ up_3_weeks,_1_day,_6_hours,_58_minutes 0.58 0.59 0.47 29941 48% 927 12% normal normal normal 
2018-12-23__16:02:22 yuxiaowei GNU/Linux 4.9.41-v7+ up_3_weeks,_1_day,_6_hours,_59_minutes 0.42 0.54 0.46 29941 48% 927 12% normal normal normal 
2018-12-23__16:03:22 yuxiaowei GNU/Linux 4.9.41-v7+ up_3_weeks,_1_day,_7_hours 0.20 0.45 0.43 29941 48% 927 13% normal normal normal 
2018-12-23__16:04:22 yuxiaowei GNU/Linux 4.9.41-v7+ up_3_weeks,_1_day,_7_hours,_1_minute 0.22 0.41 0.42 29941 48% 927 11% normal normal normal 
2018-12-23__16:05:22 yuxiaowei GNU/Linux 4.9.41-v7+ up_3_weeks,_1_day,_7_hours,_2_minutes 0.23 0.38 0.41 29941 48% 927 11% normal normal normal 
2018-12-23__16:06:22 yuxiaowei GNU/Linux 4.9.41-v7+ up_3_weeks,_1_day,_7_hours,_3_minutes 0.12 0.32 0.39 29941 48% 927 11% normal normal normal 
2018-12-23__16:07:22 yuxiaowei GNU/Linux 4.9.41-v7+ up_3_weeks,_1_day,_7_hours,_4_minutes 0.15 0.29 0.37 29941 48% 927 11% normal normal normal 
2018-12-23__16:08:22 yuxiaowei GNU/Linux 4.9.41-v7+ up_3_weeks,_1_day,_7_hours,_5_minutes 0.68 0.41 0.40 29941 48% 927 11% normal normal normal 
2018-12-23__16:09:23 yuxiaowei GNU/Linux 4.9.41-v7+ up_3_weeks,_1_day,_7_hours,_6_minutes 0.59 0.42 0.41 29941 48% 927 11% normal normal normal 
2018-12-23__16:10:23 yuxiaowei GNU/Linux 4.9.41-v7+ up_3_weeks,_1_day,_7_hours,_7_minutes 0.56 0.43 0.41 29941 48% 927 11% normal normal normal 
2018-12-23__16:11:23 yuxiaowei GNU/Linux 4.9.41-v7+ up_3_weeks,_1_day,_7_hours,_8_minutes 0.38 0.39 0.39 29941 48% 927 11% normal normal normal 
2018-12-23__16:12:23 yuxiaowei GNU/Linux 4.9.41-v7+ up_3_weeks,_1_day,_7_hours,_9_minutes 0.48 0.41 0.40 29941 48% 927 11% normal normal normal 
2018-12-23__16:13:23 yuxiaowei GNU/Linux 4.9.41-v7+ up_3_weeks,_1_day,_7_hours,_10_minutes 0.35 0.39 0.39 29941 48% 927 11% normal normal normal 
2018-12-23__16:14:23 yuxiaowei GNU/Linux 4.9.41-v7+ up_3_weeks,_1_day,_7_hours,_11_minutes 0.44 0.40 0.39 29941 48% 927 11% normal normal normal 
2018-12-23__16:15:23 yuxiaowei GNU/Linux 4.9.41-v7+ up_3_weeks,_1_day,_7_hours,_12_minutes 0.22 0.34 0.37 29941 48% 927 11% normal normal normal 
2018-12-23__16:16:23 yuxiaowei GNU/Linux 4.9.41-v7+ up_3_weeks,_1_day,_7_hours,_13_minutes 0.12 0.29 0.35 29941 48% 927 11% normal normal normal 
2018-12-23__16:17:24 yuxiaowei GNU/Linux 4.9.41-v7+ up_3_weeks,_1_day,_7_hours,_14_minutes 0.61 0.37 0.37 29941 48% 927 11% normal normal normal 
2018-12-23__16:18:24 yuxiaowei GNU/Linux 4.9.41-v7+ up_3_weeks,_1_day,_7_hours,_15_minutes 0.28 0.31 0.35 29941 48% 927 11% normal normal normal 
2018-12-23__16:19:24 yuxiaowei GNU/Linux 4.9.41-v7+ up_3_weeks,_1_day,_7_hours,_16_minutes 0.75 0.46 0.40 29941 48% 927 11% normal normal normal 
2018-12-23__16:20:24 yuxiaowei GNU/Linux 4.9.41-v7+ up_3_weeks,_1_day,_7_hours,_17_minutes 0.59 0.45 0.40 29941 48% 927 11% normal normal normal 
2018-12-23__16:21:24 yuxiaowei GNU/Linux 4.9.41-v7+ up_3_weeks,_1_day,_7_hours,_18_minutes 0.45 0.45 0.40 29941 48% 927 11% normal normal normal 
2018-12-23__16:22:24 yuxiaowei GNU/Linux 4.9.41-v7+ up_3_weeks,_1_day,_7_hours,_19_minutes 0.49 0.44 0.40 29941 48% 927 11% normal normal normal 
2018-12-23__16:23:24 yuxiaowei GNU/Linux 4.9.41-v7+ up_3_weeks,_1_day,_7_hours,_20_minutes 0.39 0.42 0.39 29941 48% 927 11% normal normal normal 
2018-12-23__16:24:24 yuxiaowei GNU/Linux 4.9.41-v7+ up_3_weeks,_1_day,_7_hours,_21_minutes 0.59 0.47 0.41 29941 48% 927 11% normal normal normal 
2018-12-23__16:25:24 yuxiaowei GNU/Linux 4.9.41-v7+ up_3_weeks,_1_day,_7_hours,_22_minutes 0.26 0.40 0.39 29941 48% 927 11% normal normal normal 
2018-12-23__16:26:24 yuxiaowei GNU/Linux 4.9.41-v7+ up_3_weeks,_1_day,_7_hours,_23_minutes 0.28 0.38 0.38 29941 48% 927 11% normal normal normal 
2018-12-23__16:27:25 yuxiaowei GNU/Linux 4.9.41-v7+ up_3_weeks,_1_day,_7_hours,_24_minutes 0.14 0.32 0.36 29941 48% 927 11% normal normal normal 
2018-12-23__16:28:25 yuxiaowei GNU/Linux 4.9.41-v7+ up_3_weeks,_1_day,_7_hours,_25_minutes 0.58 0.44 0.39 29941 48% 927 11% normal normal normal 
2018-12-23__16:29:25 yuxiaowei GNU/Linux 4.9.41-v7+ up_3_weeks,_1_day,_7_hours,_26_minutes 0.43 0.44 0.40 29941 48% 927 11% normal normal normal 
2018-12-23__16:30:25 yuxiaowei GNU/Linux 4.9.41-v7+ up_3_weeks,_1_day,_7_hours,_27_minutes 0.23 0.39 0.38 29941 48% 927 11% normal normal normal 
2018-12-23__16:31:25 yuxiaowei GNU/Linux 4.9.41-v7+ up_3_weeks,_1_day,_7_hours,_28_minutes 0.53 0.49 0.42 29941 48% 927 11% normal normal normal 
2018-12-23__16:32:25 yuxiaowei GNU/Linux 4.9.41-v7+ up_3_weeks,_1_day,_7_hours,_29_minutes 0.49 0.49 0.42 29941 48% 927 11% normal normal normal 
2018-12-23__16:33:25 yuxiaowei GNU/Linux 4.9.41-v7+ up_3_weeks,_1_day,_7_hours,_30_minutes 0.47 0.50 0.43 29941 48% 927 11% normal normal normal 
2018-12-23__16:34:25 yuxiaowei GNU/Linux 4.9.41-v7+ up_3_weeks,_1_day,_7_hours,_31_minutes 0.68 0.56 0.46 29941 48% 927 11% normal normal normal 
2018-12-23__16:35:26 yuxiaowei GNU/Linux 4.9.41-v7+ up_3_weeks,_1_day,_7_hours,_32_minutes 0.78 0.62 0.48 29941 48% 927 11% normal normal normal 
2018-12-23__16:36:26 yuxiaowei GNU/Linux 4.9.41-v7+ up_3_weeks,_1_day,_7_hours,_33_minutes 0.60 0.61 0.49 29941 48% 927 11% normal normal normal 
2018-12-23__16:37:26 yuxiaowei GNU/Linux 4.9.41-v7+ up_3_weeks,_1_day,_7_hours,_34_minutes 0.51 0.59 0.49 29941 48% 927 11% normal normal normal 
2018-12-23__16:38:26 yuxiaowei GNU/Linux 4.9.41-v7+ up_3_weeks,_1_day,_7_hours,_35_minutes 0.31 0.52 0.47 29941 48% 927 11% normal normal normal 
2018-12-23__16:39:26 yuxiaowei GNU/Linux 4.9.41-v7+ up_3_weeks,_1_day,_7_hours,_36_minutes 0.31 0.49 0.45 29941 48% 927 11% normal normal normal 
2018-12-23__16:40:26 yuxiaowei GNU/Linux 4.9.41-v7+ up_3_weeks,_1_day,_7_hours,_37_minutes 0.23 0.44 0.44 29941 48% 927 11% normal normal normal 
2018-12-23__16:41:26 yuxiaowei GNU/Linux 4.9.41-v7+ up_3_weeks,_1_day,_7_hours,_38_minutes 0.74 0.55 0.48 29941 48% 927 11% normal normal normal 
2018-12-23__16:42:26 yuxiaowei GNU/Linux 4.9.41-v7+ up_3_weeks,_1_day,_7_hours,_39_minutes 0.51 0.53 0.47 29941 48% 927 11% normal normal normal 
2018-12-23__16:43:26 yuxiaowei GNU/Linux 4.9.41-v7+ up_3_weeks,_1_day,_7_hours,_40_minutes 0.72 0.57 0.49 29941 48% 927 11% normal normal normal 
2018-12-23__16:44:26 yuxiaowei GNU/Linux 4.9.41-v7+ up_3_weeks,_1_day,_7_hours,_41_minutes 1.00 0.69 0.54 29941 48% 927 11% normal normal normal 
2018-12-23__16:45:27 yuxiaowei GNU/Linux 4.9.41-v7+ up_3_weeks,_1_day,_7_hours,_42_minutes 0.67 0.67 0.54 29941 48% 927 11% normal normal normal 
2018-12-23__16:46:27 yuxiaowei GNU/Linux 4.9.41-v7+ up_3_weeks,_1_day,_7_hours,_43_minutes 0.45 0.62 0.53 29941 48% 927 11% normal normal normal 
2018-12-23__16:47:27 yuxiaowei GNU/Linux 4.9.41-v7+ up_3_weeks,_1_day,_7_hours,_44_minutes 0.56 0.62 0.54 29941 48% 927 11% normal normal normal 
2018-12-23__16:48:27 yuxiaowei GNU/Linux 4.9.41-v7+ up_3_weeks,_1_day,_7_hours,_45_minutes 0.36 0.57 0.53 29941 48% 927 11% normal normal normal 
2018-12-23__16:49:54 yuxiaowei GNU/Linux 4.13.0-45-generic up_1_day,_8_hours 1.67 1.54 1.62 95426 12% 3805 43% normal normal normal 
2018-12-23__16:50:27 yuxiaowei GNU/Linux 4.9.41-v7+ up_3_weeks,_1_day,_7_hours,_47_minutes 0.76 0.57 0.53 29941 48% 927 11% normal normal normal 
2018-12-23__16:51:27 yuxiaowei GNU/Linux 4.9.41-v7+ up_3_weeks,_1_day,_7_hours,_48_minutes 0.38 0.51 0.51 29941 48% 927 11% normal normal normal 
2018-12-23__16:52:27 yuxiaowei GNU/Linux 4.9.41-v7+ up_3_weeks,_1_day,_7_hours,_49_minutes 0.17 0.43 0.48 29941 48% 927 11% normal normal normal 
2018-12-23__16:53:28 yuxiaowei GNU/Linux 4.9.41-v7+ up_3_weeks,_1_day,_7_hours,_50_minutes 0.22 0.41 0.47 29941 48% 927 11% normal normal normal 
2018-12-23__16:54:28 yuxiaowei GNU/Linux 4.9.41-v7+ up_3_weeks,_1_day,_7_hours,_51_minutes 0.26 0.40 0.46 29941 48% 927 11% normal normal normal 
2018-12-23__16:55:28 yuxiaowei GNU/Linux 4.9.41-v7+ up_3_weeks,_1_day,_7_hours,_52_minutes 0.36 0.40 0.46 29941 48% 927 11% normal normal normal 
2018-12-23__16:56:28 yuxiaowei GNU/Linux 4.9.41-v7+ up_3_weeks,_1_day,_7_hours,_53_minutes 0.38 0.40 0.45 29941 48% 927 11% normal normal normal 
2018-12-23__16:57:28 yuxiaowei GNU/Linux 4.9.41-v7+ up_3_weeks,_1_day,_7_hours,_54_minutes 0.28 0.37 0.44 29941 48% 927 11% normal normal normal 
2018-12-23__16:58:28 yuxiaowei GNU/Linux 4.9.41-v7+ up_3_weeks,_1_day,_7_hours,_55_minutes 0.37 0.38 0.44 29941 48% 927 11% normal normal normal 
2018-12-23__16:59:28 yuxiaowei GNU/Linux 4.9.41-v7+ up_3_weeks,_1_day,_7_hours,_56_minutes 0.40 0.40 0.44 29941 48% 927 11% normal normal normal 
2018-12-23__16:59:22 yuxiaowei GNU/Linux 4.13.0-45-generic up_1_day,_8_hours,_10_minutes 1.51 1.54 1.64 95426 12% 3805 38% normal normal normal 
2018-12-23__17:38:05 yuxiaowei GNU/Linux 4.13.0-45-generic up_1_day,_8_hours,_48_minutes 3.80 3.96 3.46 95426 12% 3805 43% normal normal normal 
2018-12-23__17:39:05 yuxiaowei GNU/Linux 4.13.0-45-generic up_1_day,_8_hours,_49_minutes 3.68 3.92 3.47 95426 12% 3805 43% normal normal normal 
2018-12-23__17:42:37 yuxiaowei GNU/Linux 4.9.41-v7+ up_3_weeks,_1_day,_8_hours,_39_minutes 0.35 0.34 0.39 29941 48% 927 11% normal normal normal 
2018-12-23__17:43:37 yuxiaowei GNU/Linux 4.9.41-v7+ up_3_weeks,_1_day,_8_hours,_40_minutes 0.32 0.33 0.38 29941 48% 927 11% normal normal normal 
2018-12-23__17:44:37 yuxiaowei GNU/Linux 4.9.41-v7+ up_3_weeks,_1_day,_8_hours,_41_minutes 1.38 0.69 0.50 29941 48% 927 11% normal normal normal 
2018-12-23__17:45:37 yuxiaowei GNU/Linux 4.9.41-v7+ up_3_weeks,_1_day,_8_hours,_42_minutes 1.10 0.72 0.53 29941 48% 927 11% normal normal normal 
2018-12-23__17:46:37 yuxiaowei GNU/Linux 4.9.41-v7+ up_3_weeks,_1_day,_8_hours,_43_minutes 1.39 0.91 0.61 29941 48% 927 11% normal normal normal 
2018-12-23__17:47:37 yuxiaowei GNU/Linux 4.9.41-v7+ up_3_weeks,_1_day,_8_hours,_44_minutes 1.46 1.03 0.67 29941 48% 927 11% normal normal normal 
2018-12-23__17:48:37 yuxiaowei GNU/Linux 4.9.41-v7+ up_3_weeks,_1_day,_8_hours,_45_minutes 1.60 1.17 0.75 29941 48% 927 11% normal normal normal 
2018-12-23__17:49:37 yuxiaowei GNU/Linux 4.9.41-v7+ up_3_weeks,_1_day,_8_hours,_46_minutes 1.77 1.34 0.84 29941 48% 927 11% normal normal normal 
2018-12-23__17:50:37 yuxiaowei GNU/Linux 4.9.41-v7+ up_3_weeks,_1_day,_8_hours,_47_minutes 1.45 1.32 0.86 29941 48% 927 11% normal normal normal 
2018-12-23__17:51:37 yuxiaowei GNU/Linux 4.9.41-v7+ up_3_weeks,_1_day,_8_hours,_48_minutes 1.12 1.27 0.88 29941 48% 927 11% normal normal normal 
2018-12-23__17:52:38 yuxiaowei GNU/Linux 4.9.41-v7+ up_3_weeks,_1_day,_8_hours,_49_minutes 0.68 1.11 0.85 29941 48% 927 11% normal normal normal 
2018-12-23__17:53:38 yuxiaowei GNU/Linux 4.9.41-v7+ up_3_weeks,_1_day,_8_hours,_50_minutes 0.51 0.98 0.82 29941 48% 927 11% normal normal normal 
2018-12-23__17:54:38 yuxiaowei GNU/Linux 4.9.41-v7+ up_3_weeks,_1_day,_8_hours,_51_minutes 0.19 0.80 0.77 29941 48% 927 11% normal normal normal 
2018-12-23__17:55:38 yuxiaowei GNU/Linux 4.9.41-v7+ up_3_weeks,_1_day,_8_hours,_52_minutes 0.71 0.83 0.77 29941 48% 927 11% normal normal normal 
2018-12-23__17:56:38 yuxiaowei GNU/Linux 4.9.41-v7+ up_3_weeks,_1_day,_8_hours,_53_minutes 0.54 0.75 0.75 29941 48% 927 11% normal normal normal 
2018-12-23__17:57:38 yuxiaowei GNU/Linux 4.9.41-v7+ up_3_weeks,_1_day,_8_hours,_54_minutes 0.33 0.66 0.72 29941 48% 927 11% normal normal normal 
2018-12-23__17:58:39 yuxiaowei GNU/Linux 4.9.41-v7+ up_3_weeks,_1_day,_8_hours,_55_minutes 0.26 0.57 0.68 29941 48% 927 11% normal normal normal 
2018-12-23__17:59:39 yuxiaowei GNU/Linux 4.9.41-v7+ up_3_weeks,_1_day,_8_hours,_56_minutes 0.88 0.69 0.72 29941 48% 927 11% normal normal normal 
2018-12-23__18:00:39 yuxiaowei GNU/Linux 4.9.41-v7+ up_3_weeks,_1_day,_8_hours,_57_minutes 0.46 0.61 0.69 29941 48% 927 11% normal normal normal 
2018-12-23__18:01:39 yuxiaowei GNU/Linux 4.9.41-v7+ up_3_weeks,_1_day,_8_hours,_58_minutes 0.61 0.62 0.68 29941 48% 927 11% normal normal normal 
2018-12-23__18:02:39 yuxiaowei GNU/Linux 4.9.41-v7+ up_3_weeks,_1_day,_8_hours,_59_minutes 0.50 0.58 0.67 29941 48% 927 11% normal normal normal 
2018-12-23__18:03:39 yuxiaowei GNU/Linux 4.9.41-v7+ up_3_weeks,_1_day,_9_hours 0.37 0.52 0.64 29941 48% 927 11% normal normal normal 
2018-12-23__18:04:39 yuxiaowei GNU/Linux 4.9.41-v7+ up_3_weeks,_1_day,_9_hours,_1_minute 0.29 0.47 0.61 29941 48% 927 11% normal normal normal 
2018-12-23__18:05:40 yuxiaowei GNU/Linux 4.9.41-v7+ up_3_weeks,_1_day,_9_hours,_2_minutes 0.25 0.44 0.59 29941 48% 927 11% normal normal normal 
2018-12-23__18:06:40 yuxiaowei GNU/Linux 4.9.41-v7+ up_3_weeks,_1_day,_9_hours,_3_minutes 0.16 0.39 0.57 29941 48% 927 11% normal normal normal 
2018-12-23__18:07:40 yuxiaowei GNU/Linux 4.9.41-v7+ up_3_weeks,_1_day,_9_hours,_4_minutes 0.44 0.42 0.56 29941 48% 927 11% normal normal normal 
2018-12-23__18:08:40 yuxiaowei GNU/Linux 4.9.41-v7+ up_3_weeks,_1_day,_9_hours,_5_minutes 0.69 0.54 0.60 29941 48% 927 11% normal normal normal 
2018-12-23__18:09:40 yuxiaowei GNU/Linux 4.9.41-v7+ up_3_weeks,_1_day,_9_hours,_6_minutes 0.37 0.47 0.57 29941 48% 927 11% normal normal normal 
2018-12-23__18:10:40 yuxiaowei GNU/Linux 4.9.41-v7+ up_3_weeks,_1_day,_9_hours,_7_minutes 0.44 0.48 0.56 29941 48% 927 11% normal normal normal 
2018-12-23__18:11:40 yuxiaowei GNU/Linux 4.9.41-v7+ up_3_weeks,_1_day,_9_hours,_8_minutes 0.45 0.48 0.56 29941 48% 927 11% normal normal normal 
2018-12-23__18:12:40 yuxiaowei GNU/Linux 4.9.41-v7+ up_3_weeks,_1_day,_9_hours,_9_minutes 0.49 0.47 0.55 29941 48% 927 11% normal normal normal 
2018-12-23__18:13:41 yuxiaowei GNU/Linux 4.9.41-v7+ up_3_weeks,_1_day,_9_hours,_10_minutes 0.35 0.43 0.53 29941 48% 927 11% normal normal normal 
2018-12-23__18:14:41 yuxiaowei GNU/Linux 4.9.41-v7+ up_3_weeks,_1_day,_9_hours,_11_minutes 0.64 0.48 0.54 29941 48% 927 11% normal normal normal 
2018-12-23__18:15:41 yuxiaowei GNU/Linux 4.9.41-v7+ up_3_weeks,_1_day,_9_hours,_12_minutes 0.57 0.48 0.54 29941 48% 927 11% normal normal normal 
2018-12-23__18:16:41 yuxiaowei GNU/Linux 4.9.41-v7+ up_3_weeks,_1_day,_9_hours,_13_minutes 0.27 0.41 0.51 29941 48% 927 12% normal normal normal 
2018-12-23__18:17:41 yuxiaowei GNU/Linux 4.9.41-v7+ up_3_weeks,_1_day,_9_hours,_14_minutes 0.29 0.39 0.49 29941 48% 927 12% normal normal normal 
2018-12-23__18:18:41 yuxiaowei GNU/Linux 4.9.41-v7+ up_3_weeks,_1_day,_9_hours,_15_minutes 0.67 0.51 0.53 29941 48% 927 11% normal normal normal 
2018-12-23__18:19:41 yuxiaowei GNU/Linux 4.9.41-v7+ up_3_weeks,_1_day,_9_hours,_16_minutes 0.50 0.49 0.52 29941 48% 927 11% normal normal normal 
2018-12-23__18:20:41 yuxiaowei GNU/Linux 4.9.41-v7+ up_3_weeks,_1_day,_9_hours,_17_minutes 0.50 0.49 0.52 29941 48% 927 12% normal normal normal 
2018-12-23__18:21:41 yuxiaowei GNU/Linux 4.9.41-v7+ up_3_weeks,_1_day,_9_hours,_18_minutes 0.62 0.51 0.53 29941 48% 927 11% normal normal normal 
2018-12-23__18:22:41 yuxiaowei GNU/Linux 4.9.41-v7+ up_3_weeks,_1_day,_9_hours,_19_minutes 0.40 0.46 0.51 29941 48% 927 12% normal normal normal 
2018-12-23__18:23:42 yuxiaowei GNU/Linux 4.9.41-v7+ up_3_weeks,_1_day,_9_hours,_20_minutes 0.29 0.41 0.49 29941 48% 927 11% normal normal normal 
2018-12-23__18:24:42 yuxiaowei GNU/Linux 4.9.41-v7+ up_3_weeks,_1_day,_9_hours,_21_minutes 0.56 0.46 0.50 29941 48% 927 11% normal normal normal 
2018-12-23__16:59:22 yuxiaowei GNU/Linux 4.13.0-45-generic up_1_day,_8_hours,_10_minutes 1.51 1.54 1.64 95426 12% 3805 38% normal normal normal 
2018-12-23__17:38:05 yuxiaowei GNU/Linux 4.13.0-45-generic up_1_day,_8_hours,_48_minutes 3.80 3.96 3.46 95426 12% 3805 43% normal normal normal 
2018-12-23__17:39:05 yuxiaowei GNU/Linux 4.13.0-45-generic up_1_day,_8_hours,_49_minutes 3.68 3.92 3.47 95426 12% 3805 43% normal normal normal 
2018-12-23__18:26:34 yuxiaowei GNU/Linux 4.9.41-v7+ up_3_weeks,_1_day,_9_hours,_23_minutes 0.24 0.37 0.46 29941 48% 927 11% normal normal normal 
2018-12-23__18:27:34 yuxiaowei GNU/Linux 4.9.41-v7+ up_3_weeks,_1_day,_9_hours,_24_minutes 0.42 0.41 0.46 29941 48% 927 11% normal normal normal 
2018-12-23__18:28:35 yuxiaowei GNU/Linux 4.9.41-v7+ up_3_weeks,_1_day,_9_hours,_25_minutes 0.51 0.41 0.46 29941 48% 927 11% normal normal normal 
2018-12-23__18:29:35 yuxiaowei GNU/Linux 4.9.41-v7+ up_3_weeks,_1_day,_9_hours,_26_minutes 0.29 0.36 0.44 29941 48% 927 11% normal normal normal 
2018-12-23__18:30:35 yuxiaowei GNU/Linux 4.9.41-v7+ up_3_weeks,_1_day,_9_hours,_27_minutes 0.20 0.33 0.42 29941 48% 927 11% normal normal normal 
2018-12-23__18:31:35 yuxiaowei GNU/Linux 4.9.41-v7+ up_3_weeks,_1_day,_9_hours,_28_minutes 0.48 0.39 0.44 29941 48% 927 11% normal normal normal 
2018-12-23__18:32:35 yuxiaowei GNU/Linux 4.9.41-v7+ up_3_weeks,_1_day,_9_hours,_29_minutes 0.32 0.35 0.42 29941 48% 927 11% normal normal normal 
2018-12-23__18:33:35 yuxiaowei GNU/Linux 4.9.41-v7+ up_3_weeks,_1_day,_9_hours,_30_minutes 0.38 0.35 0.41 29941 48% 927 11% normal normal normal 
2018-12-23__18:34:35 yuxiaowei GNU/Linux 4.9.41-v7+ up_3_weeks,_1_day,_9_hours,_31_minutes 0.27 0.31 0.39 29941 48% 927 11% normal normal normal 
2018-12-23__18:35:35 yuxiaowei GNU/Linux 4.9.41-v7+ up_3_weeks,_1_day,_9_hours,_32_minutes 0.33 0.34 0.40 29941 48% 927 11% normal normal normal 
2018-12-23__18:36:35 yuxiaowei GNU/Linux 4.9.41-v7+ up_3_weeks,_1_day,_9_hours,_33_minutes 0.27 0.31 0.38 29941 48% 927 11% normal normal normal 
2018-12-23__18:37:36 yuxiaowei GNU/Linux 4.9.41-v7+ up_3_weeks,_1_day,_9_hours,_34_minutes 0.27 0.30 0.37 29941 48% 927 11% normal normal normal 
2018-12-23__18:38:36 yuxiaowei GNU/Linux 4.9.41-v7+ up_3_weeks,_1_day,_9_hours,_35_minutes 0.29 0.30 0.36 29941 48% 927 11% normal normal normal 
2018-12-23__18:39:36 yuxiaowei GNU/Linux 4.9.41-v7+ up_3_weeks,_1_day,_9_hours,_36_minutes 0.15 0.26 0.34 29941 48% 927 11% normal normal normal 
2018-12-23__18:40:36 yuxiaowei GNU/Linux 4.9.41-v7+ up_3_weeks,_1_day,_9_hours,_37_minutes 0.16 0.24 0.33 29941 48% 927 11% normal normal normal 
2018-12-23__18:41:36 yuxiaowei GNU/Linux 4.9.41-v7+ up_3_weeks,_1_day,_9_hours,_38_minutes 0.34 0.27 0.34 29941 48% 927 11% normal normal normal 
2018-12-23__18:42:36 yuxiaowei GNU/Linux 4.9.41-v7+ up_3_weeks,_1_day,_9_hours,_39_minutes 0.39 0.32 0.35 29941 48% 927 11% normal normal normal 
2018-12-23__18:43:36 yuxiaowei GNU/Linux 4.9.41-v7+ up_3_weeks,_1_day,_9_hours,_40_minutes 0.27 0.31 0.35 29941 48% 927 11% normal normal normal 
2018-12-23__18:44:36 yuxiaowei GNU/Linux 4.9.41-v7+ up_3_weeks,_1_day,_9_hours,_41_minutes 0.46 0.34 0.36 29941 48% 927 11% normal normal normal 
2018-12-23__18:45:36 yuxiaowei GNU/Linux 4.9.41-v7+ up_3_weeks,_1_day,_9_hours,_42_minutes 0.67 0.41 0.38 29941 48% 927 11% normal normal normal 
2018-12-23__18:46:37 yuxiaowei GNU/Linux 4.9.41-v7+ up_3_weeks,_1_day,_9_hours,_43_minutes 0.50 0.39 0.37 29941 48% 927 11% normal normal normal 
2018-12-23__18:47:37 yuxiaowei GNU/Linux 4.9.41-v7+ up_3_weeks,_1_day,_9_hours,_44_minutes 0.69 0.45 0.39 29941 48% 927 11% normal normal normal 
2018-12-23__18:48:37 yuxiaowei GNU/Linux 4.9.41-v7+ up_3_weeks,_1_day,_9_hours,_45_minutes 0.48 0.41 0.38 29941 48% 927 11% normal normal normal 
2018-12-23__18:49:55 yuxiaowei GNU/Linux 4.9.41-v7+ up_3_weeks,_1_day,_9_hours,_46_minutes 0.38 0.41 0.38 29941 48% 927 11% normal normal normal 
2018-12-23__18:50:56 yuxiaowei GNU/Linux 4.9.41-v7+ up_3_weeks,_1_day,_9_hours,_47_minutes 0.26 0.37 0.36 29941 48% 927 11% normal normal normal 
2018-12-23__18:51:56 yuxiaowei GNU/Linux 4.9.41-v7+ up_3_weeks,_1_day,_9_hours,_48_minutes 0.21 0.34 0.35 29941 48% 927 11% normal normal normal 
2018-12-23__18:52:56 yuxiaowei GNU/Linux 4.9.41-v7+ up_3_weeks,_1_day,_9_hours,_49_minutes 0.21 0.32 0.35 29941 48% 927 11% normal normal normal 
2018-12-23__18:53:56 yuxiaowei GNU/Linux 4.9.41-v7+ up_3_weeks,_1_day,_9_hours,_50_minutes 0.82 0.44 0.39 29941 48% 927 11% normal normal normal 
