2018-12-22__19:10:33 0.52 18.00 31.00°C normal
2018-12-22__19:10:42 0.52 8.00 31.00°C normal
2018-12-22__19:10:48 0.53 6.00 31.00°C normal
2018-12-22__19:10:53 0.52 10.00 31.00°C normal
2018-12-22__19:10:59 0.54 8.00 31.00°C normal
2018-12-22__19:11:04 0.54 12.00 31.00°C normal
2018-12-22__19:18:37 0.70 0.48 0.46 100.00 50.00°C warning
2018-12-22__19:18:44 2.22 0.82 0.57 100.00 50.00°C warning
2018-12-22__19:18:50 2.04 0.81 0.57 100.00 50.00°C warning
2018-12-22__19:18:56 1.87 0.80 0.57 98.00 51.00°C warning
2018-12-22__19:19:02 1.72 0.78 0.56 91.00 51.00°C warning
2018-12-22__19:19:08 1.59 0.77 0.56 79.00 51.00°C warning
2018-12-22__19:19:14 1.46 0.76 0.56 73.00 50.00°C warning
2018-12-22__19:19:19 2.04 0.91 0.61 64.00 51.00°C note
2018-12-22__19:19:25 1.88 0.90 0.60 76.00 51.00°C warning
2018-12-22__19:19:31 1.73 0.88 0.60 97.00 51.00°C warning
2018-12-22__19:19:37 1.59 0.87 0.60 97.00 52.00°C warning
2018-12-22__19:19:42 1.46 0.85 0.59 92.00 52.00°C warning
2018-12-22__19:19:48 1.35 0.84 0.59 92.00 52.00°C warning
2018-12-22__19:19:54 1.99 0.99 0.64 99.00 52.00°C warning
2018-12-22__19:20:00 1.83 0.97 0.64 87.00 51.00°C warning
2018-12-22__19:20:05 1.92 1.01 0.65 77.00 51.00°C warning
2018-12-22__19:20:11 1.77 0.99 0.65 88.00 51.00°C warning
2018-12-22__19:20:17 1.63 0.97 0.64 44.00 50.00°C normal
2018-12-22__19:20:23 1.66 0.99 0.65 47.00 50.00°C normal
2018-12-22__19:20:28 1.52 0.97 0.65 53.00 50.00°C note
2018-12-22__19:20:34 1.56 0.99 0.66 42.00 51.00°C normal
2018-12-22__19:20:40 1.69 1.04 0.68 99.00 52.00°C warning
2018-12-22__19:20:46 1.80 1.07 0.69 42.00 51.00°C normal
2018-12-22__19:20:55 1.81 1.10 0.70 45.00 51.00°C normal
2018-12-22__19:21:00 1.67 1.08 0.70 62.00 51.00°C note
2018-12-22__19:21:06 1.86 1.13 0.72 55.00 51.00°C note
2018-12-22__19:21:12 1.71 1.11 0.71 47.00 51.00°C normal
2018-12-22__19:21:17 1.57 1.10 0.71 62.00 51.00°C note
2018-12-22__19:21:23 1.44 1.08 0.70 57.00 52.00°C note
2018-12-22__19:21:29 1.33 1.06 0.70 59.00 51.00°C note
2018-12-22__19:21:34 1.57 1.12 0.72 52.00 51.00°C note
2018-12-22__19:21:40 1.44 1.10 0.72 82.00 52.00°C warning
2018-12-22__19:21:46 1.32 1.08 0.72 43.00 52.00°C normal
2018-12-22__19:21:52 1.22 1.07 0.71 45.00 51.00°C normal
2018-12-22__19:21:57 1.12 1.05 0.71 44.00 51.00°C normal
2018-12-22__19:22:03 1.11 1.05 0.71 49.00 51.00°C normal
2018-12-22__19:22:09 1.02 1.03 0.71 52.00 51.00°C note
2018-12-22__19:22:14 1.73 1.18 0.76 47.00 51.00°C normal
2018-12-22__19:22:20 1.59 1.16 0.76 56.00 51.00°C note
2018-12-22__19:22:26 1.47 1.14 0.75 60.00 51.00°C note
2018-12-22__19:22:31 1.51 1.15 0.76 57.00 51.00°C note
2018-12-22__19:22:37 1.39 1.13 0.75 61.00 51.00°C note
2018-12-22__19:22:43 1.28 1.12 0.75 64.00 53.00°C note
2018-12-22__19:22:48 1.49 1.16 0.77 56.00 52.00°C note
2018-12-22__19:22:58 1.50 1.17 0.77 57.00 51.00°C note
2018-12-22__19:23:04 1.38 1.16 0.77 53.00 51.00°C note
2018-12-22__19:23:09 1.31 1.15 0.77 56.00 51.00°C note
2018-12-22__19:23:15 2.17 1.33 0.83 63.00 52.00°C note
2018-12-22__19:23:21 2.00 1.31 0.83 45.00 50.00°C normal
2018-12-22__19:23:26 1.84 1.29 0.82 64.00 51.00°C note
2018-12-22__19:23:32 1.85 1.30 0.83 42.00 51.00°C normal
2018-12-22__19:23:38 1.78 1.29 0.83 40.00 51.00°C normal
2018-12-22__19:23:43 1.72 1.29 0.83 43.00 53.00°C normal
2018-12-22__19:23:49 1.58 1.27 0.83 46.00 52.00°C normal
2018-12-22__19:23:55 1.72 1.31 0.85 51.00 51.00°C note
2018-12-22__19:24:01 1.59 1.29 0.84 54.00 51.00°C note
2018-12-22__19:24:06 1.46 1.26 0.84 40.00 52.00°C normal
2018-12-22__19:24:12 1.42 1.26 0.84 46.00 51.00°C normal
2018-12-22__19:24:18 1.31 1.24 0.83 41.00 51.00°C normal
2018-12-22__19:24:23 1.20 1.22 0.83 46.00 51.00°C normal
2018-12-22__19:24:29 1.11 1.20 0.82 45.00 52.00°C normal
2018-12-22__19:24:35 1.08 1.19 0.82 48.00 51.00°C normal
2018-12-22__19:24:40 1.16 1.20 0.83 55.00 52.00°C note
2018-12-22__19:24:46 1.06 1.18 0.82 48.00 53.00°C normal
2018-12-22__19:24:52 0.98 1.16 0.82 63.00 52.00°C note
2018-12-22__19:25:01 1.05 1.17 0.83 73.00 52.00°C warning
2018-12-22__19:25:07 0.96 1.15 0.82 50.00 51.00°C note
2018-12-22__19:25:13 0.89 1.14 0.82 57.00 52.00°C note
2018-12-22__19:25:18 0.82 1.12 0.81 45.00 51.00°C normal
2018-12-22__19:25:24 0.75 1.10 0.81 45.00 51.00°C normal
2018-12-22__19:25:30 0.86 1.11 0.82 43.00 51.00°C normal
2018-12-22__19:25:35 0.87 1.11 0.82 49.00 51.00°C normal
2018-12-22__19:25:41 0.80 1.09 0.81 52.00 51.00°C note
2018-12-22__19:25:47 2.50 1.44 0.93 50.00 53.00°C note
2018-12-22__19:25:53 2.30 1.41 0.92 51.00 52.00°C note
2018-12-22__19:26:02 2.24 1.43 0.93 96.00 53.00°C warning
2018-12-22__19:26:08 2.14 1.42 0.93 97.00 52.00°C warning
2018-12-22__19:26:14 1.97 1.40 0.93 85.00 52.00°C warning
2018-12-22__19:26:20 1.81 1.38 0.92 80.00 52.00°C warning
2018-12-22__19:26:25 2.49 1.54 0.98 96.00 53.00°C warning
2018-12-22__19:26:31 2.85 1.63 1.01 80.00 53.00°C warning
2018-12-22__19:26:37 2.62 1.61 1.01 79.00 52.00°C warning
2018-12-22__19:26:42 2.41 1.58 1.00 97.00 52.00°C warning
2018-12-22__19:26:48 2.22 1.55 1.00 77.00 53.00°C warning
2018-12-22__19:26:54 2.04 1.53 0.99 65.00 53.00°C note
2018-12-22__19:27:00 1.96 1.53 1.00 70.00 52.00°C warning
2018-12-22__19:27:05 1.80 1.50 0.99 69.00 52.00°C note
2018-12-22__19:27:11 1.66 1.48 0.99 51.00 50.00°C note
2018-12-22__19:27:17 2.09 1.57 1.02 68.00 52.00°C note
2018-12-22__19:27:22 1.92 1.54 1.01 54.00 51.00°C note
2018-12-22__19:27:28 1.77 1.52 1.01 45.00 50.00°C normal
2018-12-22__19:27:34 1.62 1.49 1.00 39.00 51.00°C normal
2018-12-22__19:27:40 1.49 1.47 1.00 67.00 52.00°C note
2018-12-22__19:27:45 1.85 1.55 1.03 45.00 51.00°C normal
2018-12-22__19:27:51 1.70 1.52 1.02 79.00 52.00°C warning
2018-12-22__19:27:57 1.73 1.53 1.03 47.00 52.00°C normal
2018-12-22__19:28:05 1.46 1.48 1.02 71.00 52.00°C warning
2018-12-22__19:28:11 1.43 1.47 1.02 47.00 51.00°C normal
2018-12-22__19:28:17 1.31 1.45 1.01 42.00 52.00°C normal
2018-12-22__19:28:22 1.21 1.42 1.00 49.00 52.00°C normal
2018-12-22__19:28:28 1.11 1.40 1.00 43.00 52.00°C normal
2018-12-22__19:28:34 1.02 1.37 0.99 51.00 52.00°C note
2018-12-22__19:28:39 0.94 1.35 0.99 59.00 52.00°C note
2018-12-22__19:28:45 1.02 1.36 0.99 48.00 52.00°C normal
2018-12-22__19:28:51 1.01 1.35 0.99 45.00 51.00°C normal
2018-12-22__19:28:56 1.65 1.48 1.04 56.00 53.00°C note
2018-12-22__19:29:02 1.52 1.45 1.03 69.00 52.00°C note
2018-12-22__19:29:13 1.29 1.40 1.02 52.00 51.00°C note
2018-12-22__19:29:19 1.18 1.38 1.01 47.00 50.00°C normal
2018-12-22__19:29:24 1.09 1.36 1.01 59.00 52.00°C note
2018-12-22__19:29:30 0.99 1.33 1.00 49.00 51.00°C normal
2018-12-22__19:29:36 0.99 1.32 1.00 39.00 51.00°C normal
2018-12-22__19:29:41 0.91 1.30 1.00 40.00 51.00°C normal
2018-12-22__19:29:47 0.92 1.30 1.00 58.00 51.00°C note
2018-12-22__19:29:53 0.85 1.27 0.99 84.00 52.00°C warning
2018-12-22__19:29:59 0.78 1.25 0.99 49.00 52.00°C normal
