2018-12-22 19:11:01 0 disk 95426 78777 17%
2018-12-22 19:11:01 1 /dev 1877 1877 0% 
2018-12-22 19:11:01 1 / 92991 76830 13% 
2018-12-22 19:11:01 1 /snap/core/5897 89 0 100% 
2018-12-22 19:11:01 1 /snap/goldendictionary/1 109 0 100% 
2018-12-22 19:11:01 1 /snap/core/6130 90 0 100% 
2018-12-22 19:11:01 1 /snap/core/6034 90 0 100% 
2018-12-22 19:11:01 1 /boot 180 70 59% 
2018-12-22 19:18:37 0 disk 29941 14332 52%
2018-12-22 19:18:37 1 / 29899 14311 51% 
2018-12-22 19:18:37 1 /boot 42 21 51% 
2018-12-22 19:19:39 0 disk 29941 14332 52%
2018-12-22 19:19:39 1 / 29899 14311 51% 
2018-12-22 19:19:39 1 /boot 42 21 51% 
2018-12-22 19:20:40 0 disk 29941 14332 52%
2018-12-22 19:20:40 1 / 29899 14311 51% 
2018-12-22 19:20:40 1 /boot 42 21 51% 
2018-12-22 19:21:41 0 disk 29941 14332 52%
2018-12-22 19:21:41 1 / 29899 14311 51% 
2018-12-22 19:21:41 1 /boot 42 21 51% 
2018-12-22 19:22:42 0 disk 29941 14332 52%
2018-12-22 19:22:42 1 / 29899 14311 51% 
2018-12-22 19:22:42 1 /boot 42 21 51% 
2018-12-22 19:23:42 0 disk 29941 14332 52%
2018-12-22 19:23:42 1 / 29899 14311 51% 
2018-12-22 19:23:42 1 /boot 42 21 51% 
2018-12-22 19:24:43 0 disk 29941 14332 52%
2018-12-22 19:24:43 1 / 29899 14311 51% 
2018-12-22 19:24:43 1 /boot 42 21 51% 
2018-12-22 19:25:44 0 disk 29941 14332 52%
2018-12-22 19:25:44 1 / 29899 14311 51% 
2018-12-22 19:25:44 1 /boot 42 21 51% 
2018-12-22 19:26:45 0 disk 29941 14332 52%
2018-12-22 19:26:45 1 / 29899 14311 51% 
2018-12-22 19:26:45 1 /boot 42 21 51% 
2018-12-22 19:27:51 0 disk 29941 14332 52%
2018-12-22 19:27:51 1 / 29899 14311 51% 
2018-12-22 19:27:51 1 /boot 42 21 51% 
2018-12-22 19:28:52 0 disk 29941 14332 52%
2018-12-22 19:28:52 1 / 29899 14311 51% 
2018-12-22 19:28:52 1 /boot 42 21 51% 
2018-12-22 19:29:53 0 disk 29941 14332 52%
2018-12-22 19:29:53 1 / 29899 14311 51% 
2018-12-22 19:29:53 1 /boot 42 21 51% 
2018-12-22 20:36:25 0 disk 95426 78793 17%
2018-12-22 20:36:25 1 /dev 1877 1877 0% 
2018-12-22 20:36:25 1 / 92991 76846 13% 
2018-12-22 20:36:25 1 /snap/core/5897 89 0 100% 
2018-12-22 20:36:25 1 /snap/goldendictionary/1 109 0 100% 
2018-12-22 20:36:25 1 /snap/core/6130 90 0 100% 
2018-12-22 20:36:25 1 /snap/core/6034 90 0 100% 
2018-12-22 20:36:25 1 /boot 180 70 59% 
2018-12-23 09:24:03 0 disk 95426 78792 17%
2018-12-23 09:24:03 1 /dev 1877 1877 0% 
2018-12-23 09:24:03 1 / 92991 76845 13% 
2018-12-23 09:24:03 1 /snap/core/5897 89 0 100% 
2018-12-23 09:24:03 1 /snap/goldendictionary/1 109 0 100% 
2018-12-23 09:24:03 1 /snap/core/6130 90 0 100% 
2018-12-23 09:24:03 1 /snap/core/6034 90 0 100% 
2018-12-23 09:24:03 1 /boot 180 70 59% 
2018-12-23 10:29:54 0 disk 95426 78789 17%
2018-12-23 10:29:54 1 /dev 1877 1877 0% 
2018-12-23 10:29:54 1 / 92991 76842 13% 
2018-12-23 10:29:54 1 /snap/core/5897 89 0 100% 
2018-12-23 10:29:54 1 /snap/goldendictionary/1 109 0 100% 
2018-12-23 10:29:54 1 /snap/core/6130 90 0 100% 
2018-12-23 10:29:54 1 /snap/core/6034 90 0 100% 
2018-12-23 10:29:54 1 /boot 180 70 59% 
2018-12-23 10:44:12 0 disk 95426 78789 17%
2018-12-23 10:44:12 1 /dev 1877 1877 0% 
2018-12-23 10:44:12 1 / 92991 76842 13% 
2018-12-23 10:44:12 1 /snap/core/5897 89 0 100% 
2018-12-23 10:44:12 1 /snap/goldendictionary/1 109 0 100% 
2018-12-23 10:44:12 1 /snap/core/6130 90 0 100% 
2018-12-23 10:44:12 1 /snap/core/6034 90 0 100% 
2018-12-23 10:44:12 1 /boot 180 70 59% 
2018-12-23 10:44:21 0 disk 95426 78789 17%
2018-12-23 10:44:21 1 /dev 1877 1877 0% 
2018-12-23 10:44:21 1 / 92991 76842 13% 
2018-12-23 10:44:21 1 /snap/core/5897 89 0 100% 
2018-12-23 10:44:21 1 /snap/goldendictionary/1 109 0 100% 
2018-12-23 10:44:21 1 /snap/core/6130 90 0 100% 
2018-12-23 10:44:21 1 /snap/core/6034 90 0 100% 
2018-12-23 10:44:21 1 /boot 180 70 59% 
2018-12-23 10:44:36 0 disk 95426 78789 17%
2018-12-23 10:44:36 1 /dev 1877 1877 0% 
2018-12-23 10:44:36 1 / 92991 76842 13% 
2018-12-23 10:44:36 1 /snap/core/5897 89 0 100% 
2018-12-23 10:44:36 1 /snap/goldendictionary/1 109 0 100% 
2018-12-23 10:44:36 1 /snap/core/6130 90 0 100% 
2018-12-23 10:44:36 1 /snap/core/6034 90 0 100% 
2018-12-23 10:44:36 1 /boot 180 70 59% 
2018-12-23 10:44:43 0 disk 95426 78789 17%
2018-12-23 10:44:43 1 /dev 1877 1877 0% 
2018-12-23 10:44:43 1 / 92991 76842 13% 
2018-12-23 10:44:43 1 /snap/core/5897 89 0 100% 
2018-12-23 10:44:43 1 /snap/goldendictionary/1 109 0 100% 
2018-12-23 10:44:43 1 /snap/core/6130 90 0 100% 
2018-12-23 10:44:43 1 /snap/core/6034 90 0 100% 
2018-12-23 10:44:43 1 /boot 180 70 59% 
2018-12-23 10:51:29 0 disk 95426 78789 17%
2018-12-23 10:51:29 1 /dev 1877 1877 0% 
2018-12-23 10:51:29 1 / 92991 76842 13% 
2018-12-23 10:51:29 1 /snap/core/5897 89 0 100% 
2018-12-23 10:51:29 1 /snap/goldendictionary/1 109 0 100% 
2018-12-23 10:51:29 1 /snap/core/6130 90 0 100% 
2018-12-23 10:51:29 1 /snap/core/6034 90 0 100% 
2018-12-23 10:51:29 1 /boot 180 70 59% 
2018-12-23 10:51:36 0 disk 95426 78789 17%
2018-12-23 10:51:36 1 /dev 1877 1877 0% 
2018-12-23 10:51:36 1 / 92991 76842 13% 
2018-12-23 10:51:36 1 /snap/core/5897 89 0 100% 
2018-12-23 10:51:36 1 /snap/goldendictionary/1 109 0 100% 
2018-12-23 10:51:36 1 /snap/core/6130 90 0 100% 
2018-12-23 10:51:36 1 /snap/core/6034 90 0 100% 
2018-12-23 10:51:36 1 /boot 180 70 59% 
2018-12-23 10:53:22 0 disk 95426 78789 17%
2018-12-23 10:53:22 1 /dev 1877 1877 0% 
2018-12-23 10:53:22 1 / 92991 76842 13% 
2018-12-23 10:53:22 1 /snap/core/5897 89 0 100% 
2018-12-23 10:53:22 1 /snap/goldendictionary/1 109 0 100% 
2018-12-23 10:53:22 1 /snap/core/6130 90 0 100% 
2018-12-23 10:53:22 1 /snap/core/6034 90 0 100% 
2018-12-23 10:53:22 1 /boot 180 70 59% 
2018-12-23 10:54:33 0 disk 95426 78789 17%
2018-12-23 10:54:33 1 /dev 1877 1877 0% 
2018-12-23 10:54:33 1 / 92991 76842 13% 
2018-12-23 10:54:33 1 /snap/core/5897 89 0 100% 
2018-12-23 10:54:33 1 /snap/goldendictionary/1 109 0 100% 
2018-12-23 10:54:33 1 /snap/core/6130 90 0 100% 
2018-12-23 10:54:33 1 /snap/core/6034 90 0 100% 
2018-12-23 10:54:33 1 /boot 180 70 59% 
2018-12-23 10:54:47 0 disk 95426 78789 17%
2018-12-23 10:54:47 1 /dev 1877 1877 0% 
2018-12-23 10:54:47 1 / 92991 76842 13% 
2018-12-23 10:54:47 1 /snap/core/5897 89 0 100% 
2018-12-23 10:54:47 1 /snap/goldendictionary/1 109 0 100% 
2018-12-23 10:54:47 1 /snap/core/6130 90 0 100% 
2018-12-23 10:54:47 1 /snap/core/6034 90 0 100% 
2018-12-23 10:54:47 1 /boot 180 70 59% 
2018-12-23 11:37:00 0 disk 29941 14318 52%
2018-12-23 11:37:00 1 / 29899 14297 51% 
2018-12-23 11:37:00 1 /boot 42 21 51% 
2018-12-23 11:38:00 0 disk 29941 14318 52%
2018-12-23 11:38:00 1 / 29899 14297 51% 
2018-12-23 11:38:00 1 /boot 42 21 51% 
2018-12-23 11:39:00 0 disk 29941 14318 52%
2018-12-23 11:39:00 1 / 29899 14297 51% 
2018-12-23 11:39:00 1 /boot 42 21 51% 
2018-12-23 11:40:00 0 disk 29941 14318 52%
2018-12-23 11:40:00 1 / 29899 14297 51% 
2018-12-23 11:40:00 1 /boot 42 21 51% 
2018-12-23 11:41:00 0 disk 29941 14318 52%
2018-12-23 11:41:00 1 / 29899 14297 51% 
2018-12-23 11:41:00 1 /boot 42 21 51% 
2018-12-23 11:42:00 0 disk 29941 14318 52%
2018-12-23 11:42:00 1 / 29899 14297 51% 
2018-12-23 11:42:00 1 /boot 42 21 51% 
2018-12-22 20:36:25 0 disk 95426 78793 17%
2018-12-22 20:36:25 1 /dev 1877 1877 0% 
2018-12-22 20:36:25 1 / 92991 76846 13% 
2018-12-22 20:36:25 1 /snap/core/5897 89 0 100% 
2018-12-22 20:36:25 1 /snap/goldendictionary/1 109 0 100% 
2018-12-22 20:36:25 1 /snap/core/6130 90 0 100% 
2018-12-22 20:36:25 1 /snap/core/6034 90 0 100% 
2018-12-22 20:36:25 1 /boot 180 70 59% 
2018-12-23 09:24:03 0 disk 95426 78792 17%
2018-12-23 09:24:03 1 /dev 1877 1877 0% 
2018-12-23 09:24:03 1 / 92991 76845 13% 
2018-12-23 09:24:03 1 /snap/core/5897 89 0 100% 
2018-12-23 09:24:03 1 /snap/goldendictionary/1 109 0 100% 
2018-12-23 09:24:03 1 /snap/core/6130 90 0 100% 
2018-12-23 09:24:03 1 /snap/core/6034 90 0 100% 
2018-12-23 09:24:03 1 /boot 180 70 59% 
2018-12-23 10:29:54 0 disk 95426 78789 17%
2018-12-23 10:29:54 1 /dev 1877 1877 0% 
2018-12-23 10:29:54 1 / 92991 76842 13% 
2018-12-23 10:29:54 1 /snap/core/5897 89 0 100% 
2018-12-23 10:29:54 1 /snap/goldendictionary/1 109 0 100% 
2018-12-23 10:29:54 1 /snap/core/6130 90 0 100% 
2018-12-23 10:29:54 1 /snap/core/6034 90 0 100% 
2018-12-23 10:29:54 1 /boot 180 70 59% 
2018-12-23 10:44:12 0 disk 95426 78789 17%
2018-12-23 10:44:12 1 /dev 1877 1877 0% 
2018-12-23 10:44:12 1 / 92991 76842 13% 
2018-12-23 10:44:12 1 /snap/core/5897 89 0 100% 
2018-12-23 10:44:12 1 /snap/goldendictionary/1 109 0 100% 
2018-12-23 10:44:12 1 /snap/core/6130 90 0 100% 
2018-12-23 10:44:12 1 /snap/core/6034 90 0 100% 
2018-12-23 10:44:12 1 /boot 180 70 59% 
2018-12-23 10:44:21 0 disk 95426 78789 17%
2018-12-23 10:44:21 1 /dev 1877 1877 0% 
2018-12-23 10:44:21 1 / 92991 76842 13% 
2018-12-23 10:44:21 1 /snap/core/5897 89 0 100% 
2018-12-23 10:44:21 1 /snap/goldendictionary/1 109 0 100% 
2018-12-23 10:44:21 1 /snap/core/6130 90 0 100% 
2018-12-23 10:44:21 1 /snap/core/6034 90 0 100% 
2018-12-23 10:44:21 1 /boot 180 70 59% 
2018-12-23 10:44:36 0 disk 95426 78789 17%
2018-12-23 10:44:36 1 /dev 1877 1877 0% 
2018-12-23 10:44:36 1 / 92991 76842 13% 
2018-12-23 10:44:36 1 /snap/core/5897 89 0 100% 
2018-12-23 10:44:36 1 /snap/goldendictionary/1 109 0 100% 
2018-12-23 10:44:36 1 /snap/core/6130 90 0 100% 
2018-12-23 10:44:36 1 /snap/core/6034 90 0 100% 
2018-12-23 10:44:36 1 /boot 180 70 59% 
2018-12-23 10:44:43 0 disk 95426 78789 17%
2018-12-23 10:44:43 1 /dev 1877 1877 0% 
2018-12-23 10:44:43 1 / 92991 76842 13% 
2018-12-23 10:44:43 1 /snap/core/5897 89 0 100% 
2018-12-23 10:44:43 1 /snap/goldendictionary/1 109 0 100% 
2018-12-23 10:44:43 1 /snap/core/6130 90 0 100% 
2018-12-23 10:44:43 1 /snap/core/6034 90 0 100% 
2018-12-23 10:44:43 1 /boot 180 70 59% 
2018-12-23 10:51:29 0 disk 95426 78789 17%
2018-12-23 10:51:29 1 /dev 1877 1877 0% 
2018-12-23 10:51:29 1 / 92991 76842 13% 
2018-12-23 10:51:29 1 /snap/core/5897 89 0 100% 
2018-12-23 10:51:29 1 /snap/goldendictionary/1 109 0 100% 
2018-12-23 10:51:29 1 /snap/core/6130 90 0 100% 
2018-12-23 10:51:29 1 /snap/core/6034 90 0 100% 
2018-12-23 10:51:29 1 /boot 180 70 59% 
2018-12-23 10:51:36 0 disk 95426 78789 17%
2018-12-23 10:51:36 1 /dev 1877 1877 0% 
2018-12-23 10:51:36 1 / 92991 76842 13% 
2018-12-23 10:51:36 1 /snap/core/5897 89 0 100% 
2018-12-23 10:51:36 1 /snap/goldendictionary/1 109 0 100% 
2018-12-23 10:51:36 1 /snap/core/6130 90 0 100% 
2018-12-23 10:51:36 1 /snap/core/6034 90 0 100% 
2018-12-23 10:51:36 1 /boot 180 70 59% 
2018-12-23 10:53:22 0 disk 95426 78789 17%
2018-12-23 10:53:22 1 /dev 1877 1877 0% 
2018-12-23 10:53:22 1 / 92991 76842 13% 
2018-12-23 10:53:22 1 /snap/core/5897 89 0 100% 
2018-12-23 10:53:22 1 /snap/goldendictionary/1 109 0 100% 
2018-12-23 10:53:22 1 /snap/core/6130 90 0 100% 
2018-12-23 10:53:22 1 /snap/core/6034 90 0 100% 
2018-12-23 10:53:22 1 /boot 180 70 59% 
2018-12-23 10:54:33 0 disk 95426 78789 17%
2018-12-23 10:54:33 1 /dev 1877 1877 0% 
2018-12-23 10:54:33 1 / 92991 76842 13% 
2018-12-23 10:54:33 1 /snap/core/5897 89 0 100% 
2018-12-23 10:54:33 1 /snap/goldendictionary/1 109 0 100% 
2018-12-23 10:54:33 1 /snap/core/6130 90 0 100% 
2018-12-23 10:54:33 1 /snap/core/6034 90 0 100% 
2018-12-23 10:54:33 1 /boot 180 70 59% 
2018-12-23 10:54:47 0 disk 95426 78789 17%
2018-12-23 10:54:47 1 /dev 1877 1877 0% 
2018-12-23 10:54:47 1 / 92991 76842 13% 
2018-12-23 10:54:47 1 /snap/core/5897 89 0 100% 
2018-12-23 10:54:47 1 /snap/goldendictionary/1 109 0 100% 
2018-12-23 10:54:47 1 /snap/core/6130 90 0 100% 
2018-12-23 10:54:47 1 /snap/core/6034 90 0 100% 
2018-12-23 10:54:47 1 /boot 180 70 59% 
2018-12-23 13:52:11 0 disk 29941 14328 52%
2018-12-23 13:52:11 1 / 29899 14307 51% 
2018-12-23 13:52:11 1 /boot 42 21 51% 
2018-12-23 13:53:11 0 disk 29941 14328 52%
2018-12-23 13:53:11 1 / 29899 14307 51% 
2018-12-23 13:53:11 1 /boot 42 21 51% 
2018-12-23 13:54:11 0 disk 29941 14328 52%
2018-12-23 13:54:11 1 / 29899 14307 51% 
2018-12-23 13:54:11 1 /boot 42 21 51% 
2018-12-23 13:55:11 0 disk 29941 14328 52%
2018-12-23 13:55:11 1 / 29899 14307 51% 
2018-12-23 13:55:11 1 /boot 42 21 51% 
2018-12-23 13:56:11 0 disk 29941 14328 52%
2018-12-23 13:56:11 1 / 29899 14307 51% 
2018-12-23 13:56:11 1 /boot 42 21 51% 
2018-12-23 13:57:11 0 disk 29941 14328 52%
2018-12-23 13:57:11 1 / 29899 14307 51% 
2018-12-23 13:57:11 1 /boot 42 21 51% 
2018-12-23 13:58:12 0 disk 29941 14328 52%
2018-12-23 13:58:12 1 / 29899 14307 51% 
2018-12-23 13:58:12 1 /boot 42 21 51% 
2018-12-23 13:59:12 0 disk 29941 14328 52%
2018-12-23 13:59:12 1 / 29899 14307 51% 
2018-12-23 13:59:12 1 /boot 42 21 51% 
2018-12-23 14:00:12 0 disk 29941 14328 52%
2018-12-23 14:00:12 1 / 29899 14307 51% 
2018-12-23 14:00:12 1 /boot 42 21 51% 
2018-12-23 14:01:12 0 disk 29941 14328 52%
2018-12-23 14:01:12 1 / 29899 14307 51% 
2018-12-23 14:01:12 1 /boot 42 21 51% 
2018-12-23 14:02:12 0 disk 29941 14328 52%
2018-12-23 14:02:12 1 / 29899 14307 51% 
2018-12-23 14:02:12 1 /boot 42 21 51% 
2018-12-23 14:03:12 0 disk 29941 14328 52%
2018-12-23 14:03:12 1 / 29899 14307 51% 
2018-12-23 14:03:12 1 /boot 42 21 51% 
2018-12-23 14:04:12 0 disk 29941 14328 52%
2018-12-23 14:04:12 1 / 29899 14307 51% 
2018-12-23 14:04:12 1 /boot 42 21 51% 
2018-12-23 14:05:12 0 disk 29941 14328 52%
2018-12-23 14:05:12 1 / 29899 14307 51% 
2018-12-23 14:05:12 1 /boot 42 21 51% 
2018-12-23 14:06:12 0 disk 29941 14328 52%
2018-12-23 14:06:12 1 / 29899 14307 51% 
2018-12-23 14:06:12 1 /boot 42 21 51% 
2018-12-23 14:07:12 0 disk 29941 14328 52%
2018-12-23 14:07:12 1 / 29899 14307 51% 
2018-12-23 14:07:12 1 /boot 42 21 51% 
2018-12-23 14:08:12 0 disk 29941 14328 52%
2018-12-23 14:08:12 1 / 29899 14307 51% 
2018-12-23 14:08:12 1 /boot 42 21 51% 
2018-12-23 14:09:12 0 disk 29941 14328 52%
2018-12-23 14:09:12 1 / 29899 14307 51% 
2018-12-23 14:09:12 1 /boot 42 21 51% 
2018-12-23 14:10:12 0 disk 29941 14328 52%
2018-12-23 14:10:12 1 / 29899 14307 51% 
2018-12-23 14:10:12 1 /boot 42 21 51% 
2018-12-23 14:11:12 0 disk 29941 14328 52%
2018-12-23 14:11:12 1 / 29899 14307 51% 
2018-12-23 14:11:12 1 /boot 42 21 51% 
2018-12-23 14:12:12 0 disk 29941 14328 52%
2018-12-23 14:12:12 1 / 29899 14307 51% 
2018-12-23 14:12:12 1 /boot 42 21 51% 
2018-12-23 14:13:15 0 disk 29941 14328 52%
2018-12-23 14:13:15 1 / 29899 14307 51% 
2018-12-23 14:13:15 1 /boot 42 21 51% 
2018-12-23 14:14:15 0 disk 29941 14328 52%
2018-12-23 14:14:15 1 / 29899 14307 51% 
2018-12-23 14:14:15 1 /boot 42 21 51% 
2018-12-23 14:15:15 0 disk 29941 14328 52%
2018-12-23 14:15:15 1 / 29899 14307 51% 
2018-12-23 14:15:15 1 /boot 42 21 51% 
2018-12-23 14:16:15 0 disk 29941 14328 52%
2018-12-23 14:16:15 1 / 29899 14307 51% 
2018-12-23 14:16:15 1 /boot 42 21 51% 
2018-12-23 14:17:15 0 disk 29941 14328 52%
2018-12-23 14:17:15 1 / 29899 14307 51% 
2018-12-23 14:17:15 1 /boot 42 21 51% 
2018-12-23 14:18:15 0 disk 29941 14328 52%
2018-12-23 14:18:15 1 / 29899 14307 51% 
2018-12-23 14:18:15 1 /boot 42 21 51% 
2018-12-23 14:19:15 0 disk 29941 14328 52%
2018-12-23 14:19:15 1 / 29899 14307 51% 
2018-12-23 14:19:15 1 /boot 42 21 51% 
2018-12-23 14:20:15 0 disk 29941 14328 52%
2018-12-23 14:20:15 1 / 29899 14307 51% 
2018-12-23 14:20:15 1 /boot 42 21 51% 
2018-12-23 14:21:15 0 disk 29941 14328 52%
2018-12-23 14:21:15 1 / 29899 14307 51% 
2018-12-23 14:21:15 1 /boot 42 21 51% 
2018-12-23 14:22:15 0 disk 29941 14328 52%
2018-12-23 14:22:15 1 / 29899 14307 51% 
2018-12-23 14:22:15 1 /boot 42 21 51% 
2018-12-23 14:23:15 0 disk 29941 14328 52%
2018-12-23 14:23:15 1 / 29899 14307 51% 
2018-12-23 14:23:15 1 /boot 42 21 51% 
2018-12-23 14:24:15 0 disk 29941 14328 52%
2018-12-23 14:24:15 1 / 29899 14307 51% 
2018-12-23 14:24:15 1 /boot 42 21 51% 
2018-12-23 14:25:15 0 disk 29941 14328 52%
2018-12-23 14:25:15 1 / 29899 14307 51% 
2018-12-23 14:25:15 1 /boot 42 21 51% 
2018-12-23 14:26:15 0 disk 29941 14328 52%
2018-12-23 14:26:15 1 / 29899 14307 51% 
2018-12-23 14:26:15 1 /boot 42 21 51% 
2018-12-23 14:27:15 0 disk 29941 14328 52%
2018-12-23 14:27:15 1 / 29899 14307 51% 
2018-12-23 14:27:15 1 /boot 42 21 51% 
2018-12-23 14:28:15 0 disk 29941 14328 52%
2018-12-23 14:28:15 1 / 29899 14307 51% 
2018-12-23 14:28:15 1 /boot 42 21 51% 
2018-12-23 14:29:15 0 disk 29941 14328 52%
2018-12-23 14:29:15 1 / 29899 14307 51% 
2018-12-23 14:29:15 1 /boot 42 21 51% 
2018-12-23 14:30:15 0 disk 29941 14328 52%
2018-12-23 14:30:15 1 / 29899 14307 51% 
2018-12-23 14:30:15 1 /boot 42 21 51% 
2018-12-23 14:31:15 0 disk 29941 14328 52%
2018-12-23 14:31:15 1 / 29899 14307 51% 
2018-12-23 14:31:15 1 /boot 42 21 51% 
2018-12-23 14:32:15 0 disk 29941 14328 52%
2018-12-23 14:32:15 1 / 29899 14307 51% 
2018-12-23 14:32:15 1 /boot 42 21 51% 
2018-12-23 14:33:16 0 disk 29941 14328 52%
2018-12-23 14:33:16 1 / 29899 14307 51% 
2018-12-23 14:33:16 1 /boot 42 21 51% 
2018-12-23 14:34:16 0 disk 29941 14328 52%
2018-12-23 14:34:16 1 / 29899 14307 51% 
2018-12-23 14:34:16 1 /boot 42 21 51% 
2018-12-23 14:35:16 0 disk 29941 14328 52%
2018-12-23 14:35:16 1 / 29899 14307 51% 
2018-12-23 14:35:16 1 /boot 42 21 51% 
2018-12-23 14:36:16 0 disk 29941 14328 52%
2018-12-23 14:36:16 1 / 29899 14307 51% 
2018-12-23 14:36:16 1 /boot 42 21 51% 
2018-12-23 14:37:16 0 disk 29941 14328 52%
2018-12-23 14:37:16 1 / 29899 14307 51% 
2018-12-23 14:37:16 1 /boot 42 21 51% 
2018-12-23 14:38:16 0 disk 29941 14328 52%
2018-12-23 14:38:16 1 / 29899 14307 51% 
2018-12-23 14:38:16 1 /boot 42 21 51% 
2018-12-23 14:39:16 0 disk 29941 14328 52%
2018-12-23 14:39:16 1 / 29899 14307 51% 
2018-12-23 14:39:16 1 /boot 42 21 51% 
2018-12-23 14:40:16 0 disk 29941 14328 52%
2018-12-23 14:40:16 1 / 29899 14307 51% 
2018-12-23 14:40:16 1 /boot 42 21 51% 
2018-12-23 14:41:16 0 disk 29941 14328 52%
2018-12-23 14:41:16 1 / 29899 14307 51% 
2018-12-23 14:41:16 1 /boot 42 21 51% 
2018-12-23 14:42:16 0 disk 29941 14328 52%
2018-12-23 14:42:16 1 / 29899 14307 51% 
2018-12-23 14:42:16 1 /boot 42 21 51% 
2018-12-23 14:43:16 0 disk 29941 14328 52%
2018-12-23 14:43:16 1 / 29899 14307 51% 
2018-12-23 14:43:16 1 /boot 42 21 51% 
2018-12-23 14:44:16 0 disk 29941 14328 52%
2018-12-23 14:44:16 1 / 29899 14307 51% 
2018-12-23 14:44:16 1 /boot 42 21 51% 
2018-12-23 14:45:16 0 disk 29941 14328 52%
2018-12-23 14:45:16 1 / 29899 14307 51% 
2018-12-23 14:45:16 1 /boot 42 21 51% 
2018-12-23 14:46:16 0 disk 29941 14328 52%
2018-12-23 14:46:16 1 / 29899 14307 51% 
2018-12-23 14:46:16 1 /boot 42 21 51% 
2018-12-23 14:47:16 0 disk 29941 14328 52%
2018-12-23 14:47:16 1 / 29899 14307 51% 
2018-12-23 14:47:16 1 /boot 42 21 51% 
2018-12-23 14:48:16 0 disk 29941 14328 52%
2018-12-23 14:48:16 1 / 29899 14307 51% 
2018-12-23 14:48:16 1 /boot 42 21 51% 
2018-12-23 14:49:16 0 disk 29941 14328 52%
2018-12-23 14:49:16 1 / 29899 14307 51% 
2018-12-23 14:49:16 1 /boot 42 21 51% 
2018-12-23 14:50:16 0 disk 29941 14328 52%
2018-12-23 14:50:16 1 / 29899 14307 51% 
2018-12-23 14:50:16 1 /boot 42 21 51% 
2018-12-23 14:51:16 0 disk 29941 14328 52%
2018-12-23 14:51:16 1 / 29899 14307 51% 
2018-12-23 14:51:16 1 /boot 42 21 51% 
2018-12-23 14:52:16 0 disk 29941 14328 52%
2018-12-23 14:52:16 1 / 29899 14307 51% 
2018-12-23 14:52:16 1 /boot 42 21 51% 
2018-12-23 14:53:16 0 disk 29941 14328 52%
2018-12-23 14:53:16 1 / 29899 14307 51% 
2018-12-23 14:53:16 1 /boot 42 21 51% 
2018-12-23 14:54:16 0 disk 29941 14328 52%
2018-12-23 14:54:16 1 / 29899 14307 51% 
2018-12-23 14:54:16 1 /boot 42 21 51% 
2018-12-23 14:55:16 0 disk 29941 14328 52%
2018-12-23 14:55:16 1 / 29899 14307 51% 
2018-12-23 14:55:16 1 /boot 42 21 51% 
2018-12-23 14:56:16 0 disk 29941 14328 52%
2018-12-23 14:56:16 1 / 29899 14307 51% 
2018-12-23 14:56:16 1 /boot 42 21 51% 
2018-12-23 14:57:16 0 disk 29941 14328 52%
2018-12-23 14:57:16 1 / 29899 14307 51% 
2018-12-23 14:57:16 1 /boot 42 21 51% 
2018-12-23 14:58:16 0 disk 29941 14328 52%
2018-12-23 14:58:16 1 / 29899 14307 51% 
2018-12-23 14:58:16 1 /boot 42 21 51% 
2018-12-23 14:59:16 0 disk 29941 14328 52%
2018-12-23 14:59:16 1 / 29899 14307 51% 
2018-12-23 14:59:16 1 /boot 42 21 51% 
2018-12-23 15:00:16 0 disk 29941 14328 52%
2018-12-23 15:00:16 1 / 29899 14307 51% 
2018-12-23 15:00:16 1 /boot 42 21 51% 
2018-12-23 15:01:17 0 disk 29941 14328 52%
2018-12-23 15:01:17 1 / 29899 14307 51% 
2018-12-23 15:01:17 1 /boot 42 21 51% 
2018-12-23 15:02:17 0 disk 29941 14328 52%
2018-12-23 15:02:17 1 / 29899 14307 51% 
2018-12-23 15:02:17 1 /boot 42 21 51% 
2018-12-23 15:46:36 0 disk 29941 14327 52%
2018-12-23 15:46:36 1 / 29899 14306 51% 
2018-12-23 15:46:36 1 /boot 42 21 51% 
2018-12-23 15:47:36 0 disk 29941 14327 52%
2018-12-23 15:47:36 1 / 29899 14306 51% 
2018-12-23 15:47:36 1 /boot 42 21 51% 
2018-12-23 15:48:36 0 disk 29941 14327 52%
2018-12-23 15:48:36 1 / 29899 14306 51% 
2018-12-23 15:48:36 1 /boot 42 21 51% 
2018-12-23 15:49:36 0 disk 29941 14327 52%
2018-12-23 15:49:36 1 / 29899 14306 51% 
2018-12-23 15:49:36 1 /boot 42 21 51% 
2018-12-23 15:50:36 0 disk 29941 14327 52%
2018-12-23 15:50:36 1 / 29899 14306 51% 
2018-12-23 15:50:36 1 /boot 42 21 51% 
2018-12-23 15:51:36 0 disk 29941 14327 52%
2018-12-23 15:51:36 1 / 29899 14306 51% 
2018-12-23 15:51:36 1 /boot 42 21 51% 
2018-12-23 15:52:36 0 disk 29941 14327 52%
2018-12-23 15:52:36 1 / 29899 14306 51% 
2018-12-23 15:52:36 1 /boot 42 21 51% 
2018-12-23 15:53:36 0 disk 29941 14327 52%
2018-12-23 15:53:36 1 / 29899 14306 51% 
2018-12-23 15:53:36 1 /boot 42 21 51% 
2018-12-23 15:54:36 0 disk 29941 14327 52%
2018-12-23 15:54:36 1 / 29899 14306 51% 
2018-12-23 15:54:36 1 /boot 42 21 51% 
2018-12-23 15:55:36 0 disk 29941 14327 52%
2018-12-23 15:55:36 1 / 29899 14306 51% 
2018-12-23 15:55:36 1 /boot 42 21 51% 
2018-12-23 15:57:34 0 disk 29941 14327 52%
2018-12-23 15:57:34 1 / 29899 14306 51% 
2018-12-23 15:57:34 1 /boot 42 21 51% 
2018-12-23 15:58:34 0 disk 29941 14327 52%
2018-12-23 15:58:34 1 / 29899 14306 51% 
2018-12-23 15:58:34 1 /boot 42 21 51% 
2018-12-23 15:59:34 0 disk 29941 14327 52%
2018-12-23 15:59:34 1 / 29899 14306 51% 
2018-12-23 15:59:34 1 /boot 42 21 51% 
2018-12-23 16:00:34 0 disk 29941 14327 52%
2018-12-23 16:00:34 1 / 29899 14306 51% 
2018-12-23 16:00:34 1 /boot 42 21 51% 
2018-12-23 16:01:34 0 disk 29941 14327 52%
2018-12-23 16:01:34 1 / 29899 14306 51% 
2018-12-23 16:01:34 1 /boot 42 21 51% 
2018-12-23 16:02:34 0 disk 29941 14327 52%
2018-12-23 16:02:34 1 / 29899 14306 51% 
2018-12-23 16:02:34 1 /boot 42 21 51% 
2018-12-23 16:03:34 0 disk 29941 14327 52%
2018-12-23 16:03:34 1 / 29899 14306 51% 
2018-12-23 16:03:34 1 /boot 42 21 51% 
2018-12-23 16:04:34 0 disk 29941 14327 52%
2018-12-23 16:04:34 1 / 29899 14306 51% 
2018-12-23 16:04:34 1 /boot 42 21 51% 
2018-12-23 16:05:34 0 disk 29941 14326 52%
2018-12-23 16:05:34 1 / 29899 14305 51% 
2018-12-23 16:05:34 1 /boot 42 21 51% 
2018-12-23 16:06:34 0 disk 29941 14326 52%
2018-12-23 16:06:34 1 / 29899 14305 51% 
2018-12-23 16:06:34 1 /boot 42 21 51% 
2018-12-23 16:07:34 0 disk 29941 14326 52%
2018-12-23 16:07:34 1 / 29899 14305 51% 
2018-12-23 16:07:34 1 /boot 42 21 51% 
2018-12-23 16:08:34 0 disk 29941 14326 52%
2018-12-23 16:08:34 1 / 29899 14305 51% 
2018-12-23 16:08:34 1 /boot 42 21 51% 
2018-12-23 16:09:34 0 disk 29941 14326 52%
2018-12-23 16:09:34 1 / 29899 14305 51% 
2018-12-23 16:09:34 1 /boot 42 21 51% 
2018-12-23 16:10:34 0 disk 29941 14326 52%
2018-12-23 16:10:34 1 / 29899 14305 51% 
2018-12-23 16:10:34 1 /boot 42 21 51% 
2018-12-23 16:11:34 0 disk 29941 14326 52%
2018-12-23 16:11:34 1 / 29899 14305 51% 
2018-12-23 16:11:34 1 /boot 42 21 51% 
2018-12-23 16:12:34 0 disk 29941 14326 52%
2018-12-23 16:12:34 1 / 29899 14305 51% 
2018-12-23 16:12:34 1 /boot 42 21 51% 
2018-12-23 16:13:35 0 disk 29941 14326 52%
2018-12-23 16:13:35 1 / 29899 14305 51% 
2018-12-23 16:13:35 1 /boot 42 21 51% 
2018-12-23 16:14:35 0 disk 29941 14326 52%
2018-12-23 16:14:35 1 / 29899 14305 51% 
2018-12-23 16:14:35 1 /boot 42 21 51% 
2018-12-23 16:15:35 0 disk 29941 14326 52%
2018-12-23 16:15:35 1 / 29899 14305 51% 
2018-12-23 16:15:35 1 /boot 42 21 51% 
2018-12-23 16:16:35 0 disk 29941 14326 52%
2018-12-23 16:16:35 1 / 29899 14305 51% 
2018-12-23 16:16:35 1 /boot 42 21 51% 
2018-12-23 16:17:35 0 disk 29941 14326 52%
2018-12-23 16:17:35 1 / 29899 14305 51% 
2018-12-23 16:17:35 1 /boot 42 21 51% 
2018-12-23 16:18:35 0 disk 29941 14326 52%
2018-12-23 16:18:35 1 / 29899 14305 51% 
2018-12-23 16:18:35 1 /boot 42 21 51% 
2018-12-23 16:19:35 0 disk 29941 14326 52%
2018-12-23 16:19:35 1 / 29899 14305 51% 
2018-12-23 16:19:35 1 /boot 42 21 51% 
2018-12-23 16:20:35 0 disk 29941 14326 52%
2018-12-23 16:20:35 1 / 29899 14305 51% 
2018-12-23 16:20:35 1 /boot 42 21 51% 
2018-12-23 16:21:35 0 disk 29941 14326 52%
2018-12-23 16:21:35 1 / 29899 14305 51% 
2018-12-23 16:21:35 1 /boot 42 21 51% 
2018-12-23 16:22:35 0 disk 29941 14326 52%
2018-12-23 16:22:35 1 / 29899 14305 51% 
2018-12-23 16:22:35 1 /boot 42 21 51% 
2018-12-23 16:23:35 0 disk 29941 14326 52%
2018-12-23 16:23:35 1 / 29899 14305 51% 
2018-12-23 16:23:35 1 /boot 42 21 51% 
2018-12-23 16:24:35 0 disk 29941 14326 52%
2018-12-23 16:24:35 1 / 29899 14305 51% 
2018-12-23 16:24:35 1 /boot 42 21 51% 
2018-12-23 16:25:35 0 disk 29941 14326 52%
2018-12-23 16:25:35 1 / 29899 14305 51% 
2018-12-23 16:25:35 1 /boot 42 21 51% 
2018-12-23 16:26:35 0 disk 29941 14326 52%
2018-12-23 16:26:35 1 / 29899 14305 51% 
2018-12-23 16:26:35 1 /boot 42 21 51% 
2018-12-23 16:27:35 0 disk 29941 14326 52%
2018-12-23 16:27:35 1 / 29899 14305 51% 
2018-12-23 16:27:35 1 /boot 42 21 51% 
2018-12-23 16:28:35 0 disk 29941 14326 52%
2018-12-23 16:28:35 1 / 29899 14305 51% 
2018-12-23 16:28:35 1 /boot 42 21 51% 
2018-12-23 16:29:35 0 disk 29941 14326 52%
2018-12-23 16:29:35 1 / 29899 14305 51% 
2018-12-23 16:29:35 1 /boot 42 21 51% 
2018-12-23 16:30:35 0 disk 29941 14326 52%
2018-12-23 16:30:35 1 / 29899 14305 51% 
2018-12-23 16:30:35 1 /boot 42 21 51% 
2018-12-23 16:31:35 0 disk 29941 14326 52%
2018-12-23 16:31:35 1 / 29899 14305 51% 
2018-12-23 16:31:35 1 /boot 42 21 51% 
2018-12-23 16:32:35 0 disk 29941 14326 52%
2018-12-23 16:32:35 1 / 29899 14305 51% 
2018-12-23 16:32:35 1 /boot 42 21 51% 
2018-12-23 16:33:35 0 disk 29941 14326 52%
2018-12-23 16:33:35 1 / 29899 14305 51% 
2018-12-23 16:33:35 1 /boot 42 21 51% 
2018-12-23 16:34:35 0 disk 29941 14326 52%
2018-12-23 16:34:35 1 / 29899 14305 51% 
2018-12-23 16:34:35 1 /boot 42 21 51% 
2018-12-23 16:35:35 0 disk 29941 14326 52%
2018-12-23 16:35:35 1 / 29899 14305 51% 
2018-12-23 16:35:35 1 /boot 42 21 51% 
