2018-12-22__19:11:01 yuxiaowei GNU/Linux 4.13.0-45-generic up_10_hours,_21_minutes 0.54 95426 12% 3805 44% normal normal normal 
2018-12-22__19:18:37 yuxiaowei GNU/Linux 4.9.41-v7+ up_3_weeks,_10_hours,_15_minutes 0.70 0.48 0.46 29941 47% 927 10% normal normal normal 
2018-12-22__19:19:39 yuxiaowei GNU/Linux 4.9.41-v7+ up_3_weeks,_10_hours,_16_minutes 1.46 0.85 0.59 29941 47% 927 9% normal note normal 
2018-12-22__19:20:40 yuxiaowei GNU/Linux 4.9.41-v7+ up_3_weeks,_10_hours,_17_minutes 1.69 1.04 0.68 29941 47% 927 9% normal note normal 
2018-12-22__19:21:41 yuxiaowei GNU/Linux 4.9.41-v7+ up_3_weeks,_10_hours,_18_minutes 1.44 1.10 0.72 29941 47% 927 9% normal note normal 
2018-12-22__19:22:41 yuxiaowei GNU/Linux 4.9.41-v7+ up_3_weeks,_10_hours,_19_minutes 1.28 1.12 0.75 29941 47% 927 9% normal note normal 
2018-12-22__19:23:42 yuxiaowei GNU/Linux 4.9.41-v7+ up_3_weeks,_10_hours,_20_minutes 1.72 1.29 0.83 29941 47% 927 9% normal note normal 
2018-12-22__19:24:43 yuxiaowei GNU/Linux 4.9.41-v7+ up_3_weeks,_10_hours,_21_minutes 1.16 1.20 0.83 29941 47% 927 9% normal note normal 
2018-12-22__19:25:44 yuxiaowei GNU/Linux 4.9.41-v7+ up_3_weeks,_10_hours,_22_minutes 0.80 1.09 0.81 29941 47% 927 10% normal note normal 
2018-12-22__19:26:45 yuxiaowei GNU/Linux 4.9.41-v7+ up_3_weeks,_10_hours,_23_minutes 2.22 1.55 1.00 29941 47% 927 9% normal note normal 
2018-12-22__19:27:51 yuxiaowei GNU/Linux 4.9.41-v7+ up_3_weeks,_10_hours,_24_minutes 1.70 1.52 1.02 29941 47% 927 10% normal note normal 
2018-12-22__19:28:52 yuxiaowei GNU/Linux 4.9.41-v7+ up_3_weeks,_10_hours,_25_minutes 1.01 1.35 0.99 29941 47% 927 10% normal note normal 
2018-12-22__19:29:53 yuxiaowei GNU/Linux 4.9.41-v7+ up_3_weeks,_10_hours,_26_minutes 0.85 1.27 0.99 29941 47% 927 10% normal note normal 
2018-12-23__10:51:29 yuxiaowei GNU/Linux 4.13.0-45-generic up_1_day,_2_hours,_2_minutes 1.85 1.84 1.77 95426 12% 3805 50% normal normal normal 
2018-12-23__10:51:36 yuxiaowei GNU/Linux 4.13.0-45-generic up_1_day,_2_hours,_2_minutes 1.86 1.84 1.77 95426 12% 3805 50% normal normal normal 
2018-12-23__10:53:22 yuxiaowei GNU/Linux 4.13.0-45-generic up_1_day,_2_hours,_4_minutes 1.60 1.81 1.77 95426 12% 3805 50% normal normal normal 
2018-12-23__10:54:33 yuxiaowei GNU/Linux 4.13.0-45-generic up_1_day,_2_hours,_5_minutes 1.86 1.85 1.79 95426 12% 3805 50% normal normal normal 
2018-12-23__10:54:47 yuxiaowei GNU/Linux 4.13.0-45-generic up_1_day,_2_hours,_5_minutes 1.51 1.78 1.77 95426 12% 3805 50% normal normal normal 
2018-12-23__11:37:00 yuxiaowei GNU/Linux 4.9.41-v7+ up_3_weeks,_1_day,_2_hours,_33_minutes 0.29 0.27 0.30 29941 48% 927 11% normal normal normal 
2018-12-23__11:38:00 yuxiaowei GNU/Linux 4.9.41-v7+ up_3_weeks,_1_day,_2_hours,_34_minutes 0.35 0.31 0.31 29941 48% 927 10% normal normal normal 
2018-12-23__11:39:00 yuxiaowei GNU/Linux 4.9.41-v7+ up_3_weeks,_1_day,_2_hours,_35_minutes 0.39 0.33 0.32 29941 48% 927 10% normal normal normal 
2018-12-23__11:40:00 yuxiaowei GNU/Linux 4.9.41-v7+ up_3_weeks,_1_day,_2_hours,_36_minutes 0.31 0.32 0.32 29941 48% 927 10% normal normal normal 
2018-12-23__11:41:00 yuxiaowei GNU/Linux 4.9.41-v7+ up_3_weeks,_1_day,_2_hours,_37_minutes 0.48 0.37 0.33 29941 48% 927 10% normal normal normal 
2018-12-23__11:42:02 yuxiaowei GNU/Linux 4.9.41-v7+ up_3_weeks,_1_day,_2_hours,_38_minutes 0.51 0.40 0.35 29941 48% 927 10% normal normal normal 
2018-12-23__10:51:29 yuxiaowei GNU/Linux 4.13.0-45-generic up_1_day,_2_hours,_2_minutes 1.85 1.84 1.77 95426 12% 3805 50% normal normal normal 
2018-12-23__10:51:36 yuxiaowei GNU/Linux 4.13.0-45-generic up_1_day,_2_hours,_2_minutes 1.86 1.84 1.77 95426 12% 3805 50% normal normal normal 
2018-12-23__10:53:22 yuxiaowei GNU/Linux 4.13.0-45-generic up_1_day,_2_hours,_4_minutes 1.60 1.81 1.77 95426 12% 3805 50% normal normal normal 
2018-12-23__10:54:33 yuxiaowei GNU/Linux 4.13.0-45-generic up_1_day,_2_hours,_5_minutes 1.86 1.85 1.79 95426 12% 3805 50% normal normal normal 
2018-12-23__10:54:47 yuxiaowei GNU/Linux 4.13.0-45-generic up_1_day,_2_hours,_5_minutes 1.51 1.78 1.77 95426 12% 3805 50% normal normal normal 
2018-12-23__13:52:11 yuxiaowei GNU/Linux 4.9.41-v7+ up_3_weeks,_1_day,_4_hours,_48_minutes 0.02 0.10 0.13 29941 47% 927 11% normal normal normal 
2018-12-23__13:53:11 yuxiaowei GNU/Linux 4.9.41-v7+ up_3_weeks,_1_day,_4_hours,_49_minutes 0.15 0.14 0.14 29941 47% 927 11% normal normal normal 
2018-12-23__13:54:11 yuxiaowei GNU/Linux 4.9.41-v7+ up_3_weeks,_1_day,_4_hours,_50_minutes 0.38 0.20 0.16 29941 47% 927 11% normal normal normal 
2018-12-23__13:55:12 yuxiaowei GNU/Linux 4.9.41-v7+ up_3_weeks,_1_day,_4_hours,_51_minutes 0.73 0.37 0.23 29941 47% 927 11% normal normal normal 
2018-12-23__13:56:12 yuxiaowei GNU/Linux 4.9.41-v7+ up_3_weeks,_1_day,_4_hours,_52_minutes 0.51 0.39 0.24 29941 47% 927 11% normal normal normal 
2018-12-23__13:57:12 yuxiaowei GNU/Linux 4.9.41-v7+ up_3_weeks,_1_day,_4_hours,_53_minutes 0.54 0.42 0.26 29941 47% 927 11% normal normal normal 
2018-12-23__13:58:12 yuxiaowei GNU/Linux 4.9.41-v7+ up_3_weeks,_1_day,_4_hours,_54_minutes 0.24 0.36 0.25 29941 47% 927 11% normal normal normal 
2018-12-23__13:59:12 yuxiaowei GNU/Linux 4.9.41-v7+ up_3_weeks,_1_day,_4_hours,_55_minutes 0.22 0.33 0.25 29941 47% 927 11% normal normal normal 
2018-12-23__14:00:12 yuxiaowei GNU/Linux 4.9.41-v7+ up_3_weeks,_1_day,_4_hours,_56_minutes 0.17 0.30 0.25 29941 47% 927 11% normal normal normal 
2018-12-23__14:01:12 yuxiaowei GNU/Linux 4.9.41-v7+ up_3_weeks,_1_day,_4_hours,_57_minutes 0.15 0.27 0.24 29941 47% 927 11% normal normal normal 
2018-12-23__14:02:12 yuxiaowei GNU/Linux 4.9.41-v7+ up_3_weeks,_1_day,_4_hours,_58_minutes 0.33 0.31 0.26 29941 47% 927 11% normal normal normal 
2018-12-23__14:03:13 yuxiaowei GNU/Linux 4.9.41-v7+ up_3_weeks,_1_day,_4_hours,_59_minutes 0.32 0.31 0.26 29941 47% 927 11% normal normal normal 
2018-12-23__14:04:13 yuxiaowei GNU/Linux 4.9.41-v7+ up_3_weeks,_1_day,_5_hours 0.37 0.34 0.27 29941 47% 927 11% normal normal normal 
2018-12-23__14:05:13 yuxiaowei GNU/Linux 4.9.41-v7+ up_3_weeks,_1_day,_5_hours,_1_minute 0.39 0.37 0.29 29941 47% 927 11% normal normal normal 
2018-12-23__14:06:13 yuxiaowei GNU/Linux 4.9.41-v7+ up_3_weeks,_1_day,_5_hours,_3_minutes 0.17 0.31 0.27 29941 47% 927 10% normal normal normal 
2018-12-23__14:07:14 yuxiaowei GNU/Linux 4.9.41-v7+ up_3_weeks,_1_day,_5_hours,_4_minutes 0.13 0.28 0.26 29941 47% 927 11% normal normal normal 
2018-12-23__14:08:14 yuxiaowei GNU/Linux 4.9.41-v7+ up_3_weeks,_1_day,_5_hours,_5_minutes 0.22 0.30 0.27 29941 47% 927 10% normal normal normal 
2018-12-23__14:09:14 yuxiaowei GNU/Linux 4.9.41-v7+ up_3_weeks,_1_day,_5_hours,_6_minutes 0.25 0.29 0.27 29941 47% 927 11% normal normal normal 
2018-12-23__14:10:14 yuxiaowei GNU/Linux 4.9.41-v7+ up_3_weeks,_1_day,_5_hours,_7_minutes 0.35 0.30 0.27 29941 47% 927 11% normal normal normal 
2018-12-23__14:11:14 yuxiaowei GNU/Linux 4.9.41-v7+ up_3_weeks,_1_day,_5_hours,_8_minutes 0.45 0.35 0.29 29941 47% 927 11% normal normal normal 
2018-12-23__14:12:14 yuxiaowei GNU/Linux 4.9.41-v7+ up_3_weeks,_1_day,_5_hours,_9_minutes 0.35 0.33 0.28 29941 47% 927 11% normal normal normal 
2018-12-23__14:13:14 yuxiaowei GNU/Linux 4.9.41-v7+ up_3_weeks,_1_day,_5_hours,_10_minutes 0.44 0.35 0.29 29941 47% 927 11% normal normal normal 
2018-12-23__14:14:14 yuxiaowei GNU/Linux 4.9.41-v7+ up_3_weeks,_1_day,_5_hours,_11_minutes 0.20 0.30 0.27 29941 47% 927 11% normal normal normal 
2018-12-23__14:15:14 yuxiaowei GNU/Linux 4.9.41-v7+ up_3_weeks,_1_day,_5_hours,_12_minutes 0.07 0.24 0.25 29941 47% 927 11% normal normal normal 
2018-12-23__14:16:14 yuxiaowei GNU/Linux 4.9.41-v7+ up_3_weeks,_1_day,_5_hours,_13_minutes 0.55 0.35 0.29 29941 47% 927 11% normal normal normal 
2018-12-23__14:17:15 yuxiaowei GNU/Linux 4.9.41-v7+ up_3_weeks,_1_day,_5_hours,_14_minutes 0.33 0.31 0.28 29941 47% 927 11% normal normal normal 
2018-12-23__14:18:15 yuxiaowei GNU/Linux 4.9.41-v7+ up_3_weeks,_1_day,_5_hours,_15_minutes 0.12 0.25 0.26 29941 47% 927 11% normal normal normal 
2018-12-23__14:19:15 yuxiaowei GNU/Linux 4.9.41-v7+ up_3_weeks,_1_day,_5_hours,_16_minutes 0.19 0.25 0.26 29941 47% 927 11% normal normal normal 
2018-12-23__14:20:15 yuxiaowei GNU/Linux 4.9.41-v7+ up_3_weeks,_1_day,_5_hours,_17_minutes 0.14 0.23 0.25 29941 47% 927 11% normal normal normal 
2018-12-23__14:21:15 yuxiaowei GNU/Linux 4.9.41-v7+ up_3_weeks,_1_day,_5_hours,_18_minutes 0.05 0.19 0.24 29941 47% 927 10% normal normal normal 
2018-12-23__14:22:15 yuxiaowei GNU/Linux 4.9.41-v7+ up_3_weeks,_1_day,_5_hours,_19_minutes 0.05 0.17 0.22 29941 47% 927 10% normal normal normal 
2018-12-23__14:23:15 yuxiaowei GNU/Linux 4.9.41-v7+ up_3_weeks,_1_day,_5_hours,_20_minutes 0.13 0.16 0.22 29941 47% 927 10% normal normal normal 
2018-12-23__14:24:15 yuxiaowei GNU/Linux 4.9.41-v7+ up_3_weeks,_1_day,_5_hours,_21_minutes 0.05 0.13 0.20 29941 47% 927 10% normal normal normal 
2018-12-23__14:25:16 yuxiaowei GNU/Linux 4.9.41-v7+ up_3_weeks,_1_day,_5_hours,_22_minutes 0.15 0.15 0.20 29941 47% 927 10% normal normal normal 
2018-12-23__14:26:16 yuxiaowei GNU/Linux 4.9.41-v7+ up_3_weeks,_1_day,_5_hours,_23_minutes 0.17 0.15 0.19 29941 47% 927 10% normal normal normal 
2018-12-23__14:27:16 yuxiaowei GNU/Linux 4.9.41-v7+ up_3_weeks,_1_day,_5_hours,_24_minutes 0.30 0.18 0.20 29941 47% 927 10% normal normal normal 
2018-12-23__14:28:16 yuxiaowei GNU/Linux 4.9.41-v7+ up_3_weeks,_1_day,_5_hours,_25_minutes 0.35 0.21 0.20 29941 47% 927 10% normal normal normal 
2018-12-23__14:29:17 yuxiaowei GNU/Linux 4.9.41-v7+ up_3_weeks,_1_day,_5_hours,_26_minutes 0.18 0.20 0.20 29941 47% 927 10% normal normal normal 
2018-12-23__14:30:17 yuxiaowei GNU/Linux 4.9.41-v7+ up_3_weeks,_1_day,_5_hours,_27_minutes 0.31 0.22 0.20 29941 47% 927 10% normal normal normal 
2018-12-23__14:31:19 yuxiaowei GNU/Linux 4.9.41-v7+ up_3_weeks,_1_day,_5_hours,_28_minutes 0.17 0.20 0.19 29941 47% 927 10% normal normal normal 
2018-12-23__14:32:19 yuxiaowei GNU/Linux 4.9.41-v7+ up_3_weeks,_1_day,_5_hours,_29_minutes 0.09 0.17 0.18 29941 47% 927 10% normal normal normal 
2018-12-23__14:33:20 yuxiaowei GNU/Linux 4.9.41-v7+ up_3_weeks,_1_day,_5_hours,_30_minutes 0.21 0.19 0.18 29941 47% 927 10% normal normal normal 
2018-12-23__14:34:20 yuxiaowei GNU/Linux 4.9.41-v7+ up_3_weeks,_1_day,_5_hours,_31_minutes 0.07 0.15 0.17 29941 47% 927 10% normal normal normal 
2018-12-23__14:35:20 yuxiaowei GNU/Linux 4.9.41-v7+ up_3_weeks,_1_day,_5_hours,_32_minutes 0.11 0.15 0.17 29941 47% 927 10% normal normal normal 
2018-12-23__14:36:20 yuxiaowei GNU/Linux 4.9.41-v7+ up_3_weeks,_1_day,_5_hours,_33_minutes 0.04 0.12 0.16 29941 47% 927 10% normal normal normal 
2018-12-23__14:37:20 yuxiaowei GNU/Linux 4.9.41-v7+ up_3_weeks,_1_day,_5_hours,_34_minutes 0.06 0.11 0.15 29941 47% 927 10% normal normal normal 
2018-12-23__14:38:21 yuxiaowei GNU/Linux 4.9.41-v7+ up_3_weeks,_1_day,_5_hours,_35_minutes 0.07 0.10 0.15 29941 47% 927 10% normal normal normal 
2018-12-23__14:39:21 yuxiaowei GNU/Linux 4.9.41-v7+ up_3_weeks,_1_day,_5_hours,_36_minutes 0.29 0.16 0.16 29941 47% 927 10% normal normal normal 
2018-12-23__14:40:21 yuxiaowei GNU/Linux 4.9.41-v7+ up_3_weeks,_1_day,_5_hours,_37_minutes 0.37 0.21 0.18 29941 47% 927 10% normal normal normal 
2018-12-23__14:41:21 yuxiaowei GNU/Linux 4.9.41-v7+ up_3_weeks,_1_day,_5_hours,_38_minutes 0.13 0.17 0.17 29941 47% 927 10% normal normal normal 
2018-12-23__14:42:21 yuxiaowei GNU/Linux 4.9.41-v7+ up_3_weeks,_1_day,_5_hours,_39_minutes 0.08 0.15 0.16 29941 47% 927 10% normal normal normal 
2018-12-23__14:43:21 yuxiaowei GNU/Linux 4.9.41-v7+ up_3_weeks,_1_day,_5_hours,_40_minutes 0.23 0.17 0.17 29941 47% 927 10% normal normal normal 
2018-12-23__14:44:21 yuxiaowei GNU/Linux 4.9.41-v7+ up_3_weeks,_1_day,_5_hours,_41_minutes 0.18 0.17 0.17 29941 47% 927 10% normal normal normal 
2018-12-23__14:45:21 yuxiaowei GNU/Linux 4.9.41-v7+ up_3_weeks,_1_day,_5_hours,_42_minutes 0.10 0.16 0.17 29941 47% 927 10% normal normal normal 
2018-12-23__14:46:21 yuxiaowei GNU/Linux 4.9.41-v7+ up_3_weeks,_1_day,_5_hours,_43_minutes 0.03 0.12 0.15 29941 47% 927 10% normal normal normal 
2018-12-23__14:47:21 yuxiaowei GNU/Linux 4.9.41-v7+ up_3_weeks,_1_day,_5_hours,_44_minutes 0.59 0.25 0.20 29941 47% 927 10% normal normal normal 
2018-12-23__14:48:22 yuxiaowei GNU/Linux 4.9.41-v7+ up_3_weeks,_1_day,_5_hours,_45_minutes 0.25 0.22 0.19 29941 47% 927 10% normal normal normal 
2018-12-23__14:49:22 yuxiaowei GNU/Linux 4.9.41-v7+ up_3_weeks,_1_day,_5_hours,_46_minutes 0.39 0.26 0.20 29941 47% 927 10% normal normal normal 
2018-12-23__14:50:22 yuxiaowei GNU/Linux 4.9.41-v7+ up_3_weeks,_1_day,_5_hours,_47_minutes 0.62 0.33 0.22 29941 47% 927 11% normal normal normal 
2018-12-23__14:51:22 yuxiaowei GNU/Linux 4.9.41-v7+ up_3_weeks,_1_day,_5_hours,_48_minutes 0.41 0.34 0.23 29941 47% 927 11% normal normal normal 
2018-12-23__14:52:22 yuxiaowei GNU/Linux 4.9.41-v7+ up_3_weeks,_1_day,_5_hours,_49_minutes 0.28 0.31 0.23 29941 47% 927 11% normal normal normal 
2018-12-23__14:53:22 yuxiaowei GNU/Linux 4.9.41-v7+ up_3_weeks,_1_day,_5_hours,_50_minutes 0.22 0.28 0.22 29941 47% 927 11% normal normal normal 
2018-12-23__14:54:22 yuxiaowei GNU/Linux 4.9.41-v7+ up_3_weeks,_1_day,_5_hours,_51_minutes 0.21 0.27 0.22 29941 47% 927 11% normal normal normal 
2018-12-23__14:55:22 yuxiaowei GNU/Linux 4.9.41-v7+ up_3_weeks,_1_day,_5_hours,_52_minutes 0.28 0.28 0.23 29941 47% 927 11% normal normal normal 
2018-12-23__14:56:22 yuxiaowei GNU/Linux 4.9.41-v7+ up_3_weeks,_1_day,_5_hours,_53_minutes 0.21 0.26 0.22 29941 47% 927 11% normal normal normal 
2018-12-23__14:57:23 yuxiaowei GNU/Linux 4.9.41-v7+ up_3_weeks,_1_day,_5_hours,_54_minutes 0.58 0.36 0.26 29941 47% 927 11% normal normal normal 
2018-12-23__14:58:23 yuxiaowei GNU/Linux 4.9.41-v7+ up_3_weeks,_1_day,_5_hours,_55_minutes 0.27 0.31 0.25 29941 47% 927 11% normal normal normal 
2018-12-23__14:59:23 yuxiaowei GNU/Linux 4.9.41-v7+ up_3_weeks,_1_day,_5_hours,_56_minutes 0.24 0.28 0.24 29941 47% 927 11% normal normal normal 
2018-12-23__15:00:23 yuxiaowei GNU/Linux 4.9.41-v7+ up_3_weeks,_1_day,_5_hours,_57_minutes 0.43 0.32 0.26 29941 47% 927 11% normal normal normal 
2018-12-23__15:01:23 yuxiaowei GNU/Linux 4.9.41-v7+ up_3_weeks,_1_day,_5_hours,_58_minutes 0.86 0.46 0.31 29941 47% 927 12% normal normal normal 
2018-12-23__15:02:23 yuxiaowei GNU/Linux 4.9.41-v7+ up_3_weeks,_1_day,_5_hours,_59_minutes 0.53 0.44 0.31 29941 47% 927 12% normal normal normal 
2018-12-23__15:46:36 yuxiaowei GNU/Linux 4.9.41-v7+ up_3_weeks,_1_day,_6_hours,_43_minutes 0.44 0.34 0.34 29941 47% 927 12% normal normal normal 
2018-12-23__15:47:36 yuxiaowei GNU/Linux 4.9.41-v7+ up_3_weeks,_1_day,_6_hours,_44_minutes 0.60 0.44 0.37 29941 47% 927 11% normal normal normal 
2018-12-23__15:48:36 yuxiaowei GNU/Linux 4.9.41-v7+ up_3_weeks,_1_day,_6_hours,_45_minutes 0.36 0.40 0.36 29941 47% 927 11% normal normal normal 
2018-12-23__15:49:36 yuxiaowei GNU/Linux 4.9.41-v7+ up_3_weeks,_1_day,_6_hours,_46_minutes 0.60 0.46 0.38 29941 47% 927 11% normal normal normal 
2018-12-23__15:50:36 yuxiaowei GNU/Linux 4.9.41-v7+ up_3_weeks,_1_day,_6_hours,_47_minutes 0.67 0.55 0.42 29941 47% 927 11% normal normal normal 
2018-12-23__15:51:36 yuxiaowei GNU/Linux 4.9.41-v7+ up_3_weeks,_1_day,_6_hours,_48_minutes 0.47 0.52 0.42 29941 47% 927 12% normal normal normal 
2018-12-23__15:52:36 yuxiaowei GNU/Linux 4.9.41-v7+ up_3_weeks,_1_day,_6_hours,_49_minutes 0.65 0.55 0.43 29941 47% 927 11% normal normal normal 
2018-12-23__15:53:36 yuxiaowei GNU/Linux 4.9.41-v7+ up_3_weeks,_1_day,_6_hours,_50_minutes 0.42 0.51 0.43 29941 47% 927 11% normal normal normal 
2018-12-23__15:54:36 yuxiaowei GNU/Linux 4.9.41-v7+ up_3_weeks,_1_day,_6_hours,_51_minutes 0.67 0.54 0.44 29941 47% 927 11% normal normal normal 
2018-12-23__15:55:36 yuxiaowei GNU/Linux 4.9.41-v7+ up_3_weeks,_1_day,_6_hours,_52_minutes 0.60 0.55 0.45 29941 47% 927 12% normal normal normal 
2018-12-23__15:57:34 yuxiaowei GNU/Linux 4.9.41-v7+ up_3_weeks,_1_day,_6_hours,_54_minutes 0.49 0.52 0.45 29941 47% 927 12% normal normal normal 
2018-12-23__15:58:34 yuxiaowei GNU/Linux 4.9.41-v7+ up_3_weeks,_1_day,_6_hours,_55_minutes 0.59 0.57 0.47 29941 47% 927 12% normal normal normal 
2018-12-23__15:59:34 yuxiaowei GNU/Linux 4.9.41-v7+ up_3_weeks,_1_day,_6_hours,_56_minutes 0.33 0.49 0.45 29941 47% 927 12% normal normal normal 
2018-12-23__16:00:34 yuxiaowei GNU/Linux 4.9.41-v7+ up_3_weeks,_1_day,_6_hours,_57_minutes 0.47 0.50 0.45 29941 47% 927 12% normal normal normal 
2018-12-23__16:01:34 yuxiaowei GNU/Linux 4.9.41-v7+ up_3_weeks,_1_day,_6_hours,_58_minutes 0.75 0.57 0.48 29941 47% 927 12% normal normal normal 
2018-12-23__16:02:34 yuxiaowei GNU/Linux 4.9.41-v7+ up_3_weeks,_1_day,_6_hours,_59_minutes 0.62 0.58 0.49 29941 47% 927 12% normal normal normal 
2018-12-23__16:03:34 yuxiaowei GNU/Linux 4.9.41-v7+ up_3_weeks,_1_day,_7_hours 1.08 0.68 0.53 29941 47% 927 12% normal normal normal 
2018-12-23__16:04:35 yuxiaowei GNU/Linux 4.9.41-v7+ up_3_weeks,_1_day,_7_hours,_1_minute 0.76 0.66 0.53 29941 47% 927 11% normal normal normal 
2018-12-23__16:05:39 yuxiaowei GNU/Linux 4.9.41-v7+ up_3_weeks,_1_day,_7_hours,_2_minutes 0.78 0.66 0.54 29941 47% 927 11% normal normal normal 
2018-12-23__16:06:39 yuxiaowei GNU/Linux 4.9.41-v7+ up_3_weeks,_1_day,_7_hours,_3_minutes 1.50 0.86 0.62 29941 47% 927 11% normal normal normal 
2018-12-23__16:07:39 yuxiaowei GNU/Linux 4.9.41-v7+ up_3_weeks,_1_day,_7_hours,_4_minutes 0.82 0.79 0.61 29941 47% 927 11% normal normal normal 
2018-12-23__16:08:41 yuxiaowei GNU/Linux 4.9.41-v7+ up_3_weeks,_1_day,_7_hours,_5_minutes 0.54 0.71 0.59 29941 47% 927 11% normal normal normal 
2018-12-23__16:09:41 yuxiaowei GNU/Linux 4.9.41-v7+ up_3_weeks,_1_day,_7_hours,_6_minutes 0.97 0.79 0.63 29941 47% 927 11% normal normal normal 
2018-12-23__16:10:41 yuxiaowei GNU/Linux 4.9.41-v7+ up_3_weeks,_1_day,_7_hours,_7_minutes 0.76 0.76 0.63 29941 47% 927 11% normal normal normal 
2018-12-23__16:11:41 yuxiaowei GNU/Linux 4.9.41-v7+ up_3_weeks,_1_day,_7_hours,_8_minutes 1.20 0.84 0.66 29941 47% 927 11% normal normal normal 
2018-12-23__16:12:41 yuxiaowei GNU/Linux 4.9.41-v7+ up_3_weeks,_1_day,_7_hours,_9_minutes 0.59 0.72 0.63 29941 47% 927 11% normal normal normal 
2018-12-23__16:13:42 yuxiaowei GNU/Linux 4.9.41-v7+ up_3_weeks,_1_day,_7_hours,_10_minutes 0.69 0.71 0.63 29941 47% 927 11% normal normal normal 
2018-12-23__16:14:46 yuxiaowei GNU/Linux 4.9.41-v7+ up_3_weeks,_1_day,_7_hours,_11_minutes 0.68 0.69 0.63 29941 47% 927 11% normal normal normal 
2018-12-23__16:15:46 yuxiaowei GNU/Linux 4.9.41-v7+ up_3_weeks,_1_day,_7_hours,_12_minutes 0.55 0.64 0.62 29941 47% 927 11% normal normal normal 
2018-12-23__16:16:48 yuxiaowei GNU/Linux 4.9.41-v7+ up_3_weeks,_1_day,_7_hours,_13_minutes 1.10 0.75 0.65 29941 47% 927 11% normal normal normal 
2018-12-23__16:17:50 yuxiaowei GNU/Linux 4.9.41-v7+ up_3_weeks,_1_day,_7_hours,_14_minutes 0.64 0.68 0.63 29941 47% 927 11% normal normal normal 
2018-12-23__16:18:51 yuxiaowei GNU/Linux 4.9.41-v7+ up_3_weeks,_1_day,_7_hours,_15_minutes 0.40 0.60 0.61 29941 47% 927 11% normal normal normal 
2018-12-23__16:19:51 yuxiaowei GNU/Linux 4.9.41-v7+ up_3_weeks,_1_day,_7_hours,_16_minutes 0.22 0.52 0.58 29941 47% 927 11% normal normal normal 
2018-12-23__16:20:52 yuxiaowei GNU/Linux 4.9.41-v7+ up_3_weeks,_1_day,_7_hours,_17_minutes 0.31 0.49 0.57 29941 47% 927 11% normal normal normal 
2018-12-23__16:21:54 yuxiaowei GNU/Linux 4.9.41-v7+ up_3_weeks,_1_day,_7_hours,_18_minutes 0.17 0.42 0.53 29941 47% 927 11% normal normal normal 
2018-12-23__16:22:56 yuxiaowei GNU/Linux 4.9.41-v7+ up_3_weeks,_1_day,_7_hours,_19_minutes 0.24 0.38 0.51 29941 47% 927 11% normal normal normal 
2018-12-23__16:23:57 yuxiaowei GNU/Linux 4.9.41-v7+ up_3_weeks,_1_day,_7_hours,_20_minutes 0.21 0.35 0.50 29941 47% 927 11% normal normal normal 
2018-12-23__16:24:57 yuxiaowei GNU/Linux 4.9.41-v7+ up_3_weeks,_1_day,_7_hours,_21_minutes 0.34 0.36 0.49 29941 47% 927 11% normal normal normal 
2018-12-23__16:25:58 yuxiaowei GNU/Linux 4.9.41-v7+ up_3_weeks,_1_day,_7_hours,_22_minutes 0.34 0.36 0.48 29941 47% 927 11% normal normal normal 
2018-12-23__16:26:58 yuxiaowei GNU/Linux 4.9.41-v7+ up_3_weeks,_1_day,_7_hours,_23_minutes 0.50 0.41 0.49 29941 47% 927 11% normal normal normal 
2018-12-23__16:28:00 yuxiaowei GNU/Linux 4.9.41-v7+ up_3_weeks,_1_day,_7_hours,_24_minutes 0.27 0.36 0.46 29941 47% 927 11% normal normal normal 
2018-12-23__16:29:00 yuxiaowei GNU/Linux 4.9.41-v7+ up_3_weeks,_1_day,_7_hours,_25_minutes 0.72 0.49 0.50 29941 47% 927 11% normal normal normal 
2018-12-23__16:30:00 yuxiaowei GNU/Linux 4.9.41-v7+ up_3_weeks,_1_day,_7_hours,_26_minutes 0.50 0.46 0.49 29941 47% 927 11% normal normal normal 
2018-12-23__16:31:01 yuxiaowei GNU/Linux 4.9.41-v7+ up_3_weeks,_1_day,_7_hours,_27_minutes 0.37 0.43 0.48 29941 47% 927 11% normal normal normal 
2018-12-23__16:32:01 yuxiaowei GNU/Linux 4.9.41-v7+ up_3_weeks,_1_day,_7_hours,_28_minutes 0.51 0.45 0.47 29941 47% 927 11% normal normal normal 
2018-12-23__16:33:01 yuxiaowei GNU/Linux 4.9.41-v7+ up_3_weeks,_1_day,_7_hours,_29_minutes 0.49 0.48 0.49 29941 47% 927 11% normal normal normal 
2018-12-23__16:34:01 yuxiaowei GNU/Linux 4.9.41-v7+ up_3_weeks,_1_day,_7_hours,_30_minutes 0.65 0.50 0.49 29941 47% 927 11% normal normal normal 
2018-12-23__16:35:03 yuxiaowei GNU/Linux 4.9.41-v7+ up_3_weeks,_1_day,_7_hours,_31_minutes 0.35 0.46 0.47 29941 47% 927 11% normal normal normal 
2018-12-23__16:36:03 yuxiaowei GNU/Linux 4.9.41-v7+ up_3_weeks,_1_day,_7_hours,_32_minutes 0.27 0.42 0.46 29941 47% 927 11% normal normal normal 
2018-12-23__16:37:03 yuxiaowei GNU/Linux 4.9.41-v7+ up_3_weeks,_1_day,_7_hours,_33_minutes 0.63 0.49 0.48 29941 47% 927 11% normal normal normal 
2018-12-23__16:38:03 yuxiaowei GNU/Linux 4.9.41-v7+ up_3_weeks,_1_day,_7_hours,_34_minutes 0.99 0.62 0.52 29941 47% 927 11% normal normal normal 
2018-12-23__16:39:05 yuxiaowei GNU/Linux 4.9.41-v7+ up_3_weeks,_1_day,_7_hours,_35_minutes 0.88 0.67 0.54 29941 47% 927 11% normal normal normal 
2018-12-23__16:40:06 yuxiaowei GNU/Linux 4.9.41-v7+ up_3_weeks,_1_day,_7_hours,_36_minutes 0.61 0.65 0.54 29941 47% 927 11% normal normal normal 
2018-12-23__16:41:09 yuxiaowei GNU/Linux 4.9.41-v7+ up_3_weeks,_1_day,_7_hours,_37_minutes 0.30 0.55 0.52 29941 47% 927 11% normal normal normal 
2018-12-23__16:42:11 yuxiaowei GNU/Linux 4.9.41-v7+ up_3_weeks,_1_day,_7_hours,_38_minutes 0.37 0.52 0.51 29941 47% 927 11% normal normal normal 
2018-12-23__16:43:12 yuxiaowei GNU/Linux 4.9.41-v7+ up_3_weeks,_1_day,_7_hours,_39_minutes 0.28 0.47 0.49 29941 47% 927 11% normal normal normal 
2018-12-23__16:44:15 yuxiaowei GNU/Linux 4.9.41-v7+ up_3_weeks,_1_day,_7_hours,_41_minutes 0.24 0.42 0.47 29941 47% 927 11% normal normal normal 
2018-12-23__16:45:16 yuxiaowei GNU/Linux 4.9.41-v7+ up_3_weeks,_1_day,_7_hours,_42_minutes 0.52 0.47 0.48 29941 47% 927 11% normal normal normal 
2018-12-23__16:46:16 yuxiaowei GNU/Linux 4.9.41-v7+ up_3_weeks,_1_day,_7_hours,_43_minutes 0.33 0.42 0.47 29941 47% 927 11% normal normal normal 
2018-12-23__16:47:16 yuxiaowei GNU/Linux 4.9.41-v7+ up_3_weeks,_1_day,_7_hours,_44_minutes 0.44 0.45 0.47 29941 47% 927 11% normal normal normal 
2018-12-23__16:48:18 yuxiaowei GNU/Linux 4.9.41-v7+ up_3_weeks,_1_day,_7_hours,_45_minutes 0.41 0.43 0.46 29941 47% 927 11% normal normal normal 
2018-12-23__16:49:54 yuxiaowei GNU/Linux 4.13.0-45-generic up_1_day,_8_hours 1.67 1.54 1.62 95426 12% 3805 43% normal normal normal 
2018-12-23__16:51:18 yuxiaowei GNU/Linux 4.9.41-v7+ up_3_weeks,_1_day,_7_hours,_48_minutes 0.75 0.52 0.48 29941 48% 927 11% normal normal normal 
2018-12-23__16:52:18 yuxiaowei GNU/Linux 4.9.41-v7+ up_3_weeks,_1_day,_7_hours,_49_minutes 0.35 0.44 0.45 29941 48% 927 11% normal normal normal 
2018-12-23__16:53:18 yuxiaowei GNU/Linux 4.9.41-v7+ up_3_weeks,_1_day,_7_hours,_50_minutes 0.23 0.39 0.43 29941 48% 927 11% normal normal normal 
2018-12-23__16:54:18 yuxiaowei GNU/Linux 4.9.41-v7+ up_3_weeks,_1_day,_7_hours,_51_minutes 0.31 0.38 0.43 29941 48% 927 11% normal normal normal 
2018-12-23__16:55:18 yuxiaowei GNU/Linux 4.9.41-v7+ up_3_weeks,_1_day,_7_hours,_52_minutes 0.15 0.32 0.40 29941 48% 927 11% normal normal normal 
2018-12-23__16:56:18 yuxiaowei GNU/Linux 4.9.41-v7+ up_3_weeks,_1_day,_7_hours,_53_minutes 0.37 0.34 0.40 29941 48% 927 11% normal normal normal 
2018-12-23__16:57:19 yuxiaowei GNU/Linux 4.9.41-v7+ up_3_weeks,_1_day,_7_hours,_54_minutes 0.47 0.37 0.41 29941 48% 927 11% normal normal normal 
2018-12-23__16:58:19 yuxiaowei GNU/Linux 4.9.41-v7+ up_3_weeks,_1_day,_7_hours,_55_minutes 0.69 0.46 0.44 29941 48% 927 11% normal normal normal 
2018-12-23__16:59:22 yuxiaowei GNU/Linux 4.13.0-45-generic up_1_day,_8_hours,_10_minutes 1.51 1.54 1.64 95426 12% 3805 38% normal normal normal 
2018-12-23__17:38:05 yuxiaowei GNU/Linux 4.13.0-45-generic up_1_day,_8_hours,_48_minutes 3.80 3.96 3.46 95426 12% 3805 43% normal normal normal 
2018-12-23__17:39:05 yuxiaowei GNU/Linux 4.13.0-45-generic up_1_day,_8_hours,_49_minutes 3.68 3.92 3.47 95426 12% 3805 43% normal normal normal 
2018-12-23__17:43:02 yuxiaowei GNU/Linux 4.9.41-v7+ up_3_weeks,_1_day,_8_hours,_39_minutes 0.44 0.30 0.36 29941 48% 927 11% normal normal normal 
2018-12-23__17:44:02 yuxiaowei GNU/Linux 4.9.41-v7+ up_3_weeks,_1_day,_8_hours,_40_minutes 0.41 0.33 0.36 29941 48% 927 11% normal normal normal 
2018-12-23__17:45:02 yuxiaowei GNU/Linux 4.9.41-v7+ up_3_weeks,_1_day,_8_hours,_41_minutes 0.43 0.34 0.36 29941 48% 927 11% normal normal normal 
2018-12-23__17:46:02 yuxiaowei GNU/Linux 4.9.41-v7+ up_3_weeks,_1_day,_8_hours,_42_minutes 0.16 0.27 0.34 29941 48% 927 11% normal normal normal 
2018-12-23__17:47:02 yuxiaowei GNU/Linux 4.9.41-v7+ up_3_weeks,_1_day,_8_hours,_43_minutes 0.13 0.25 0.33 29941 48% 927 11% normal normal normal 
2018-12-23__17:48:02 yuxiaowei GNU/Linux 4.9.41-v7+ up_3_weeks,_1_day,_8_hours,_44_minutes 0.15 0.23 0.31 29941 48% 927 11% normal normal normal 
2018-12-23__17:49:02 yuxiaowei GNU/Linux 4.9.41-v7+ up_3_weeks,_1_day,_8_hours,_45_minutes 0.37 0.27 0.32 29941 48% 927 11% normal normal normal 
2018-12-23__17:50:02 yuxiaowei GNU/Linux 4.9.41-v7+ up_3_weeks,_1_day,_8_hours,_46_minutes 0.68 0.35 0.34 29941 48% 927 11% normal normal normal 
2018-12-23__17:51:03 yuxiaowei GNU/Linux 4.9.41-v7+ up_3_weeks,_1_day,_8_hours,_47_minutes 0.41 0.33 0.33 29941 48% 927 11% normal normal normal 
2018-12-23__17:52:03 yuxiaowei GNU/Linux 4.9.41-v7+ up_3_weeks,_1_day,_8_hours,_48_minutes 0.45 0.36 0.35 29941 48% 927 11% normal normal normal 
2018-12-23__17:53:03 yuxiaowei GNU/Linux 4.9.41-v7+ up_3_weeks,_1_day,_8_hours,_49_minutes 0.58 0.41 0.36 29941 48% 927 11% normal normal normal 
2018-12-23__17:54:03 yuxiaowei GNU/Linux 4.9.41-v7+ up_3_weeks,_1_day,_8_hours,_50_minutes 0.57 0.42 0.37 29941 48% 927 11% normal normal normal 
2018-12-23__17:55:03 yuxiaowei GNU/Linux 4.9.41-v7+ up_3_weeks,_1_day,_8_hours,_51_minutes 0.61 0.46 0.38 29941 48% 927 11% normal normal normal 
2018-12-23__17:56:03 yuxiaowei GNU/Linux 4.9.41-v7+ up_3_weeks,_1_day,_8_hours,_52_minutes 0.57 0.46 0.38 29941 48% 927 11% normal normal normal 
2018-12-23__17:57:03 yuxiaowei GNU/Linux 4.9.41-v7+ up_3_weeks,_1_day,_8_hours,_53_minutes 0.50 0.45 0.38 29941 48% 927 11% normal normal normal 
2018-12-23__17:58:03 yuxiaowei GNU/Linux 4.9.41-v7+ up_3_weeks,_1_day,_8_hours,_54_minutes 0.47 0.46 0.39 29941 48% 927 11% normal normal normal 
2018-12-23__17:59:03 yuxiaowei GNU/Linux 4.9.41-v7+ up_3_weeks,_1_day,_8_hours,_55_minutes 0.57 0.48 0.40 29941 48% 927 11% normal normal normal 
2018-12-23__18:00:04 yuxiaowei GNU/Linux 4.9.41-v7+ up_3_weeks,_1_day,_8_hours,_56_minutes 0.68 0.54 0.42 29941 48% 927 11% normal normal normal 
2018-12-23__18:01:04 yuxiaowei GNU/Linux 4.9.41-v7+ up_3_weeks,_1_day,_8_hours,_57_minutes 0.43 0.50 0.42 29941 48% 927 11% normal normal normal 
2018-12-23__18:02:04 yuxiaowei GNU/Linux 4.9.41-v7+ up_3_weeks,_1_day,_8_hours,_58_minutes 0.51 0.51 0.43 29941 48% 927 11% normal normal normal 
2018-12-23__18:03:04 yuxiaowei GNU/Linux 4.9.41-v7+ up_3_weeks,_1_day,_8_hours,_59_minutes 0.28 0.45 0.41 29941 48% 927 11% normal normal normal 
2018-12-23__18:04:04 yuxiaowei GNU/Linux 4.9.41-v7+ up_3_weeks,_1_day,_9_hours 0.39 0.47 0.42 29941 48% 927 11% normal normal normal 
2018-12-23__18:05:04 yuxiaowei GNU/Linux 4.9.41-v7+ up_3_weeks,_1_day,_9_hours,_1_minute 0.24 0.41 0.40 29941 48% 927 11% normal normal normal 
2018-12-23__18:06:04 yuxiaowei GNU/Linux 4.9.41-v7+ up_3_weeks,_1_day,_9_hours,_2_minutes 0.66 0.51 0.44 29941 48% 927 11% normal normal normal 
2018-12-23__18:07:04 yuxiaowei GNU/Linux 4.9.41-v7+ up_3_weeks,_1_day,_9_hours,_3_minutes 0.28 0.43 0.42 29941 48% 927 11% normal normal normal 
2018-12-23__18:08:04 yuxiaowei GNU/Linux 4.9.41-v7+ up_3_weeks,_1_day,_9_hours,_4_minutes 0.27 0.41 0.41 29941 48% 927 11% normal normal normal 
2018-12-23__18:09:05 yuxiaowei GNU/Linux 4.9.41-v7+ up_3_weeks,_1_day,_9_hours,_5_minutes 0.41 0.41 0.41 29941 48% 927 11% normal normal normal 
2018-12-23__18:10:05 yuxiaowei GNU/Linux 4.9.41-v7+ up_3_weeks,_1_day,_9_hours,_6_minutes 0.67 0.50 0.44 29941 48% 927 11% normal normal normal 
2018-12-23__18:11:05 yuxiaowei GNU/Linux 4.9.41-v7+ up_3_weeks,_1_day,_9_hours,_7_minutes 0.38 0.44 0.42 29941 48% 927 11% normal normal normal 
2018-12-23__18:12:05 yuxiaowei GNU/Linux 4.9.41-v7+ up_3_weeks,_1_day,_9_hours,_8_minutes 0.57 0.49 0.45 29941 48% 927 11% normal normal normal 
2018-12-23__18:13:05 yuxiaowei GNU/Linux 4.9.41-v7+ up_3_weeks,_1_day,_9_hours,_9_minutes 0.65 0.54 0.46 29941 48% 927 11% normal normal normal 
2018-12-23__18:14:05 yuxiaowei GNU/Linux 4.9.41-v7+ up_3_weeks,_1_day,_9_hours,_10_minutes 0.43 0.51 0.46 29941 48% 927 11% normal normal normal 
2018-12-23__18:15:05 yuxiaowei GNU/Linux 4.9.41-v7+ up_3_weeks,_1_day,_9_hours,_11_minutes 0.57 0.52 0.46 29941 48% 927 11% normal normal normal 
2018-12-23__18:16:05 yuxiaowei GNU/Linux 4.9.41-v7+ up_3_weeks,_1_day,_9_hours,_12_minutes 0.75 0.58 0.48 29941 48% 927 11% normal normal normal 
2018-12-23__18:17:05 yuxiaowei GNU/Linux 4.9.41-v7+ up_3_weeks,_1_day,_9_hours,_13_minutes 0.41 0.52 0.47 29941 48% 927 11% normal normal normal 
2018-12-23__18:18:06 yuxiaowei GNU/Linux 4.9.41-v7+ up_3_weeks,_1_day,_9_hours,_14_minutes 0.25 0.46 0.45 29941 48% 927 11% normal normal normal 
2018-12-23__18:19:06 yuxiaowei GNU/Linux 4.9.41-v7+ up_3_weeks,_1_day,_9_hours,_15_minutes 0.72 0.58 0.49 29941 48% 927 11% normal normal normal 
2018-12-23__18:20:06 yuxiaowei GNU/Linux 4.9.41-v7+ up_3_weeks,_1_day,_9_hours,_16_minutes 0.33 0.50 0.47 29941 48% 927 11% normal normal normal 
2018-12-23__18:21:06 yuxiaowei GNU/Linux 4.9.41-v7+ up_3_weeks,_1_day,_9_hours,_17_minutes 0.71 0.58 0.49 29941 48% 927 11% normal normal normal 
2018-12-23__18:22:07 yuxiaowei GNU/Linux 4.9.41-v7+ up_3_weeks,_1_day,_9_hours,_18_minutes 1.14 0.72 0.55 29941 48% 927 11% normal normal normal 
2018-12-23__18:23:07 yuxiaowei GNU/Linux 4.9.41-v7+ up_3_weeks,_1_day,_9_hours,_19_minutes 0.63 0.65 0.53 29941 48% 927 11% normal normal normal 
2018-12-23__18:24:07 yuxiaowei GNU/Linux 4.9.41-v7+ up_3_weeks,_1_day,_9_hours,_20_minutes 0.49 0.60 0.53 29941 48% 927 11% normal normal normal 
2018-12-23__16:59:22 yuxiaowei GNU/Linux 4.13.0-45-generic up_1_day,_8_hours,_10_minutes 1.51 1.54 1.64 95426 12% 3805 38% normal normal normal 
2018-12-23__17:38:05 yuxiaowei GNU/Linux 4.13.0-45-generic up_1_day,_8_hours,_48_minutes 3.80 3.96 3.46 95426 12% 3805 43% normal normal normal 
2018-12-23__17:39:05 yuxiaowei GNU/Linux 4.13.0-45-generic up_1_day,_8_hours,_49_minutes 3.68 3.92 3.47 95426 12% 3805 43% normal normal normal 
2018-12-23__18:27:00 yuxiaowei GNU/Linux 4.9.41-v7+ up_3_weeks,_1_day,_9_hours,_23_minutes 1.59 0.77 0.59 29941 48% 927 11% normal normal normal 
2018-12-23__18:28:00 yuxiaowei GNU/Linux 4.9.41-v7+ up_3_weeks,_1_day,_9_hours,_24_minutes 0.67 0.65 0.56 29941 48% 927 11% normal normal normal 
2018-12-23__18:29:00 yuxiaowei GNU/Linux 4.9.41-v7+ up_3_weeks,_1_day,_9_hours,_25_minutes 0.51 0.60 0.55 29941 48% 927 11% normal normal normal 
2018-12-23__18:30:00 yuxiaowei GNU/Linux 4.9.41-v7+ up_3_weeks,_1_day,_9_hours,_26_minutes 0.37 0.55 0.53 29941 48% 927 11% normal normal normal 
2018-12-23__18:31:01 yuxiaowei GNU/Linux 4.9.41-v7+ up_3_weeks,_1_day,_9_hours,_27_minutes 0.21 0.47 0.51 29941 48% 927 11% normal normal normal 
2018-12-23__18:32:01 yuxiaowei GNU/Linux 4.9.41-v7+ up_3_weeks,_1_day,_9_hours,_28_minutes 0.37 0.49 0.51 29941 48% 927 11% normal normal normal 
2018-12-23__18:33:06 yuxiaowei GNU/Linux 4.9.41-v7+ up_3_weeks,_1_day,_9_hours,_29_minutes 0.22 0.42 0.48 29941 48% 927 11% normal normal normal 
2018-12-23__18:34:06 yuxiaowei GNU/Linux 4.9.41-v7+ up_3_weeks,_1_day,_9_hours,_30_minutes 0.39 0.44 0.49 29941 48% 927 11% normal normal normal 
2018-12-23__18:35:07 yuxiaowei GNU/Linux 4.9.41-v7+ up_3_weeks,_1_day,_9_hours,_31_minutes 0.25 0.39 0.46 29941 48% 927 11% normal normal normal 
2018-12-23__18:36:07 yuxiaowei GNU/Linux 4.9.41-v7+ up_3_weeks,_1_day,_9_hours,_32_minutes 0.17 0.35 0.44 29941 48% 927 11% normal normal normal 
2018-12-23__18:37:07 yuxiaowei GNU/Linux 4.9.41-v7+ up_3_weeks,_1_day,_9_hours,_33_minutes 0.28 0.35 0.44 29941 48% 927 11% normal normal normal 
2018-12-23__18:38:07 yuxiaowei GNU/Linux 4.9.41-v7+ up_3_weeks,_1_day,_9_hours,_34_minutes 0.31 0.33 0.43 29941 48% 927 11% normal normal normal 
2018-12-23__18:39:07 yuxiaowei GNU/Linux 4.9.41-v7+ up_3_weeks,_1_day,_9_hours,_35_minutes 0.42 0.36 0.43 29941 48% 927 11% normal normal normal 
